2025/10/13 16:38:17 Injected 250 satellites into simulation
2025/10/13 16:38:17 Injected 85 ground stations into simulation
2025/10/13 16:38:17 Simulation loaded. Not autorunning as StepInterval < 0.
2025/10/13 16:38:17 Simulation time is 2025-10-01T00:10:00Z
2025/10/13 16:38:17 Checking orchestrator for reschedule...
2025/10/13 16:38:17 DummyPlugin: PostSimulationStep called
2025/10/13 16:38:17 Current Simulation Time: 2025-10-01 00:10:00 +0000 UTC
2025/10/13 16:38:17 Number of Nodes: 335
2025/10/13 16:38:17 Number of Satellites: 250
2025/10/13 16:38:17 Number of Ground Stations: 85
2025/10/13 16:38:18 Route from Graz to Honolulu in 134 ms
2025/10/13 16:38:18 Uplink latency 62.49435280155903 ms
2025/10/13 16:38:18 Latency between uplink nodes: 72 ms
2025/10/13 16:38:18 Graz -> STARLINK-1148 -> STARLINK-1222 -> Honolulu
2025/10/13 16:38:18 8.460970217725612e+06 -> 1.0745172508511083e+07 -> 1.0086983727208523e+07
2025/10/13 16:38:18 28.507880675132107 -> 72 -> 33.986472126426925
2025/10/13 16:38:18 10745.172508511083 km apart
2025/10/13 16:38:18 {5.830969591243783e+06 -492236.07701752544 -3.4379424063114068e+06} {-1.914491415648122e+06 6.467041525006122e+06 -785580.9516164772}
2025/10/13 16:38:18 85 satellites in simulation.
2025/10/13 16:38:18 Simulation stepped by 60 seconds.
2025/10/13 16:38:18 Sunlight exposure of STARLINK-1148 is 0.22334406193605802
2025/10/13 16:38:18 Simulation time is 2025-10-01T00:20:00Z
2025/10/13 16:38:18 Checking orchestrator for reschedule...
2025/10/13 16:38:18 DummyPlugin: PostSimulationStep called
2025/10/13 16:38:18 Current Simulation Time: 2025-10-01 00:20:00 +0000 UTC
2025/10/13 16:38:18 Number of Nodes: 335
2025/10/13 16:38:18 Number of Satellites: 250
2025/10/13 16:38:18 Number of Ground Stations: 85
2025/10/13 16:38:19 Route from Graz to Honolulu in 93 ms
2025/10/13 16:38:19 Uplink latency 42.51385118532575 ms
2025/10/13 16:38:19 Latency between uplink nodes: 51 ms
2025/10/13 16:38:19 Graz -> STARLINK-1267 -> STARLINK-1135 -> Honolulu
2025/10/13 16:38:19 1.6696231341039378e+06 -> 9.865202050825596e+06 -> 1.0948236215701725e+07
2025/10/13 16:38:19 5.625527079596527 -> 51 -> 36.88832410572922
2025/10/13 16:38:19 9865.202050825596 km apart
2025/10/13 16:38:19 {4.2096026962678535e+06 1404.9018883662065 5.326453639397599e+06} {-417521.7773864153 6.780097878321112e+06 -147233.6132854228}
2025/10/13 16:38:19 85 satellites in simulation.
2025/10/13 16:38:19 Simulation stepped by 60 seconds.
2025/10/13 16:38:19 Sunlight exposure of STARLINK-1267 is 0.18278534400606064
2025/10/13 16:38:19 Simulation time is 2025-10-01T00:30:00Z
2025/10/13 16:38:19 Checking orchestrator for reschedule...
2025/10/13 16:38:19 DummyPlugin: PostSimulationStep called
2025/10/13 16:38:19 Current Simulation Time: 2025-10-01 00:30:00 +0000 UTC
2025/10/13 16:38:19 Number of Nodes: 335
2025/10/13 16:38:19 Number of Satellites: 250
2025/10/13 16:38:19 Number of Ground Stations: 85
2025/10/13 16:38:20 Route from Graz to Honolulu in 154 ms
2025/10/13 16:38:20 Uplink latency 68.97410216308157 ms
2025/10/13 16:38:20 Latency between uplink nodes: 85 ms
2025/10/13 16:38:20 Graz -> STARLINK-1189 -> STARLINK-1304 -> Honolulu
2025/10/13 16:38:20 9.472850857359802e+06 -> 1.0940314144788805e+07 -> 1.0998254337957999e+07
2025/10/13 16:38:20 31.917250025201994 -> 85 -> 37.05685213787957
2025/10/13 16:38:20 10940.314144788805 km apart
2025/10/13 16:38:20 {2.891170214295982e+06 -6.11535185230461e+06 -591690.2750586781} {3.465923243411231e+06 3.4291743034298513e+06 4.72452576689161e+06}
2025/10/13 16:38:20 85 satellites in simulation.
2025/10/13 16:38:20 Simulation stepped by 60 seconds.
2025/10/13 16:38:20 Sunlight exposure of STARLINK-1189 is 0.9192100613392876
2025/10/13 16:38:20 Simulation time is 2025-10-01T00:40:00Z
2025/10/13 16:38:20 Checking orchestrator for reschedule...
2025/10/13 16:38:20 DummyPlugin: PostSimulationStep called
2025/10/13 16:38:20 Current Simulation Time: 2025-10-01 00:40:00 +0000 UTC
2025/10/13 16:38:20 Number of Nodes: 335
2025/10/13 16:38:20 Number of Satellites: 250
2025/10/13 16:38:20 Number of Ground Stations: 85
2025/10/13 16:38:21 Route from Graz to Honolulu in 141 ms
2025/10/13 16:38:21 Uplink latency 68.34109469493565 ms
2025/10/13 16:38:21 Latency between uplink nodes: 72 ms
2025/10/13 16:38:21 Graz -> STARLINK-1079 -> STARLINK-1304 -> Honolulu
2025/10/13 16:38:21 8.828510180243997e+06 -> 8.55359312085856e+06 -> 1.145472214593231e+07
2025/10/13 16:38:21 29.746247567485163 -> 72 -> 38.594847127450485
2025/10/13 16:38:21 8553.593120858559 km apart
2025/10/13 16:38:21 {5.13448606898136e+06 1.725363153722391e+06 -4.0974850883614146e+06} {1.4246794500496949e+06 6.2943824210542645e+06 2.1093944063669783e+06}
2025/10/13 16:38:21 85 satellites in simulation.
2025/10/13 16:38:21 Simulation stepped by 60 seconds.
2025/10/13 16:38:21 Sunlight exposure of STARLINK-1079 is 0.25712219758985994
2025/10/13 16:38:21 Simulation time is 2025-10-01T00:50:00Z
2025/10/13 16:38:21 Checking orchestrator for reschedule...
2025/10/13 16:38:21 DummyPlugin: PostSimulationStep called
2025/10/13 16:38:21 Current Simulation Time: 2025-10-01 00:50:00 +0000 UTC
2025/10/13 16:38:21 Number of Nodes: 335
2025/10/13 16:38:21 Number of Satellites: 250
2025/10/13 16:38:21 Number of Ground Stations: 85
2025/10/13 16:38:22 Route from Graz to Honolulu in 56 ms
2025/10/13 16:38:22 Uplink latency 40.0628613218745 ms
2025/10/13 16:38:22 Latency between uplink nodes: 16 ms
2025/10/13 16:38:22 Graz -> STARLINK-1154 -> STARLINK-1235 -> Honolulu
2025/10/13 16:38:22 9.122896544416362e+06 -> 3.6133439841523115e+06 -> 2.767523523776964e+06
2025/10/13 16:38:22 30.738135155581144 -> 16 -> 9.324726166293356
2025/10/13 16:38:22 3613.3439841523114 km apart
2025/10/13 16:38:22 {-5.225672957567042e+06 1.1733381045065965e+06 4.172545586627548e+06} {-4.275837967751451e+06 -2.2632577911094697e+06 4.758955758918688e+06}
2025/10/13 16:38:22 85 satellites in simulation.
2025/10/13 16:38:22 Simulation stepped by 60 seconds.
2025/10/13 16:38:22 Sunlight exposure of STARLINK-1154 is 0.5640282237754976
2025/10/13 16:38:22 Simulation time is 2025-10-01T01:00:00Z
2025/10/13 16:38:22 Checking orchestrator for reschedule...
2025/10/13 16:38:22 DummyPlugin: PostSimulationStep called
2025/10/13 16:38:22 Current Simulation Time: 2025-10-01 01:00:00 +0000 UTC
2025/10/13 16:38:22 Number of Nodes: 335
2025/10/13 16:38:22 Number of Satellites: 250
2025/10/13 16:38:22 Number of Ground Stations: 85
2025/10/13 16:38:23 Route from Graz to Honolulu in 123 ms
2025/10/13 16:38:23 Uplink latency 39.03812593704214 ms
2025/10/13 16:38:23 Latency between uplink nodes: 84 ms
2025/10/13 16:38:23 Graz -> STARLINK-1374 -> STARLINK-1154 -> Honolulu
2025/10/13 16:38:23 7.954260207204255e+06 -> 1.3116345698974665e+07 -> 3.632024465204305e+06
2025/10/13 16:38:23 26.80060265084888 -> 84 -> 12.237523286193259
2025/10/13 16:38:23 13116.345698974665 km apart
2025/10/13 16:38:23 {3.7995327608338706e+06 4.850046717352929e+06 -2.855230743299286e+06} {-3.2176618665340696e+06 -2.517516431198069e+06 5.422239722293634e+06}
2025/10/13 16:38:23 85 satellites in simulation.
2025/10/13 16:38:23 Simulation stepped by 60 seconds.
2025/10/13 16:38:23 Sunlight exposure of STARLINK-1374 is 0.9021175363282716
2025/10/13 16:38:23 Simulation time is 2025-10-01T01:10:00Z
2025/10/13 16:38:23 Checking orchestrator for reschedule...
2025/10/13 16:38:23 DummyPlugin: PostSimulationStep called
2025/10/13 16:38:23 Current Simulation Time: 2025-10-01 01:10:00 +0000 UTC
2025/10/13 16:38:23 Number of Nodes: 335
2025/10/13 16:38:23 Number of Satellites: 250
2025/10/13 16:38:23 Number of Ground Stations: 85
2025/10/13 16:38:24 Route from Graz to Honolulu in 110 ms
2025/10/13 16:38:24 Uplink latency 56.90682987880328 ms
2025/10/13 16:38:24 Latency between uplink nodes: 53 ms
2025/10/13 16:38:24 Graz -> STARLINK-1154 -> STARLINK-1304 -> Honolulu
2025/10/13 16:38:24 8.313476550664638e+06 -> 1.1831093370986303e+07 -> 8.576133668931292e+06
2025/10/13 16:38:24 28.01092444520672 -> 53 -> 28.89590543359656
2025/10/13 16:38:24 11831.093370986304 km apart
2025/10/13 16:38:24 {131652.6937891394 -5.158926944043012e+06 4.411636957492983e+06} {-4.0800556681235153e+06 -116028.65468082688 -5.427339608712419e+06}
2025/10/13 16:38:24 85 satellites in simulation.
2025/10/13 16:38:24 Simulation stepped by 60 seconds.
2025/10/13 16:38:24 Sunlight exposure of STARLINK-1154 is 0.23036085150047553
2025/10/13 16:38:24 Simulation time is 2025-10-01T01:20:00Z
2025/10/13 16:38:24 Checking orchestrator for reschedule...
2025/10/13 16:38:24 DummyPlugin: PostSimulationStep called
2025/10/13 16:38:24 Current Simulation Time: 2025-10-01 01:20:00 +0000 UTC
2025/10/13 16:38:24 Number of Nodes: 335
2025/10/13 16:38:24 Number of Satellites: 250
2025/10/13 16:38:24 Number of Ground Stations: 85
2025/10/13 16:38:25 Route from Graz to Honolulu in 56 ms
2025/10/13 16:38:25 Uplink latency 56.5315270853446 ms
2025/10/13 16:38:25 Latency between uplink nodes: 0 ms
2025/10/13 16:38:25 Graz -> STARLINK-1154 -> STARLINK-1154 -> Honolulu
2025/10/13 16:38:25 8.74028131488912e+06 -> 0 -> 8.037941257400812e+06
2025/10/13 16:38:25 29.448974571491185 -> 0 -> 27.082552513853415
2025/10/13 16:38:25 0 km apart
2025/10/13 16:38:25 {3.4261288025851906e+06 -5.649983534252173e+06 1.562129992686716e+06} {3.4261288025851906e+06 -5.649983534252173e+06 1.562129992686716e+06}
2025/10/13 16:38:25 85 satellites in simulation.
2025/10/13 16:38:25 Simulation stepped by 60 seconds.
2025/10/13 16:38:25 Sunlight exposure of STARLINK-1154 is 0.30132828643021986
2025/10/13 16:38:25 Simulation time is 2025-10-01T01:30:00Z
2025/10/13 16:38:25 Checking orchestrator for reschedule...
2025/10/13 16:38:25 DummyPlugin: PostSimulationStep called
2025/10/13 16:38:25 Current Simulation Time: 2025-10-01 01:30:00 +0000 UTC
2025/10/13 16:38:25 Number of Nodes: 335
2025/10/13 16:38:25 Number of Satellites: 250
2025/10/13 16:38:25 Number of Ground Stations: 85
2025/10/13 16:38:26 Route from Graz to Honolulu in 100 ms
2025/10/13 16:38:26 Uplink latency 53.04636033619697 ms
2025/10/13 16:38:26 Latency between uplink nodes: 47 ms
2025/10/13 16:38:26 Graz -> STARLINK-1272 -> STARLINK-1313 -> Honolulu
2025/10/13 16:38:26 9.724824898173502e+06 -> 9.771989392629098e+06 -> 6.019020815156569e+06
2025/10/13 16:38:26 32.766236099363915 -> 47 -> 20.280124236833057
2025/10/13 16:38:26 9771.989392629099 km apart
2025/10/13 16:38:26 {52735.10097583942 -6.229831158562299e+06 2.6988662299069013e+06} {-5.830008908121785e+06 1.561752394127272e+06 3.1187773568599652e+06}
2025/10/13 16:38:26 85 satellites in simulation.
2025/10/13 16:38:26 Simulation stepped by 60 seconds.
2025/10/13 16:38:26 Sunlight exposure of STARLINK-1272 is 0.9047593110086223
2025/10/13 16:38:26 Simulation time is 2025-10-01T01:40:00Z
2025/10/13 16:38:26 Checking orchestrator for reschedule...
2025/10/13 16:38:26 DummyPlugin: PostSimulationStep called
2025/10/13 16:38:26 Current Simulation Time: 2025-10-01 01:40:00 +0000 UTC
2025/10/13 16:38:26 Number of Nodes: 335
2025/10/13 16:38:26 Number of Satellites: 250
2025/10/13 16:38:26 Number of Ground Stations: 85
2025/10/13 16:38:27 Route from Graz to Honolulu in 75 ms
2025/10/13 16:38:27 Uplink latency 43.05199518712599 ms
2025/10/13 16:38:27 Latency between uplink nodes: 32 ms
2025/10/13 16:38:27 Graz -> STARLINK-1208 -> STARLINK-1313 -> Honolulu
2025/10/13 16:38:27 9.00491511603259e+06 -> 6.287619144935097e+06 -> 3.7726621876948955e+06
2025/10/13 16:38:27 30.3406156754629 -> 32 -> 12.711379511663088
2025/10/13 16:38:27 6287.619144935096 km apart
2025/10/13 16:38:27 {-5.380435440329141e+06 3.4059123399359565e+06 2.3556546317422623e+06} {-3.8615068175398177e+06 -1.9798857089484697e+06 5.222741956407906e+06}
2025/10/13 16:38:27 85 satellites in simulation.
2025/10/13 16:38:27 Simulation stepped by 60 seconds.
2025/10/13 16:38:27 Sunlight exposure of STARLINK-1208 is 0.10777591603290579
