2025/10/13 16:38:29 Injected 500 satellites into simulation
2025/10/13 16:38:29 Injected 85 ground stations into simulation
2025/10/13 16:38:29 Simulation loaded. Not autorunning as StepInterval < 0.
2025/10/13 16:38:29 Simulation time is 2025-10-01T00:10:00Z
2025/10/13 16:38:29 Checking orchestrator for reschedule...
2025/10/13 16:38:29 DummyPlugin: PostSimulationStep called
2025/10/13 16:38:29 Current Simulation Time: 2025-10-01 00:10:00 +0000 UTC
2025/10/13 16:38:29 Number of Nodes: 585
2025/10/13 16:38:29 Number of Satellites: 500
2025/10/13 16:38:29 Number of Ground Stations: 85
2025/10/13 16:38:30 Route from Graz to Honolulu in 82 ms
2025/10/13 16:38:30 Uplink latency 59.41646807477946 ms
2025/10/13 16:38:30 Latency between uplink nodes: 22 ms
2025/10/13 16:38:30 Graz -> STARLINK-1656 -> STARLINK-1047 -> Honolulu
2025/10/13 16:38:30 9.166985754996767e+06 -> 4.467286953049248e+06 -> 8.467470224106774e+06
2025/10/13 16:38:30 30.88668667177178 -> 22 -> 28.52978140300768
2025/10/13 16:38:30 4467.286953049248 km apart
2025/10/13 16:38:30 {-4.961903487965146e+06 2.2519298381720902e+06 4.0501926032078047e+06} {-3.249252287400623e+06 5.692479622070308e+06 1.7728924976866073e+06}
2025/10/13 16:38:30 85 satellites in simulation.
2025/10/13 16:38:30 Simulation stepped by 60 seconds.
2025/10/13 16:38:30 Sunlight exposure of STARLINK-1656 is 0.7898504834662384
2025/10/13 16:38:30 Simulation time is 2025-10-01T00:20:00Z
2025/10/13 16:38:30 Checking orchestrator for reschedule...
2025/10/13 16:38:30 DummyPlugin: PostSimulationStep called
2025/10/13 16:38:30 Current Simulation Time: 2025-10-01 00:20:00 +0000 UTC
2025/10/13 16:38:30 Number of Nodes: 585
2025/10/13 16:38:30 Number of Satellites: 500
2025/10/13 16:38:30 Number of Ground Stations: 85
2025/10/13 16:38:31 Route from Graz to Honolulu in 120 ms
2025/10/13 16:38:31 Uplink latency 71.28604025758325 ms
2025/10/13 16:38:31 Latency between uplink nodes: 49 ms
2025/10/13 16:38:31 Graz -> STARLINK-1363 -> STARLINK-1035 -> Honolulu
2025/10/13 16:38:31 1.1359980118447278e+07 -> 1.0327420950088061e+07 -> 9.797294616645105e+06
2025/10/13 16:38:31 38.27562907739696 -> 49 -> 33.010411180186296
2025/10/13 16:38:31 10327.42095008806 km apart
2025/10/13 16:38:31 {-6.101291997074162e+06 -2.505977082695402e+06 1.6098341302757827e+06} {430059.3197217521 4.867140415682086e+06 4.713736804656178e+06}
2025/10/13 16:38:31 85 satellites in simulation.
2025/10/13 16:38:31 Simulation stepped by 60 seconds.
2025/10/13 16:38:31 Sunlight exposure of STARLINK-1363 is 0.005740624646388104
2025/10/13 16:38:31 Simulation time is 2025-10-01T00:30:00Z
2025/10/13 16:38:31 Checking orchestrator for reschedule...
2025/10/13 16:38:31 DummyPlugin: PostSimulationStep called
2025/10/13 16:38:31 Current Simulation Time: 2025-10-01 00:30:00 +0000 UTC
2025/10/13 16:38:31 Number of Nodes: 585
2025/10/13 16:38:31 Number of Satellites: 500
2025/10/13 16:38:31 Number of Ground Stations: 85
2025/10/13 16:38:32 Route from Graz to Honolulu in 83 ms
2025/10/13 16:38:32 Uplink latency 64.2237353046254 ms
2025/10/13 16:38:32 Latency between uplink nodes: 19 ms
2025/10/13 16:38:32 Graz -> STARLINK-1276 -> STARLINK-1517 -> Honolulu
2025/10/13 16:38:32 9.348664470856668e+06 -> 3.3428203348203283e+06 -> 9.712559963043146e+06
2025/10/13 16:38:32 31.498823934954054 -> 19 -> 32.72491136967135
2025/10/13 16:38:32 3342.8203348203283 km apart
2025/10/13 16:38:32 {1.1631516110100076e+06 -6.5596359294400895e+06 1.3116903038094847e+06} {4.212019141796062e+06 -5.197239420774827e+06 1.160924512651337e+06}
2025/10/13 16:38:32 85 satellites in simulation.
2025/10/13 16:38:32 Simulation stepped by 60 seconds.
2025/10/13 16:38:32 Sunlight exposure of STARLINK-1276 is 0.9421867496773263
2025/10/13 16:38:32 Simulation time is 2025-10-01T00:40:00Z
2025/10/13 16:38:32 Checking orchestrator for reschedule...
2025/10/13 16:38:32 DummyPlugin: PostSimulationStep called
2025/10/13 16:38:32 Current Simulation Time: 2025-10-01 00:40:00 +0000 UTC
2025/10/13 16:38:32 Number of Nodes: 585
2025/10/13 16:38:32 Number of Satellites: 500
2025/10/13 16:38:32 Number of Ground Stations: 85
2025/10/13 16:38:33 Route from Graz to Honolulu in 121 ms
2025/10/13 16:38:33 Uplink latency 73.11166916191976 ms
2025/10/13 16:38:33 Latency between uplink nodes: 48 ms
2025/10/13 16:38:33 Graz -> STARLINK-1130 (DARKSAT) -> STARLINK-1295 -> Honolulu
2025/10/13 16:38:33 1.02501896335049e+07 -> 1.0296743395812454e+07 -> 1.144892095267145e+07
2025/10/13 16:38:33 34.53636822373579 -> 48 -> 38.57530093818397
2025/10/13 16:38:33 10296.743395812453 km apart
2025/10/13 16:38:33 {4.0830687635805695e+06 -17579.899987406156 -5.426332770334369e+06} {1.8840642388570043e+06 5.951260493687855e+06 2.6705955370105356e+06}
2025/10/13 16:38:33 85 satellites in simulation.
2025/10/13 16:38:33 Simulation stepped by 60 seconds.
2025/10/13 16:38:33 Sunlight exposure of STARLINK-1130 (DARKSAT) is 0.8384155976708323
2025/10/13 16:38:33 Simulation time is 2025-10-01T00:50:00Z
2025/10/13 16:38:33 Checking orchestrator for reschedule...
2025/10/13 16:38:33 DummyPlugin: PostSimulationStep called
2025/10/13 16:38:33 Current Simulation Time: 2025-10-01 00:50:00 +0000 UTC
2025/10/13 16:38:33 Number of Nodes: 585
2025/10/13 16:38:33 Number of Satellites: 500
2025/10/13 16:38:33 Number of Ground Stations: 85
2025/10/13 16:38:34 Route from Graz to Honolulu in 83 ms
2025/10/13 16:38:34 Uplink latency 40.5056941727102 ms
2025/10/13 16:38:34 Latency between uplink nodes: 43 ms
2025/10/13 16:38:34 Graz -> STARLINK-1517 -> STARLINK-1304 -> Honolulu
2025/10/13 16:38:34 818730.8630965146 -> 9.547492788973311e+06 -> 1.120311937365437e+07
2025/10/13 16:38:34 2.7585821897003964 -> 43 -> 37.7471119830098
2025/10/13 16:38:34 9547.492788973312 km apart
2025/10/13 16:38:34 {3.6187495993125355e+06 1.8985263086681543e+06 5.421343456890226e+06} {-1.2103666026858962e+06 6.53631014054398e+06 -1.38491957004936e+06}
2025/10/13 16:38:34 85 satellites in simulation.
2025/10/13 16:38:34 Simulation stepped by 60 seconds.
2025/10/13 16:38:34 Sunlight exposure of STARLINK-1517 is 0.9129577145758141
2025/10/13 16:38:34 Simulation time is 2025-10-01T01:00:00Z
2025/10/13 16:38:34 Checking orchestrator for reschedule...
2025/10/13 16:38:34 DummyPlugin: PostSimulationStep called
2025/10/13 16:38:34 Current Simulation Time: 2025-10-01 01:00:00 +0000 UTC
2025/10/13 16:38:34 Number of Nodes: 585
2025/10/13 16:38:34 Number of Satellites: 500
2025/10/13 16:38:34 Number of Ground Stations: 85
2025/10/13 16:38:35 Route from Graz to Honolulu in 113 ms
2025/10/13 16:38:35 Uplink latency 69.58875378664206 ms
2025/10/13 16:38:35 Latency between uplink nodes: 43 ms
2025/10/13 16:38:35 Graz -> STARLINK-1553 -> STARLINK-1363 -> Honolulu
2025/10/13 16:38:35 8.469312523955163e+06 -> 9.668133159777582e+06 -> 1.2184217634497782e+07
2025/10/13 16:38:35 28.53598873655149 -> 43 -> 41.052765050090564
2025/10/13 16:38:35 9668.133159777582 km apart
2025/10/13 16:38:35 {-399009.1002292789 6.664364340675803e+06 -1.239171226537009e+06} {6.67454288844805e+06 516282.5320173992 1.1354342423174465e+06}
2025/10/13 16:38:35 85 satellites in simulation.
2025/10/13 16:38:35 Simulation stepped by 60 seconds.
2025/10/13 16:38:35 Sunlight exposure of STARLINK-1553 is 0.5154523678345097
2025/10/13 16:38:35 Simulation time is 2025-10-01T01:10:00Z
2025/10/13 16:38:35 Checking orchestrator for reschedule...
2025/10/13 16:38:35 DummyPlugin: PostSimulationStep called
2025/10/13 16:38:35 Current Simulation Time: 2025-10-01 01:10:00 +0000 UTC
2025/10/13 16:38:35 Number of Nodes: 585
2025/10/13 16:38:35 Number of Satellites: 500
2025/10/13 16:38:35 Number of Ground Stations: 85
2025/10/13 16:38:36 Route from Graz to Honolulu in 74 ms
2025/10/13 16:38:36 Uplink latency 19.69332216967874 ms
2025/10/13 16:38:36 Latency between uplink nodes: 55 ms
2025/10/13 16:38:36 Graz -> STARLINK-1062 -> STARLINK-1653 -> Honolulu
2025/10/13 16:38:36 1.1330029004947315e+06 -> 8.863222947617896e+06 -> 4.711858534998674e+06
2025/10/13 16:38:36 3.8174713609339226 -> 55 -> 15.875850808744818
2025/10/13 16:38:36 8863.222947617896 km apart
2025/10/13 16:38:36 {4.529110513891616e+06 1.6660013504332008e+06 4.775391713559754e+06} {-4.0932461058715093e+06 -286006.2437667603 5.408916529958572e+06}
2025/10/13 16:38:36 85 satellites in simulation.
2025/10/13 16:38:36 Simulation stepped by 60 seconds.
2025/10/13 16:38:36 Sunlight exposure of STARLINK-1062 is 0.6903384577549947
2025/10/13 16:38:36 Simulation time is 2025-10-01T01:20:00Z
2025/10/13 16:38:36 Checking orchestrator for reschedule...
2025/10/13 16:38:36 DummyPlugin: PostSimulationStep called
2025/10/13 16:38:36 Current Simulation Time: 2025-10-01 01:20:00 +0000 UTC
2025/10/13 16:38:36 Number of Nodes: 585
2025/10/13 16:38:36 Number of Satellites: 500
2025/10/13 16:38:36 Number of Ground Stations: 85
2025/10/13 16:38:37 Route from Graz to Honolulu in 83 ms
2025/10/13 16:38:37 Uplink latency 56.00926106125942 ms
2025/10/13 16:38:37 Latency between uplink nodes: 27 ms
2025/10/13 16:38:37 Graz -> STARLINK-1347 -> STARLINK-1058 -> Honolulu
2025/10/13 16:38:37 6.058538456189025e+06 -> 5.721551963690298e+06 -> 1.056467865196729e+07
2025/10/13 16:38:37 20.41327258343234 -> 27 -> 35.595988477827085
2025/10/13 16:38:37 5721.551963690297 km apart
2025/10/13 16:38:37 {3.2695629674290894e+06 -3.5236525204437235e+06 4.794355816614816e+06} {5.8148353275643755e+06 -3.4908357124433005e+06 -329770.30820415856}
2025/10/13 16:38:37 85 satellites in simulation.
2025/10/13 16:38:37 Simulation stepped by 60 seconds.
2025/10/13 16:38:37 Sunlight exposure of STARLINK-1347 is 0.7391620440965948
2025/10/13 16:38:37 Simulation time is 2025-10-01T01:30:00Z
2025/10/13 16:38:37 Checking orchestrator for reschedule...
2025/10/13 16:38:37 DummyPlugin: PostSimulationStep called
2025/10/13 16:38:37 Current Simulation Time: 2025-10-01 01:30:00 +0000 UTC
2025/10/13 16:38:37 Number of Nodes: 585
2025/10/13 16:38:37 Number of Satellites: 500
2025/10/13 16:38:37 Number of Ground Stations: 85
2025/10/13 16:38:38 Route from Graz to Honolulu in 68 ms
2025/10/13 16:38:38 Uplink latency 40.19002497918794 ms
2025/10/13 16:38:38 Latency between uplink nodes: 28 ms
2025/10/13 16:38:38 Graz -> STARLINK-1553 -> STARLINK-1055 -> Honolulu
2025/10/13 16:38:38 8.532826457822068e+06 -> 6.652488827213298e+06 -> 3.395335031053037e+06
2025/10/13 16:38:38 28.74998873906807 -> 28 -> 11.440036240119873
2025/10/13 16:38:38 6652.488827213298 km apart
2025/10/13 16:38:38 {-3.707893645797178e+06 -1.9447029327423328e+06 5.345163733762574e+06} {-2.273657312438758e+06 -6.36578766875094e+06 585690.7069134829}
2025/10/13 16:38:38 85 satellites in simulation.
2025/10/13 16:38:38 Simulation stepped by 60 seconds.
2025/10/13 16:38:38 Sunlight exposure of STARLINK-1553 is 0.553213270110723
2025/10/13 16:38:38 Simulation time is 2025-10-01T01:40:00Z
2025/10/13 16:38:38 Checking orchestrator for reschedule...
2025/10/13 16:38:38 DummyPlugin: PostSimulationStep called
2025/10/13 16:38:38 Current Simulation Time: 2025-10-01 01:40:00 +0000 UTC
2025/10/13 16:38:38 Number of Nodes: 585
2025/10/13 16:38:38 Number of Satellites: 500
2025/10/13 16:38:38 Number of Ground Stations: 85
2025/10/13 16:38:39 Route from Graz to Honolulu in 120 ms
2025/10/13 16:38:39 Uplink latency 41.989818341858 ms
2025/10/13 16:38:39 Latency between uplink nodes: 78 ms
2025/10/13 16:38:39 Graz -> STARLINK-1347 -> STARLINK-1423 -> Honolulu
2025/10/13 16:38:39 6.956417350786863e+06 -> 1.3161582119987553e+07 -> 5.505912153352006e+06
2025/10/13 16:38:39 23.43853135745451 -> 78 -> 18.551286984403482
2025/10/13 16:38:39 13161.582119987554 km apart
2025/10/13 16:38:39 {6.583252870667603e+06 1.1035268462446386e+06 -1.243510725959416e+06} {-5.542909717243244e+06 700509.091961565 3.857567736724725e+06}
2025/10/13 16:38:39 85 satellites in simulation.
2025/10/13 16:38:39 Simulation stepped by 60 seconds.
2025/10/13 16:38:39 Sunlight exposure of STARLINK-1347 is 0.4410222743425986
