2025/10/13 16:38:52 Injected 2000 satellites into simulation
2025/10/13 16:38:52 Injected 85 ground stations into simulation
2025/10/13 16:38:52 Simulation loaded. Not autorunning as StepInterval < 0.
2025/10/13 16:38:52 Simulation time is 2025-10-01T00:10:00Z
2025/10/13 16:38:52 Checking orchestrator for reschedule...
2025/10/13 16:38:52 DummyPlugin: PostSimulationStep called
2025/10/13 16:38:52 Current Simulation Time: 2025-10-01 00:10:00 +0000 UTC
2025/10/13 16:38:52 Number of Nodes: 2085
2025/10/13 16:38:52 Number of Satellites: 2000
2025/10/13 16:38:52 Number of Ground Stations: 85
2025/10/13 16:38:53 Route from Graz to Honolulu in 86 ms
2025/10/13 16:38:53 Uplink latency 25.52834284664485 ms
2025/10/13 16:38:53 Latency between uplink nodes: 60 ms
2025/10/13 16:38:53 Graz -> STARLINK-1150 -> STARLINK-1928 -> Honolulu
2025/10/13 16:38:53 2.5639843994044624e+06 -> 1.2507606292161172e+07 -> 5.012676629690076e+06
2025/10/13 16:38:53 8.638933766483692 -> 60 -> 16.88940908016116
2025/10/13 16:38:53 12507.606292161172 km apart
2025/10/13 16:38:53 {4.4498165568227265e+06 3.6580461171967993e+06 3.593725093435297e+06} {-2.571482043710584e+06 -6.254219754274896e+06 612355.2044218268}
2025/10/13 16:38:53 85 satellites in simulation.
2025/10/13 16:38:53 Simulation stepped by 60 seconds.
2025/10/13 16:38:53 Sunlight exposure of STARLINK-1150 is 0.8768733611786124
2025/10/13 16:38:53 Simulation time is 2025-10-01T00:20:00Z
2025/10/13 16:38:53 Checking orchestrator for reschedule...
2025/10/13 16:38:53 DummyPlugin: PostSimulationStep called
2025/10/13 16:38:53 Current Simulation Time: 2025-10-01 00:20:00 +0000 UTC
2025/10/13 16:38:53 Number of Nodes: 2085
2025/10/13 16:38:53 Number of Satellites: 2000
2025/10/13 16:38:53 Number of Ground Stations: 85
2025/10/13 16:38:54 Route from Graz to Honolulu in 61 ms
2025/10/13 16:38:54 Uplink latency 25.641493969429135 ms
2025/10/13 16:38:54 Latency between uplink nodes: 35 ms
2025/10/13 16:38:54 Graz -> STARLINK-1035 -> STARLINK-3857 -> Honolulu
2025/10/13 16:38:54 4.950378813586025e+06 -> 8.108441061361765e+06 -> 2.6598647988962433e+06
2025/10/13 16:38:54 16.679506591189504 -> 35 -> 8.961987378239632
2025/10/13 16:38:54 8108.441061361765 km apart
2025/10/13 16:38:54 {430059.3197217521 4.867140415682086e+06 4.713736804656178e+06} {-5.461138556959802e+06 -655746.5996696264 3.9800317964821197e+06}
2025/10/13 16:38:54 85 satellites in simulation.
2025/10/13 16:38:54 Simulation stepped by 60 seconds.
2025/10/13 16:38:54 Sunlight exposure of STARLINK-1035 is 0.7399988300944235
2025/10/13 16:38:54 Simulation time is 2025-10-01T00:30:00Z
2025/10/13 16:38:54 Checking orchestrator for reschedule...
2025/10/13 16:38:54 DummyPlugin: PostSimulationStep called
2025/10/13 16:38:54 Current Simulation Time: 2025-10-01 00:30:00 +0000 UTC
2025/10/13 16:38:54 Number of Nodes: 2085
2025/10/13 16:38:54 Number of Satellites: 2000
2025/10/13 16:38:54 Number of Ground Stations: 85
2025/10/13 16:38:55 Route from Graz to Honolulu in 109 ms
2025/10/13 16:38:55 Uplink latency 50.33800070962636 ms
2025/10/13 16:38:55 Latency between uplink nodes: 59 ms
2025/10/13 16:38:55 Graz -> STARLINK-3155 -> STARLINK-3077 -> Honolulu
2025/10/13 16:38:55 4.0162204553111535e+06 -> 1.1359012495562851e+07 -> 1.092380015434175e+07
2025/10/13 16:38:55 13.532009989252998 -> 59 -> 36.80599072037336
2025/10/13 16:38:55 11359.01249556285 km apart
2025/10/13 16:38:55 {2.9140322372605344e+06 5.260920655918143e+06 3.1508177003278346e+06} {4.456717580749855e+06 -4.373165659596427e+06 -2.6656819060119726e+06}
2025/10/13 16:38:55 85 satellites in simulation.
2025/10/13 16:38:55 Simulation stepped by 60 seconds.
2025/10/13 16:38:55 Sunlight exposure of STARLINK-3155 is 0.9330582685400746
2025/10/13 16:38:55 Simulation time is 2025-10-01T00:40:00Z
2025/10/13 16:38:55 Checking orchestrator for reschedule...
2025/10/13 16:38:55 DummyPlugin: PostSimulationStep called
2025/10/13 16:38:55 Current Simulation Time: 2025-10-01 00:40:00 +0000 UTC
2025/10/13 16:38:55 Number of Nodes: 2085
2025/10/13 16:38:55 Number of Satellites: 2000
2025/10/13 16:38:55 Number of Ground Stations: 85
2025/10/13 16:38:56 Route from Graz to Honolulu in 93 ms
2025/10/13 16:38:56 Uplink latency 25.218661461475772 ms
2025/10/13 16:38:56 Latency between uplink nodes: 67 ms
2025/10/13 16:38:56 Graz -> STARLINK-1307 -> STARLINK-2109 -> Honolulu
2025/10/13 16:38:56 1.8432068008209455e+06 -> 1.2211203145089673e+07 -> 5.641542626469211e+06
2025/10/13 16:38:56 6.2103893744138885 -> 67 -> 19.008272087061883
2025/10/13 16:38:56 12211.203145089672 km apart
2025/10/13 16:38:56 {4.252370840570052e+06 174309.54484270792 5.28962306163744e+06} {-6.578188282757418e+06 1.6756537531936136e+06 -147144.0747044495}
2025/10/13 16:38:56 85 satellites in simulation.
2025/10/13 16:38:56 Simulation stepped by 60 seconds.
2025/10/13 16:38:56 Sunlight exposure of STARLINK-1307 is 0.5474591630701757
2025/10/13 16:38:56 Simulation time is 2025-10-01T00:50:00Z
2025/10/13 16:38:56 Checking orchestrator for reschedule...
2025/10/13 16:38:56 DummyPlugin: PostSimulationStep called
2025/10/13 16:38:56 Current Simulation Time: 2025-10-01 00:50:00 +0000 UTC
2025/10/13 16:38:56 Number of Nodes: 2085
2025/10/13 16:38:56 Number of Satellites: 2000
2025/10/13 16:38:56 Number of Ground Stations: 85
2025/10/13 16:38:57 Route from Graz to Honolulu in 79 ms
2025/10/13 16:38:57 Uplink latency 54.53340045508472 ms
2025/10/13 16:38:57 Latency between uplink nodes: 25 ms
2025/10/13 16:38:57 Graz -> STARLINK-1941 -> STARLINK-1517 -> Honolulu
2025/10/13 16:38:57 5.697587380706398e+06 -> 5.981874573039318e+06 -> 1.0487603036632052e+07
2025/10/13 16:38:57 19.19710588805005 -> 25 -> 35.33629456703466
2025/10/13 16:38:57 5981.874573039318 km apart
2025/10/13 16:38:57 {460881.5346317163 6.20268919933475e+06 2.7222927896644482e+06} {3.6187495993125355e+06 1.8985263086681543e+06 5.421343456890226e+06}
2025/10/13 16:38:57 85 satellites in simulation.
2025/10/13 16:38:57 Simulation stepped by 60 seconds.
2025/10/13 16:38:57 Sunlight exposure of STARLINK-1941 is 0.5668012750090398
2025/10/13 16:38:57 Simulation time is 2025-10-01T01:00:00Z
2025/10/13 16:38:57 Checking orchestrator for reschedule...
2025/10/13 16:38:57 DummyPlugin: PostSimulationStep called
2025/10/13 16:38:57 Current Simulation Time: 2025-10-01 01:00:00 +0000 UTC
2025/10/13 16:38:57 Number of Nodes: 2085
2025/10/13 16:38:57 Number of Satellites: 2000
2025/10/13 16:38:57 Number of Ground Stations: 85
2025/10/13 16:38:58 Route from Graz to Honolulu in 83 ms
2025/10/13 16:38:58 Uplink latency 38.08418457937358 ms
2025/10/13 16:38:58 Latency between uplink nodes: 45 ms
2025/10/13 16:38:58 Graz -> STARLINK-3319 -> STARLINK-1463 -> Honolulu
2025/10/13 16:38:58 2.176374147545931e+06 -> 1.018803863344842e+07 -> 9.126786377239438e+06
2025/10/13 16:38:58 7.332943256637501 -> 45 -> 30.751241322736078
2025/10/13 16:38:58 10188.03863344842 km apart
2025/10/13 16:38:58 {2.6587726533595026e+06 4.088837211285379e+06 4.72308037821452e+06} {4.139556406715947e+06 -5.284969107194797e+06 1.0169819207994596e+06}
2025/10/13 16:38:58 85 satellites in simulation.
2025/10/13 16:38:58 Simulation stepped by 60 seconds.
2025/10/13 16:38:58 Sunlight exposure of STARLINK-3319 is 0.35058321138569976
2025/10/13 16:38:58 Simulation time is 2025-10-01T01:10:00Z
2025/10/13 16:38:58 Checking orchestrator for reschedule...
2025/10/13 16:38:58 DummyPlugin: PostSimulationStep called
2025/10/13 16:38:58 Current Simulation Time: 2025-10-01 01:10:00 +0000 UTC
2025/10/13 16:38:58 Number of Nodes: 2085
2025/10/13 16:38:58 Number of Satellites: 2000
2025/10/13 16:38:58 Number of Ground Stations: 85
2025/10/13 16:38:59 Route from Graz to Honolulu in 107 ms
2025/10/13 16:38:59 Uplink latency 57.64567691513453 ms
2025/10/13 16:38:59 Latency between uplink nodes: 49 ms
2025/10/13 16:38:59 Graz -> STARLINK-1929 -> STARLINK-3077 -> Honolulu
2025/10/13 16:38:59 7.288724843060588e+06 -> 1.0482326305242352e+07 -> 9.820170802944e+06
2025/10/13 16:38:59 24.558188098160816 -> 49 -> 33.08748881697371
2025/10/13 16:38:59 10482.326305242352 km apart
2025/10/13 16:38:59 {5.972058945283949e+06 2.308926800833456e+06 -2.261661892815956e+06} {-3.8549910454697325e+06 5.556889843159205e+06 -600641.3256675861}
2025/10/13 16:38:59 85 satellites in simulation.
2025/10/13 16:38:59 Simulation stepped by 60 seconds.
2025/10/13 16:38:59 Sunlight exposure of STARLINK-1929 is 0.26895305656556745
2025/10/13 16:38:59 Simulation time is 2025-10-01T01:20:00Z
2025/10/13 16:38:59 Checking orchestrator for reschedule...
2025/10/13 16:38:59 DummyPlugin: PostSimulationStep called
2025/10/13 16:38:59 Current Simulation Time: 2025-10-01 01:20:00 +0000 UTC
2025/10/13 16:38:59 Number of Nodes: 2085
2025/10/13 16:38:59 Number of Satellites: 2000
2025/10/13 16:38:59 Number of Ground Stations: 85
2025/10/13 16:39:00 Route from Graz to Honolulu in 89 ms
2025/10/13 16:39:00 Uplink latency 57.55680509528294 ms
2025/10/13 16:39:00 Latency between uplink nodes: 31 ms
2025/10/13 16:39:00 Graz -> STARLINK-3516 -> STARLINK-3244 -> Honolulu
2025/10/13 16:39:00 6.388140421122678e+06 -> 7.243355272812403e+06 -> 1.0694378594871134e+07
2025/10/13 16:39:00 21.52381348415938 -> 31 -> 36.032991611123556
2025/10/13 16:39:00 7243.355272812403 km apart
2025/10/13 16:39:00 {3.519524493448393e+06 5.740683952180226e+06 -873698.8242062073} {4.325930840208152e+06 1.5680637333631944e+06 4.991891079767997e+06}
2025/10/13 16:39:00 85 satellites in simulation.
2025/10/13 16:39:00 Simulation stepped by 60 seconds.
2025/10/13 16:39:00 Sunlight exposure of STARLINK-3516 is 0.16600608571307937
2025/10/13 16:39:00 Simulation time is 2025-10-01T01:30:00Z
2025/10/13 16:39:00 Checking orchestrator for reschedule...
2025/10/13 16:39:00 DummyPlugin: PostSimulationStep called
2025/10/13 16:39:00 Current Simulation Time: 2025-10-01 01:30:00 +0000 UTC
2025/10/13 16:39:00 Number of Nodes: 2085
2025/10/13 16:39:00 Number of Satellites: 2000
2025/10/13 16:39:00 Number of Ground Stations: 85
2025/10/13 16:39:01 Route from Graz to Honolulu in 102 ms
2025/10/13 16:39:01 Uplink latency 56.58822950028208 ms
2025/10/13 16:39:01 Latency between uplink nodes: 45 ms
2025/10/13 16:39:01 Graz -> STARLINK-1541 -> STARLINK-1185 -> Honolulu
2025/10/13 16:39:01 7.796317268910551e+06 -> 9.307986506268293e+06 -> 8.99873424445453e+06
2025/10/13 16:39:01 26.268439279215244 -> 45 -> 30.31979022106684
2025/10/13 16:39:01 9307.986506268293 km apart
2025/10/13 16:39:01 {3.113400863406656e+06 5.425351759970221e+06 -2.6427979105613967e+06} {-2.022988867155128e+06 4.11341132939108e+06 5.008014179881282e+06}
2025/10/13 16:39:01 85 satellites in simulation.
2025/10/13 16:39:01 Simulation stepped by 60 seconds.
2025/10/13 16:39:01 Sunlight exposure of STARLINK-1541 is 0.9183425238370715
2025/10/13 16:39:01 Simulation time is 2025-10-01T01:40:00Z
2025/10/13 16:39:01 Checking orchestrator for reschedule...
2025/10/13 16:39:01 DummyPlugin: PostSimulationStep called
2025/10/13 16:39:01 Current Simulation Time: 2025-10-01 01:40:00 +0000 UTC
2025/10/13 16:39:01 Number of Nodes: 2085
2025/10/13 16:39:01 Number of Satellites: 2000
2025/10/13 16:39:01 Number of Ground Stations: 85
2025/10/13 16:39:02 Route from Graz to Honolulu in 43 ms
2025/10/13 16:39:02 Uplink latency 43.73385959926908 ms
2025/10/13 16:39:02 Latency between uplink nodes: 0 ms
2025/10/13 16:39:02 Graz -> STARLINK-2293 -> STARLINK-2293 -> Honolulu
2025/10/13 16:39:02 2.179465689010222e+06 -> 0 -> 1.0800484935604014e+07
2025/10/13 16:39:02 7.343359709230797 -> 0 -> 36.390499890038285
2025/10/13 16:39:02 0 km apart
2025/10/13 16:39:02 {1.7801788388487939e+06 4.3615807046475895e+06 4.888370527795277e+06} {1.7801788388487939e+06 4.3615807046475895e+06 4.888370527795277e+06}
2025/10/13 16:39:02 85 satellites in simulation.
2025/10/13 16:39:02 Simulation stepped by 60 seconds.
2025/10/13 16:39:02 Sunlight exposure of STARLINK-2293 is 0.5683907999283914
