2025/10/13 16:39:45 Injected 20646 satellites into simulation
2025/10/13 16:39:45 Injected 85 ground stations into simulation
2025/10/13 16:39:45 Simulation loaded. Not autorunning as StepInterval < 0.
2025/10/13 16:39:45 Simulation time is 2025-10-01T00:10:00Z
2025/10/13 16:39:46 Checking orchestrator for reschedule...
2025/10/13 16:39:46 DummyPlugin: PostSimulationStep called
2025/10/13 16:39:46 Current Simulation Time: 2025-10-01 00:10:00 +0000 UTC
2025/10/13 16:39:46 Number of Nodes: 20731
2025/10/13 16:39:46 Number of Satellites: 20646
2025/10/13 16:39:46 Number of Ground Stations: 85
2025/10/13 16:39:47 Route from Graz to Honolulu in 127 ms
2025/10/13 16:39:47 Uplink latency 65.10431473551932 ms
2025/10/13 16:39:47 Latency between uplink nodes: 62 ms
2025/10/13 16:39:47 Graz -> STARLINK-32538 -> STARLINK-5191 DUPLICATE1 -> Honolulu
2025/10/13 16:39:47 8.039079532523664e+06 -> 1.2727406086486464e+07 -> 1.1283495663435234e+07
2025/10/13 16:39:47 27.086387749121087 -> 62 -> 38.01792698639823
2025/10/13 16:39:47 12727.406086486464 km apart
2025/10/13 16:39:47 {-1.614933508540632e+06 -4.258266203531754e+06 5.0387457560087405e+06} {168023.58646890963 6.676714105580673e+06 -1.2249700203504749e+06}
2025/10/13 16:39:47 85 satellites in simulation.
2025/10/13 16:39:47 Simulation stepped by 60 seconds.
2025/10/13 16:39:47 Sunlight exposure of STARLINK-32538 is 0.37960923404193636
2025/10/13 16:39:47 Simulation time is 2025-10-01T00:20:00Z
2025/10/13 16:39:48 Checking orchestrator for reschedule...
2025/10/13 16:39:48 DummyPlugin: PostSimulationStep called
2025/10/13 16:39:48 Current Simulation Time: 2025-10-01 00:20:00 +0000 UTC
2025/10/13 16:39:48 Number of Nodes: 20731
2025/10/13 16:39:48 Number of Satellites: 20646
2025/10/13 16:39:48 Number of Ground Stations: 85
2025/10/13 16:39:49 Route from Graz to Honolulu in 69 ms
2025/10/13 16:39:49 Uplink latency 44.75810975610513 ms
2025/10/13 16:39:49 Latency between uplink nodes: 24 ms
2025/10/13 16:39:49 Graz -> STARLINK-33566 DUPLICATE2 -> STARLINK-5803 DUPLICATE2 -> Honolulu
2025/10/13 16:39:49 2.770901727660697e+06 -> 6.472006538222544e+06 -> 1.0513040279941551e+07
2025/10/13 16:39:49 9.33610848188312 -> 24 -> 35.42200127422201
2025/10/13 16:39:49 6472.006538222544 km apart
2025/10/13 16:39:49 {5.130350530375934e+06 -1.0225878903306031e+06 4.330223244775644e+06} {1.9113842612184412e+06 4.584059777919188e+06 4.631265954255249e+06}
2025/10/13 16:39:49 85 satellites in simulation.
2025/10/13 16:39:49 Simulation stepped by 60 seconds.
2025/10/13 16:39:49 Sunlight exposure of STARLINK-33566 DUPLICATE2 is 0.7545138764336337
2025/10/13 16:39:49 Simulation time is 2025-10-01T00:30:00Z
2025/10/13 16:39:50 Checking orchestrator for reschedule...
2025/10/13 16:39:50 DummyPlugin: PostSimulationStep called
2025/10/13 16:39:50 Current Simulation Time: 2025-10-01 00:30:00 +0000 UTC
2025/10/13 16:39:50 Number of Nodes: 20731
2025/10/13 16:39:50 Number of Satellites: 20646
2025/10/13 16:39:50 Number of Ground Stations: 85
2025/10/13 16:39:51 Route from Graz to Honolulu in 104 ms
2025/10/13 16:39:51 Uplink latency 66.10005073274205 ms
2025/10/13 16:39:51 Latency between uplink nodes: 38 ms
2025/10/13 16:39:51 Graz -> STARLINK-32129 DUPLICATE1 -> STARLINK-4552 DUPLICATE2 -> Honolulu
2025/10/13 16:39:51 8.79525511728931e+06 -> 9.209255731035022e+06 -> 1.082284862788819e+07
2025/10/13 16:39:51 29.634199972214105 -> 38 -> 36.46585076052794
2025/10/13 16:39:51 9209.255731035022 km apart
2025/10/13 16:39:51 {28135.752219281625 -6.005219871928059e+06 3.1677332796969283e+06} {4.017727069190443e+06 2.0755238981986283e+06 5.063816707373159e+06}
2025/10/13 16:39:51 85 satellites in simulation.
2025/10/13 16:39:51 Simulation stepped by 60 seconds.
2025/10/13 16:39:51 Sunlight exposure of STARLINK-32129 DUPLICATE1 is 0.989426557995987
2025/10/13 16:39:51 Simulation time is 2025-10-01T00:40:00Z
2025/10/13 16:39:51 Checking orchestrator for reschedule...
2025/10/13 16:39:51 DummyPlugin: PostSimulationStep called
2025/10/13 16:39:51 Current Simulation Time: 2025-10-01 00:40:00 +0000 UTC
2025/10/13 16:39:51 Number of Nodes: 20731
2025/10/13 16:39:51 Number of Satellites: 20646
2025/10/13 16:39:51 Number of Ground Stations: 85
2025/10/13 16:39:52 Route from Graz to Honolulu in 75 ms
2025/10/13 16:39:52 Uplink latency 59.153938542640184 ms
2025/10/13 16:39:52 Latency between uplink nodes: 16 ms
2025/10/13 16:39:52 Graz -> STARLINK-1593 -> STARLINK-3456 -> Honolulu
2025/10/13 16:39:52 5.253703823086903e+06 -> 4.327016721011912e+06 -> 1.230283494505253e+07
2025/10/13 16:39:52 17.70151150955202 -> 16 -> 41.45242703308816
2025/10/13 16:39:52 4327.0167210119125 km apart
2025/10/13 16:39:52 {5.480313466756079e+06 -2.8159979849762097e+06 2.8517399649077263e+06} {6.649576785773825e+06 -1.0292664478033257e+06 -911700.9352245065}
2025/10/13 16:39:52 85 satellites in simulation.
2025/10/13 16:39:52 Simulation stepped by 60 seconds.
2025/10/13 16:39:52 Sunlight exposure of STARLINK-1593 is 0.3680630501204195
2025/10/13 16:39:52 Simulation time is 2025-10-01T00:50:00Z
2025/10/13 16:39:53 Checking orchestrator for reschedule...
2025/10/13 16:39:53 DummyPlugin: PostSimulationStep called
2025/10/13 16:39:53 Current Simulation Time: 2025-10-01 00:50:00 +0000 UTC
2025/10/13 16:39:53 Number of Nodes: 20731
2025/10/13 16:39:53 Number of Satellites: 20646
2025/10/13 16:39:53 Number of Ground Stations: 85
2025/10/13 16:39:54 Route from Graz to Honolulu in 75 ms
2025/10/13 16:39:54 Uplink latency 53.319442777344825 ms
2025/10/13 16:39:54 Latency between uplink nodes: 22 ms
2025/10/13 16:39:54 Graz -> STARLINK-1301 DUPLICATE2 -> STARLINK-31122 DUPLICATE2 -> Honolulu
2025/10/13 16:39:54 5.208315097768731e+06 -> 5.640574648878917e+06 -> 1.0616579867445972e+07
2025/10/13 16:39:54 17.54858148709951 -> 22 -> 35.770861290245314
2025/10/13 16:39:54 5640.574648878917 km apart
2025/10/13 16:39:54 {-917077.2688119514 4.01739043261714e+06 5.395356205293189e+06} {4.104147651913148e+06 1.454463222292554e+06 5.208844061874665e+06}
2025/10/13 16:39:54 85 satellites in simulation.
2025/10/13 16:39:54 Simulation stepped by 60 seconds.
2025/10/13 16:39:54 Sunlight exposure of STARLINK-1301 DUPLICATE2 is 0.693144723710537
2025/10/13 16:39:54 Simulation time is 2025-10-01T01:00:00Z
2025/10/13 16:39:55 Checking orchestrator for reschedule...
2025/10/13 16:39:55 DummyPlugin: PostSimulationStep called
2025/10/13 16:39:55 Current Simulation Time: 2025-10-01 01:00:00 +0000 UTC
2025/10/13 16:39:55 Number of Nodes: 20731
2025/10/13 16:39:55 Number of Satellites: 20646
2025/10/13 16:39:55 Number of Ground Stations: 85
2025/10/13 16:39:56 Route from Graz to Honolulu in 88 ms
2025/10/13 16:39:56 Uplink latency 58.82794695904603 ms
2025/10/13 16:39:56 Latency between uplink nodes: 30 ms
2025/10/13 16:39:56 Graz -> STARLINK-3566 -> STARLINK-31245 -> Honolulu
2025/10/13 16:39:56 4.727403917510354e+06 -> 7.625923594003932e+06 -> 1.273238247848851e+07
2025/10/13 16:39:56 15.928228479187839 -> 30 -> 42.899718479858194
2025/10/13 16:39:56 7625.923594003932 km apart
2025/10/13 16:39:56 {3.2908204109742157e+06 -2.4340965753526944e+06 5.416403733618653e+06} {6.168097257400702e+06 2.766037641509884e+06 637848.2262274377}
2025/10/13 16:39:56 85 satellites in simulation.
2025/10/13 16:39:56 Simulation stepped by 60 seconds.
2025/10/13 16:39:56 Sunlight exposure of STARLINK-3566 is 0.6821597301258011
2025/10/13 16:39:56 Simulation time is 2025-10-01T01:10:00Z
2025/10/13 16:39:57 Checking orchestrator for reschedule...
2025/10/13 16:39:57 DummyPlugin: PostSimulationStep called
2025/10/13 16:39:57 Current Simulation Time: 2025-10-01 01:10:00 +0000 UTC
2025/10/13 16:39:57 Number of Nodes: 20731
2025/10/13 16:39:57 Number of Satellites: 20646
2025/10/13 16:39:57 Number of Ground Stations: 85
2025/10/13 16:39:58 Route from Graz to Honolulu in 42 ms
2025/10/13 16:39:58 Uplink latency 39.62707059699417 ms
2025/10/13 16:39:58 Latency between uplink nodes: 3 ms
2025/10/13 16:39:58 Graz -> STARLINK-2139 DUPLICATE2 -> STARLINK-5509 -> Honolulu
2025/10/13 16:39:58 603621.4832659452 -> 519725.46668501326 -> 1.115745847766399e+07
2025/10/13 16:39:58 2.0338056718177975 -> 3 -> 37.59326492517638
2025/10/13 16:39:58 519.7254666850133 km apart
2025/10/13 16:39:58 {4.1537019648672077e+06 2.7025380682756864e+06 4.640133164865298e+06} {3.8575561379392e+06 3.1295284387486903e+06 4.630571081545851e+06}
2025/10/13 16:39:58 85 satellites in simulation.
2025/10/13 16:39:58 Simulation stepped by 60 seconds.
2025/10/13 16:39:58 Sunlight exposure of STARLINK-2139 DUPLICATE2 is 0.3792309927315337
2025/10/13 16:39:58 Simulation time is 2025-10-01T01:20:00Z
2025/10/13 16:39:59 Checking orchestrator for reschedule...
2025/10/13 16:39:59 DummyPlugin: PostSimulationStep called
2025/10/13 16:39:59 Current Simulation Time: 2025-10-01 01:20:00 +0000 UTC
2025/10/13 16:39:59 Number of Nodes: 20731
2025/10/13 16:39:59 Number of Satellites: 20646
2025/10/13 16:39:59 Number of Ground Stations: 85
2025/10/13 16:40:00 Route from Graz to Honolulu in 96 ms
2025/10/13 16:40:00 Uplink latency 39.9703236575513 ms
2025/10/13 16:40:00 Latency between uplink nodes: 56 ms
2025/10/13 16:40:00 Graz -> STARLINK-31588 DUPLICATE2 -> STARLINK-4543 DUPLICATE2 -> Honolulu
2025/10/13 16:40:00 3.662853512467674e+06 -> 1.2260412437946556e+07 -> 8.2001019247774985e+06
2025/10/13 16:40:00 12.341396811107801 -> 56 -> 27.6289268464435
2025/10/13 16:40:00 12260.412437946556 km apart
2025/10/13 16:40:00 {5.801904241010387e+06 3.029491125441068e+06 1.807749761084452e+06} {-5.832808253828233e+06 2.806274509696183e+06 -2.0524772598893254e+06}
2025/10/13 16:40:00 85 satellites in simulation.
2025/10/13 16:40:00 Simulation stepped by 60 seconds.
2025/10/13 16:40:00 Sunlight exposure of STARLINK-31588 DUPLICATE2 is 0.4542202493910666
2025/10/13 16:40:00 Simulation time is 2025-10-01T01:30:00Z
2025/10/13 16:40:01 Checking orchestrator for reschedule...
2025/10/13 16:40:01 DummyPlugin: PostSimulationStep called
2025/10/13 16:40:01 Current Simulation Time: 2025-10-01 01:30:00 +0000 UTC
2025/10/13 16:40:01 Number of Nodes: 20731
2025/10/13 16:40:01 Number of Satellites: 20646
2025/10/13 16:40:01 Number of Ground Stations: 85
2025/10/13 16:40:02 Route from Graz to Honolulu in 75 ms
2025/10/13 16:40:02 Uplink latency 42.28435664228976 ms
2025/10/13 16:40:02 Latency between uplink nodes: 33 ms
2025/10/13 16:40:02 Graz -> STARLINK-11187 [DTC] DUPLICATE2 -> STARLINK-2754 DUPLICATE1 -> Honolulu
2025/10/13 16:40:02 3.192109023558335e+06 -> 8.529310355599431e+06 -> 9.357637704481943e+06
2025/10/13 16:40:02 10.755298837356644 -> 33 -> 31.529057804933114
2025/10/13 16:40:02 8529.310355599431 km apart
2025/10/13 16:40:02 {5.615044940831014e+06 520210.5334013556 3.7813922985464074e+06} {-1.8479871289870036e+06 4.548650667459205e+06 4.689113375373134e+06}
2025/10/13 16:40:02 85 satellites in simulation.
2025/10/13 16:40:02 Simulation stepped by 60 seconds.
2025/10/13 16:40:02 Sunlight exposure of STARLINK-11187 [DTC] DUPLICATE2 is 0.6758269523834436
2025/10/13 16:40:02 Simulation time is 2025-10-01T01:40:00Z
2025/10/13 16:40:03 Checking orchestrator for reschedule...
2025/10/13 16:40:03 DummyPlugin: PostSimulationStep called
2025/10/13 16:40:03 Current Simulation Time: 2025-10-01 01:40:00 +0000 UTC
2025/10/13 16:40:03 Number of Nodes: 20731
2025/10/13 16:40:03 Number of Satellites: 20646
2025/10/13 16:40:03 Number of Ground Stations: 85
2025/10/13 16:40:04 Route from Graz to Honolulu in 119 ms
2025/10/13 16:40:04 Uplink latency 56.46645336543405 ms
2025/10/13 16:40:04 Latency between uplink nodes: 63 ms
2025/10/13 16:40:04 Graz -> STARLINK-6173 DUPLICATE1 -> STARLINK-5039 -> Honolulu
2025/10/13 16:40:04 8.673289804356262e+06 -> 1.308659925368238e+07 -> 8.085619273100641e+06
2025/10/13 16:40:04 29.223257432750216 -> 63 -> 27.243195932683836
2025/10/13 16:40:04 13086.59925368238 km apart
2025/10/13 16:40:04 {-4.986514408507959e+06 3.949136291681573e+06 2.376731589912895e+06} {3.7674976612135917e+06 -5.616288157241353e+06 607831.4170378933}
2025/10/13 16:40:04 85 satellites in simulation.
2025/10/13 16:40:04 Simulation stepped by 60 seconds.
2025/10/13 16:40:04 Sunlight exposure of STARLINK-6173 DUPLICATE1 is 0.008163627463721172
