2025/10/13 16:39:29 Injected 13764 satellites into simulation
2025/10/13 16:39:29 Injected 85 ground stations into simulation
2025/10/13 16:39:29 Simulation loaded. Not autorunning as StepInterval < 0.
2025/10/13 16:39:29 Simulation time is 2025-10-01T00:10:00Z
2025/10/13 16:39:29 Checking orchestrator for reschedule...
2025/10/13 16:39:29 DummyPlugin: PostSimulationStep called
2025/10/13 16:39:29 Current Simulation Time: 2025-10-01 00:10:00 +0000 UTC
2025/10/13 16:39:29 Number of Nodes: 13849
2025/10/13 16:39:29 Number of Satellites: 13764
2025/10/13 16:39:29 Number of Ground Stations: 85
2025/10/13 16:39:30 Route from Graz to Honolulu in 88 ms
2025/10/13 16:39:30 Uplink latency 36.94374730664539 ms
2025/10/13 16:39:30 Latency between uplink nodes: 51 ms
2025/10/13 16:39:30 Graz -> STARLINK-2550 -> STARLINK-1797 -> Honolulu
2025/10/13 16:39:30 3.030090336170187e+06 -> 1.171782147352396e+07 -> 7.934595157458112e+06
2025/10/13 16:39:30 10.209402883541973 -> 51 -> 26.734344423103423
2025/10/13 16:39:30 11717.82147352396 km apart
2025/10/13 16:39:30 {2.3758997071163813e+06 3.756397298696693e+06 5.131794847562368e+06} {926646.9345085556 -6.725546877777633e+06 98321.61650771624}
2025/10/13 16:39:30 85 satellites in simulation.
2025/10/13 16:39:30 Simulation stepped by 60 seconds.
2025/10/13 16:39:30 Sunlight exposure of STARLINK-2550 is 0.3457704578404326
2025/10/13 16:39:30 Simulation time is 2025-10-01T00:20:00Z
2025/10/13 16:39:31 Checking orchestrator for reschedule...
2025/10/13 16:39:31 DummyPlugin: PostSimulationStep called
2025/10/13 16:39:31 Current Simulation Time: 2025-10-01 00:20:00 +0000 UTC
2025/10/13 16:39:31 Number of Nodes: 13849
2025/10/13 16:39:31 Number of Satellites: 13764
2025/10/13 16:39:31 Number of Ground Stations: 85
2025/10/13 16:39:32 Route from Graz to Honolulu in 92 ms
2025/10/13 16:39:32 Uplink latency 56.91381064312767 ms
2025/10/13 16:39:32 Latency between uplink nodes: 35 ms
2025/10/13 16:39:32 Graz -> STARLINK-30921 -> STARLINK-3929 DUPLICATE -> Honolulu
2025/10/13 16:39:32 6.534421990977164e+06 -> 8.441245118354496e+06 -> 1.0357260078144122e+07
2025/10/13 16:39:32 22.016685747158988 -> 35 -> 34.89712489596868
2025/10/13 16:39:32 8441.245118354496 km apart
2025/10/13 16:39:32 {3.829856833110393e+06 -4.779244896802943e+06 2.9306892099312716e+06} {2.63193238331945e+06 3.2123353676686864e+06 5.370820566486534e+06}
2025/10/13 16:39:32 85 satellites in simulation.
2025/10/13 16:39:32 Simulation stepped by 60 seconds.
2025/10/13 16:39:32 Sunlight exposure of STARLINK-30921 is 0.7019534809633498
2025/10/13 16:39:32 Simulation time is 2025-10-01T00:30:00Z
2025/10/13 16:39:32 Checking orchestrator for reschedule...
2025/10/13 16:39:32 DummyPlugin: PostSimulationStep called
2025/10/13 16:39:32 Current Simulation Time: 2025-10-01 00:30:00 +0000 UTC
2025/10/13 16:39:32 Number of Nodes: 13849
2025/10/13 16:39:32 Number of Satellites: 13764
2025/10/13 16:39:32 Number of Ground Stations: 85
2025/10/13 16:39:33 Route from Graz to Honolulu in 92 ms
2025/10/13 16:39:33 Uplink latency 44.91089862886022 ms
2025/10/13 16:39:33 Latency between uplink nodes: 47 ms
2025/10/13 16:39:33 Graz -> STARLINK-5314 -> STARLINK-4436 DUPLICATE -> Honolulu
2025/10/13 16:39:33 3.222658183529892e+06 -> 1.0723932415641138e+07 -> 1.0106630656995937e+07
2025/10/13 16:39:33 10.858229326979474 -> 47 -> 34.05266930188074
2025/10/13 16:39:33 10723.932415641139 km apart
2025/10/13 16:39:33 {2.6825699008872434e+06 -803748.011470035 6.187785488753511e+06} {-2.1936001940013035e+06 6.42570936619526e+06 -54060.206669777705}
2025/10/13 16:39:33 85 satellites in simulation.
2025/10/13 16:39:33 Simulation stepped by 60 seconds.
2025/10/13 16:39:33 Sunlight exposure of STARLINK-5314 is 0.12149023835761573
2025/10/13 16:39:33 Simulation time is 2025-10-01T00:40:00Z
2025/10/13 16:39:34 Checking orchestrator for reschedule...
2025/10/13 16:39:34 DummyPlugin: PostSimulationStep called
2025/10/13 16:39:34 Current Simulation Time: 2025-10-01 00:40:00 +0000 UTC
2025/10/13 16:39:34 Number of Nodes: 13849
2025/10/13 16:39:34 Number of Satellites: 13764
2025/10/13 16:39:34 Number of Ground Stations: 85
2025/10/13 16:39:35 Route from Graz to Honolulu in 90 ms
2025/10/13 16:39:35 Uplink latency 28.204351724894344 ms
2025/10/13 16:39:35 Latency between uplink nodes: 61 ms
2025/10/13 16:39:35 Graz -> STARLINK-1574 DUPLICATE -> STARLINK-31929 -> Honolulu
2025/10/13 16:39:35 777554.5331310524 -> 1.2823888225151964e+07 -> 7.593330089055378e+06
2025/10/13 16:39:35 2.6198451570565435 -> 61 -> 25.584506567837803
2025/10/13 16:39:35 12823.888225151964 km apart
2025/10/13 16:39:35 {3.6577247744239066e+06 2.2982909303554413e+06 5.237657805898871e+06} {-5.502038432281759e+06 1.463045294568761e+06 -3.6984046343581136e+06}
2025/10/13 16:39:35 85 satellites in simulation.
2025/10/13 16:39:35 Simulation stepped by 60 seconds.
2025/10/13 16:39:35 Sunlight exposure of STARLINK-1574 DUPLICATE is 0.1587026620891276
2025/10/13 16:39:35 Simulation time is 2025-10-01T00:50:00Z
2025/10/13 16:39:35 Checking orchestrator for reschedule...
2025/10/13 16:39:35 DummyPlugin: PostSimulationStep called
2025/10/13 16:39:35 Current Simulation Time: 2025-10-01 00:50:00 +0000 UTC
2025/10/13 16:39:35 Number of Nodes: 13849
2025/10/13 16:39:35 Number of Satellites: 13764
2025/10/13 16:39:35 Number of Ground Stations: 85
2025/10/13 16:39:36 Route from Graz to Honolulu in 84 ms
2025/10/13 16:39:36 Uplink latency 72.77258593145658 ms
2025/10/13 16:39:36 Latency between uplink nodes: 12 ms
2025/10/13 16:39:36 Graz -> STARLINK-11402 [DTC] DUPLICATE -> STARLINK-6321 -> Honolulu
2025/10/13 16:39:36 8.652151187343828e+06 -> 2.7395387057403037e+06 -> 1.2946321503403772e+07
2025/10/13 16:39:36 29.15203425669349 -> 12 -> 43.62055167476309
2025/10/13 16:39:36 2739.5387057403036 km apart
2025/10/13 16:39:36 {5.25073523129148e+06 1.8515656355803525e+06 -3.887696831203128e+06} {3.537841891148708e+06 3.962312185463319e+06 -4.228016868375418e+06}
2025/10/13 16:39:36 85 satellites in simulation.
2025/10/13 16:39:36 Simulation stepped by 60 seconds.
2025/10/13 16:39:36 Sunlight exposure of STARLINK-11402 [DTC] DUPLICATE is 0.7401399957738872
2025/10/13 16:39:36 Simulation time is 2025-10-01T01:00:00Z
2025/10/13 16:39:37 Checking orchestrator for reschedule...
2025/10/13 16:39:37 DummyPlugin: PostSimulationStep called
2025/10/13 16:39:37 Current Simulation Time: 2025-10-01 01:00:00 +0000 UTC
2025/10/13 16:39:37 Number of Nodes: 13849
2025/10/13 16:39:37 Number of Satellites: 13764
2025/10/13 16:39:37 Number of Ground Stations: 85
2025/10/13 16:39:38 Route from Graz to Honolulu in 73 ms
2025/10/13 16:39:38 Uplink latency 37.29524756629239 ms
2025/10/13 16:39:38 Latency between uplink nodes: 35 ms
2025/10/13 16:39:38 Graz -> STARLINK-5049 DUPLICATE -> STARLINK-5073 -> Honolulu
2025/10/13 16:39:38 5.726352605816646e+06 -> 7.946096824626036e+06 -> 5.342656083993343e+06
2025/10/13 16:39:38 19.29402569558209 -> 35 -> 18.0012218707103
2025/10/13 16:39:38 7946.096824626036 km apart
2025/10/13 16:39:38 {85412.670639385 6.193279880306776e+06 2.783543058558981e+06} {-2.8815942079441277e+06 -369926.7958112855 6.139380220181905e+06}
2025/10/13 16:39:38 85 satellites in simulation.
2025/10/13 16:39:38 Simulation stepped by 60 seconds.
2025/10/13 16:39:38 Sunlight exposure of STARLINK-5049 DUPLICATE is 0.10199154038300347
2025/10/13 16:39:38 Simulation time is 2025-10-01T01:10:00Z
2025/10/13 16:39:38 Checking orchestrator for reschedule...
2025/10/13 16:39:38 DummyPlugin: PostSimulationStep called
2025/10/13 16:39:38 Current Simulation Time: 2025-10-01 01:10:00 +0000 UTC
2025/10/13 16:39:38 Number of Nodes: 13849
2025/10/13 16:39:38 Number of Satellites: 13764
2025/10/13 16:39:38 Number of Ground Stations: 85
2025/10/13 16:39:39 Route from Graz to Honolulu in 91 ms
2025/10/13 16:39:39 Uplink latency 46.86633964626807 ms
2025/10/13 16:39:39 Latency between uplink nodes: 44 ms
2025/10/13 16:39:39 Graz -> STARLINK-11269 [DTC] DUPLICATE -> STARLINK-11081 [DTC] -> Honolulu
2025/10/13 16:39:39 1.239824521420204e+06 -> 1.0192120980588263e+07 -> 1.2669827636861451e+07
2025/10/13 16:39:39 4.177389661613884 -> 44 -> 42.68894998465418
2025/10/13 16:39:39 10192.120980588263 km apart
2025/10/13 16:39:39 {4.685305982623137e+06 1.6877049794362842e+06 4.614549454225345e+06} {3.1078191096975617e+06 2.6916724696352957e+06 -5.404577979205097e+06}
2025/10/13 16:39:39 85 satellites in simulation.
2025/10/13 16:39:39 Simulation stepped by 60 seconds.
2025/10/13 16:39:39 Sunlight exposure of STARLINK-11269 [DTC] DUPLICATE is 0.027470769462502445
2025/10/13 16:39:39 Simulation time is 2025-10-01T01:20:00Z
2025/10/13 16:39:40 Checking orchestrator for reschedule...
2025/10/13 16:39:40 DummyPlugin: PostSimulationStep called
2025/10/13 16:39:40 Current Simulation Time: 2025-10-01 01:20:00 +0000 UTC
2025/10/13 16:39:40 Number of Nodes: 13849
2025/10/13 16:39:40 Number of Satellites: 13764
2025/10/13 16:39:40 Number of Ground Stations: 85
2025/10/13 16:39:41 Route from Graz to Honolulu in 70 ms
2025/10/13 16:39:41 Uplink latency 56.61443675467039 ms
2025/10/13 16:39:41 Latency between uplink nodes: 13 ms
2025/10/13 16:39:41 Graz -> STARLINK-11102 [DTC] DUPLICATE -> STARLINK-3916 -> Honolulu
2025/10/13 16:39:41 9.451338074492857e+06 -> 3.308122506590347e+06 -> 7.351491596827729e+06
2025/10/13 16:39:41 31.84476615737368 -> 13 -> 24.769670597296713
2025/10/13 16:39:41 3308.122506590347 km apart
2025/10/13 16:39:41 {-186633.79318759858 -6.02345136375138e+06 3.1280386087518036e+06} {2.691712444642145e+06 -4.705270626160576e+06 4.087828688313747e+06}
2025/10/13 16:39:41 85 satellites in simulation.
2025/10/13 16:39:41 Simulation stepped by 60 seconds.
2025/10/13 16:39:41 Sunlight exposure of STARLINK-11102 [DTC] DUPLICATE is 0.0511845297360587
2025/10/13 16:39:41 Simulation time is 2025-10-01T01:30:00Z
2025/10/13 16:39:41 Checking orchestrator for reschedule...
2025/10/13 16:39:41 DummyPlugin: PostSimulationStep called
2025/10/13 16:39:41 Current Simulation Time: 2025-10-01 01:30:00 +0000 UTC
2025/10/13 16:39:41 Number of Nodes: 13849
2025/10/13 16:39:41 Number of Satellites: 13764
2025/10/13 16:39:41 Number of Ground Stations: 85
2025/10/13 16:39:42 Route from Graz to Honolulu in 82 ms
2025/10/13 16:39:42 Uplink latency 52.791646737514924 ms
2025/10/13 16:39:42 Latency between uplink nodes: 29 ms
2025/10/13 16:39:42 Graz -> STARLINK-5492 -> STARLINK-1457 DUPLICATE -> Honolulu
2025/10/13 16:39:42 4.204687334285871e+06 -> 7.430996307636338e+06 -> 1.1463560890859874e+07
2025/10/13 16:39:42 14.16701887815913 -> 29 -> 38.6246278593558
2025/10/13 16:39:42 7430.996307636338 km apart
2025/10/13 16:39:42 {5.779809664207891e+06 3.3465626831245916e+06 1.225239569703789e+06} {-852039.8044546661 6.679816956837002e+06 867895.623507672}
2025/10/13 16:39:42 85 satellites in simulation.
2025/10/13 16:39:42 Simulation stepped by 60 seconds.
2025/10/13 16:39:42 Sunlight exposure of STARLINK-5492 is 0.31266781522139137
2025/10/13 16:39:42 Simulation time is 2025-10-01T01:40:00Z
2025/10/13 16:39:43 Checking orchestrator for reschedule...
2025/10/13 16:39:43 DummyPlugin: PostSimulationStep called
2025/10/13 16:39:43 Current Simulation Time: 2025-10-01 01:40:00 +0000 UTC
2025/10/13 16:39:43 Number of Nodes: 13849
2025/10/13 16:39:43 Number of Satellites: 13764
2025/10/13 16:39:43 Number of Ground Stations: 85
2025/10/13 16:39:44 Route from Graz to Honolulu in 55 ms
2025/10/13 16:39:44 Uplink latency 26.881151303701472 ms
2025/10/13 16:39:44 Latency between uplink nodes: 28 ms
2025/10/13 16:39:44 Graz -> STARLINK-5497 -> STARLINK-30866 DUPLICATE -> Honolulu
2025/10/13 16:39:44 1.2003411172685605e+06 -> 7.0709943185170395e+06 -> 6.777825453254318e+06
2025/10/13 16:39:44 4.0443566706875025 -> 28 -> 22.83679463301397
2025/10/13 16:39:44 7070.99431851704 km apart
2025/10/13 16:39:44 {2.708746560244464e+06 2.5970397346565044e+06 5.6609994067685045e+06} {2.327139916875738e+06 -4.388097554448011e+06 4.630856662000227e+06}
2025/10/13 16:39:44 85 satellites in simulation.
2025/10/13 16:39:44 Simulation stepped by 60 seconds.
2025/10/13 16:39:44 Sunlight exposure of STARLINK-5497 is 0.7472894872112272
