2025/10/13 16:39:15 Injected 6882 satellites into simulation
2025/10/13 16:39:15 Injected 85 ground stations into simulation
2025/10/13 16:39:15 Simulation loaded. Not autorunning as StepInterval < 0.
2025/10/13 16:39:15 Simulation time is 2025-10-01T00:10:00Z
2025/10/13 16:39:15 Checking orchestrator for reschedule...
2025/10/13 16:39:15 DummyPlugin: PostSimulationStep called
2025/10/13 16:39:15 Current Simulation Time: 2025-10-01 00:10:00 +0000 UTC
2025/10/13 16:39:15 Number of Nodes: 6967
2025/10/13 16:39:15 Number of Satellites: 6882
2025/10/13 16:39:15 Number of Ground Stations: 85
2025/10/13 16:39:16 Route from Graz to Honolulu in 73 ms
2025/10/13 16:39:16 Uplink latency 44.987677781561246 ms
2025/10/13 16:39:16 Latency between uplink nodes: 28 ms
2025/10/13 16:39:16 Graz -> STARLINK-31512 -> STARLINK-11367 [DTC] -> Honolulu
2025/10/13 16:39:16 3.3478087538603623e+06 -> 7.037663290875392e+06 -> 1.0004267684654549e+07
2025/10/13 16:39:16 11.279904079826533 -> 28 -> 33.707773701734716
2025/10/13 16:39:16 7037.663290875392 km apart
2025/10/13 16:39:16 {3.8744652789199445e+06 4.426866072059768e+06 3.376315501076317e+06} {4.334403085002236e+06 -2.4887061238042093e+06 4.597799440415822e+06}
2025/10/13 16:39:16 85 satellites in simulation.
2025/10/13 16:39:16 Simulation stepped by 60 seconds.
2025/10/13 16:39:16 Sunlight exposure of STARLINK-31512 is 0.8399852809748608
2025/10/13 16:39:16 Simulation time is 2025-10-01T00:20:00Z
2025/10/13 16:39:16 Checking orchestrator for reschedule...
2025/10/13 16:39:16 DummyPlugin: PostSimulationStep called
2025/10/13 16:39:16 Current Simulation Time: 2025-10-01 00:20:00 +0000 UTC
2025/10/13 16:39:16 Number of Nodes: 6967
2025/10/13 16:39:16 Number of Satellites: 6882
2025/10/13 16:39:16 Number of Ground Stations: 85
2025/10/13 16:39:17 Route from Graz to Honolulu in 60 ms
2025/10/13 16:39:17 Uplink latency 34.18988710835578 ms
2025/10/13 16:39:17 Latency between uplink nodes: 25 ms
2025/10/13 16:39:17 Graz -> STARLINK-31318 -> STARLINK-33551 -> Honolulu
2025/10/13 16:39:17 1.0676705593453855e+06 -> 6.176870536744536e+06 -> 9.079685530282928e+06
2025/10/13 16:39:17 3.597344527038361 -> 25 -> 30.592542581317414
2025/10/13 16:39:17 6176.8705367445355 km apart
2025/10/13 16:39:17 {4.496193186664685e+06 2.481197881977955e+06 4.441249825440095e+06} {3.4470181209843303e+06 -3.6035827427640525e+06 4.609790793817618e+06}
2025/10/13 16:39:17 85 satellites in simulation.
2025/10/13 16:39:17 Simulation stepped by 60 seconds.
2025/10/13 16:39:17 Sunlight exposure of STARLINK-31318 is 0.9401593907359846
2025/10/13 16:39:17 Simulation time is 2025-10-01T00:30:00Z
2025/10/13 16:39:17 Checking orchestrator for reschedule...
2025/10/13 16:39:17 DummyPlugin: PostSimulationStep called
2025/10/13 16:39:17 Current Simulation Time: 2025-10-01 00:30:00 +0000 UTC
2025/10/13 16:39:17 Number of Nodes: 6967
2025/10/13 16:39:17 Number of Satellites: 6882
2025/10/13 16:39:17 Number of Ground Stations: 85
2025/10/13 16:39:18 Route from Graz to Honolulu in 59 ms
2025/10/13 16:39:18 Uplink latency 39.815332736043594 ms
2025/10/13 16:39:18 Latency between uplink nodes: 19 ms
2025/10/13 16:39:18 Graz -> STARLINK-32223 -> STARLINK-1563 -> Honolulu
2025/10/13 16:39:18 1.1077833740145927e+06 -> 4.5587270529230395e+06 -> 1.070917167527335e+07
2025/10/13 16:39:18 3.7324982156469995 -> 19 -> 36.082834520396595
2025/10/13 16:39:18 4558.727052923039 km apart
2025/10/13 16:39:18 {4.980819662783017e+06 1.9485867598459907e+06 4.1821778357655504e+06} {5.500257425770745e+06 -2.4569476867858376e+06 3.1317288874700707e+06}
2025/10/13 16:39:18 85 satellites in simulation.
2025/10/13 16:39:18 Simulation stepped by 60 seconds.
2025/10/13 16:39:18 Sunlight exposure of STARLINK-32223 is 0.9171404166588397
2025/10/13 16:39:18 Simulation time is 2025-10-01T00:40:00Z
2025/10/13 16:39:19 Checking orchestrator for reschedule...
2025/10/13 16:39:19 DummyPlugin: PostSimulationStep called
2025/10/13 16:39:19 Current Simulation Time: 2025-10-01 00:40:00 +0000 UTC
2025/10/13 16:39:19 Number of Nodes: 6967
2025/10/13 16:39:19 Number of Satellites: 6882
2025/10/13 16:39:19 Number of Ground Stations: 85
2025/10/13 16:39:20 Route from Graz to Honolulu in 104 ms
2025/10/13 16:39:20 Uplink latency 64.64629793036154 ms
2025/10/13 16:39:20 Latency between uplink nodes: 39 ms
2025/10/13 16:39:20 Graz -> STARLINK-2750 -> STARLINK-5897 -> Honolulu
2025/10/13 16:39:20 7.517254424252239e+06 -> 9.199520380507091e+06 -> 1.166938409539532e+07
2025/10/13 16:39:20 25.328181829813584 -> 39 -> 39.31811610054796
2025/10/13 16:39:20 9199.52038050709 km apart
2025/10/13 16:39:20 {-1.2957221035640044e+06 6.432077737624559e+06 1.7469268564205407e+06} {5.869637042215836e+06 875764.9158627499 3.301337152989588e+06}
2025/10/13 16:39:20 85 satellites in simulation.
2025/10/13 16:39:20 Simulation stepped by 60 seconds.
2025/10/13 16:39:20 Sunlight exposure of STARLINK-2750 is 0.5617877594543644
2025/10/13 16:39:20 Simulation time is 2025-10-01T00:50:00Z
2025/10/13 16:39:20 Checking orchestrator for reschedule...
2025/10/13 16:39:20 DummyPlugin: PostSimulationStep called
2025/10/13 16:39:20 Current Simulation Time: 2025-10-01 00:50:00 +0000 UTC
2025/10/13 16:39:20 Number of Nodes: 6967
2025/10/13 16:39:20 Number of Satellites: 6882
2025/10/13 16:39:20 Number of Ground Stations: 85
2025/10/13 16:39:21 Route from Graz to Honolulu in 76 ms
2025/10/13 16:39:21 Uplink latency 45.0658738006441 ms
2025/10/13 16:39:21 Latency between uplink nodes: 31 ms
2025/10/13 16:39:21 Graz -> STARLINK-4292 -> STARLINK-31555 -> Honolulu
2025/10/13 16:39:21 3.305460405118022e+06 -> 7.386882204313338e+06 -> 1.0069824148940245e+07
2025/10/13 16:39:21 11.13721811809057 -> 31 -> 33.928655682553526
2025/10/13 16:39:21 7386.882204313338 km apart
2025/10/13 16:39:21 {4.008575627428793e+06 4.741328612606807e+06 2.747279051712298e+06} {5.025629737873119e+06 -2.495362695036986e+06 3.82520695036886e+06}
2025/10/13 16:39:21 85 satellites in simulation.
2025/10/13 16:39:21 Simulation stepped by 60 seconds.
2025/10/13 16:39:21 Sunlight exposure of STARLINK-4292 is 0.3566147008515238
2025/10/13 16:39:21 Simulation time is 2025-10-01T01:00:00Z
2025/10/13 16:39:21 Checking orchestrator for reschedule...
2025/10/13 16:39:21 DummyPlugin: PostSimulationStep called
2025/10/13 16:39:21 Current Simulation Time: 2025-10-01 01:00:00 +0000 UTC
2025/10/13 16:39:21 Number of Nodes: 6967
2025/10/13 16:39:21 Number of Satellites: 6882
2025/10/13 16:39:21 Number of Ground Stations: 85
2025/10/13 16:39:22 Route from Graz to Honolulu in 69 ms
2025/10/13 16:39:22 Uplink latency 51.88027021520582 ms
2025/10/13 16:39:22 Latency between uplink nodes: 17 ms
2025/10/13 16:39:22 Graz -> STARLINK-3218 -> STARLINK-4011 -> Honolulu
2025/10/13 16:39:22 1.1116097149232741e+07 -> 3.3621029356623203e+06 -> 4.281659919440671e+06
2025/10/13 16:39:22 37.45390456990497 -> 17 -> 14.426365645300846
2025/10/13 16:39:22 3362.1029356623203 km apart
2025/10/13 16:39:22 {-6.664804216543214e+06 304131.6380678674 1.260836815046341e+06} {-5.246886771676125e+06 157024.12988294987 4.305767955575861e+06}
2025/10/13 16:39:22 85 satellites in simulation.
2025/10/13 16:39:22 Simulation stepped by 60 seconds.
2025/10/13 16:39:22 Sunlight exposure of STARLINK-3218 is 0.7283721762986812
2025/10/13 16:39:22 Simulation time is 2025-10-01T01:10:00Z
2025/10/13 16:39:22 Checking orchestrator for reschedule...
2025/10/13 16:39:22 DummyPlugin: PostSimulationStep called
2025/10/13 16:39:22 Current Simulation Time: 2025-10-01 01:10:00 +0000 UTC
2025/10/13 16:39:22 Number of Nodes: 6967
2025/10/13 16:39:22 Number of Satellites: 6882
2025/10/13 16:39:22 Number of Ground Stations: 85
2025/10/13 16:39:23 Route from Graz to Honolulu in 123 ms
2025/10/13 16:39:23 Uplink latency 71.56613445621703 ms
2025/10/13 16:39:23 Latency between uplink nodes: 51 ms
2025/10/13 16:39:23 Graz -> STARLINK-31054 -> STARLINK-31266 -> Honolulu
2025/10/13 16:39:23 1.0375118033477599e+07 -> 1.0977407391910128e+07 -> 1.0865287001611637e+07
2025/10/13 16:39:23 34.95729440923349 -> 51 -> 36.60884004698354
2025/10/13 16:39:23 10977.407391910128 km apart
2025/10/13 16:39:23 {-3.9343832956277924e+06 -4.549947645504435e+06 3.151612583684277e+06} {1.8274776583434902e+06 4.686651932551568e+06 4.562165535444658e+06}
2025/10/13 16:39:23 85 satellites in simulation.
2025/10/13 16:39:23 Simulation stepped by 60 seconds.
2025/10/13 16:39:23 Sunlight exposure of STARLINK-31054 is 0.4739790812677741
2025/10/13 16:39:23 Simulation time is 2025-10-01T01:20:00Z
2025/10/13 16:39:24 Checking orchestrator for reschedule...
2025/10/13 16:39:24 DummyPlugin: PostSimulationStep called
2025/10/13 16:39:24 Current Simulation Time: 2025-10-01 01:20:00 +0000 UTC
2025/10/13 16:39:24 Number of Nodes: 6967
2025/10/13 16:39:24 Number of Satellites: 6882
2025/10/13 16:39:24 Number of Ground Stations: 85
2025/10/13 16:39:25 Route from Graz to Honolulu in 67 ms
2025/10/13 16:39:25 Uplink latency 61.838191397229565 ms
2025/10/13 16:39:25 Latency between uplink nodes: 5 ms
2025/10/13 16:39:25 Graz -> STARLINK-31555 -> STARLINK-30231 -> Honolulu
2025/10/13 16:39:25 7.410459789247552e+06 -> 1.3274867878420656e+06 -> 1.0942749335357113e+07
2025/10/13 16:39:25 24.96835445386091 -> 5 -> 36.869836943368654
2025/10/13 16:39:25 1327.4867878420655 km apart
2025/10/13 16:39:25 {-1.191934328701016e+06 6.647237048238031e+06 708005.9475517184} {-1.017512227913551e+06 6.408161009628589e+06 2.0020850604404744e+06}
2025/10/13 16:39:25 85 satellites in simulation.
2025/10/13 16:39:25 Simulation stepped by 60 seconds.
2025/10/13 16:39:25 Sunlight exposure of STARLINK-31555 is 0.4359688268315811
2025/10/13 16:39:25 Simulation time is 2025-10-01T01:30:00Z
2025/10/13 16:39:25 Checking orchestrator for reschedule...
2025/10/13 16:39:25 DummyPlugin: PostSimulationStep called
2025/10/13 16:39:25 Current Simulation Time: 2025-10-01 01:30:00 +0000 UTC
2025/10/13 16:39:25 Number of Nodes: 6967
2025/10/13 16:39:25 Number of Satellites: 6882
2025/10/13 16:39:25 Number of Ground Stations: 85
2025/10/13 16:39:26 Route from Graz to Honolulu in 114 ms
2025/10/13 16:39:26 Uplink latency 59.03428847582245 ms
2025/10/13 16:39:26 Latency between uplink nodes: 55 ms
2025/10/13 16:39:26 Graz -> STARLINK-30571 -> STARLINK-32200 -> Honolulu
2025/10/13 16:39:26 8.137523519083052e+06 -> 1.180017426900509e+07 -> 9.383503817553274e+06
2025/10/13 16:39:26 27.418078955897816 -> 55 -> 31.616209519924638
2025/10/13 16:39:26 11800.17426900509 km apart
2025/10/13 16:39:26 {5.10715874826834e+06 -4.372926946398113e+06 950144.4130784475} {-1.659831540342253e+06 4.487013102733407e+06 4.817109313169356e+06}
2025/10/13 16:39:26 85 satellites in simulation.
2025/10/13 16:39:26 Simulation stepped by 60 seconds.
2025/10/13 16:39:26 Sunlight exposure of STARLINK-30571 is 0.6023785421465353
2025/10/13 16:39:26 Simulation time is 2025-10-01T01:40:00Z
2025/10/13 16:39:26 Checking orchestrator for reschedule...
2025/10/13 16:39:26 DummyPlugin: PostSimulationStep called
2025/10/13 16:39:26 Current Simulation Time: 2025-10-01 01:40:00 +0000 UTC
2025/10/13 16:39:26 Number of Nodes: 6967
2025/10/13 16:39:26 Number of Satellites: 6882
2025/10/13 16:39:26 Number of Ground Stations: 85
2025/10/13 16:39:27 Route from Graz to Honolulu in 57 ms
2025/10/13 16:39:27 Uplink latency 53.40008150332302 ms
2025/10/13 16:39:27 Latency between uplink nodes: 4 ms
2025/10/13 16:39:27 Graz -> STARLINK-31574 -> STARLINK-5496 -> Honolulu
2025/10/13 16:39:27 6.495006174915302e+06 -> 753335.7972935971 -> 9.353821886788473e+06
2025/10/13 16:39:27 21.88388048344934 -> 4 -> 31.516201019873687
2025/10/13 16:39:27 753.3357972935971 km apart
2025/10/13 16:39:27 {-3.02917084229269e+06 4.220020324442502e+06 4.373762271383781e+06} {-2.381399044231231e+06 4.604387115214115e+06 4.3867503918072535e+06}
2025/10/13 16:39:27 85 satellites in simulation.
2025/10/13 16:39:27 Simulation stepped by 60 seconds.
2025/10/13 16:39:27 Sunlight exposure of STARLINK-31574 is 0.7385614193748226
