2025/10/13 16:40:16 Simulation state will be serialized to ./precomputed/nearest/precomputed-0500.gob
2025/10/13 16:40:16 Starting LoaderService...
2025/10/13 16:40:16 Loading satellite constellation from ./resources/tle/starlink_500.tle (tle)
2025/10/13 16:40:16 Parsed 500 satellites from TLE
2025/10/13 16:40:16 Loaded 500 satellites
2025/10/13 16:40:16 Injected 500 satellites into simulation
2025/10/13 16:40:16 Starting LoaderService...
2025/10/13 16:40:16 Injected 85 ground stations into simulation
2025/10/13 16:40:16 Simulation loaded. Not autorunning as StepInterval < 0.
2025/10/13 16:40:16 Simulation time is 2025-10-01T00:10:00Z
2025/10/13 16:40:16 Checking orchestrator for reschedule...
2025/10/13 16:40:16 DummyPlugin: PostSimulationStep called
2025/10/13 16:40:16 Current Simulation Time: 2025-10-01 00:10:00 +0000 UTC
2025/10/13 16:40:16 Number of Nodes: 585
2025/10/13 16:40:16 Number of Satellites: 500
2025/10/13 16:40:16 Number of Ground Stations: 85
2025/10/13 16:40:17 Route from Graz to Honolulu in 104 ms
2025/10/13 16:40:17 Uplink latency 27.80903718107083 ms
2025/10/13 16:40:17 Latency between uplink nodes: 76 ms
2025/10/13 16:40:17 Graz -> STARLINK-1476 -> STARLINK-1183 -> Honolulu
2025/10/13 16:40:17 1.4362211262191033e+06 -> 7.306753033274834e+06 -> 6.817336479622608e+06
2025/10/13 16:40:17 4.839116488506453 -> 76 -> 22.96992069256438
2025/10/13 16:40:17 7306.753033274834 km apart
2025/10/13 16:40:17 {3.4460766380589376e+06 2.391347421719824e+06 5.338385183464646e+06} {-3.645025927299004e+06 3.80270764176115e+06 4.28341284916867e+06}
2025/10/13 16:40:17 85 satellites in simulation.
2025/10/13 16:40:17 Simulation stepped by 60 seconds.
2025/10/13 16:40:17 Sunlight exposure of STARLINK-1476 is 0.4848382034776904
2025/10/13 16:40:17 Simulation time is 2025-10-01T00:20:00Z
2025/10/13 16:40:17 Checking orchestrator for reschedule...
2025/10/13 16:40:17 DummyPlugin: PostSimulationStep called
2025/10/13 16:40:17 Current Simulation Time: 2025-10-01 00:20:00 +0000 UTC
2025/10/13 16:40:17 Number of Nodes: 585
2025/10/13 16:40:17 Number of Satellites: 500
2025/10/13 16:40:17 Number of Ground Stations: 85
2025/10/13 16:40:18 Route from Graz to Honolulu in 89 ms
2025/10/13 16:40:18 Uplink latency 54.58959219232338 ms
2025/10/13 16:40:18 Latency between uplink nodes: 34 ms
2025/10/13 16:40:18 Graz -> STARLINK-1618 -> STARLINK-1554 -> Honolulu
2025/10/13 16:40:18 5.885097873707425e+06 -> 8.222135274638221e+06 -> 1.0316769918588378e+07
2025/10/13 16:40:18 19.828892387972914 -> 34 -> 34.760699804350466
2025/10/13 16:40:18 8222.13527463822 km apart
2025/10/13 16:40:18 {528407.5222246335 5.9782711930723125e+06 3.174235925186835e+06} {4.526202771699373e+06 -979907.4458993885 4.964457041665261e+06}
2025/10/13 16:40:18 85 satellites in simulation.
2025/10/13 16:40:18 Simulation stepped by 60 seconds.
2025/10/13 16:40:18 Sunlight exposure of STARLINK-1618 is 0.04877328895669561
2025/10/13 16:40:18 Simulation time is 2025-10-01T00:30:00Z
2025/10/13 16:40:18 Checking orchestrator for reschedule...
2025/10/13 16:40:18 DummyPlugin: PostSimulationStep called
2025/10/13 16:40:18 Current Simulation Time: 2025-10-01 00:30:00 +0000 UTC
2025/10/13 16:40:18 Number of Nodes: 585
2025/10/13 16:40:18 Number of Satellites: 500
2025/10/13 16:40:18 Number of Ground Stations: 85
2025/10/13 16:40:19 Route from Graz to Honolulu in 108 ms
2025/10/13 16:40:19 Uplink latency 35.9591240817999 ms
2025/10/13 16:40:19 Latency between uplink nodes: 72 ms
2025/10/13 16:40:19 Graz -> STARLINK-1680 -> STARLINK-1760 -> Honolulu
2025/10/13 16:40:19 545279.1178726197 -> 1.0661018934759075e+07 -> 1.0127176031591026e+07
2025/10/13 16:40:19 1.8372304389380667 -> 72 -> 34.121893642861835
2025/10/13 16:40:19 10661.018934759075 km apart
2025/10/13 16:40:19 {4.0167475365618565e+06 1.7361894588669422e+06 5.190958284711165e+06} {3.254610933699733e+06 -5.244557957666415e+06 -2.8306150043906784e+06}
2025/10/13 16:40:19 85 satellites in simulation.
2025/10/13 16:40:19 Simulation stepped by 60 seconds.
2025/10/13 16:40:19 Sunlight exposure of STARLINK-1680 is 0.5740574536755083
2025/10/13 16:40:19 Simulation time is 2025-10-01T00:40:00Z
2025/10/13 16:40:19 Checking orchestrator for reschedule...
2025/10/13 16:40:19 DummyPlugin: PostSimulationStep called
2025/10/13 16:40:19 Current Simulation Time: 2025-10-01 00:40:00 +0000 UTC
2025/10/13 16:40:19 Number of Nodes: 585
2025/10/13 16:40:19 Number of Satellites: 500
2025/10/13 16:40:19 Number of Ground Stations: 85
2025/10/13 16:40:20 Route from Graz to Honolulu in 112 ms
2025/10/13 16:40:20 Uplink latency 59.499597524583194 ms
2025/10/13 16:40:20 Latency between uplink nodes: 52 ms
2025/10/13 16:40:20 Graz -> STARLINK-1640 -> STARLINK-1548 -> Honolulu
2025/10/13 16:40:20 8.266635977417789e+06 -> 8.393163561501913e+06 -> 9.392492330261158e+06
2025/10/13 16:40:20 27.85310265426382 -> 52 -> 31.646494870319376
2025/10/13 16:40:20 8393.163561501913 km apart
2025/10/13 16:40:20 {-4.211042039569041e+06 583364.1341614949 5.293268190930804e+06} {3.7911983129673223e+06 -1.9482875295104773e+06 5.284115913121216e+06}
2025/10/13 16:40:20 85 satellites in simulation.
2025/10/13 16:40:20 Simulation stepped by 60 seconds.
2025/10/13 16:40:20 Sunlight exposure of STARLINK-1640 is 0.41749448300092823
2025/10/13 16:40:20 Simulation time is 2025-10-01T00:50:00Z
2025/10/13 16:40:20 Checking orchestrator for reschedule...
2025/10/13 16:40:20 DummyPlugin: PostSimulationStep called
2025/10/13 16:40:20 Current Simulation Time: 2025-10-01 00:50:00 +0000 UTC
2025/10/13 16:40:20 Number of Nodes: 585
2025/10/13 16:40:20 Number of Satellites: 500
2025/10/13 16:40:20 Number of Ground Stations: 85
2025/10/13 16:40:21 Route from Graz to Honolulu in -1 ms
2025/10/13 16:40:21 Uplink latency 58.04238144578109 ms
2025/10/13 16:40:21 Latency between uplink nodes: 24 ms
2025/10/13 16:40:21 Graz -> STARLINK-1490 -> STARLINK-1548 -> Honolulu
2025/10/13 16:40:21 5.53341303189016e+06 -> 6.089875265754627e+06 -> 1.1693222170319507e+07
2025/10/13 16:40:21 18.643946779161364 -> 24 -> 39.39843466661972
2025/10/13 16:40:21 6089.875265754627 km apart
2025/10/13 16:40:21 {2.512364363538144e+06 -3.2789998294887873e+06 5.381871928434816e+06} {5.646522566669399e+06 1.5640566565918357e+06 3.4303502188893007e+06}
2025/10/13 16:40:21 85 satellites in simulation.
2025/10/13 16:40:21 Simulation stepped by 60 seconds.
2025/10/13 16:40:21 Sunlight exposure of STARLINK-1490 is 0.7563371311063711
2025/10/13 16:40:21 Simulation time is 2025-10-01T01:00:00Z
2025/10/13 16:40:21 Checking orchestrator for reschedule...
2025/10/13 16:40:21 DummyPlugin: PostSimulationStep called
2025/10/13 16:40:21 Current Simulation Time: 2025-10-01 01:00:00 +0000 UTC
2025/10/13 16:40:21 Number of Nodes: 585
2025/10/13 16:40:21 Number of Satellites: 500
2025/10/13 16:40:21 Number of Ground Stations: 85
2025/10/13 16:40:22 Route from Graz to Honolulu in 122 ms
2025/10/13 16:40:22 Uplink latency 39.706209297374336 ms
2025/10/13 16:40:22 Latency between uplink nodes: 82 ms
2025/10/13 16:40:22 Graz -> STARLINK-1062 -> STARLINK-1399 -> Honolulu
2025/10/13 16:40:22 5.052202754842285e+06 -> 1.3416355717108402e+07 -> 6.732365103859378e+06
2025/10/13 16:40:22 17.022586012639756 -> 82 -> 22.68362328473458
2025/10/13 16:40:22 13416.355717108403 km apart
2025/10/13 16:40:22 {6.2585854000160685e+06 -1.4360361753163016e+06 2.2062268735919776e+06} {-6.347630011209723e+06 2.387507076087513e+06 -335908.20118375355}
2025/10/13 16:40:22 85 satellites in simulation.
2025/10/13 16:40:22 Simulation stepped by 60 seconds.
2025/10/13 16:40:22 Sunlight exposure of STARLINK-1062 is 0.4240437077458903
2025/10/13 16:40:22 Simulation time is 2025-10-01T01:10:00Z
2025/10/13 16:40:22 Checking orchestrator for reschedule...
2025/10/13 16:40:22 DummyPlugin: PostSimulationStep called
2025/10/13 16:40:22 Current Simulation Time: 2025-10-01 01:10:00 +0000 UTC
2025/10/13 16:40:22 Number of Nodes: 585
2025/10/13 16:40:22 Number of Satellites: 500
2025/10/13 16:40:22 Number of Ground Stations: 85
2025/10/13 16:40:23 Route from Graz to Honolulu in 130 ms
2025/10/13 16:40:23 Uplink latency 65.48600019635022 ms
2025/10/13 16:40:23 Latency between uplink nodes: 64 ms
2025/10/13 16:40:23 Graz -> STARLINK-1459 -> STARLINK-1597 -> Honolulu
2025/10/13 16:40:23 6.3035951603291165e+06 -> 8.959506592498608e+06 -> 1.3132262020826465e+07
2025/10/13 16:40:23 21.238951802303863 -> 64 -> 44.24704839404635
2025/10/13 16:40:23 8959.506592498608 km apart
2025/10/13 16:40:23 {5.408111898951119e+06 -3.2742810864269864e+06 2.457849139284062e+06} {4.750172406871288e+06 3.5681176390734557e+06 -3.2885805076408596e+06}
2025/10/13 16:40:23 85 satellites in simulation.
2025/10/13 16:40:23 Simulation stepped by 60 seconds.
2025/10/13 16:40:23 Sunlight exposure of STARLINK-1459 is 0.7880553655071284
2025/10/13 16:40:23 Simulation time is 2025-10-01T01:20:00Z
2025/10/13 16:40:23 Checking orchestrator for reschedule...
2025/10/13 16:40:23 DummyPlugin: PostSimulationStep called
2025/10/13 16:40:23 Current Simulation Time: 2025-10-01 01:20:00 +0000 UTC
2025/10/13 16:40:23 Number of Nodes: 585
2025/10/13 16:40:23 Number of Satellites: 500
2025/10/13 16:40:23 Number of Ground Stations: 85
2025/10/13 16:40:24 Route from Graz to Honolulu in 72 ms
2025/10/13 16:40:24 Uplink latency 28.859324346336326 ms
2025/10/13 16:40:24 Latency between uplink nodes: 43 ms
2025/10/13 16:40:24 Graz -> STARLINK-1557 -> STARLINK-1605 -> Honolulu
2025/10/13 16:40:24 1.957055141576166e+06 -> 9.60990583024098e+06 -> 6.608221477216325e+06
2025/10/13 16:40:24 6.593983079366563 -> 43 -> 22.265341266969763
2025/10/13 16:40:24 9609.90583024098 km apart
2025/10/13 16:40:24 {5.229096574511055e+06 1.8589785263867727e+06 3.9112002369867763e+06} {-4.338859640894078e+06 2.139987028392166e+06 4.762985508044313e+06}
2025/10/13 16:40:24 85 satellites in simulation.
2025/10/13 16:40:24 Simulation stepped by 60 seconds.
2025/10/13 16:40:24 Sunlight exposure of STARLINK-1557 is 0.07592844646757133
2025/10/13 16:40:24 Simulation time is 2025-10-01T01:30:00Z
2025/10/13 16:40:24 Checking orchestrator for reschedule...
2025/10/13 16:40:24 DummyPlugin: PostSimulationStep called
2025/10/13 16:40:24 Current Simulation Time: 2025-10-01 01:30:00 +0000 UTC
2025/10/13 16:40:24 Number of Nodes: 585
2025/10/13 16:40:24 Number of Satellites: 500
2025/10/13 16:40:24 Number of Ground Stations: 85
2025/10/13 16:40:25 Route from Graz to Honolulu in 76 ms
2025/10/13 16:40:25 Uplink latency 76.03647557647028 ms
2025/10/13 16:40:25 Latency between uplink nodes: 0 ms
2025/10/13 16:40:25 Graz -> STARLINK-1187 -> STARLINK-1187 -> Honolulu
2025/10/13 16:40:25 9.795152115567978e+06 -> 0 -> 1.2772023699592987e+07
2025/10/13 16:40:25 33.003192366801855 -> 0 -> 43.033283209668426
2025/10/13 16:40:25 0 km apart
2025/10/13 16:40:25 {2.6470205486758677e+06 3.6654962211942105e+06 -5.066830389217671e+06} {2.6470205486758677e+06 3.6654962211942105e+06 -5.066830389217671e+06}
2025/10/13 16:40:25 85 satellites in simulation.
2025/10/13 16:40:25 Simulation stepped by 60 seconds.
2025/10/13 16:40:25 Sunlight exposure of STARLINK-1187 is 0.023240288066446308
2025/10/13 16:40:25 Simulation time is 2025-10-01T01:40:00Z
2025/10/13 16:40:25 Checking orchestrator for reschedule...
2025/10/13 16:40:25 DummyPlugin: PostSimulationStep called
2025/10/13 16:40:25 Current Simulation Time: 2025-10-01 01:40:00 +0000 UTC
2025/10/13 16:40:25 Number of Nodes: 585
2025/10/13 16:40:25 Number of Satellites: 500
2025/10/13 16:40:25 Number of Ground Stations: 85
2025/10/13 16:40:26 Route from Graz to Honolulu in -1 ms
2025/10/13 16:40:26 Uplink latency 62.20957224295098 ms
2025/10/13 16:40:26 Latency between uplink nodes: -1 ms
2025/10/13 16:40:26 Graz -> STARLINK-1646 -> STARLINK-1459 -> Honolulu
2025/10/13 16:40:26 8.170800594885363e+06 -> 7.13304859991695e+06 -> 1.029263216615481e+07
2025/10/13 16:40:26 27.530200719924615 -> -1 -> 34.67937152302637
2025/10/13 16:40:26 7133.04859991695 km apart
2025/10/13 16:40:26 {-4.022006466612927e+06 -696818.6364550433 5.424957386059865e+06} {-2.1142738965279143e+06 5.726045264965775e+06 2.977967791958711e+06}
2025/10/13 16:40:26 85 satellites in simulation.
2025/10/13 16:40:26 Simulation stepped by 60 seconds.
2025/10/13 16:40:26 Sunlight exposure of STARLINK-1646 is 0.40093225296052704
