2025/10/13 16:42:15 Simulation state will be serialized to ./precomputed/nearest/precomputed-newest-triple.gob
2025/10/13 16:42:15 Starting LoaderService...
2025/10/13 16:42:15 Loading satellite constellation from ./resources/tle/starlink_newest_triple.tle (tle)
2025/10/13 16:42:15 Parsed 20646 satellites from TLE
2025/10/13 16:43:24 Loaded 20646 satellites
2025/10/13 16:43:24 Injected 20646 satellites into simulation
2025/10/13 16:43:24 Starting LoaderService...
2025/10/13 16:43:24 Injected 85 ground stations into simulation
2025/10/13 16:43:24 Simulation loaded. Not autorunning as StepInterval < 0.
2025/10/13 16:43:24 Simulation time is 2025-10-01T00:10:00Z
2025/10/13 16:43:29 Checking orchestrator for reschedule...
2025/10/13 16:43:29 DummyPlugin: PostSimulationStep called
2025/10/13 16:43:29 Current Simulation Time: 2025-10-01 00:10:00 +0000 UTC
2025/10/13 16:43:29 Number of Nodes: 20731
2025/10/13 16:43:29 Number of Satellites: 20646
2025/10/13 16:43:29 Number of Ground Stations: 85
2025/10/13 16:43:30 Route from Graz to Honolulu in 122 ms
2025/10/13 16:43:30 Uplink latency 47.00906011310839 ms
2025/10/13 16:43:30 Latency between uplink nodes: 75 ms
2025/10/13 16:43:30 Graz -> STARLINK-1347 DUPLICATE2 -> STARLINK-32167 DUPLICATE2 -> Honolulu
2025/10/13 16:43:30 3.9858640232472783e+06 -> 1.326704720352014e+07 -> 9.966146724687424e+06
2025/10/13 16:43:30 13.429728865371164 -> 75 -> 33.57933124773723
2025/10/13 16:43:30 13267.04720352014 km apart
2025/10/13 16:43:30 {1.8480457350164235e+06 4.601906838544852e+06 4.636775172489387e+06} {1.0072883441223418e+06 -4.385806075931203e+06 -5.085811164337294e+06}
2025/10/13 16:43:30 85 satellites in simulation.
2025/10/13 16:43:30 Simulation stepped by 60 seconds.
2025/10/13 16:43:30 Sunlight exposure of STARLINK-1347 DUPLICATE2 is 0.864597993168387
2025/10/13 16:43:30 Simulation time is 2025-10-01T00:20:00Z
2025/10/13 16:43:33 Checking orchestrator for reschedule...
2025/10/13 16:43:33 DummyPlugin: PostSimulationStep called
2025/10/13 16:43:33 Current Simulation Time: 2025-10-01 00:20:00 +0000 UTC
2025/10/13 16:43:33 Number of Nodes: 20731
2025/10/13 16:43:33 Number of Satellites: 20646
2025/10/13 16:43:33 Number of Ground Stations: 85
2025/10/13 16:43:34 Route from Graz to Honolulu in 111 ms
2025/10/13 16:43:34 Uplink latency 55.51628502158012 ms
2025/10/13 16:43:34 Latency between uplink nodes: 56 ms
2025/10/13 16:43:34 Graz -> STARLINK-4761 -> STARLINK-4512 DUPLICATE2 -> Honolulu
2025/10/13 16:43:34 6.374845457104956e+06 -> 8.081617929504258e+06 -> 1.0102059280892694e+07
2025/10/13 16:43:34 21.479018237509845 -> 56 -> 34.03726678407027
2025/10/13 16:43:34 8081.6179295042575 km apart
2025/10/13 16:43:34 {1.8643573208485902e+06 -4.456206423444805e+06 4.770687750024888e+06} {1.9583705349079482e+06 3.5992976107514887e+06 5.412999690684694e+06}
2025/10/13 16:43:34 85 satellites in simulation.
2025/10/13 16:43:34 Simulation stepped by 60 seconds.
2025/10/13 16:43:34 Sunlight exposure of STARLINK-4761 is 0.21487366501737654
2025/10/13 16:43:34 Simulation time is 2025-10-01T00:30:00Z
2025/10/13 16:43:35 Checking orchestrator for reschedule...
2025/10/13 16:43:35 DummyPlugin: PostSimulationStep called
2025/10/13 16:43:35 Current Simulation Time: 2025-10-01 00:30:00 +0000 UTC
2025/10/13 16:43:35 Number of Nodes: 20731
2025/10/13 16:43:35 Number of Satellites: 20646
2025/10/13 16:43:35 Number of Ground Stations: 85
2025/10/13 16:43:37 Route from Graz to Honolulu in 65 ms
2025/10/13 16:43:37 Uplink latency 8.353523063146872 ms
2025/10/13 16:43:37 Latency between uplink nodes: 57 ms
2025/10/13 16:43:37 Graz -> STARLINK-1055 -> STARLINK-30352 DUPLICATE1 -> Honolulu
2025/10/13 16:43:37 425529.1564172474 -> 1.0067464086441211e+07 -> 2.0537470358682103e+06
2025/10/13 16:43:37 1.433752170586581 -> 57 -> 6.919770892560291
2025/10/13 16:43:37 10067.464086441212 km apart
2025/10/13 16:43:37 {4.287523836269949e+06 1.8735566254823362e+06 4.914588234572329e+06} {-4.222484163751935e+06 -3.436951078075333e+06 4.058956946106438e+06}
2025/10/13 16:43:37 85 satellites in simulation.
2025/10/13 16:43:37 Simulation stepped by 60 seconds.
2025/10/13 16:43:37 Sunlight exposure of STARLINK-1055 is 0.21103271348580288
2025/10/13 16:43:37 Simulation time is 2025-10-01T00:40:00Z
2025/10/13 16:43:38 Checking orchestrator for reschedule...
2025/10/13 16:43:38 DummyPlugin: PostSimulationStep called
2025/10/13 16:43:38 Current Simulation Time: 2025-10-01 00:40:00 +0000 UTC
2025/10/13 16:43:38 Number of Nodes: 20731
2025/10/13 16:43:38 Number of Satellites: 20646
2025/10/13 16:43:38 Number of Ground Stations: 85
2025/10/13 16:43:39 Route from Graz to Honolulu in 61 ms
2025/10/13 16:43:39 Uplink latency 43.28836772668714 ms
2025/10/13 16:43:39 Latency between uplink nodes: 18 ms
2025/10/13 16:43:39 Graz -> STARLINK-4533 DUPLICATE1 -> STARLINK-32017 -> Honolulu
2025/10/13 16:43:39 434942.34468534926 -> 4.358191312141785e+06 -> 1.241278892945845e+07
2025/10/13 16:43:39 1.4654683970965636 -> 18 -> 41.82289932959058
2025/10/13 16:43:39 4358.191312141786 km apart
2025/10/13 16:43:39 {4.1087441484008804e+06 1.9899794329259994e+06 5.025026800863419e+06} {6.497220878173711e+06 1.351377644759304e+06 1.4359881857587933e+06}
2025/10/13 16:43:39 85 satellites in simulation.
2025/10/13 16:43:39 Simulation stepped by 60 seconds.
2025/10/13 16:43:39 Sunlight exposure of STARLINK-4533 DUPLICATE1 is 0.5164079864068677
2025/10/13 16:43:39 Simulation time is 2025-10-01T00:50:00Z
2025/10/13 16:43:41 Checking orchestrator for reschedule...
2025/10/13 16:43:41 DummyPlugin: PostSimulationStep called
2025/10/13 16:43:41 Current Simulation Time: 2025-10-01 00:50:00 +0000 UTC
2025/10/13 16:43:41 Number of Nodes: 20731
2025/10/13 16:43:41 Number of Satellites: 20646
2025/10/13 16:43:41 Number of Ground Stations: 85
2025/10/13 16:43:42 Route from Graz to Honolulu in 97 ms
2025/10/13 16:43:42 Uplink latency 62.906677686783766 ms
2025/10/13 16:43:42 Latency between uplink nodes: 34 ms
2025/10/13 16:43:42 Graz -> STARLINK-4567 DUPLICATE1 -> STARLINK-6083 DUPLICATE2 -> Honolulu
2025/10/13 16:43:42 7.595314637657299e+06 -> 7.183803821416198e+06 -> 1.1075014892248219e+07
2025/10/13 16:43:42 25.59119318571751 -> 34 -> 37.31548450106625
2025/10/13 16:43:42 7183.803821416198 km apart
2025/10/13 16:43:42 {-3.709945901769992e+06 1.7797137922677398e+06 5.400111058802966e+06} {-272684.51468406897 6.64268809091461e+06 1.382182180370432e+06}
2025/10/13 16:43:42 85 satellites in simulation.
2025/10/13 16:43:42 Simulation stepped by 60 seconds.
2025/10/13 16:43:42 Sunlight exposure of STARLINK-4567 DUPLICATE1 is 0.3775033619965438
2025/10/13 16:43:42 Simulation time is 2025-10-01T01:00:00Z
2025/10/13 16:43:44 Checking orchestrator for reschedule...
2025/10/13 16:43:44 DummyPlugin: PostSimulationStep called
2025/10/13 16:43:44 Current Simulation Time: 2025-10-01 01:00:00 +0000 UTC
2025/10/13 16:43:44 Number of Nodes: 20731
2025/10/13 16:43:44 Number of Satellites: 20646
2025/10/13 16:43:44 Number of Ground Stations: 85
2025/10/13 16:43:45 Route from Graz to Honolulu in 122 ms
2025/10/13 16:43:45 Uplink latency 39.77539460300601 ms
2025/10/13 16:43:45 Latency between uplink nodes: 83 ms
2025/10/13 16:43:45 Graz -> STARLINK-4603 -> STARLINK-4080 DUPLICATE1 -> Honolulu
2025/10/13 16:43:45 7.4070543680262035e+06 -> 1.3461472290883724e+07 -> 4.39804727980993e+06
2025/10/13 16:43:45 24.956880433822008 -> 83 -> 14.818514169184004
2025/10/13 16:43:45 13461.472290883723 km apart
2025/10/13 16:43:45 {2.2316771143773715e+06 6.26665383758894e+06 -1.3596926877129273e+06} {-2.545531616443741e+06 -6.282056650106806e+06 -400850.63795103296}
2025/10/13 16:43:45 85 satellites in simulation.
2025/10/13 16:43:45 Simulation stepped by 60 seconds.
2025/10/13 16:43:45 Sunlight exposure of STARLINK-4603 is 0.9339074075712605
2025/10/13 16:43:45 Simulation time is 2025-10-01T01:10:00Z
2025/10/13 16:43:47 Checking orchestrator for reschedule...
2025/10/13 16:43:47 DummyPlugin: PostSimulationStep called
2025/10/13 16:43:47 Current Simulation Time: 2025-10-01 01:10:00 +0000 UTC
2025/10/13 16:43:47 Number of Nodes: 20731
2025/10/13 16:43:47 Number of Satellites: 20646
2025/10/13 16:43:47 Number of Ground Stations: 85
2025/10/13 16:43:48 Route from Graz to Honolulu in 79 ms
2025/10/13 16:43:48 Uplink latency 22.908862628223947 ms
2025/10/13 16:43:48 Latency between uplink nodes: 56 ms
2025/10/13 16:43:48 Graz -> STARLINK-3913 DUPLICATE2 -> STARLINK-30525 DUPLICATE2 -> Honolulu
2025/10/13 16:43:48 438627.0897581428 -> 1.1073623549313426e+07 -> 6.3605877178319665e+06
2025/10/13 16:43:48 1.477883554005332 -> 56 -> 21.430979074218616
2025/10/13 16:43:48 11073.623549313426 km apart
2025/10/13 16:43:48 {3.9288237374073183e+06 2.413816482105879e+06 4.983065307420417e+06} {-6.373579385078006e+06 2.1481926947106537e+06 931513.454453051}
2025/10/13 16:43:48 85 satellites in simulation.
2025/10/13 16:43:48 Simulation stepped by 60 seconds.
2025/10/13 16:43:48 Sunlight exposure of STARLINK-3913 DUPLICATE2 is 0.22908308399815722
2025/10/13 16:43:48 Simulation time is 2025-10-01T01:20:00Z
2025/10/13 16:43:52 Checking orchestrator for reschedule...
2025/10/13 16:43:52 DummyPlugin: PostSimulationStep called
2025/10/13 16:43:52 Current Simulation Time: 2025-10-01 01:20:00 +0000 UTC
2025/10/13 16:43:52 Number of Nodes: 20731
2025/10/13 16:43:52 Number of Satellites: 20646
2025/10/13 16:43:52 Number of Ground Stations: 85
2025/10/13 16:43:54 Route from Graz to Honolulu in 87 ms
2025/10/13 16:43:54 Uplink latency 32.3058027914978 ms
2025/10/13 16:43:54 Latency between uplink nodes: 55 ms
2025/10/13 16:43:54 Graz -> STARLINK-3856 -> STARLINK-4772 -> Honolulu
2025/10/13 16:43:54 493059.2652949503 -> 1.1362413228647165e+07 -> 9.09511175286907e+06
2025/10/13 16:43:54 1.6612840299744196 -> 55 -> 30.644518761523376
2025/10/13 16:43:54 11362.413228647165 km apart
2025/10/13 16:43:54 {3.604768341922043e+06 2.6037486050832374e+06 5.13024634489055e+06} {-5.119599609178144e+06 3.977909603554992e+06 -2.0182863564846865e+06}
2025/10/13 16:43:54 85 satellites in simulation.
2025/10/13 16:43:54 Simulation stepped by 60 seconds.
2025/10/13 16:43:54 Sunlight exposure of STARLINK-3856 is 0.9056012899787728
2025/10/13 16:43:54 Simulation time is 2025-10-01T01:30:00Z
2025/10/13 16:43:57 Checking orchestrator for reschedule...
2025/10/13 16:43:57 DummyPlugin: PostSimulationStep called
2025/10/13 16:43:57 Current Simulation Time: 2025-10-01 01:30:00 +0000 UTC
2025/10/13 16:43:57 Number of Nodes: 20731
2025/10/13 16:43:57 Number of Satellites: 20646
2025/10/13 16:43:57 Number of Ground Stations: 85
2025/10/13 16:43:58 Route from Graz to Honolulu in 98 ms
2025/10/13 16:43:58 Uplink latency 43.96028898331359 ms
2025/10/13 16:43:58 Latency between uplink nodes: 54 ms
2025/10/13 16:43:58 Graz -> STARLINK-31842 DUPLICATE1 -> STARLINK-11388 [DTC] DUPLICATE1 -> Honolulu
2025/10/13 16:43:58 6.273938411126117e+06 -> 1.0738223908872673e+07 -> 6.773215114210576e+06
2025/10/13 16:43:58 21.13902814748231 -> 54 -> 22.82126083583128
2025/10/13 16:43:58 10738.223908872673 km apart
2025/10/13 16:43:58 {-2.355314025069151e+06 5.003732811364673e+06 3.9408239634587253e+06} {2.2036825760388616e+06 -4.709251161579542e+06 4.368544724585781e+06}
2025/10/13 16:43:58 85 satellites in simulation.
2025/10/13 16:43:58 Simulation stepped by 60 seconds.
2025/10/13 16:43:58 Sunlight exposure of STARLINK-31842 DUPLICATE1 is 0.9913615141297324
2025/10/13 16:43:58 Simulation time is 2025-10-01T01:40:00Z
2025/10/13 16:44:00 Checking orchestrator for reschedule...
2025/10/13 16:44:00 DummyPlugin: PostSimulationStep called
2025/10/13 16:44:00 Current Simulation Time: 2025-10-01 01:40:00 +0000 UTC
2025/10/13 16:44:00 Number of Nodes: 20731
2025/10/13 16:44:00 Number of Satellites: 20646
2025/10/13 16:44:00 Number of Ground Stations: 85
2025/10/13 16:44:01 Route from Graz to Honolulu in 88 ms
2025/10/13 16:44:01 Uplink latency 25.11117555387572 ms
2025/10/13 16:44:01 Latency between uplink nodes: 63 ms
2025/10/13 16:44:01 Graz -> STARLINK-31049 -> STARLINK-31925 DUPLICATE1 -> Honolulu
2025/10/13 16:44:01 436111.9670755935 -> 1.2200886066710537e+07 -> 7.0167362791554425e+06
2025/10/13 16:44:01 1.4694092519486692 -> 63 -> 23.641766301927053
2025/10/13 16:44:01 12200.886066710536 km apart
2025/10/13 16:44:01 {3.4766394087288254e+06 3.110715476524585e+06 4.932537932757546e+06} {835804.1066232501 -6.313930839127123e+06 -2.3519422508160914e+06}
2025/10/13 16:44:01 85 satellites in simulation.
2025/10/13 16:44:01 Simulation stepped by 60 seconds.
2025/10/13 16:44:01 Sunlight exposure of STARLINK-31049 is 0.12730822960602853
