2025/10/13 16:44:05 Injected 250 satellites into simulation
2025/10/13 16:44:05 Injected 85 ground stations into simulation
2025/10/13 16:44:05 Simulation loaded. Not autorunning as StepInterval < 0.
2025/10/13 16:44:05 Simulation time is 2025-10-01T00:10:00Z
2025/10/13 16:44:05 Checking orchestrator for reschedule...
2025/10/13 16:44:05 DummyPlugin: PostSimulationStep called
2025/10/13 16:44:05 Current Simulation Time: 2025-10-01 00:10:00 +0000 UTC
2025/10/13 16:44:05 Number of Nodes: 335
2025/10/13 16:44:05 Number of Satellites: 250
2025/10/13 16:44:05 Number of Ground Stations: 85
2025/10/13 16:44:06 Route from Graz to Honolulu in 64 ms
2025/10/13 16:44:06 Uplink latency 45.31236116475041 ms
2025/10/13 16:44:06 Latency between uplink nodes: 19 ms
2025/10/13 16:44:06 Graz -> STARLINK-1057 -> STARLINK-1168 -> Honolulu
2025/10/13 16:44:06 8.95955853046054e+06 -> 4.887603000730437e+06 -> 4.488882014059287e+06
2025/10/13 16:44:06 30.187793942724667 -> 19 -> 15.124567222025746
2025/10/13 16:44:06 4887.603000730437 km apart
2025/10/13 16:44:06 {-3.17088025324105e+06 5.707623515288598e+06 1.862277198917452e+06} {-5.382052895952052e+06 1.77361049190285e+06 3.7392215690858774e+06}
2025/10/13 16:44:06 85 satellites in simulation.
2025/10/13 16:44:06 Simulation stepped by 60 seconds.
2025/10/13 16:44:06 Sunlight exposure of STARLINK-1057 is 0.701320104241909
2025/10/13 16:44:06 Simulation time is 2025-10-01T00:20:00Z
2025/10/13 16:44:06 Checking orchestrator for reschedule...
2025/10/13 16:44:06 DummyPlugin: PostSimulationStep called
2025/10/13 16:44:06 Current Simulation Time: 2025-10-01 00:20:00 +0000 UTC
2025/10/13 16:44:06 Number of Nodes: 335
2025/10/13 16:44:06 Number of Satellites: 250
2025/10/13 16:44:06 Number of Ground Stations: 85
2025/10/13 16:44:07 Route from Graz to Honolulu in 115 ms
2025/10/13 16:44:07 Uplink latency 53.51286805850654 ms
2025/10/13 16:44:07 Latency between uplink nodes: 62 ms
2025/10/13 16:44:07 Graz -> STARLINK-1283 -> STARLINK-1217 -> Honolulu
2025/10/13 16:44:07 7.441452888427549e+06 -> 1.2143701514834346e+07 -> 8.440849555158287e+06
2025/10/13 16:44:07 25.072780725368744 -> 62 -> 28.4400873331378
2025/10/13 16:44:07 12143.701514834347 km apart
2025/10/13 16:44:07 {1.3378270676166143e+06 -5.362081049508541e+06 3.9439523711463567e+06} {-3.5543132757064137e+06 5.526126263426265e+06 1.7116014011655343e+06}
2025/10/13 16:44:07 85 satellites in simulation.
2025/10/13 16:44:07 Simulation stepped by 60 seconds.
2025/10/13 16:44:07 Sunlight exposure of STARLINK-1283 is 0.010685685885625499
2025/10/13 16:44:07 Simulation time is 2025-10-01T00:30:00Z
2025/10/13 16:44:07 Checking orchestrator for reschedule...
2025/10/13 16:44:07 DummyPlugin: PostSimulationStep called
2025/10/13 16:44:07 Current Simulation Time: 2025-10-01 00:30:00 +0000 UTC
2025/10/13 16:44:07 Number of Nodes: 335
2025/10/13 16:44:07 Number of Satellites: 250
2025/10/13 16:44:07 Number of Ground Stations: 85
2025/10/13 16:44:08 Route from Graz to Honolulu in 99 ms
2025/10/13 16:44:08 Uplink latency 24.193123776222418 ms
2025/10/13 16:44:08 Latency between uplink nodes: 75 ms
2025/10/13 16:44:08 Graz -> STARLINK-1286 -> STARLINK-1375 -> Honolulu
2025/10/13 16:44:08 749424.4000720015 -> 6.7534892716066195e+06 -> 6.430951513418056e+06
2025/10/13 16:44:08 2.525065190222128 -> 75 -> 21.66805858600029
2025/10/13 16:44:08 6753.48927160662 km apart
2025/10/13 16:44:08 {3.9724614708042555e+06 1.386715293294091e+06 5.328076247054418e+06} {400720.5927621593 -4.343600436537343e+06 5.202513202032284e+06}
2025/10/13 16:44:08 85 satellites in simulation.
2025/10/13 16:44:08 Simulation stepped by 60 seconds.
2025/10/13 16:44:08 Sunlight exposure of STARLINK-1286 is 0.5647757315827432
2025/10/13 16:44:08 Simulation time is 2025-10-01T00:40:00Z
2025/10/13 16:44:08 Checking orchestrator for reschedule...
2025/10/13 16:44:08 DummyPlugin: PostSimulationStep called
2025/10/13 16:44:08 Current Simulation Time: 2025-10-01 00:40:00 +0000 UTC
2025/10/13 16:44:08 Number of Nodes: 335
2025/10/13 16:44:08 Number of Satellites: 250
2025/10/13 16:44:08 Number of Ground Stations: 85
2025/10/13 16:44:09 Route from Graz to Honolulu in 53 ms
2025/10/13 16:44:09 Uplink latency 22.40666592009031 ms
2025/10/13 16:44:09 Latency between uplink nodes: 31 ms
2025/10/13 16:44:09 Graz -> STARLINK-1375 -> STARLINK-1337 -> Honolulu
2025/10/13 16:44:09 3.859977594090092e+06 -> 7.758616345523874e+06 -> 2.790188203530466e+06
2025/10/13 16:44:09 13.00557475435525 -> 31 -> 9.401091165735064
2025/10/13 16:44:09 7758.616345523874 km apart
2025/10/13 16:44:09 {4.0789505269942684e+06 -1.963531045167363e+06 5.059910736677708e+06} {-3.4998229406412533e+06 -3.5597489450943093e+06 4.601207412897617e+06}
2025/10/13 16:44:09 85 satellites in simulation.
2025/10/13 16:44:09 Simulation stepped by 60 seconds.
2025/10/13 16:44:09 Sunlight exposure of STARLINK-1375 is 0.6323760812568266
2025/10/13 16:44:09 Simulation time is 2025-10-01T00:50:00Z
2025/10/13 16:44:09 Checking orchestrator for reschedule...
2025/10/13 16:44:09 DummyPlugin: PostSimulationStep called
2025/10/13 16:44:09 Current Simulation Time: 2025-10-01 00:50:00 +0000 UTC
2025/10/13 16:44:09 Number of Nodes: 335
2025/10/13 16:44:09 Number of Satellites: 250
2025/10/13 16:44:09 Number of Ground Stations: 85
2025/10/13 16:44:10 Route from Graz to Honolulu in 97 ms
2025/10/13 16:44:10 Uplink latency 52.48895137175238 ms
2025/10/13 16:44:10 Latency between uplink nodes: 45 ms
2025/10/13 16:44:10 Graz -> STARLINK-1375 -> STARLINK-1265 -> Honolulu
2025/10/13 16:44:10 2.9886495994909345e+06 -> 5.885679685718717e+06 -> 1.2589760433053048e+07
2025/10/13 16:44:10 10.069774974928524 -> 45 -> 42.41917639682385
2025/10/13 16:44:10 5885.679685718717 km apart
2025/10/13 16:44:10 {6.057183598217909e+06 1.2349281381723857e+06 2.8084249820494857e+06} {3.423172402656311e+06 5.856848614855686e+06 290278.54235346336}
2025/10/13 16:44:10 85 satellites in simulation.
2025/10/13 16:44:10 Simulation stepped by 60 seconds.
2025/10/13 16:44:10 Sunlight exposure of STARLINK-1375 is 0.8115472858973183
2025/10/13 16:44:10 Simulation time is 2025-10-01T01:00:00Z
2025/10/13 16:44:10 Checking orchestrator for reschedule...
2025/10/13 16:44:10 DummyPlugin: PostSimulationStep called
2025/10/13 16:44:10 Current Simulation Time: 2025-10-01 01:00:00 +0000 UTC
2025/10/13 16:44:10 Number of Nodes: 335
2025/10/13 16:44:10 Number of Satellites: 250
2025/10/13 16:44:10 Number of Ground Stations: 85
2025/10/13 16:44:11 Route from Graz to Honolulu in 65 ms
2025/10/13 16:44:11 Uplink latency 10.535110774418452 ms
2025/10/13 16:44:11 Latency between uplink nodes: 55 ms
2025/10/13 16:44:11 Graz -> STARLINK-1043 -> STARLINK-1213 -> Honolulu
2025/10/13 16:44:11 503322.57826555514 -> 9.326944981539702e+06 -> 2.623435931726057e+06
2025/10/13 16:44:11 1.6958646151754617 -> 55 -> 8.839246159242991
2025/10/13 16:44:11 9326.944981539702 km apart
2025/10/13 16:44:11 {3.779447045307656e+06 2.3378190536827156e+06 5.132440375279363e+06} {-3.789451844496918e+06 -3.0949870234484756e+06 4.698515943067777e+06}
2025/10/13 16:44:11 85 satellites in simulation.
2025/10/13 16:44:11 Simulation stepped by 60 seconds.
2025/10/13 16:44:11 Sunlight exposure of STARLINK-1043 is 0.3887720616942475
2025/10/13 16:44:11 Simulation time is 2025-10-01T01:10:00Z
2025/10/13 16:44:11 Checking orchestrator for reschedule...
2025/10/13 16:44:11 DummyPlugin: PostSimulationStep called
2025/10/13 16:44:11 Current Simulation Time: 2025-10-01 01:10:00 +0000 UTC
2025/10/13 16:44:11 Number of Nodes: 335
2025/10/13 16:44:11 Number of Satellites: 250
2025/10/13 16:44:11 Number of Ground Stations: 85
2025/10/13 16:44:12 Route from Graz to Honolulu in 80 ms
2025/10/13 16:44:12 Uplink latency 56.72926359171508 ms
2025/10/13 16:44:12 Latency between uplink nodes: 23 ms
2025/10/13 16:44:12 Graz -> STARLINK-1084 -> STARLINK-1213 -> Honolulu
2025/10/13 16:44:12 1.0858128901239445e+07 -> 6.1099509513046155e+06 -> 5.9787806955411285e+06
2025/10/13 16:44:12 36.58472197706721 -> 23 -> 20.14454161464787
2025/10/13 16:44:12 6109.950951304615 km apart
2025/10/13 16:44:12 {296631.0894089232 -6.782163651790407e+06 -138116.46761976} {555061.6290757162 -4.123207984335582e+06 5.356851143024144e+06}
2025/10/13 16:44:12 85 satellites in simulation.
2025/10/13 16:44:12 Simulation stepped by 60 seconds.
2025/10/13 16:44:12 Sunlight exposure of STARLINK-1084 is 0.595087758068421
2025/10/13 16:44:12 Simulation time is 2025-10-01T01:20:00Z
2025/10/13 16:44:12 Checking orchestrator for reschedule...
2025/10/13 16:44:12 DummyPlugin: PostSimulationStep called
2025/10/13 16:44:12 Current Simulation Time: 2025-10-01 01:20:00 +0000 UTC
2025/10/13 16:44:12 Number of Nodes: 335
2025/10/13 16:44:12 Number of Satellites: 250
2025/10/13 16:44:12 Number of Ground Stations: 85
2025/10/13 16:44:13 Route from Graz to Honolulu in 69 ms
2025/10/13 16:44:13 Uplink latency 69.35250062839222 ms
2025/10/13 16:44:13 Latency between uplink nodes: 0 ms
2025/10/13 16:44:13 Graz -> STARLINK-1337 -> STARLINK-1337 -> Honolulu
2025/10/13 16:44:13 7.634095605198245e+06 -> 0 -> 1.2949316014504846e+07
2025/10/13 16:44:13 25.72185942926572 -> 0 -> 43.6306411991265
2025/10/13 16:44:13 0 km apart
2025/10/13 16:44:13 {5.902225870392005e+06 2.122747316003671e+06 -2.6020798595561786e+06} {5.902225870392005e+06 2.122747316003671e+06 -2.6020798595561786e+06}
2025/10/13 16:44:13 85 satellites in simulation.
2025/10/13 16:44:13 Simulation stepped by 60 seconds.
2025/10/13 16:44:13 Sunlight exposure of STARLINK-1337 is 0.7522718690532711
2025/10/13 16:44:13 Simulation time is 2025-10-01T01:30:00Z
2025/10/13 16:44:13 Checking orchestrator for reschedule...
2025/10/13 16:44:13 DummyPlugin: PostSimulationStep called
2025/10/13 16:44:13 Current Simulation Time: 2025-10-01 01:30:00 +0000 UTC
2025/10/13 16:44:13 Number of Nodes: 335
2025/10/13 16:44:13 Number of Satellites: 250
2025/10/13 16:44:13 Number of Ground Stations: 85
2025/10/13 16:44:14 Route from Graz to Honolulu in 90 ms
2025/10/13 16:44:14 Uplink latency 56.15603455504284 ms
2025/10/13 16:44:14 Latency between uplink nodes: 33 ms
2025/10/13 16:44:14 Graz -> STARLINK-1084 -> STARLINK-1286 -> Honolulu
2025/10/13 16:44:14 1.0767248565834517e+07 -> 7.813774412637332e+06 -> 5.899530046377629e+06
2025/10/13 16:44:14 36.27851527845339 -> 33 -> 19.877519276589442
2025/10/13 16:44:14 7813.774412637333 km apart
2025/10/13 16:44:14 {4.0159407152145845e+06 -1.441234186212014e+06 -5.2830972514196215e+06} {-2.08457949785533e+06 -5.740376124724781e+06 -2.9687718002282837e+06}
2025/10/13 16:44:14 85 satellites in simulation.
2025/10/13 16:44:14 Simulation stepped by 60 seconds.
2025/10/13 16:44:14 Sunlight exposure of STARLINK-1084 is 0.011996895099556922
2025/10/13 16:44:14 Simulation time is 2025-10-01T01:40:00Z
2025/10/13 16:44:14 Checking orchestrator for reschedule...
2025/10/13 16:44:14 DummyPlugin: PostSimulationStep called
2025/10/13 16:44:14 Current Simulation Time: 2025-10-01 01:40:00 +0000 UTC
2025/10/13 16:44:14 Number of Nodes: 335
2025/10/13 16:44:14 Number of Satellites: 250
2025/10/13 16:44:14 Number of Ground Stations: 85
2025/10/13 16:44:15 Route from Graz to Honolulu in 94 ms
2025/10/13 16:44:15 Uplink latency 80.02419101000869 ms
2025/10/13 16:44:15 Latency between uplink nodes: 14 ms
2025/10/13 16:44:15 Graz -> STARLINK-1337 -> STARLINK-1217 -> Honolulu
2025/10/13 16:44:15 1.1181941332729368e+07 -> 3.453195063420397e+06 -> 1.2568764815830432e+07
2025/10/13 16:44:15 37.67575597440949 -> 14 -> 42.3484350355992
2025/10/13 16:44:15 3453.195063420397 km apart
2025/10/13 16:44:15 {-1.7470605996353533e+06 3.914148883695244e+06 -5.26712054915041e+06} {566119.7934815537 5.783811355669685e+06 -3.5126648341718484e+06}
2025/10/13 16:44:15 85 satellites in simulation.
2025/10/13 16:44:15 Simulation stepped by 60 seconds.
2025/10/13 16:44:15 Sunlight exposure of STARLINK-1337 is 0.3208744522552
