2025/10/13 16:44:28 Injected 1000 satellites into simulation
2025/10/13 16:44:28 Injected 85 ground stations into simulation
2025/10/13 16:44:28 Simulation loaded. Not autorunning as StepInterval < 0.
2025/10/13 16:44:28 Simulation time is 2025-10-01T00:10:00Z
2025/10/13 16:44:28 Checking orchestrator for reschedule...
2025/10/13 16:44:28 DummyPlugin: PostSimulationStep called
2025/10/13 16:44:28 Current Simulation Time: 2025-10-01 00:10:00 +0000 UTC
2025/10/13 16:44:28 Number of Nodes: 1085
2025/10/13 16:44:28 Number of Satellites: 1000
2025/10/13 16:44:28 Number of Ground Stations: 85
2025/10/13 16:44:29 Route from Graz to Honolulu in 124 ms
2025/10/13 16:44:29 Uplink latency 70.32152270537361 ms
2025/10/13 16:44:29 Latency between uplink nodes: 54 ms
2025/10/13 16:44:29 Graz -> STARLINK-1091 -> STARLINK-1866 -> Honolulu
2025/10/13 16:44:29 7.721251261908111e+06 -> 1.1867763262605214e+07 -> 1.3149760373632358e+07
2025/10/13 16:44:29 26.015516421042197 -> 54 -> 44.30600628433141
2025/10/13 16:44:29 11867.763262605215 km apart
2025/10/13 16:44:29 {-3.4913893782525235e+06 2.272733396552495e+06 5.3606376491728565e+06} {5.490182082444801e+06 3.2419250622138157e+06 -2.3358450844426714e+06}
2025/10/13 16:44:29 85 satellites in simulation.
2025/10/13 16:44:29 Simulation stepped by 60 seconds.
2025/10/13 16:44:29 Sunlight exposure of STARLINK-1091 is 0.2727069939340621
2025/10/13 16:44:29 Simulation time is 2025-10-01T00:20:00Z
2025/10/13 16:44:29 Checking orchestrator for reschedule...
2025/10/13 16:44:29 DummyPlugin: PostSimulationStep called
2025/10/13 16:44:29 Current Simulation Time: 2025-10-01 00:20:00 +0000 UTC
2025/10/13 16:44:29 Number of Nodes: 1085
2025/10/13 16:44:29 Number of Satellites: 1000
2025/10/13 16:44:29 Number of Ground Stations: 85
2025/10/13 16:44:30 Route from Graz to Honolulu in 46 ms
2025/10/13 16:44:30 Uplink latency 40.17337904647208 ms
2025/10/13 16:44:30 Latency between uplink nodes: 6 ms
2025/10/13 16:44:30 Graz -> STARLINK-1272 -> STARLINK-1027 -> Honolulu
2025/10/13 16:44:30 1.3066942490552156e+06 -> 1.6207046296274415e+06 -> 1.0616526825533744e+07
2025/10/13 16:44:30 4.4026964724337345 -> 6 -> 35.77068257403835
2025/10/13 16:44:30 1620.7046296274416 km apart
2025/10/13 16:44:30 {4.3962589539565565e+06 2.7589238397926427e+06 4.3768604268782325e+06} {3.998700676778866e+06 1.476271934045488e+06 5.284293620797499e+06}
2025/10/13 16:44:30 85 satellites in simulation.
2025/10/13 16:44:30 Simulation stepped by 60 seconds.
2025/10/13 16:44:30 Sunlight exposure of STARLINK-1272 is 0.7420726566977904
2025/10/13 16:44:30 Simulation time is 2025-10-01T00:30:00Z
2025/10/13 16:44:30 Checking orchestrator for reschedule...
2025/10/13 16:44:30 DummyPlugin: PostSimulationStep called
2025/10/13 16:44:30 Current Simulation Time: 2025-10-01 00:30:00 +0000 UTC
2025/10/13 16:44:30 Number of Nodes: 1085
2025/10/13 16:44:30 Number of Satellites: 1000
2025/10/13 16:44:30 Number of Ground Stations: 85
2025/10/13 16:44:31 Route from Graz to Honolulu in 85 ms
2025/10/13 16:44:31 Uplink latency 60.34477953357198 ms
2025/10/13 16:44:31 Latency between uplink nodes: 25 ms
2025/10/13 16:44:31 Graz -> STARLINK-2385 -> STARLINK-2307 -> Honolulu
2025/10/13 16:44:31 6.947506790530717e+06 -> 6.09342219326328e+06 -> 1.0962466533938607e+07
2025/10/13 16:44:31 23.408508655330042 -> 25 -> 36.936270878241935
2025/10/13 16:44:31 6093.42219326328 km apart
2025/10/13 16:44:31 {-2.2926488089897605e+06 4.617990261712944e+06 4.417170909779191e+06} {3.603125258952389e+06 3.133912884387378e+06 4.826018684928855e+06}
2025/10/13 16:44:31 85 satellites in simulation.
2025/10/13 16:44:31 Simulation stepped by 60 seconds.
2025/10/13 16:44:31 Sunlight exposure of STARLINK-2385 is 0.6812811473859306
2025/10/13 16:44:31 Simulation time is 2025-10-01T00:40:00Z
2025/10/13 16:44:31 Checking orchestrator for reschedule...
2025/10/13 16:44:31 DummyPlugin: PostSimulationStep called
2025/10/13 16:44:31 Current Simulation Time: 2025-10-01 00:40:00 +0000 UTC
2025/10/13 16:44:31 Number of Nodes: 1085
2025/10/13 16:44:31 Number of Satellites: 1000
2025/10/13 16:44:31 Number of Ground Stations: 85
2025/10/13 16:44:32 Route from Graz to Honolulu in 117 ms
2025/10/13 16:44:32 Uplink latency 34.45800778748101 ms
2025/10/13 16:44:32 Latency between uplink nodes: 83 ms
2025/10/13 16:44:32 Graz -> STARLINK-1139 -> STARLINK-1323 -> Honolulu
2025/10/13 16:44:32 2.9907429879375175e+06 -> 1.3391943032146726e+07 -> 7.236189731980744e+06
2025/10/13 16:44:32 10.076828311189756 -> 83 -> 24.38117947629125
2025/10/13 16:44:32 13391.943032146726 km apart
2025/10/13 16:44:32 {4.406134491845435e+06 -1.0523643134349035e+06 5.0577602870832e+06} {-5.7791158880619025e+06 1.3562086271065187e+06 -3.2970939465316692e+06}
2025/10/13 16:44:32 85 satellites in simulation.
2025/10/13 16:44:32 Simulation stepped by 60 seconds.
2025/10/13 16:44:32 Sunlight exposure of STARLINK-1139 is 0.8857180239708604
2025/10/13 16:44:32 Simulation time is 2025-10-01T00:50:00Z
2025/10/13 16:44:32 Checking orchestrator for reschedule...
2025/10/13 16:44:32 DummyPlugin: PostSimulationStep called
2025/10/13 16:44:32 Current Simulation Time: 2025-10-01 00:50:00 +0000 UTC
2025/10/13 16:44:32 Number of Nodes: 1085
2025/10/13 16:44:32 Number of Satellites: 1000
2025/10/13 16:44:32 Number of Ground Stations: 85
2025/10/13 16:44:33 Route from Graz to Honolulu in 95 ms
2025/10/13 16:44:33 Uplink latency 65.14002244843591 ms
2025/10/13 16:44:33 Latency between uplink nodes: 30 ms
2025/10/13 16:44:33 Graz -> STARLINK-2076 -> STARLINK-1810 -> Honolulu
2025/10/13 16:44:33 7.524297826075786e+06 -> 6.374462991922622e+06 -> 1.1808875207687099e+07
2025/10/13 16:44:33 25.35191344138598 -> 30 -> 39.78810900704993
2025/10/13 16:44:33 6374.462991922622 km apart
2025/10/13 16:44:33 {6.4404572337698145e+06 121346.7692949255 -2.1487360766800824e+06} {5.117677510169289e+06 2.773933721980279e+06 3.494650734151322e+06}
2025/10/13 16:44:33 85 satellites in simulation.
2025/10/13 16:44:33 Simulation stepped by 60 seconds.
2025/10/13 16:44:33 Sunlight exposure of STARLINK-2076 is 0.961611344679428
2025/10/13 16:44:33 Simulation time is 2025-10-01T01:00:00Z
2025/10/13 16:44:33 Checking orchestrator for reschedule...
2025/10/13 16:44:33 DummyPlugin: PostSimulationStep called
2025/10/13 16:44:33 Current Simulation Time: 2025-10-01 01:00:00 +0000 UTC
2025/10/13 16:44:33 Number of Nodes: 1085
2025/10/13 16:44:33 Number of Satellites: 1000
2025/10/13 16:44:33 Number of Ground Stations: 85
2025/10/13 16:44:34 Route from Graz to Honolulu in 149 ms
2025/10/13 16:44:34 Uplink latency 71.42759478117627 ms
2025/10/13 16:44:34 Latency between uplink nodes: 77 ms
2025/10/13 16:44:34 Graz -> STARLINK-1683 -> STARLINK-1139 -> Honolulu
2025/10/13 16:44:34 1.0292651563633202e+07 -> 1.275510689574147e+07 -> 1.0906635716058811e+07
2025/10/13 16:44:34 34.6794368797154 -> 77 -> 36.74815790146087
2025/10/13 16:44:34 12755.10689574147 km apart
2025/10/13 16:44:34 {-828892.3318177422 -6.523304314871599e+06 1.6908215054902153e+06} {158306.6111151378 6.134943731818627e+06 2.910225686771772e+06}
2025/10/13 16:44:34 85 satellites in simulation.
2025/10/13 16:44:34 Simulation stepped by 60 seconds.
2025/10/13 16:44:34 Sunlight exposure of STARLINK-1683 is 0.09739735314448518
2025/10/13 16:44:34 Simulation time is 2025-10-01T01:10:00Z
2025/10/13 16:44:34 Checking orchestrator for reschedule...
2025/10/13 16:44:34 DummyPlugin: PostSimulationStep called
2025/10/13 16:44:34 Current Simulation Time: 2025-10-01 01:10:00 +0000 UTC
2025/10/13 16:44:34 Number of Nodes: 1085
2025/10/13 16:44:34 Number of Satellites: 1000
2025/10/13 16:44:34 Number of Ground Stations: 85
2025/10/13 16:44:35 Route from Graz to Honolulu in 86 ms
2025/10/13 16:44:35 Uplink latency 35.16449563294571 ms
2025/10/13 16:44:35 Latency between uplink nodes: 51 ms
2025/10/13 16:44:35 Graz -> STARLINK-1810 -> STARLINK-1675 -> Honolulu
2025/10/13 16:44:35 6.785863757635462e+06 -> 1.0848755927029727e+07 -> 3.6507503724086764e+06
2025/10/13 16:44:35 22.863878409014973 -> 51 -> 12.300617223930734
2025/10/13 16:44:35 10848.755927029728 km apart
2025/10/13 16:44:35 {-3.0179854457301316e+06 3.6014931873890446e+06 4.900331484201192e+06} {-3.6763401896956842e+06 -5.665806353877845e+06 -701385.5211280806}
2025/10/13 16:44:35 85 satellites in simulation.
2025/10/13 16:44:35 Simulation stepped by 60 seconds.
2025/10/13 16:44:35 Sunlight exposure of STARLINK-1810 is 0.05468701715029116
2025/10/13 16:44:35 Simulation time is 2025-10-01T01:20:00Z
2025/10/13 16:44:35 Checking orchestrator for reschedule...
2025/10/13 16:44:35 DummyPlugin: PostSimulationStep called
2025/10/13 16:44:35 Current Simulation Time: 2025-10-01 01:20:00 +0000 UTC
2025/10/13 16:44:35 Number of Nodes: 1085
2025/10/13 16:44:35 Number of Satellites: 1000
2025/10/13 16:44:35 Number of Ground Stations: 85
2025/10/13 16:44:36 Route from Graz to Honolulu in 82 ms
2025/10/13 16:44:36 Uplink latency 44.88140890082562 ms
2025/10/13 16:44:36 Latency between uplink nodes: 37 ms
2025/10/13 16:44:36 Graz -> STARLINK-1216 -> STARLINK-1581 -> Honolulu
2025/10/13 16:44:36 7.775371269441636e+06 -> 7.232020847831161e+06 -> 5.545165194382714e+06
2025/10/13 16:44:36 26.197865097045185 -> 37 -> 18.68354380378043
2025/10/13 16:44:36 7232.020847831161 km apart
2025/10/13 16:44:36 {5.928548594694003e+06 -3.308772797389703e+06 96172.93042565108} {538011.3176008086 -4.930262143924487e+06 4.636547992775394e+06}
2025/10/13 16:44:36 85 satellites in simulation.
2025/10/13 16:44:36 Simulation stepped by 60 seconds.
2025/10/13 16:44:36 Sunlight exposure of STARLINK-1216 is 0.05860375215106071
2025/10/13 16:44:36 Simulation time is 2025-10-01T01:30:00Z
2025/10/13 16:44:36 Checking orchestrator for reschedule...
2025/10/13 16:44:36 DummyPlugin: PostSimulationStep called
2025/10/13 16:44:36 Current Simulation Time: 2025-10-01 01:30:00 +0000 UTC
2025/10/13 16:44:36 Number of Nodes: 1085
2025/10/13 16:44:36 Number of Satellites: 1000
2025/10/13 16:44:36 Number of Ground Stations: 85
2025/10/13 16:44:37 Route from Graz to Honolulu in 49 ms
2025/10/13 16:44:37 Uplink latency 38.974994398139025 ms
2025/10/13 16:44:37 Latency between uplink nodes: 10 ms
2025/10/13 16:44:37 Graz -> STARLINK-1581 -> STARLINK-1675 -> Honolulu
2025/10/13 16:44:37 4.675672389758168e+06 -> 2.6441172998144357e+06 -> 6.891875215642657e+06
2025/10/13 16:44:37 15.753927402319373 -> 10 -> 23.22106699581965
2025/10/13 16:44:37 2644.1172998144357 km apart
2025/10/13 16:44:37 {3.6447503482732535e+06 -1.9314155529869003e+06 5.392250814733168e+06} {2.103905748026022e+06 -4.0489475748557057e+06 5.027268144696437e+06}
2025/10/13 16:44:37 85 satellites in simulation.
2025/10/13 16:44:37 Simulation stepped by 60 seconds.
2025/10/13 16:44:37 Sunlight exposure of STARLINK-1581 is 0.8318923058758838
2025/10/13 16:44:37 Simulation time is 2025-10-01T01:40:00Z
2025/10/13 16:44:37 Checking orchestrator for reschedule...
2025/10/13 16:44:37 DummyPlugin: PostSimulationStep called
2025/10/13 16:44:37 Current Simulation Time: 2025-10-01 01:40:00 +0000 UTC
2025/10/13 16:44:37 Number of Nodes: 1085
2025/10/13 16:44:37 Number of Satellites: 1000
2025/10/13 16:44:37 Number of Ground Stations: 85
2025/10/13 16:44:38 Route from Graz to Honolulu in 112 ms
2025/10/13 16:44:38 Uplink latency 62.3948714663004 ms
2025/10/13 16:44:38 Latency between uplink nodes: 50 ms
2025/10/13 16:44:38 Graz -> STARLINK-1491 -> STARLINK-1226 -> Honolulu
2025/10/13 16:44:38 1.3062057186216654e+07 -> 1.0073491579520745e+07 -> 5.456371287342224e+06
2025/10/13 16:44:38 44.01050447575185 -> 50 -> 18.384366990548546
2025/10/13 16:44:38 10073.491579520745 km apart
2025/10/13 16:44:38 {-3.8537426674861973e+06 -1.4733788383122827e+06 -5.393958159793695e+06} {991632.9532403315 -6.439991167594576e+06 1.9088036237622676e+06}
2025/10/13 16:44:38 85 satellites in simulation.
2025/10/13 16:44:38 Simulation stepped by 60 seconds.
2025/10/13 16:44:38 Sunlight exposure of STARLINK-1491 is 0.1073037869858216
