2025/10/13 16:44:39 Injected 2000 satellites into simulation
2025/10/13 16:44:39 Injected 85 ground stations into simulation
2025/10/13 16:44:39 Simulation loaded. Not autorunning as StepInterval < 0.
2025/10/13 16:44:39 Simulation time is 2025-10-01T00:10:00Z
2025/10/13 16:44:40 Checking orchestrator for reschedule...
2025/10/13 16:44:40 DummyPlugin: PostSimulationStep called
2025/10/13 16:44:40 Current Simulation Time: 2025-10-01 00:10:00 +0000 UTC
2025/10/13 16:44:40 Number of Nodes: 2085
2025/10/13 16:44:40 Number of Satellites: 2000
2025/10/13 16:44:40 Number of Ground Stations: 85
2025/10/13 16:44:41 Route from Graz to Honolulu in 46 ms
2025/10/13 16:44:41 Uplink latency 37.943661733209574 ms
2025/10/13 16:44:41 Latency between uplink nodes: 8 ms
2025/10/13 16:44:41 Graz -> STARLINK-2619 -> STARLINK-1048 -> Honolulu
2025/10/13 16:44:41 838199.3892286243 -> 1.4376067336879652e+06 -> 1.0423254786710517e+07
2025/10/13 16:44:41 2.824178262681736 -> 8 -> 35.11948347052784
2025/10/13 16:44:41 1437.6067336879653 km apart
2025/10/13 16:44:41 {3.8246298521513254e+06 1.4475012685929292e+06 5.416332358599497e+06} {4.248092954846092e+06 79021.69157343358 5.295271346371595e+06}
2025/10/13 16:44:41 85 satellites in simulation.
2025/10/13 16:44:41 Simulation stepped by 60 seconds.
2025/10/13 16:44:41 Sunlight exposure of STARLINK-2619 is 0.73564249996093
2025/10/13 16:44:41 Simulation time is 2025-10-01T00:20:00Z
2025/10/13 16:44:41 Checking orchestrator for reschedule...
2025/10/13 16:44:41 DummyPlugin: PostSimulationStep called
2025/10/13 16:44:41 Current Simulation Time: 2025-10-01 00:20:00 +0000 UTC
2025/10/13 16:44:41 Number of Nodes: 2085
2025/10/13 16:44:41 Number of Satellites: 2000
2025/10/13 16:44:41 Number of Ground Stations: 85
2025/10/13 16:44:42 Route from Graz to Honolulu in 101 ms
2025/10/13 16:44:42 Uplink latency 48.879503579066494 ms
2025/10/13 16:44:42 Latency between uplink nodes: 52 ms
2025/10/13 16:44:42 Graz -> STARLINK-1752 -> STARLINK-2615 -> Honolulu
2025/10/13 16:44:42 9.581786690698681e+06 -> 1.111023225120335e+07 -> 4.9253606049070675e+06
2025/10/13 16:44:42 32.28429182515595 -> 52 -> 16.595211753910547
2025/10/13 16:44:42 11110.232251203352 km apart
2025/10/13 16:44:42 {4.932695974577904e+06 -1.9133289590121964e+06 -4.257134329918621e+06} {-1.442324534544187e+06 -5.072312286204591e+06 4.276165062606658e+06}
2025/10/13 16:44:42 85 satellites in simulation.
2025/10/13 16:44:42 Simulation stepped by 60 seconds.
2025/10/13 16:44:42 Sunlight exposure of STARLINK-1752 is 0.21721773414728576
2025/10/13 16:44:42 Simulation time is 2025-10-01T00:30:00Z
2025/10/13 16:44:42 Checking orchestrator for reschedule...
2025/10/13 16:44:42 DummyPlugin: PostSimulationStep called
2025/10/13 16:44:42 Current Simulation Time: 2025-10-01 00:30:00 +0000 UTC
2025/10/13 16:44:42 Number of Nodes: 2085
2025/10/13 16:44:42 Number of Satellites: 2000
2025/10/13 16:44:42 Number of Ground Stations: 85
2025/10/13 16:44:43 Route from Graz to Honolulu in 81 ms
2025/10/13 16:44:43 Uplink latency 51.55697588928406 ms
2025/10/13 16:44:43 Latency between uplink nodes: 29 ms
2025/10/13 16:44:43 Graz -> STARLINK-3792 -> STARLINK-3780 -> Honolulu
2025/10/13 16:44:43 2.3418326921529067e+06 -> 6.428743241553932e+06 -> 1.2959972534489337e+07
2025/10/13 16:44:43 7.8904292570556205 -> 29 -> 43.66654663222844
2025/10/13 16:44:43 6428.743241553932 km apart
2025/10/13 16:44:43 {2.4598766380438223e+06 3.2812025613387832e+06 5.410573440682507e+06} {5.536988299877389e+06 3.9253880701946802e+06 -197023.9518389369}
2025/10/13 16:44:43 85 satellites in simulation.
2025/10/13 16:44:43 Simulation stepped by 60 seconds.
2025/10/13 16:44:43 Sunlight exposure of STARLINK-3792 is 0.9463149105631717
2025/10/13 16:44:43 Simulation time is 2025-10-01T00:40:00Z
2025/10/13 16:44:43 Checking orchestrator for reschedule...
2025/10/13 16:44:43 DummyPlugin: PostSimulationStep called
2025/10/13 16:44:43 Current Simulation Time: 2025-10-01 00:40:00 +0000 UTC
2025/10/13 16:44:43 Number of Nodes: 2085
2025/10/13 16:44:43 Number of Satellites: 2000
2025/10/13 16:44:43 Number of Ground Stations: 85
2025/10/13 16:44:44 Route from Graz to Honolulu in 66 ms
2025/10/13 16:44:44 Uplink latency 58.76056226252428 ms
2025/10/13 16:44:44 Latency between uplink nodes: 8 ms
2025/10/13 16:44:44 Graz -> STARLINK-1741 -> STARLINK-3342 -> Honolulu
2025/10/13 16:44:44 6.165826790251657e+06 -> 1.6689974907120091e+06 -> 1.1273960226736955e+07
2025/10/13 16:44:44 20.7747633990936 -> 8 -> 37.98579886343068
2025/10/13 16:44:44 1668.997490712009 km apart
2025/10/13 16:44:44 {1.8031823232595033e+06 6.451325806288649e+06 1.1084349715401307e+06} {174910.43340167924 6.731379155312214e+06 872101.7356157308}
2025/10/13 16:44:44 85 satellites in simulation.
2025/10/13 16:44:44 Simulation stepped by 60 seconds.
2025/10/13 16:44:44 Sunlight exposure of STARLINK-1741 is 0.6816977180216708
2025/10/13 16:44:44 Simulation time is 2025-10-01T00:50:00Z
2025/10/13 16:44:44 Checking orchestrator for reschedule...
2025/10/13 16:44:44 DummyPlugin: PostSimulationStep called
2025/10/13 16:44:44 Current Simulation Time: 2025-10-01 00:50:00 +0000 UTC
2025/10/13 16:44:44 Number of Nodes: 2085
2025/10/13 16:44:44 Number of Satellites: 2000
2025/10/13 16:44:44 Number of Ground Stations: 85
2025/10/13 16:44:45 Route from Graz to Honolulu in 53 ms
2025/10/13 16:44:45 Uplink latency 38.22724155307457 ms
2025/10/13 16:44:45 Latency between uplink nodes: 15 ms
2025/10/13 16:44:45 Graz -> STARLINK-2226 -> STARLINK-1657 -> Honolulu
2025/10/13 16:44:45 7.45776340156326e+06 -> 3.6504359639902757e+06 -> 3.887855586119278e+06
2025/10/13 16:44:45 25.127736380601863 -> 15 -> 13.099505172472705
2025/10/13 16:44:45 3650.435963990276 km apart
2025/10/13 16:44:45 {-3.579809178563277e+06 2.498673947049995e+06 5.199270353322623e+06} {-4.0307986826854814e+06 -1.1207851145440766e+06 5.346943288587623e+06}
2025/10/13 16:44:45 85 satellites in simulation.
2025/10/13 16:44:45 Simulation stepped by 60 seconds.
2025/10/13 16:44:45 Sunlight exposure of STARLINK-2226 is 0.3167964175152129
2025/10/13 16:44:45 Simulation time is 2025-10-01T01:00:00Z
2025/10/13 16:44:45 Checking orchestrator for reschedule...
2025/10/13 16:44:45 DummyPlugin: PostSimulationStep called
2025/10/13 16:44:45 Current Simulation Time: 2025-10-01 01:00:00 +0000 UTC
2025/10/13 16:44:45 Number of Nodes: 2085
2025/10/13 16:44:45 Number of Satellites: 2000
2025/10/13 16:44:45 Number of Ground Stations: 85
2025/10/13 16:44:46 Route from Graz to Honolulu in 70 ms
2025/10/13 16:44:46 Uplink latency 22.38777561491422 ms
2025/10/13 16:44:46 Latency between uplink nodes: 47 ms
2025/10/13 16:44:46 Graz -> STARLINK-1305 -> STARLINK-1733 -> Honolulu
2025/10/13 16:44:46 567872.3679344691 -> 1.0009814718257913e+07 -> 6.07668689894043e+06
2025/10/13 16:44:46 1.913354767502334 -> 47 -> 20.474420847411885
2025/10/13 16:44:46 10009.814718257914 km apart
2025/10/13 16:44:46 {3.721964492963318e+06 2.6182134908609455e+06 5.03834971636786e+06} {631837.2591460041 -6.431828057992266e+06 2.0812815168324008e+06}
2025/10/13 16:44:46 85 satellites in simulation.
2025/10/13 16:44:46 Simulation stepped by 60 seconds.
2025/10/13 16:44:46 Sunlight exposure of STARLINK-1305 is 0.6049920292683971
2025/10/13 16:44:46 Simulation time is 2025-10-01T01:10:00Z
2025/10/13 16:44:46 Checking orchestrator for reschedule...
2025/10/13 16:44:46 DummyPlugin: PostSimulationStep called
2025/10/13 16:44:46 Current Simulation Time: 2025-10-01 01:10:00 +0000 UTC
2025/10/13 16:44:46 Number of Nodes: 2085
2025/10/13 16:44:46 Number of Satellites: 2000
2025/10/13 16:44:46 Number of Ground Stations: 85
2025/10/13 16:44:47 Route from Graz to Honolulu in 154 ms
2025/10/13 16:44:47 Uplink latency 65.83512710153144 ms
2025/10/13 16:44:47 Latency between uplink nodes: 88 ms
2025/10/13 16:44:47 Graz -> STARLINK-2367 -> STARLINK-2591 -> Honolulu
2025/10/13 16:44:47 1.0671502488588195e+07 -> 1.3085428383112812e+07 -> 8.867973491193898e+06
2025/10/13 16:44:47 35.95591424393706 -> 88 -> 29.87921285759439
2025/10/13 16:44:47 13085.428383112812 km apart
2025/10/13 16:44:47 {4.047811374021793e+06 -2.1802108653622e+06 -4.997715762831248e+06} {-3.6576893420802383e+06 5.012281166805771e+06 2.756106072297913e+06}
2025/10/13 16:44:47 85 satellites in simulation.
2025/10/13 16:44:47 Simulation stepped by 60 seconds.
2025/10/13 16:44:47 Sunlight exposure of STARLINK-2367 is 0.8538839236514602
2025/10/13 16:44:47 Simulation time is 2025-10-01T01:20:00Z
2025/10/13 16:44:47 Checking orchestrator for reschedule...
2025/10/13 16:44:47 DummyPlugin: PostSimulationStep called
2025/10/13 16:44:47 Current Simulation Time: 2025-10-01 01:20:00 +0000 UTC
2025/10/13 16:44:47 Number of Nodes: 2085
2025/10/13 16:44:47 Number of Satellites: 2000
2025/10/13 16:44:47 Number of Ground Stations: 85
2025/10/13 16:44:48 Route from Graz to Honolulu in 92 ms
2025/10/13 16:44:48 Uplink latency 48.254394210793876 ms
2025/10/13 16:44:48 Latency between uplink nodes: 43 ms
2025/10/13 16:44:48 Graz -> STARLINK-2473 -> STARLINK-2224 -> Honolulu
2025/10/13 16:44:48 1.5935802347671222e+06 -> 7.1566294601184605e+06 -> 1.2728038300982771e+07
2025/10/13 16:44:48 5.369312739550338 -> 43 -> 42.88508147124354
2025/10/13 16:44:48 7156.629460118461 km apart
2025/10/13 16:44:48 {3.9584008922284693e+06 3.882168405748944e+06 3.9188595173531477e+06} {1.7263047942965527e+06 6.064199050197525e+06 -2.5211586895869435e+06}
2025/10/13 16:44:48 85 satellites in simulation.
2025/10/13 16:44:48 Simulation stepped by 60 seconds.
2025/10/13 16:44:48 Sunlight exposure of STARLINK-2473 is 0.9413416585866615
2025/10/13 16:44:48 Simulation time is 2025-10-01T01:30:00Z
2025/10/13 16:44:48 Checking orchestrator for reschedule...
2025/10/13 16:44:48 DummyPlugin: PostSimulationStep called
2025/10/13 16:44:48 Current Simulation Time: 2025-10-01 01:30:00 +0000 UTC
2025/10/13 16:44:48 Number of Nodes: 2085
2025/10/13 16:44:48 Number of Satellites: 2000
2025/10/13 16:44:48 Number of Ground Stations: 85
2025/10/13 16:44:49 Route from Graz to Honolulu in 76 ms
2025/10/13 16:44:49 Uplink latency 51.4737342356172 ms
2025/10/13 16:44:49 Latency between uplink nodes: 25 ms
2025/10/13 16:44:49 Graz -> STARLINK-1153 -> STARLINK-3902 -> Honolulu
2025/10/13 16:44:49 5.026001134771205e+06 -> 5.287196173229936e+06 -> 1.0251098461853305e+07
2025/10/13 16:44:49 16.934303860680796 -> 25 -> 34.5394303749364
2025/10/13 16:44:49 5287.196173229936 km apart
2025/10/13 16:44:49 {6.483218650843185e+06 1.8784446928810664e+06 736577.352949335} {5.858522631113259e+06 -3.3709475492909634e+06 646692.1763350872}
2025/10/13 16:44:49 85 satellites in simulation.
2025/10/13 16:44:49 Simulation stepped by 60 seconds.
2025/10/13 16:44:49 Sunlight exposure of STARLINK-1153 is 0.03362365596429907
2025/10/13 16:44:49 Simulation time is 2025-10-01T01:40:00Z
2025/10/13 16:44:49 Checking orchestrator for reschedule...
2025/10/13 16:44:49 DummyPlugin: PostSimulationStep called
2025/10/13 16:44:49 Current Simulation Time: 2025-10-01 01:40:00 +0000 UTC
2025/10/13 16:44:49 Number of Nodes: 2085
2025/10/13 16:44:49 Number of Satellites: 2000
2025/10/13 16:44:49 Number of Ground Stations: 85
2025/10/13 16:44:50 Route from Graz to Honolulu in 109 ms
2025/10/13 16:44:50 Uplink latency 67.06861862103112 ms
2025/10/13 16:44:50 Latency between uplink nodes: 42 ms
2025/10/13 16:44:50 Graz -> STARLINK-2684 -> STARLINK-2657 -> Honolulu
2025/10/13 16:44:50 8.318456436533319e+06 -> 9.824991955904117e+06 -> 1.1587112523966484e+07
2025/10/13 16:44:50 28.027703371082463 -> 42 -> 39.04091524994866
2025/10/13 16:44:50 9824.991955904117 km apart
2025/10/13 16:44:50 {-2.892705418581782e+06 6.139666652483462e+06 201462.7754413175} {5.500977234848376e+06 2.128947347868342e+06 3.362267911268874e+06}
2025/10/13 16:44:50 85 satellites in simulation.
2025/10/13 16:44:50 Simulation stepped by 60 seconds.
2025/10/13 16:44:50 Sunlight exposure of STARLINK-2684 is 0.6933630331853838
