2025/10/13 16:44:51 Injected 3023 satellites into simulation
2025/10/13 16:44:51 Injected 85 ground stations into simulation
2025/10/13 16:44:51 Simulation loaded. Not autorunning as StepInterval < 0.
2025/10/13 16:44:51 Simulation time is 2025-10-01T00:10:00Z
2025/10/13 16:44:51 Checking orchestrator for reschedule...
2025/10/13 16:44:51 DummyPlugin: PostSimulationStep called
2025/10/13 16:44:51 Current Simulation Time: 2025-10-01 00:10:00 +0000 UTC
2025/10/13 16:44:51 Number of Nodes: 3108
2025/10/13 16:44:51 Number of Satellites: 3023
2025/10/13 16:44:51 Number of Ground Stations: 85
2025/10/13 16:44:52 Route from Graz to Honolulu in 127 ms
2025/10/13 16:44:52 Uplink latency 68.76253135477022 ms
2025/10/13 16:44:52 Latency between uplink nodes: 59 ms
2025/10/13 16:44:52 Graz -> STARLINK-4145 -> STARLINK-2356 -> Honolulu
2025/10/13 16:44:52 8.033151383145371e+06 -> 1.2259230934780478e+07 -> 1.2375160848764809e+07
2025/10/13 16:44:52 27.06641380160066 -> 59 -> 41.69611755316956
2025/10/13 16:44:52 12259.230934780478 km apart
2025/10/13 16:44:52 {2.3720717067543147e+06 -6.037283680502669e+06 2.0078760787669744e+06} {3.243637629840207e+06 5.952213498544033e+06 -396510.1937826845}
2025/10/13 16:44:52 85 satellites in simulation.
2025/10/13 16:44:52 Simulation stepped by 60 seconds.
2025/10/13 16:44:52 Sunlight exposure of STARLINK-4145 is 0.9167965321977474
2025/10/13 16:44:52 Simulation time is 2025-10-01T00:20:00Z
2025/10/13 16:44:52 Checking orchestrator for reschedule...
2025/10/13 16:44:52 DummyPlugin: PostSimulationStep called
2025/10/13 16:44:52 Current Simulation Time: 2025-10-01 00:20:00 +0000 UTC
2025/10/13 16:44:52 Number of Nodes: 3108
2025/10/13 16:44:52 Number of Satellites: 3023
2025/10/13 16:44:52 Number of Ground Stations: 85
2025/10/13 16:44:53 Route from Graz to Honolulu in 91 ms
2025/10/13 16:44:53 Uplink latency 43.25635835831372 ms
2025/10/13 16:44:53 Latency between uplink nodes: 48 ms
2025/10/13 16:44:53 Graz -> STARLINK-4328 -> STARLINK-3572 -> Honolulu
2025/10/13 16:44:53 3.3142512918521427e+06 -> 5.098126136444609e+06 -> 9.523979791253889e+06
2025/10/13 16:44:53 11.166837599497073 -> 48 -> 32.08952075881665
2025/10/13 16:44:53 5098.126136444609 km apart
2025/10/13 16:44:53 {1.2875925273950081e+06 1.8457727272296124e+06 6.406341900029309e+06} {-877465.2626562972 5.605749609990158e+06 3.7294054588816906e+06}
2025/10/13 16:44:53 85 satellites in simulation.
2025/10/13 16:44:53 Simulation stepped by 60 seconds.
2025/10/13 16:44:53 Sunlight exposure of STARLINK-4328 is 0.2005937451371759
2025/10/13 16:44:53 Simulation time is 2025-10-01T00:30:00Z
2025/10/13 16:44:53 Checking orchestrator for reschedule...
2025/10/13 16:44:53 DummyPlugin: PostSimulationStep called
2025/10/13 16:44:53 Current Simulation Time: 2025-10-01 00:30:00 +0000 UTC
2025/10/13 16:44:53 Number of Nodes: 3108
2025/10/13 16:44:53 Number of Satellites: 3023
2025/10/13 16:44:53 Number of Ground Stations: 85
2025/10/13 16:44:54 Route from Graz to Honolulu in 103 ms
2025/10/13 16:44:54 Uplink latency 62.016572309539924 ms
2025/10/13 16:44:54 Latency between uplink nodes: 41 ms
2025/10/13 16:44:54 Graz -> STARLINK-4025 -> STARLINK-1615 -> Honolulu
2025/10/13 16:44:54 7.800113755224975e+06 -> 7.945204892589367e+06 -> 1.0606037768138403e+07
2025/10/13 16:44:54 26.281230930296772 -> 41 -> 35.73534137924315
2025/10/13 16:44:54 7945.204892589367 km apart
2025/10/13 16:44:54 {-3.443398529637026e+06 3.97885451230575e+06 4.289301007785471e+06} {4.0218560319510195e+06 1.4443557834170419e+06 5.275491308476177e+06}
2025/10/13 16:44:54 85 satellites in simulation.
2025/10/13 16:44:54 Simulation stepped by 60 seconds.
2025/10/13 16:44:54 Sunlight exposure of STARLINK-4025 is 0.485773688670807
2025/10/13 16:44:54 Simulation time is 2025-10-01T00:40:00Z
2025/10/13 16:44:54 Checking orchestrator for reschedule...
2025/10/13 16:44:54 DummyPlugin: PostSimulationStep called
2025/10/13 16:44:54 Current Simulation Time: 2025-10-01 00:40:00 +0000 UTC
2025/10/13 16:44:54 Number of Nodes: 3108
2025/10/13 16:44:54 Number of Satellites: 3023
2025/10/13 16:44:54 Number of Ground Stations: 85
2025/10/13 16:44:55 Route from Graz to Honolulu in 43 ms
2025/10/13 16:44:55 Uplink latency 36.29574509366122 ms
2025/10/13 16:44:55 Latency between uplink nodes: 6 ms
2025/10/13 16:44:55 Graz -> STARLINK-1869 -> STARLINK-1611 -> Honolulu
2025/10/13 16:44:55 498417.1595098505 -> 1.859149429471253e+06 -> 1.0273945113477845e+07
2025/10/13 16:44:55 1.6793365942806222 -> 6 -> 34.6164084993806
2025/10/13 16:44:55 1859.149429471253 km apart
2025/10/13 16:44:55 {4.0421383025275236e+06 2.223826114966005e+06 4.980901765486986e+06} {4.0838263632119866e+06 414753.58462423645 5.40746393758208e+06}
2025/10/13 16:44:55 85 satellites in simulation.
2025/10/13 16:44:55 Simulation stepped by 60 seconds.
2025/10/13 16:44:55 Sunlight exposure of STARLINK-1869 is 0.3957400638959532
2025/10/13 16:44:55 Simulation time is 2025-10-01T00:50:00Z
2025/10/13 16:44:56 Checking orchestrator for reschedule...
2025/10/13 16:44:56 DummyPlugin: PostSimulationStep called
2025/10/13 16:44:56 Current Simulation Time: 2025-10-01 00:50:00 +0000 UTC
2025/10/13 16:44:56 Number of Nodes: 3108
2025/10/13 16:44:56 Number of Satellites: 3023
2025/10/13 16:44:56 Number of Ground Stations: 85
2025/10/13 16:44:57 Route from Graz to Honolulu in 87 ms
2025/10/13 16:44:57 Uplink latency 45.902254012181075 ms
2025/10/13 16:44:57 Latency between uplink nodes: 41 ms
2025/10/13 16:44:57 Graz -> STARLINK-3353 -> STARLINK-1017 -> Honolulu
2025/10/13 16:44:57 8.3558469678931115e+06 -> 8.04200681964474e+06 -> 5.26767028157848e+06
2025/10/13 16:44:57 28.15368476316344 -> 41 -> 17.748569249017635
2025/10/13 16:44:57 8042.00681964474 km apart
2025/10/13 16:44:57 {-4.506765495073109e+06 2.319839660955658e+06 4.51633696153718e+06} {-500051.0281656147 -4.640670441873747e+06 4.93035625613162e+06}
2025/10/13 16:44:57 85 satellites in simulation.
2025/10/13 16:44:57 Simulation stepped by 60 seconds.
2025/10/13 16:44:57 Sunlight exposure of STARLINK-3353 is 0.33378972753011066
2025/10/13 16:44:57 Simulation time is 2025-10-01T01:00:00Z
2025/10/13 16:44:57 Checking orchestrator for reschedule...
2025/10/13 16:44:57 DummyPlugin: PostSimulationStep called
2025/10/13 16:44:57 Current Simulation Time: 2025-10-01 01:00:00 +0000 UTC
2025/10/13 16:44:57 Number of Nodes: 3108
2025/10/13 16:44:57 Number of Satellites: 3023
2025/10/13 16:44:57 Number of Ground Stations: 85
2025/10/13 16:44:58 Route from Graz to Honolulu in 75 ms
2025/10/13 16:44:58 Uplink latency 58.959182702829295 ms
2025/10/13 16:44:58 Latency between uplink nodes: 16 ms
2025/10/13 16:44:58 Graz -> STARLINK-1393 -> STARLINK-4518 -> Honolulu
2025/10/13 16:44:58 8.274488884115246e+06 -> 4.1898395004783403e+06 -> 9.224247503722887e+06
2025/10/13 16:44:58 27.87956176253666 -> 16 -> 31.079620940292635
2025/10/13 16:44:58 4189.839500478341 km apart
2025/10/13 16:44:58 {-4.499523598613265e+06 2.732746174478825e+06 4.28751528611818e+06} {-691128.7837828491 4.1145925931497635e+06 5.355871242411631e+06}
2025/10/13 16:44:58 85 satellites in simulation.
2025/10/13 16:44:58 Simulation stepped by 60 seconds.
2025/10/13 16:44:58 Sunlight exposure of STARLINK-1393 is 0.19462393740884357
2025/10/13 16:44:58 Simulation time is 2025-10-01T01:10:00Z
2025/10/13 16:44:58 Checking orchestrator for reschedule...
2025/10/13 16:44:58 DummyPlugin: PostSimulationStep called
2025/10/13 16:44:58 Current Simulation Time: 2025-10-01 01:10:00 +0000 UTC
2025/10/13 16:44:58 Number of Nodes: 3108
2025/10/13 16:44:58 Number of Satellites: 3023
2025/10/13 16:44:58 Number of Ground Stations: 85
2025/10/13 16:44:59 Route from Graz to Honolulu in 72 ms
2025/10/13 16:44:59 Uplink latency 38.62950733778335 ms
2025/10/13 16:44:59 Latency between uplink nodes: 34 ms
2025/10/13 16:44:59 Graz -> STARLINK-2637 -> STARLINK-1633 -> Honolulu
2025/10/13 16:44:59 3.009038240768497e+06 -> 7.176140876325837e+06 -> 8.455970850402161e+06
2025/10/13 16:44:59 10.138471228160943 -> 34 -> 28.491036109622407
2025/10/13 16:44:59 7176.140876325838 km apart
2025/10/13 16:44:59 {1.3392108035309534e+06 4.233474141453648e+06 5.135836481495779e+06} {3.2434157402701993e+06 -2.682783971794246e+06 5.326559177327012e+06}
2025/10/13 16:44:59 85 satellites in simulation.
2025/10/13 16:44:59 Simulation stepped by 60 seconds.
2025/10/13 16:44:59 Sunlight exposure of STARLINK-2637 is 0.892914215713949
2025/10/13 16:44:59 Simulation time is 2025-10-01T01:20:00Z
2025/10/13 16:44:59 Checking orchestrator for reschedule...
2025/10/13 16:44:59 DummyPlugin: PostSimulationStep called
2025/10/13 16:44:59 Current Simulation Time: 2025-10-01 01:20:00 +0000 UTC
2025/10/13 16:44:59 Number of Nodes: 3108
2025/10/13 16:44:59 Number of Satellites: 3023
2025/10/13 16:44:59 Number of Ground Stations: 85
2025/10/13 16:45:00 Route from Graz to Honolulu in 50 ms
2025/10/13 16:45:00 Uplink latency 31.483092506805786 ms
2025/10/13 16:45:00 Latency between uplink nodes: 19 ms
2025/10/13 16:45:00 Graz -> STARLINK-3610 -> STARLINK-3370 -> Honolulu
2025/10/13 16:45:00 1.2032238144553273e+06 -> 4.642652912492193e+06 -> 8.140771661656991e+06
2025/10/13 16:45:00 4.054069456019228 -> 19 -> 27.429023050786558
2025/10/13 16:45:00 4642.6529124921935 km apart
2025/10/13 16:45:00 {3.824654474284157e+06 1.6098474823815424e+06 5.373416407480731e+06} {3.118333895990982e+06 -2.976949070037415e+06 5.244440854489471e+06}
2025/10/13 16:45:00 85 satellites in simulation.
2025/10/13 16:45:00 Simulation stepped by 60 seconds.
2025/10/13 16:45:00 Sunlight exposure of STARLINK-3610 is 0.37572671183471307
2025/10/13 16:45:00 Simulation time is 2025-10-01T01:30:00Z
2025/10/13 16:45:00 Checking orchestrator for reschedule...
2025/10/13 16:45:00 DummyPlugin: PostSimulationStep called
2025/10/13 16:45:00 Current Simulation Time: 2025-10-01 01:30:00 +0000 UTC
2025/10/13 16:45:00 Number of Nodes: 3108
2025/10/13 16:45:00 Number of Satellites: 3023
2025/10/13 16:45:00 Number of Ground Stations: 85
2025/10/13 16:45:01 Route from Graz to Honolulu in 128 ms
2025/10/13 16:45:01 Uplink latency 73.92352149767247 ms
2025/10/13 16:45:01 Latency between uplink nodes: 54 ms
2025/10/13 16:45:01 Graz -> STARLINK-2715 -> STARLINK-1838 -> Honolulu
2025/10/13 16:45:01 1.2204031081202641e+07 -> 1.1522198345448518e+07 -> 9.73603247205928e+06
2025/10/13 16:45:01 41.119523277562145 -> 54 -> 32.80399822011032
2025/10/13 16:45:01 11522.198345448518 km apart
2025/10/13 16:45:01 {-4.756095333733402e+06 -4.828678866020297e+06 -409173.56605205144} {4.262869422433892e+06 -444634.7736711125 5.265285600706222e+06}
2025/10/13 16:45:01 85 satellites in simulation.
2025/10/13 16:45:01 Simulation stepped by 60 seconds.
2025/10/13 16:45:01 Sunlight exposure of STARLINK-2715 is 0.2832490677317273
2025/10/13 16:45:01 Simulation time is 2025-10-01T01:40:00Z
2025/10/13 16:45:01 Checking orchestrator for reschedule...
2025/10/13 16:45:01 DummyPlugin: PostSimulationStep called
2025/10/13 16:45:01 Current Simulation Time: 2025-10-01 01:40:00 +0000 UTC
2025/10/13 16:45:01 Number of Nodes: 3108
2025/10/13 16:45:01 Number of Satellites: 3023
2025/10/13 16:45:01 Number of Ground Stations: 85
2025/10/13 16:45:02 Route from Graz to Honolulu in 98 ms
2025/10/13 16:45:02 Uplink latency 33.29618236538532 ms
2025/10/13 16:45:02 Latency between uplink nodes: 65 ms
2025/10/13 16:45:02 Graz -> STARLINK-3634 -> STARLINK-4475 -> Honolulu
2025/10/13 16:45:02 933103.8151144646 -> 1.3118381610120142e+07 -> 8.949005997532295e+06
2025/10/13 16:45:02 3.1439434880724866 -> 65 -> 30.152238877312833
2025/10/13 16:45:02 13118.381610120141 km apart
2025/10/13 16:45:02 {2.7691605273953024e+06 3.1743096691368055e+06 5.324469721441928e+06} {605065.9794115112 -4.146507070994024e+06 -5.343907526928387e+06}
2025/10/13 16:45:02 85 satellites in simulation.
2025/10/13 16:45:02 Simulation stepped by 60 seconds.
2025/10/13 16:45:02 Sunlight exposure of STARLINK-3634 is 0.24820873783823347
