2025/10/13 16:45:19 Injected 13764 satellites into simulation
2025/10/13 16:45:19 Injected 85 ground stations into simulation
2025/10/13 16:45:19 Simulation loaded. Not autorunning as StepInterval < 0.
2025/10/13 16:45:19 Simulation time is 2025-10-01T00:10:00Z
2025/10/13 16:45:19 Checking orchestrator for reschedule...
2025/10/13 16:45:19 DummyPlugin: PostSimulationStep called
2025/10/13 16:45:19 Current Simulation Time: 2025-10-01 00:10:00 +0000 UTC
2025/10/13 16:45:19 Number of Nodes: 13849
2025/10/13 16:45:19 Number of Satellites: 13764
2025/10/13 16:45:19 Number of Ground Stations: 85
2025/10/13 16:45:20 Route from Graz to Honolulu in 66 ms
2025/10/13 16:45:20 Uplink latency 44.082515256625584 ms
2025/10/13 16:45:20 Latency between uplink nodes: 22 ms
2025/10/13 16:45:20 Graz -> STARLINK-1445 DUPLICATE -> STARLINK-32005 -> Honolulu
2025/10/13 16:45:20 422728.91527632484 -> 5.034446735720372e+06 -> 1.2660700644399831e+07
2025/10/13 16:45:20 1.4243172076623793 -> 22 -> 42.65819804896321
2025/10/13 16:45:20 5034.446735720372 km apart
2025/10/13 16:45:20 {4.418398514715842e+06 1.409484425538599e+06 4.957927770202177e+06} {6.734750280412597e+06 666002.0819706614 550275.0573444858}
2025/10/13 16:45:20 85 satellites in simulation.
2025/10/13 16:45:20 Simulation stepped by 60 seconds.
2025/10/13 16:45:20 Sunlight exposure of STARLINK-1445 DUPLICATE is 0.37603622642357737
2025/10/13 16:45:20 Simulation time is 2025-10-01T00:20:00Z
2025/10/13 16:45:21 Checking orchestrator for reschedule...
2025/10/13 16:45:21 DummyPlugin: PostSimulationStep called
2025/10/13 16:45:21 Current Simulation Time: 2025-10-01 00:20:00 +0000 UTC
2025/10/13 16:45:21 Number of Nodes: 13849
2025/10/13 16:45:21 Number of Satellites: 13764
2025/10/13 16:45:21 Number of Ground Stations: 85
2025/10/13 16:45:22 Route from Graz to Honolulu in 113 ms
2025/10/13 16:45:22 Uplink latency 65.82366835961193 ms
2025/10/13 16:45:22 Latency between uplink nodes: 47 ms
2025/10/13 16:45:22 Graz -> STARLINK-4358 -> STARLINK-31006 DUPLICATE -> Honolulu
2025/10/13 16:45:22 6.885236170551413e+06 -> 1.0254807152347503e+07 -> 1.2650838922464719e+07
2025/10/13 16:45:22 23.19869779933418 -> 47 -> 42.624970560277745
2025/10/13 16:45:22 10254.807152347503 km apart
2025/10/13 16:45:22 {-1.2084078642731546e+06 -2.630534586325218e+06 6.140843032228795e+06} {6.627466762749187e+06 1.2522051371261906e+06 785054.5000556391}
2025/10/13 16:45:22 85 satellites in simulation.
2025/10/13 16:45:22 Simulation stepped by 60 seconds.
2025/10/13 16:45:22 Sunlight exposure of STARLINK-4358 is 0.4918264984527951
2025/10/13 16:45:22 Simulation time is 2025-10-01T00:30:00Z
2025/10/13 16:45:22 Checking orchestrator for reschedule...
2025/10/13 16:45:22 DummyPlugin: PostSimulationStep called
2025/10/13 16:45:22 Current Simulation Time: 2025-10-01 00:30:00 +0000 UTC
2025/10/13 16:45:22 Number of Nodes: 13849
2025/10/13 16:45:22 Number of Satellites: 13764
2025/10/13 16:45:22 Number of Ground Stations: 85
2025/10/13 16:45:23 Route from Graz to Honolulu in 54 ms
2025/10/13 16:45:23 Uplink latency 26.195829373589895 ms
2025/10/13 16:45:23 Latency between uplink nodes: 28 ms
2025/10/13 16:45:23 Graz -> STARLINK-3723 DUPLICATE -> STARLINK-1903 -> Honolulu
2025/10/13 16:45:23 3.5228562294146866e+06 -> 6.810091868939925e+06 -> 4.251910849356902e+06
2025/10/13 16:45:23 11.869698443495526 -> 28 -> 14.326130930094367
2025/10/13 16:45:23 6810.091868939925 km apart
2025/10/13 16:45:23 {4.315737926377508e+06 -1.8008100051617664e+06 4.921748308155401e+06} {-2.0639328032554793e+06 -4.183461428007241e+06 4.932921583334634e+06}
2025/10/13 16:45:23 85 satellites in simulation.
2025/10/13 16:45:23 Simulation stepped by 60 seconds.
2025/10/13 16:45:23 Sunlight exposure of STARLINK-3723 DUPLICATE is 0.2839459565161568
2025/10/13 16:45:23 Simulation time is 2025-10-01T00:40:00Z
2025/10/13 16:45:24 Checking orchestrator for reschedule...
2025/10/13 16:45:24 DummyPlugin: PostSimulationStep called
2025/10/13 16:45:24 Current Simulation Time: 2025-10-01 00:40:00 +0000 UTC
2025/10/13 16:45:24 Number of Nodes: 13849
2025/10/13 16:45:24 Number of Satellites: 13764
2025/10/13 16:45:24 Number of Ground Stations: 85
2025/10/13 16:45:25 Route from Graz to Honolulu in 110 ms
2025/10/13 16:45:25 Uplink latency 51.323030573503125 ms
2025/10/13 16:45:25 Latency between uplink nodes: 59 ms
2025/10/13 16:45:25 Graz -> STARLINK-32579 DUPLICATE -> STARLINK-5407 -> Honolulu
2025/10/13 16:45:25 1.0675986787053602e+07 -> 1.1915605290042184e+07 -> 4.556384854821131e+06
2025/10/13 16:45:25 35.97102336762782 -> 59 -> 15.352007205875301
2025/10/13 16:45:25 11915.605290042184 km apart
2025/10/13 16:45:25 {1.8963123654618522e+06 -6.187698205692545e+06 -2.053324818937731e+06} {-5.370745933608737e+06 1.0404412803455093e+06 4.023311806397709e+06}
2025/10/13 16:45:25 85 satellites in simulation.
2025/10/13 16:45:25 Simulation stepped by 60 seconds.
2025/10/13 16:45:25 Sunlight exposure of STARLINK-32579 DUPLICATE is 0.5139424136322036
2025/10/13 16:45:25 Simulation time is 2025-10-01T00:50:00Z
2025/10/13 16:45:26 Checking orchestrator for reschedule...
2025/10/13 16:45:26 DummyPlugin: PostSimulationStep called
2025/10/13 16:45:26 Current Simulation Time: 2025-10-01 00:50:00 +0000 UTC
2025/10/13 16:45:26 Number of Nodes: 13849
2025/10/13 16:45:26 Number of Satellites: 13764
2025/10/13 16:45:26 Number of Ground Stations: 85
2025/10/13 16:45:27 Route from Graz to Honolulu in 120 ms
2025/10/13 16:45:27 Uplink latency 69.7514349534568 ms
2025/10/13 16:45:27 Latency between uplink nodes: 50 ms
2025/10/13 16:45:27 Graz -> STARLINK-32276 -> STARLINK-5942 DUPLICATE -> Honolulu
2025/10/13 16:45:27 9.40228696274499e+06 -> 1.0180454937822107e+07 -> 1.1299526002946058e+07
2025/10/13 16:45:27 31.679496311870476 -> 50 -> 38.071938641586314
2025/10/13 16:45:27 10180.454937822107 km apart
2025/10/13 16:45:27 {-4.921606521616219e+06 -1.356788201880095e+06 4.475730269432249e+06} {4.449598447655074e+06 2.620384949480711e+06 4.41035528165928e+06}
2025/10/13 16:45:27 85 satellites in simulation.
2025/10/13 16:45:27 Simulation stepped by 60 seconds.
2025/10/13 16:45:27 Sunlight exposure of STARLINK-32276 is 0.3554693709461048
2025/10/13 16:45:27 Simulation time is 2025-10-01T01:00:00Z
2025/10/13 16:45:27 Checking orchestrator for reschedule...
2025/10/13 16:45:27 DummyPlugin: PostSimulationStep called
2025/10/13 16:45:27 Current Simulation Time: 2025-10-01 01:00:00 +0000 UTC
2025/10/13 16:45:27 Number of Nodes: 13849
2025/10/13 16:45:27 Number of Satellites: 13764
2025/10/13 16:45:27 Number of Ground Stations: 85
2025/10/13 16:45:28 Route from Graz to Honolulu in 57 ms
2025/10/13 16:45:28 Uplink latency 2.8419186121059923 ms
2025/10/13 16:45:28 Latency between uplink nodes: 55 ms
2025/10/13 16:45:28 Graz -> STARLINK-2191 -> STARLINK-11192 [DTC] DUPLICATE -> Honolulu
2025/10/13 16:45:28 423932.15557533235 -> 1.1237997414374545e+07 -> 419532.4643395424
2025/10/13 16:45:28 1.4283713326604506 -> 55 -> 1.4135472794455415
2025/10/13 16:45:28 11237.997414374546 km apart
2025/10/13 16:45:28 {3.965913121675998e+06 2.32860087033425e+06 4.991579933554913e+06} {-5.081157873439817e+06 -3.8124094268981256e+06 2.397146503283662e+06}
2025/10/13 16:45:28 85 satellites in simulation.
2025/10/13 16:45:28 Simulation stepped by 60 seconds.
2025/10/13 16:45:28 Sunlight exposure of STARLINK-2191 is 0.6188231301916041
2025/10/13 16:45:28 Simulation time is 2025-10-01T01:10:00Z
2025/10/13 16:45:29 Checking orchestrator for reschedule...
2025/10/13 16:45:29 DummyPlugin: PostSimulationStep called
2025/10/13 16:45:29 Current Simulation Time: 2025-10-01 01:10:00 +0000 UTC
2025/10/13 16:45:29 Number of Nodes: 13849
2025/10/13 16:45:29 Number of Satellites: 13764
2025/10/13 16:45:29 Number of Ground Stations: 85
2025/10/13 16:45:30 Route from Graz to Honolulu in 77 ms
2025/10/13 16:45:30 Uplink latency 50.75199292341975 ms
2025/10/13 16:45:30 Latency between uplink nodes: 26 ms
2025/10/13 16:45:30 Graz -> STARLINK-3342 DUPLICATE -> STARLINK-2523 DUPLICATE -> Honolulu
2025/10/13 16:45:30 4.586415494681457e+06 -> 6.089709184437909e+06 -> 1.0476475553191418e+07
2025/10/13 16:45:30 15.45319062523571 -> 26 -> 35.298802298184036
2025/10/13 16:45:30 6089.709184437909 km apart
2025/10/13 16:45:30 {5.837284710249756e+06 3.386761761681877e+06 746154.7625842857} {1.6696844327341907e+06 4.128618564239055e+06 5.123975494681391e+06}
2025/10/13 16:45:30 85 satellites in simulation.
2025/10/13 16:45:30 Simulation stepped by 60 seconds.
2025/10/13 16:45:30 Sunlight exposure of STARLINK-3342 DUPLICATE is 0.43797848461351213
2025/10/13 16:45:30 Simulation time is 2025-10-01T01:20:00Z
2025/10/13 16:45:30 Checking orchestrator for reschedule...
2025/10/13 16:45:30 DummyPlugin: PostSimulationStep called
2025/10/13 16:45:30 Current Simulation Time: 2025-10-01 01:20:00 +0000 UTC
2025/10/13 16:45:30 Number of Nodes: 13849
2025/10/13 16:45:30 Number of Satellites: 13764
2025/10/13 16:45:30 Number of Ground Stations: 85
2025/10/13 16:45:31 Route from Graz to Honolulu in 90 ms
2025/10/13 16:45:31 Uplink latency 35.90830014738291 ms
2025/10/13 16:45:31 Latency between uplink nodes: 54 ms
2025/10/13 16:45:31 Graz -> STARLINK-32120 DUPLICATE -> STARLINK-31948 DUPLICATE -> Honolulu
2025/10/13 16:45:31 584799.1948087539 -> 1.1003877424330814e+07 -> 1.0072571711797621e+07
2025/10/13 16:45:31 1.9703869929236926 -> 54 -> 33.93791315445922
2025/10/13 16:45:31 11003.877424330814 km apart
2025/10/13 16:45:31 {4.0563241523781624e+06 2.3898683988724235e+06 4.891829343150703e+06} {3.5877254664243534e+06 -4.317276371948984e+06 -3.8190800619839155e+06}
2025/10/13 16:45:31 85 satellites in simulation.
2025/10/13 16:45:31 Simulation stepped by 60 seconds.
2025/10/13 16:45:31 Sunlight exposure of STARLINK-32120 DUPLICATE is 0.3063028599310256
2025/10/13 16:45:31 Simulation time is 2025-10-01T01:30:00Z
2025/10/13 16:45:32 Checking orchestrator for reschedule...
2025/10/13 16:45:32 DummyPlugin: PostSimulationStep called
2025/10/13 16:45:32 Current Simulation Time: 2025-10-01 01:30:00 +0000 UTC
2025/10/13 16:45:32 Number of Nodes: 13849
2025/10/13 16:45:32 Number of Satellites: 13764
2025/10/13 16:45:32 Number of Ground Stations: 85
2025/10/13 16:45:33 Route from Graz to Honolulu in 88 ms
2025/10/13 16:45:33 Uplink latency 33.289761986463105 ms
2025/10/13 16:45:33 Latency between uplink nodes: 55 ms
2025/10/13 16:45:33 Graz -> STARLINK-2717 -> STARLINK-1323 -> Honolulu
2025/10/13 16:45:33 482909.10239464924 -> 1.1815009888648639e+07 -> 9.39729517979664e+06
2025/10/13 16:45:33 1.627084685768157 -> 55 -> 31.66267730069495
2025/10/13 16:45:33 11815.00988864864 km apart
2025/10/13 16:45:33 {3.642264136079045e+06 2.650122300586533e+06 5.079518781022247e+06} {-4.96065395583101e+06 3.5637008480702583e+06 -2.967196897459832e+06}
2025/10/13 16:45:33 85 satellites in simulation.
2025/10/13 16:45:33 Simulation stepped by 60 seconds.
2025/10/13 16:45:33 Sunlight exposure of STARLINK-2717 is 0.22566750223292706
2025/10/13 16:45:33 Simulation time is 2025-10-01T01:40:00Z
2025/10/13 16:45:34 Checking orchestrator for reschedule...
2025/10/13 16:45:34 DummyPlugin: PostSimulationStep called
2025/10/13 16:45:34 Current Simulation Time: 2025-10-01 01:40:00 +0000 UTC
2025/10/13 16:45:34 Number of Nodes: 13849
2025/10/13 16:45:34 Number of Satellites: 13764
2025/10/13 16:45:34 Number of Ground Stations: 85
2025/10/13 16:45:35 Route from Graz to Honolulu in 60 ms
2025/10/13 16:45:35 Uplink latency 3.1047231147661405 ms
2025/10/13 16:45:35 Latency between uplink nodes: 57 ms
2025/10/13 16:45:35 Graz -> STARLINK-4495 -> STARLINK-1221 DUPLICATE -> Honolulu
2025/10/13 16:45:35 502795.5412377688 -> 1.111567685238893e+07 -> 418667.89926398225
2025/10/13 16:45:35 1.694088848530162 -> 57 -> 1.4106342662359783
2025/10/13 16:45:35 11115.67685238893 km apart
2025/10/13 16:45:35 {3.3815780500493506e+06 2.8645108539509294e+06 5.1431947242822135e+06} {-4.311875831070412e+06 -4.669103055864162e+06 2.383901205343192e+06}
2025/10/13 16:45:35 85 satellites in simulation.
2025/10/13 16:45:35 Simulation stepped by 60 seconds.
2025/10/13 16:45:35 Sunlight exposure of STARLINK-4495 is 0.680316326435866
