2025/10/13 16:45:05 Injected 6882 satellites into simulation
2025/10/13 16:45:05 Injected 85 ground stations into simulation
2025/10/13 16:45:05 Simulation loaded. Not autorunning as StepInterval < 0.
2025/10/13 16:45:05 Simulation time is 2025-10-01T00:10:00Z
2025/10/13 16:45:05 Checking orchestrator for reschedule...
2025/10/13 16:45:05 DummyPlugin: PostSimulationStep called
2025/10/13 16:45:05 Current Simulation Time: 2025-10-01 00:10:00 +0000 UTC
2025/10/13 16:45:05 Number of Nodes: 6967
2025/10/13 16:45:05 Number of Satellites: 6882
2025/10/13 16:45:05 Number of Ground Stations: 85
2025/10/13 16:45:06 Route from Graz to Honolulu in 59 ms
2025/10/13 16:45:06 Uplink latency 40.67078786664955 ms
2025/10/13 16:45:06 Latency between uplink nodes: 19 ms
2025/10/13 16:45:06 Graz -> STARLINK-32112 -> STARLINK-1138 -> Honolulu
2025/10/13 16:45:06 450011.2154891931 -> 3.020191425653606e+06 -> 1.1620837852268223e+07
2025/10/13 16:45:06 1.516240537847632 -> 19 -> 39.15454732880192
2025/10/13 16:45:06 3020.191425653606 km apart
2025/10/13 16:45:06 {4.531574660923682e+06 1.365186391901048e+06 4.867855596089161e+06} {4.124947795387615e+06 4.054617590811229e+06 3.555159642661855e+06}
2025/10/13 16:45:06 85 satellites in simulation.
2025/10/13 16:45:06 Simulation stepped by 60 seconds.
2025/10/13 16:45:06 Sunlight exposure of STARLINK-32112 is 0.13992418653764668
2025/10/13 16:45:06 Simulation time is 2025-10-01T00:20:00Z
2025/10/13 16:45:06 Checking orchestrator for reschedule...
2025/10/13 16:45:06 DummyPlugin: PostSimulationStep called
2025/10/13 16:45:06 Current Simulation Time: 2025-10-01 00:20:00 +0000 UTC
2025/10/13 16:45:06 Number of Nodes: 6967
2025/10/13 16:45:06 Number of Satellites: 6882
2025/10/13 16:45:06 Number of Ground Stations: 85
2025/10/13 16:45:07 Route from Graz to Honolulu in 80 ms
2025/10/13 16:45:07 Uplink latency 41.125483644178026 ms
2025/10/13 16:45:07 Latency between uplink nodes: 39 ms
2025/10/13 16:45:07 Graz -> STARLINK-3779 -> STARLINK-1556 -> Honolulu
2025/10/13 16:45:07 459221.07221871754 -> 8.616049283326637e+06 -> 1.1746579010510148e+07
2025/10/13 16:45:07 1.5472716713848116 -> 39 -> 39.57821197279321
2025/10/13 16:45:07 8616.049283326636 km apart
2025/10/13 16:45:07 {4.206474945636129e+06 1.691689307488436e+06 5.053415111616008e+06} {5.678594652140625e+06 -3.219054837683571e+06 -1.8714502851331178e+06}
2025/10/13 16:45:07 85 satellites in simulation.
2025/10/13 16:45:07 Simulation stepped by 60 seconds.
2025/10/13 16:45:07 Sunlight exposure of STARLINK-3779 is 0.9549527578118503
2025/10/13 16:45:07 Simulation time is 2025-10-01T00:30:00Z
2025/10/13 16:45:08 Checking orchestrator for reschedule...
2025/10/13 16:45:08 DummyPlugin: PostSimulationStep called
2025/10/13 16:45:08 Current Simulation Time: 2025-10-01 00:30:00 +0000 UTC
2025/10/13 16:45:08 Number of Nodes: 6967
2025/10/13 16:45:08 Number of Satellites: 6882
2025/10/13 16:45:08 Number of Ground Stations: 85
2025/10/13 16:45:09 Route from Graz to Honolulu in 92 ms
2025/10/13 16:45:09 Uplink latency 40.958345426116196 ms
2025/10/13 16:45:09 Latency between uplink nodes: 51 ms
2025/10/13 16:45:09 Graz -> STARLINK-2129 -> STARLINK-5497 -> Honolulu
2025/10/13 16:45:09 471471.7540021893 -> 1.0420601099163584e+07 -> 1.1684722695064176e+07
2025/10/13 16:45:09 1.5885483767135427 -> 51 -> 39.369797049402656
2025/10/13 16:45:09 10420.601099163585 km apart
2025/10/13 16:45:09 {4.105431248474204e+06 1.886867139568653e+06 5.06765919073057e+06} {-69632.52353143343 5.70121679031956e+06 -3.6849693578479555e+06}
2025/10/13 16:45:09 85 satellites in simulation.
2025/10/13 16:45:09 Simulation stepped by 60 seconds.
2025/10/13 16:45:09 Sunlight exposure of STARLINK-2129 is 0.13214092551898812
2025/10/13 16:45:09 Simulation time is 2025-10-01T00:40:00Z
2025/10/13 16:45:09 Checking orchestrator for reschedule...
2025/10/13 16:45:09 DummyPlugin: PostSimulationStep called
2025/10/13 16:45:09 Current Simulation Time: 2025-10-01 00:40:00 +0000 UTC
2025/10/13 16:45:09 Number of Nodes: 6967
2025/10/13 16:45:09 Number of Satellites: 6882
2025/10/13 16:45:09 Number of Ground Stations: 85
2025/10/13 16:45:10 Route from Graz to Honolulu in 46 ms
2025/10/13 16:45:10 Uplink latency 36.807067578344274 ms
2025/10/13 16:45:10 Latency between uplink nodes: 10 ms
2025/10/13 16:45:10 Graz -> STARLINK-3912 -> STARLINK-1325 -> Honolulu
2025/10/13 16:45:10 441772.59485338035 -> 2.624448526638556e+06 -> 1.0482347164559135e+07
2025/10/13 16:45:10 1.488481828388829 -> 10 -> 35.318585749955446
2025/10/13 16:45:10 2624.448526638556 km apart
2025/10/13 16:45:10 {4.281418337700456e+06 2.026532737408959e+06 4.8637175120692635e+06} {2.3157859951493987e+06 3.7377384329404524e+06 5.173224588681587e+06}
2025/10/13 16:45:10 85 satellites in simulation.
2025/10/13 16:45:10 Simulation stepped by 60 seconds.
2025/10/13 16:45:10 Sunlight exposure of STARLINK-3912 is 0.5338223450226105
2025/10/13 16:45:10 Simulation time is 2025-10-01T00:50:00Z
2025/10/13 16:45:10 Checking orchestrator for reschedule...
2025/10/13 16:45:10 DummyPlugin: PostSimulationStep called
2025/10/13 16:45:10 Current Simulation Time: 2025-10-01 00:50:00 +0000 UTC
2025/10/13 16:45:10 Number of Nodes: 6967
2025/10/13 16:45:10 Number of Satellites: 6882
2025/10/13 16:45:10 Number of Ground Stations: 85
2025/10/13 16:45:11 Route from Graz to Honolulu in 105 ms
2025/10/13 16:45:11 Uplink latency 60.12462728597734 ms
2025/10/13 16:45:11 Latency between uplink nodes: 44 ms
2025/10/13 16:45:11 Graz -> STARLINK-31425 -> STARLINK-31851 -> Honolulu
2025/10/13 16:45:11 6.809137531897438e+06 -> 9.883583074540537e+06 -> 1.1035495908787102e+07
2025/10/13 16:45:11 22.9422956546082 -> 44 -> 37.18233163136914
2025/10/13 16:45:11 9883.583074540536 km apart
2025/10/13 16:45:11 {3.2706818389324397e+06 -4.674708208644729e+06 3.68293375913198e+06} {1.9408929554376346e+06 5.113007366103319e+06 4.025716116484713e+06}
2025/10/13 16:45:11 85 satellites in simulation.
2025/10/13 16:45:11 Simulation stepped by 60 seconds.
2025/10/13 16:45:11 Sunlight exposure of STARLINK-31425 is 0.6303829918284128
2025/10/13 16:45:11 Simulation time is 2025-10-01T01:00:00Z
2025/10/13 16:45:11 Checking orchestrator for reschedule...
2025/10/13 16:45:11 DummyPlugin: PostSimulationStep called
2025/10/13 16:45:11 Current Simulation Time: 2025-10-01 01:00:00 +0000 UTC
2025/10/13 16:45:11 Number of Nodes: 6967
2025/10/13 16:45:11 Number of Satellites: 6882
2025/10/13 16:45:11 Number of Ground Stations: 85
2025/10/13 16:45:12 Route from Graz to Honolulu in 92 ms
2025/10/13 16:45:12 Uplink latency 28.38873173086058 ms
2025/10/13 16:45:12 Latency between uplink nodes: 63 ms
2025/10/13 16:45:12 Graz -> STARLINK-11118 [DTC] -> STARLINK-30073 -> Honolulu
2025/10/13 16:45:12 435209.91778930894 -> 1.2918154580547452e+07 -> 7.990397598638264e+06
2025/10/13 16:45:12 1.466369941709447 -> 63 -> 26.922361789151132
2025/10/13 16:45:12 12918.154580547452 km apart
2025/10/13 16:45:12 {4.0844791722090365e+06 2.343519327771851e+06 4.890753678816973e+06} {-851782.5424894368 -4.973742973385693e+06 -4.541621974589745e+06}
2025/10/13 16:45:12 85 satellites in simulation.
2025/10/13 16:45:12 Simulation stepped by 60 seconds.
2025/10/13 16:45:12 Sunlight exposure of STARLINK-11118 [DTC] is 0.28843972517084665
2025/10/13 16:45:12 Simulation time is 2025-10-01T01:10:00Z
2025/10/13 16:45:13 Checking orchestrator for reschedule...
2025/10/13 16:45:13 DummyPlugin: PostSimulationStep called
2025/10/13 16:45:13 Current Simulation Time: 2025-10-01 01:10:00 +0000 UTC
2025/10/13 16:45:13 Number of Nodes: 6967
2025/10/13 16:45:13 Number of Satellites: 6882
2025/10/13 16:45:13 Number of Ground Stations: 85
2025/10/13 16:45:14 Route from Graz to Honolulu in 102 ms
2025/10/13 16:45:14 Uplink latency 58.86801509071543 ms
2025/10/13 16:45:14 Latency between uplink nodes: 43 ms
2025/10/13 16:45:14 Graz -> STARLINK-31709 -> STARLINK-31840 -> Honolulu
2025/10/13 16:45:14 7.356427049527038e+06 -> 9.829485453885311e+06 -> 1.0115251330747966e+07
2025/10/13 16:45:14 24.78629981274235 -> 43 -> 34.08171527797308
2025/10/13 16:45:14 9829.48545388531 km apart
2025/10/13 16:45:14 {6.079788487730071e+06 1.9800927199265782e+06 -2.2856243521336275e+06} {-420299.07825381635 5.196406801641899e+06 4.349356405219351e+06}
2025/10/13 16:45:14 85 satellites in simulation.
2025/10/13 16:45:14 Simulation stepped by 60 seconds.
2025/10/13 16:45:14 Sunlight exposure of STARLINK-31709 is 0.47424348222621193
2025/10/13 16:45:14 Simulation time is 2025-10-01T01:20:00Z
2025/10/13 16:45:14 Checking orchestrator for reschedule...
2025/10/13 16:45:14 DummyPlugin: PostSimulationStep called
2025/10/13 16:45:14 Current Simulation Time: 2025-10-01 01:20:00 +0000 UTC
2025/10/13 16:45:14 Number of Nodes: 6967
2025/10/13 16:45:14 Number of Satellites: 6882
2025/10/13 16:45:14 Number of Ground Stations: 85
2025/10/13 16:45:15 Route from Graz to Honolulu in 81 ms
2025/10/13 16:45:15 Uplink latency 45.87111780875919 ms
2025/10/13 16:45:15 Latency between uplink nodes: 35 ms
2025/10/13 16:45:15 Graz -> STARLINK-1202 -> STARLINK-6106 -> Honolulu
2025/10/13 16:45:15 487050.18436829105 -> 7.967560320080107e+06 -> 1.3127226024254007e+07
2025/10/13 16:45:15 1.6410373965959533 -> 35 -> 44.23008041216323
2025/10/13 16:45:15 7967.560320080107 km apart
2025/10/13 16:45:15 {3.977204917001079e+06 2.6827051616858174e+06 4.803840491490409e+06} {4.9631362463747375e+06 3.476099815850964e+06 -3.0625743075534785e+06}
2025/10/13 16:45:15 85 satellites in simulation.
2025/10/13 16:45:15 Simulation stepped by 60 seconds.
2025/10/13 16:45:15 Sunlight exposure of STARLINK-1202 is 0.8389784638978076
2025/10/13 16:45:15 Simulation time is 2025-10-01T01:30:00Z
2025/10/13 16:45:15 Checking orchestrator for reschedule...
2025/10/13 16:45:15 DummyPlugin: PostSimulationStep called
2025/10/13 16:45:15 Current Simulation Time: 2025-10-01 01:30:00 +0000 UTC
2025/10/13 16:45:15 Number of Nodes: 6967
2025/10/13 16:45:15 Number of Satellites: 6882
2025/10/13 16:45:15 Number of Ground Stations: 85
2025/10/13 16:45:16 Route from Graz to Honolulu in 44 ms
2025/10/13 16:45:16 Uplink latency 38.15735211165426 ms
2025/10/13 16:45:16 Latency between uplink nodes: 6 ms
2025/10/13 16:45:16 Graz -> STARLINK-2221 -> STARLINK-3802 -> Honolulu
2025/10/13 16:45:16 835177.6800411822 -> 1.1477692488009555e+06 -> 1.0489698535173303e+07
2025/10/13 16:45:16 2.813997098733176 -> 6 -> 35.34335501292109
2025/10/13 16:45:16 1147.7692488009554 km apart
2025/10/13 16:45:16 {3.3038123306853916e+06 3.491993585016012e+06 4.794055752451402e+06} {3.201623417123183e+06 2.537066852592569e+06 5.422583086893724e+06}
2025/10/13 16:45:16 85 satellites in simulation.
2025/10/13 16:45:16 Simulation stepped by 60 seconds.
2025/10/13 16:45:16 Sunlight exposure of STARLINK-2221 is 0.44231280591628236
2025/10/13 16:45:16 Simulation time is 2025-10-01T01:40:00Z
2025/10/13 16:45:16 Checking orchestrator for reschedule...
2025/10/13 16:45:16 DummyPlugin: PostSimulationStep called
2025/10/13 16:45:16 Current Simulation Time: 2025-10-01 01:40:00 +0000 UTC
2025/10/13 16:45:16 Number of Nodes: 6967
2025/10/13 16:45:16 Number of Satellites: 6882
2025/10/13 16:45:16 Number of Ground Stations: 85
2025/10/13 16:45:17 Route from Graz to Honolulu in 84 ms
2025/10/13 16:45:17 Uplink latency 35.295135049419024 ms
2025/10/13 16:45:17 Latency between uplink nodes: 49 ms
2025/10/13 16:45:17 Graz -> STARLINK-31049 -> STARLINK-4160 -> Honolulu
2025/10/13 16:45:17 436111.9670755935 -> 1.0619089327141425e+07 -> 1.003927516839248e+07
2025/10/13 16:45:17 1.4694092519486692 -> 49 -> 33.825725797470355
2025/10/13 16:45:17 10619.089327141424 km apart
2025/10/13 16:45:17 {3.4766394087288254e+06 3.110715476524585e+06 4.932537932757546e+06} {-4.472293233539699e+06 4.7354923578669205e+06 -1.9187121774298155e+06}
2025/10/13 16:45:17 85 satellites in simulation.
2025/10/13 16:45:17 Simulation stepped by 60 seconds.
2025/10/13 16:45:17 Sunlight exposure of STARLINK-31049 is 0.5131768414943118
