2025/10/13 15:16:02 Simulation state will be serialized to ./precomputed/mst/precomputed-0250.gob
2025/10/13 15:16:02 Starting LoaderService...
2025/10/13 15:16:02 Loading satellite constellation from ./resources/tle/starlink_250.tle (tle)
2025/10/13 15:16:02 Parsed 250 satellites from TLE
2025/10/13 15:16:02 Loaded 250 satellites
2025/10/13 15:16:02 Injected 250 satellites into simulation
2025/10/13 15:16:02 Starting LoaderService...
2025/10/13 15:16:02 Injected 85 ground stations into simulation
2025/10/13 15:16:02 Simulation loaded. Not autorunning as StepInterval < 0.
2025/10/13 15:16:02 Simulation time is 2025-10-01T00:10:00Z
2025/10/13 15:16:02 Checking orchestrator for reschedule...
2025/10/13 15:16:02 DummyPlugin: PostSimulationStep called
2025/10/13 15:16:02 Current Simulation Time: 2025-10-01 00:10:00 +0000 UTC
2025/10/13 15:16:02 Number of Nodes: 335
2025/10/13 15:16:02 Number of Satellites: 250
2025/10/13 15:16:02 Number of Ground Stations: 85
2025/10/13 15:16:03 Route from Graz to Honolulu in 72 ms
2025/10/13 15:16:03 Uplink latency 32.909452673311876 ms
2025/10/13 15:16:03 Latency between uplink nodes: 39 ms
2025/10/13 15:16:03 Graz -> STARLINK-1060 -> STARLINK-1042 -> Honolulu
2025/10/13 15:16:03 877003.2485943608 -> 8.292145614923424e+06 -> 8.890327480884777e+06
2025/10/13 15:16:03 2.954921636558117 -> 39 -> 29.954531036753757
2025/10/13 15:16:03 8292.145614923424 km apart
2025/10/13 15:16:03 {4.49425327599447e+06 645719.0998873636 5.047463259127729e+06} {-1.8958170572355168e+06 5.629968358298855e+06 3.2913484093834786e+06}
2025/10/13 15:16:03 85 satellites in simulation.
2025/10/13 15:16:03 Simulation stepped by 60 seconds.
2025/10/13 15:16:03 Sunlight exposure of STARLINK-1060 is 0.11437696834655031
2025/10/13 15:16:03 Simulation time is 2025-10-01T00:20:00Z
2025/10/13 15:16:03 Checking orchestrator for reschedule...
2025/10/13 15:16:03 DummyPlugin: PostSimulationStep called
2025/10/13 15:16:03 Current Simulation Time: 2025-10-01 00:20:00 +0000 UTC
2025/10/13 15:16:03 Number of Nodes: 335
2025/10/13 15:16:03 Number of Satellites: 250
2025/10/13 15:16:03 Number of Ground Stations: 85
2025/10/13 15:16:04 Route from Graz to Honolulu in 59 ms
2025/10/13 15:16:04 Uplink latency 25.864715658573722 ms
2025/10/13 15:16:04 Latency between uplink nodes: 33 ms
2025/10/13 15:16:04 Graz -> STARLINK-1272 -> STARLINK-1166 -> Honolulu
2025/10/13 15:16:04 1.3066942490552156e+06 -> 7.839227265062184e+06 -> 6.369800239292766e+06
2025/10/13 15:16:04 4.4026964724337345 -> 33 -> 21.462019186139987
2025/10/13 15:16:04 7839.227265062184 km apart
2025/10/13 15:16:04 {4.3962589539565565e+06 2.7589238397926427e+06 4.3768604268782325e+06} {-3.388346364065951e+06 2.585159371127187e+06 5.284169671479778e+06}
2025/10/13 15:16:04 85 satellites in simulation.
2025/10/13 15:16:04 Simulation stepped by 60 seconds.
2025/10/13 15:16:04 Sunlight exposure of STARLINK-1272 is 0.7110628121464408
2025/10/13 15:16:04 Simulation time is 2025-10-01T00:30:00Z
2025/10/13 15:16:04 Checking orchestrator for reschedule...
2025/10/13 15:16:04 DummyPlugin: PostSimulationStep called
2025/10/13 15:16:04 Current Simulation Time: 2025-10-01 00:30:00 +0000 UTC
2025/10/13 15:16:04 Number of Nodes: 335
2025/10/13 15:16:04 Number of Satellites: 250
2025/10/13 15:16:04 Number of Ground Stations: 85
2025/10/13 15:16:05 Route from Graz to Honolulu in 38 ms
2025/10/13 15:16:05 Uplink latency 38.76627076692635 ms
2025/10/13 15:16:05 Latency between uplink nodes: 0 ms
2025/10/13 15:16:05 Graz -> STARLINK-1061 -> STARLINK-1061 -> Honolulu
2025/10/13 15:16:05 722504.5213910048 -> 0 -> 1.0783095145909796e+07
2025/10/13 15:16:05 2.4343629811989675 -> 0 -> 36.33190778572738
2025/10/13 15:16:05 0 km apart
2025/10/13 15:16:05 {3.8680629113907693e+06 2.23140228070046e+06 5.113897775835348e+06} {3.8680629113907693e+06 2.23140228070046e+06 5.113897775835348e+06}
2025/10/13 15:16:05 85 satellites in simulation.
2025/10/13 15:16:05 Simulation stepped by 60 seconds.
2025/10/13 15:16:05 Sunlight exposure of STARLINK-1061 is 0.12203149106827815
2025/10/13 15:16:05 Simulation time is 2025-10-01T00:40:00Z
2025/10/13 15:16:05 Checking orchestrator for reschedule...
2025/10/13 15:16:05 DummyPlugin: PostSimulationStep called
2025/10/13 15:16:05 Current Simulation Time: 2025-10-01 00:40:00 +0000 UTC
2025/10/13 15:16:05 Number of Nodes: 335
2025/10/13 15:16:05 Number of Satellites: 250
2025/10/13 15:16:05 Number of Ground Stations: 85
2025/10/13 15:16:06 Route from Graz to Honolulu in 113 ms
2025/10/13 15:16:06 Uplink latency 58.07234067692086 ms
2025/10/13 15:16:06 Latency between uplink nodes: 55 ms
2025/10/13 15:16:06 Graz -> STARLINK-1060 -> STARLINK-1300 -> Honolulu
2025/10/13 15:16:06 1.0250838839178812e+07 -> 1.0167064644104885e+07 -> 6.984688085474493e+06
2025/10/13 15:16:06 34.5385556180191 -> 55 -> 23.533785058901756
2025/10/13 15:16:06 10167.064644104885 km apart
2025/10/13 15:16:06 {-4.571783608532151e+06 5.018519308828189e+06 -139462.43908279494} {-3.175300791860761e+06 -4.124388424870627e+06 -4.361580082306337e+06}
2025/10/13 15:16:06 85 satellites in simulation.
2025/10/13 15:16:06 Simulation stepped by 60 seconds.
2025/10/13 15:16:06 Sunlight exposure of STARLINK-1060 is 0.11932362500582729
2025/10/13 15:16:06 Simulation time is 2025-10-01T00:50:00Z
2025/10/13 15:16:06 Checking orchestrator for reschedule...
2025/10/13 15:16:06 DummyPlugin: PostSimulationStep called
2025/10/13 15:16:06 Current Simulation Time: 2025-10-01 00:50:00 +0000 UTC
2025/10/13 15:16:06 Number of Nodes: 335
2025/10/13 15:16:06 Number of Satellites: 250
2025/10/13 15:16:06 Number of Ground Stations: 85
2025/10/13 15:16:07 Route from Graz to Honolulu in 56 ms
2025/10/13 15:16:07 Uplink latency 56.31048341761385 ms
2025/10/13 15:16:07 Latency between uplink nodes: 0 ms
2025/10/13 15:16:07 Graz -> STARLINK-1283 -> STARLINK-1283 -> Honolulu
2025/10/13 15:16:07 4.517655223381905e+06 -> 0 -> 1.2194962896904055e+07
2025/10/13 15:16:07 15.221513931079437 -> 0 -> 41.08896948653442
2025/10/13 15:16:07 0 km apart
2025/10/13 15:16:07 {3.362673816115765e+06 5.587624789074679e+06 1.8898261194271725e+06} {3.362673816115765e+06 5.587624789074679e+06 1.8898261194271725e+06}
2025/10/13 15:16:07 85 satellites in simulation.
2025/10/13 15:16:07 Simulation stepped by 60 seconds.
2025/10/13 15:16:07 Sunlight exposure of STARLINK-1283 is 0.8899268391699747
2025/10/13 15:16:07 Simulation time is 2025-10-01T01:00:00Z
2025/10/13 15:16:07 Checking orchestrator for reschedule...
2025/10/13 15:16:07 DummyPlugin: PostSimulationStep called
2025/10/13 15:16:07 Current Simulation Time: 2025-10-01 01:00:00 +0000 UTC
2025/10/13 15:16:07 Number of Nodes: 335
2025/10/13 15:16:07 Number of Satellites: 250
2025/10/13 15:16:07 Number of Ground Stations: 85
2025/10/13 15:16:08 Route from Graz to Honolulu in 108 ms
2025/10/13 15:16:08 Uplink latency 38.03752231566913 ms
2025/10/13 15:16:08 Latency between uplink nodes: 70 ms
2025/10/13 15:16:08 Graz -> STARLINK-1193 -> STARLINK-1356 -> Honolulu
2025/10/13 15:16:08 5.408115805820441e+06 -> 8.75244623160972e+06 -> 5.8811956353380475e+06
2025/10/13 15:16:08 18.221777893347607 -> 70 -> 19.815744422321522
2025/10/13 15:16:08 8752.446231609722 km apart
2025/10/13 15:16:08 {6.721657749128168e+06 -324328.14550445264 904260.367404388} {234378.499993742 -4.1009274475949733e+06 5.405129249344682e+06}
2025/10/13 15:16:08 85 satellites in simulation.
2025/10/13 15:16:08 Simulation stepped by 60 seconds.
2025/10/13 15:16:08 Sunlight exposure of STARLINK-1193 is 0.8411906030671423
2025/10/13 15:16:08 Simulation time is 2025-10-01T01:10:00Z
2025/10/13 15:16:08 Checking orchestrator for reschedule...
2025/10/13 15:16:08 DummyPlugin: PostSimulationStep called
2025/10/13 15:16:08 Current Simulation Time: 2025-10-01 01:10:00 +0000 UTC
2025/10/13 15:16:08 Number of Nodes: 335
2025/10/13 15:16:08 Number of Satellites: 250
2025/10/13 15:16:08 Number of Ground Stations: 85
2025/10/13 15:16:09 Route from Graz to Honolulu in 164 ms
2025/10/13 15:16:09 Uplink latency 76.5382995513024 ms
2025/10/13 15:16:09 Latency between uplink nodes: 87 ms
2025/10/13 15:16:09 Graz -> STARLINK-1283 -> STARLINK-1230 -> Honolulu
2025/10/13 15:16:09 1.093160766370963e+07 -> 1.0841380980224496e+07 -> 1.178450653638358e+07
2025/10/13 15:16:09 36.83229686963308 -> 87 -> 39.706002681669325
2025/10/13 15:16:09 10841.380980224496 km apart
2025/10/13 15:16:09 {-1.9339770233753163e+06 4.758422241125902e+06 -4.441828274531492e+06} {6.281788942104167e+06 -1.8157398169365225e+06 -1.8308659245205144e+06}
2025/10/13 15:16:09 85 satellites in simulation.
2025/10/13 15:16:09 Simulation stepped by 60 seconds.
2025/10/13 15:16:09 Sunlight exposure of STARLINK-1283 is 0.8981070707371537
2025/10/13 15:16:09 Simulation time is 2025-10-01T01:20:00Z
2025/10/13 15:16:09 Checking orchestrator for reschedule...
2025/10/13 15:16:09 DummyPlugin: PostSimulationStep called
2025/10/13 15:16:09 Current Simulation Time: 2025-10-01 01:20:00 +0000 UTC
2025/10/13 15:16:09 Number of Nodes: 335
2025/10/13 15:16:09 Number of Satellites: 250
2025/10/13 15:16:09 Number of Ground Stations: 85
2025/10/13 15:16:10 Route from Graz to Honolulu in 189 ms
2025/10/13 15:16:10 Uplink latency 83.7238576962556 ms
2025/10/13 15:16:10 Latency between uplink nodes: 105 ms
2025/10/13 15:16:10 Graz -> STARLINK-1061 -> STARLINK-1184 -> Honolulu
2025/10/13 15:16:10 1.3125470424643122e+07 -> 1.2797414263954926e+07 -> 1.172327489436798e+07
2025/10/13 15:16:10 44.224165201149304 -> 105 -> 39.49969249510631
2025/10/13 15:16:10 12797.414263954926 km apart
2025/10/13 15:16:10 {-2.957335967282533e+06 -2.9525671664156113e+06 -5.352712544559357e+06} {6.138455943944097e+06 1.1206701016011366e+06 2.6753083516130415e+06}
2025/10/13 15:16:10 85 satellites in simulation.
2025/10/13 15:16:10 Simulation stepped by 60 seconds.
2025/10/13 15:16:10 Sunlight exposure of STARLINK-1061 is 0.2883313309483918
2025/10/13 15:16:10 Simulation time is 2025-10-01T01:30:00Z
2025/10/13 15:16:10 Checking orchestrator for reschedule...
2025/10/13 15:16:10 DummyPlugin: PostSimulationStep called
2025/10/13 15:16:10 Current Simulation Time: 2025-10-01 01:30:00 +0000 UTC
2025/10/13 15:16:10 Number of Nodes: 335
2025/10/13 15:16:10 Number of Satellites: 250
2025/10/13 15:16:10 Number of Ground Stations: 85
2025/10/13 15:16:11 Route from Graz to Honolulu in 77 ms
2025/10/13 15:16:11 Uplink latency 54.68432396906235 ms
2025/10/13 15:16:11 Latency between uplink nodes: 22 ms
2025/10/13 15:16:11 Graz -> STARLINK-1117 -> STARLINK-1184 -> Honolulu
2025/10/13 15:16:11 5.356349290620199e+06 -> 4.883867067494804e+06 -> 1.0873634332199607e+07
2025/10/13 15:16:11 18.047358931890418 -> 22 -> 36.636965037171926
2025/10/13 15:16:11 4883.867067494804 km apart
2025/10/13 15:16:11 {-579464.104251262 5.9400404105126895e+06 3.236689382804406e+06} {3.15466802975317e+06 3.333978050399379e+06 5.0021507145691225e+06}
2025/10/13 15:16:11 85 satellites in simulation.
2025/10/13 15:16:11 Simulation stepped by 60 seconds.
2025/10/13 15:16:11 Sunlight exposure of STARLINK-1117 is 0.6823908538272991
2025/10/13 15:16:11 Simulation time is 2025-10-01T01:40:00Z
2025/10/13 15:16:11 Checking orchestrator for reschedule...
2025/10/13 15:16:11 DummyPlugin: PostSimulationStep called
2025/10/13 15:16:11 Current Simulation Time: 2025-10-01 01:40:00 +0000 UTC
2025/10/13 15:16:11 Number of Nodes: 335
2025/10/13 15:16:11 Number of Satellites: 250
2025/10/13 15:16:11 Number of Ground Stations: 85
2025/10/13 15:16:12 Route from Graz to Honolulu in 47 ms
2025/10/13 15:16:12 Uplink latency 47.68338112704578 ms
2025/10/13 15:16:12 Latency between uplink nodes: 0 ms
2025/10/13 15:16:12 Graz -> STARLINK-1184 -> STARLINK-1184 -> Honolulu
2025/10/13 15:16:12 4.685642140551554e+06 -> 0 -> 9.466503092339361e+06
2025/10/13 15:16:12 15.787518876897929 -> 0 -> 31.89586225014785
2025/10/13 15:16:12 0 km apart
2025/10/13 15:16:12 {-1.1441935593406223e+06 4.157439857618292e+06 5.243734924247016e+06} {-1.1441935593406223e+06 4.157439857618292e+06 5.243734924247016e+06}
2025/10/13 15:16:12 85 satellites in simulation.
2025/10/13 15:16:12 Simulation stepped by 60 seconds.
2025/10/13 15:16:12 Sunlight exposure of STARLINK-1184 is 0.08511763649927748
