2025/10/13 15:16:25 Simulation state will be serialized to ./precomputed/mst/precomputed-1000.gob
2025/10/13 15:16:25 Starting LoaderService...
2025/10/13 15:16:25 Loading satellite constellation from ./resources/tle/starlink_1000.tle (tle)
2025/10/13 15:16:25 Parsed 1000 satellites from TLE
2025/10/13 15:16:25 Loaded 1000 satellites
2025/10/13 15:16:25 Injected 1000 satellites into simulation
2025/10/13 15:16:25 Starting LoaderService...
2025/10/13 15:16:25 Injected 85 ground stations into simulation
2025/10/13 15:16:25 Simulation loaded. Not autorunning as StepInterval < 0.
2025/10/13 15:16:25 Simulation time is 2025-10-01T00:10:00Z
2025/10/13 15:16:26 Checking orchestrator for reschedule...
2025/10/13 15:16:26 DummyPlugin: PostSimulationStep called
2025/10/13 15:16:26 Current Simulation Time: 2025-10-01 00:10:00 +0000 UTC
2025/10/13 15:16:26 Number of Nodes: 1085
2025/10/13 15:16:26 Number of Satellites: 1000
2025/10/13 15:16:26 Number of Ground Stations: 85
2025/10/13 15:16:27 Route from Graz to Honolulu in 91 ms
2025/10/13 15:16:27 Uplink latency 18.37933350878869 ms
2025/10/13 15:16:27 Latency between uplink nodes: 73 ms
2025/10/13 15:16:27 Graz -> STARLINK-1038 -> STARLINK-2050 -> Honolulu
2025/10/13 15:16:27 721201.1686238612 -> 8.375190485025318e+06 -> 4.733676211130251e+06
2025/10/13 15:16:27 2.429971543313334 -> 73 -> 15.949361965475358
2025/10/13 15:16:27 8375.190485025318 km apart
2025/10/13 15:16:27 {4.1773027012502053e+06 1.9846754486161256e+06 4.970376748077097e+06} {-1.9853860354603287e+06 -3.6738549977300186e+06 5.352628474892633e+06}
2025/10/13 15:16:27 85 satellites in simulation.
2025/10/13 15:16:27 Simulation stepped by 60 seconds.
2025/10/13 15:16:27 Sunlight exposure of STARLINK-1038 is 0.21308781136041724
2025/10/13 15:16:27 Simulation time is 2025-10-01T00:20:00Z
2025/10/13 15:16:27 Checking orchestrator for reschedule...
2025/10/13 15:16:27 DummyPlugin: PostSimulationStep called
2025/10/13 15:16:27 Current Simulation Time: 2025-10-01 00:20:00 +0000 UTC
2025/10/13 15:16:27 Number of Nodes: 1085
2025/10/13 15:16:27 Number of Satellites: 1000
2025/10/13 15:16:27 Number of Ground Stations: 85
2025/10/13 15:16:28 Route from Graz to Honolulu in 162 ms
2025/10/13 15:16:28 Uplink latency 73.33701528394425 ms
2025/10/13 15:16:28 Latency between uplink nodes: 89 ms
2025/10/13 15:16:28 Graz -> STARLINK-1616 -> STARLINK-1973 -> Honolulu
2025/10/13 15:16:28 9.529043024068872e+06 -> 1.2504478112814138e+07 -> 1.2236948957075303e+07
2025/10/13 15:16:28 32.106580508845965 -> 89 -> 41.23043477509829
2025/10/13 15:16:28 12504.478112814139 km apart
2025/10/13 15:16:28 {-5.258067573636878e+06 -353838.8858103114 4.28029717386898e+06} {6.698707643018217e+06 -890042.5652004223 659525.8601239612}
2025/10/13 15:16:28 85 satellites in simulation.
2025/10/13 15:16:28 Simulation stepped by 60 seconds.
2025/10/13 15:16:28 Sunlight exposure of STARLINK-1616 is 0.05557083207401992
2025/10/13 15:16:28 Simulation time is 2025-10-01T00:30:00Z
2025/10/13 15:16:28 Checking orchestrator for reschedule...
2025/10/13 15:16:28 DummyPlugin: PostSimulationStep called
2025/10/13 15:16:28 Current Simulation Time: 2025-10-01 00:30:00 +0000 UTC
2025/10/13 15:16:28 Number of Nodes: 1085
2025/10/13 15:16:28 Number of Satellites: 1000
2025/10/13 15:16:28 Number of Ground Stations: 85
2025/10/13 15:16:29 Route from Graz to Honolulu in 67 ms
2025/10/13 15:16:29 Uplink latency 41.156321813438254 ms
2025/10/13 15:16:29 Latency between uplink nodes: 26 ms
2025/10/13 15:16:29 Graz -> STARLINK-1279 -> STARLINK-2388 -> Honolulu
2025/10/13 15:16:29 1.0320274252251082e+06 -> 2.404337749046748e+06 -> 1.1182925243578231e+07
2025/10/13 15:16:29 3.4772507093979375 -> 26 -> 37.67907110404032
2025/10/13 15:16:29 2404.337749046748 km apart
2025/10/13 15:16:29 {4.826007194829796e+06 2.1825199524283246e+06 4.247752088007261e+06} {5.524070968843006e+06 -98349.56289862748 3.945789784144986e+06}
2025/10/13 15:16:29 85 satellites in simulation.
2025/10/13 15:16:29 Simulation stepped by 60 seconds.
2025/10/13 15:16:29 Sunlight exposure of STARLINK-1279 is 0.43673427561458183
2025/10/13 15:16:29 Simulation time is 2025-10-01T00:40:00Z
2025/10/13 15:16:29 Checking orchestrator for reschedule...
2025/10/13 15:16:29 DummyPlugin: PostSimulationStep called
2025/10/13 15:16:29 Current Simulation Time: 2025-10-01 00:40:00 +0000 UTC
2025/10/13 15:16:29 Number of Nodes: 1085
2025/10/13 15:16:29 Number of Satellites: 1000
2025/10/13 15:16:29 Number of Ground Stations: 85
2025/10/13 15:16:30 Route from Graz to Honolulu in 226 ms
2025/10/13 15:16:30 Uplink latency 40.63391259786573 ms
2025/10/13 15:16:30 Latency between uplink nodes: 185 ms
2025/10/13 15:16:30 Graz -> STARLINK-2170 -> STARLINK-1193 -> Honolulu
2025/10/13 15:16:30 1.7719174307832073e+06 -> 1.0991723745196417e+07 -> 1.0287987275500763e+07
2025/10/13 15:16:30 5.970191288125449 -> 185 -> 34.66372130974028
2025/10/13 15:16:30 10991.723745196417 km apart
2025/10/13 15:16:30 {4.830695761102809e+06 350039.31864988245 4.757610495218474e+06} {2.2075968470545006e+06 -4.094880375644331e+06 -4.947029214173564e+06}
2025/10/13 15:16:30 85 satellites in simulation.
2025/10/13 15:16:30 Simulation stepped by 60 seconds.
2025/10/13 15:16:30 Sunlight exposure of STARLINK-2170 is 0.012350967660623158
2025/10/13 15:16:30 Simulation time is 2025-10-01T00:50:00Z
2025/10/13 15:16:30 Checking orchestrator for reschedule...
2025/10/13 15:16:30 DummyPlugin: PostSimulationStep called
2025/10/13 15:16:30 Current Simulation Time: 2025-10-01 00:50:00 +0000 UTC
2025/10/13 15:16:30 Number of Nodes: 1085
2025/10/13 15:16:30 Number of Satellites: 1000
2025/10/13 15:16:30 Number of Ground Stations: 85
2025/10/13 15:16:31 Route from Graz to Honolulu in 114 ms
2025/10/13 15:16:31 Uplink latency 54.346904417999724 ms
2025/10/13 15:16:31 Latency between uplink nodes: 59 ms
2025/10/13 15:16:31 Graz -> STARLINK-2198 -> STARLINK-1453 -> Honolulu
2025/10/13 15:16:31 7.3716247744247755e+06 -> 3.274326810206817e+06 -> 8.758214723163387e+06
2025/10/13 15:16:31 24.837506106674283 -> 59 -> 29.509398311325437
2025/10/13 15:16:31 3274.326810206817 km apart
2025/10/13 15:16:31 {5.724675871281774e+06 -3.6350711804310153e+06 336794.0515499627} {3.6799803428999544e+06 -5.192345033085332e+06 2.3654227519517196e+06}
2025/10/13 15:16:31 85 satellites in simulation.
2025/10/13 15:16:31 Simulation stepped by 60 seconds.
2025/10/13 15:16:31 Sunlight exposure of STARLINK-2198 is 0.014890918372130793
2025/10/13 15:16:31 Simulation time is 2025-10-01T01:00:00Z
2025/10/13 15:16:31 Checking orchestrator for reschedule...
2025/10/13 15:16:31 DummyPlugin: PostSimulationStep called
2025/10/13 15:16:31 Current Simulation Time: 2025-10-01 01:00:00 +0000 UTC
2025/10/13 15:16:31 Number of Nodes: 1085
2025/10/13 15:16:31 Number of Satellites: 1000
2025/10/13 15:16:31 Number of Ground Stations: 85
2025/10/13 15:16:32 Route from Graz to Honolulu in 61 ms
2025/10/13 15:16:32 Uplink latency 47.414450932335306 ms
2025/10/13 15:16:32 Latency between uplink nodes: 14 ms
2025/10/13 15:16:32 Graz -> STARLINK-1828 -> STARLINK-2362 -> Honolulu
2025/10/13 15:16:32 1.9613957182608596e+06 -> 2.8024292719685426e+06 -> 1.211093262490674e+07
2025/10/13 15:16:32 6.608607955592846 -> 14 -> 40.80584297674246
2025/10/13 15:16:32 2802.4292719685427 km apart
2025/10/13 15:16:32 {2.6535023487939076e+06 3.8035320111090313e+06 4.95818674019275e+06} {4.281816178347791e+06 4.477011368156206e+06 2.7790517162667364e+06}
2025/10/13 15:16:32 85 satellites in simulation.
2025/10/13 15:16:32 Simulation stepped by 60 seconds.
2025/10/13 15:16:32 Sunlight exposure of STARLINK-1828 is 0.6578346684229306
2025/10/13 15:16:32 Simulation time is 2025-10-01T01:10:00Z
2025/10/13 15:16:32 Checking orchestrator for reschedule...
2025/10/13 15:16:32 DummyPlugin: PostSimulationStep called
2025/10/13 15:16:32 Current Simulation Time: 2025-10-01 01:10:00 +0000 UTC
2025/10/13 15:16:32 Number of Nodes: 1085
2025/10/13 15:16:32 Number of Satellites: 1000
2025/10/13 15:16:32 Number of Ground Stations: 85
2025/10/13 15:16:33 Route from Graz to Honolulu in 221 ms
2025/10/13 15:16:33 Uplink latency 68.855330170446 ms
2025/10/13 15:16:33 Latency between uplink nodes: 152 ms
2025/10/13 15:16:33 Graz -> STARLINK-1799 -> STARLINK-1911 -> Honolulu
2025/10/13 15:16:33 7.930861248657295e+06 -> 1.2701936959856773e+07 -> 1.2504993122376468e+07
2025/10/13 15:16:33 26.721763616906696 -> 152 -> 42.1335665535393
2025/10/13 15:16:33 12701.936959856774 km apart
2025/10/13 15:16:33 {-4.082811898189746e+06 3.8973557618692787e+06 3.7735033813324347e+06} {4.464722542048873e+06 714703.693931936 -5.066721917808099e+06}
2025/10/13 15:16:33 85 satellites in simulation.
2025/10/13 15:16:33 Simulation stepped by 60 seconds.
2025/10/13 15:16:33 Sunlight exposure of STARLINK-1799 is 0.7271737029065154
2025/10/13 15:16:33 Simulation time is 2025-10-01T01:20:00Z
2025/10/13 15:16:33 Checking orchestrator for reschedule...
2025/10/13 15:16:33 DummyPlugin: PostSimulationStep called
2025/10/13 15:16:33 Current Simulation Time: 2025-10-01 01:20:00 +0000 UTC
2025/10/13 15:16:33 Number of Nodes: 1085
2025/10/13 15:16:33 Number of Satellites: 1000
2025/10/13 15:16:33 Number of Ground Stations: 85
2025/10/13 15:16:34 Route from Graz to Honolulu in 163 ms
2025/10/13 15:16:34 Uplink latency 71.4959136260504 ms
2025/10/13 15:16:34 Latency between uplink nodes: 91 ms
2025/10/13 15:16:34 Graz -> STARLINK-1170 -> STARLINK-2209 -> Honolulu
2025/10/13 15:16:34 1.0699062790407943e+07 -> 1.0725742251084127e+07 -> 1.0520501117995147e+07
2025/10/13 15:16:34 36.04877425590141 -> 91 -> 35.44713937014898
2025/10/13 15:16:34 10725.742251084126 km apart
2025/10/13 15:16:34 {-6.516885509098771e+06 135877.62760430784 1.8997285073406107e+06} {3.3735425257575894e+06 2.384728012708831e+06 5.3873712742297e+06}
2025/10/13 15:16:34 85 satellites in simulation.
2025/10/13 15:16:34 Simulation stepped by 60 seconds.
2025/10/13 15:16:34 Sunlight exposure of STARLINK-1170 is 0.798003189141155
2025/10/13 15:16:34 Simulation time is 2025-10-01T01:30:00Z
2025/10/13 15:16:34 Checking orchestrator for reschedule...
2025/10/13 15:16:34 DummyPlugin: PostSimulationStep called
2025/10/13 15:16:34 Current Simulation Time: 2025-10-01 01:30:00 +0000 UTC
2025/10/13 15:16:34 Number of Nodes: 1085
2025/10/13 15:16:34 Number of Satellites: 1000
2025/10/13 15:16:34 Number of Ground Stations: 85
2025/10/13 15:16:35 Route from Graz to Honolulu in 73 ms
2025/10/13 15:16:35 Uplink latency 10.25318604856708 ms
2025/10/13 15:16:35 Latency between uplink nodes: 63 ms
2025/10/13 15:16:35 Graz -> STARLINK-2314 -> STARLINK-2038 -> Honolulu
2025/10/13 15:16:35 732025.5062204271 -> 9.569970815129505e+06 -> 2.311059414132875e+06
2025/10/13 15:16:35 2.4664424109147562 -> 63 -> 7.786743637652323
2025/10/13 15:16:35 9569.970815129505 km apart
2025/10/13 15:16:35 {3.1489757958720294e+06 2.8326131253866088e+06 5.3057956866800245e+06} {-4.40970855771812e+06 -2.9398981725712772e+06 4.243371308114419e+06}
2025/10/13 15:16:35 85 satellites in simulation.
2025/10/13 15:16:35 Simulation stepped by 60 seconds.
2025/10/13 15:16:35 Sunlight exposure of STARLINK-2314 is 0.23639783320305205
2025/10/13 15:16:35 Simulation time is 2025-10-01T01:40:00Z
2025/10/13 15:16:35 Checking orchestrator for reschedule...
2025/10/13 15:16:35 DummyPlugin: PostSimulationStep called
2025/10/13 15:16:35 Current Simulation Time: 2025-10-01 01:40:00 +0000 UTC
2025/10/13 15:16:35 Number of Nodes: 1085
2025/10/13 15:16:35 Number of Satellites: 1000
2025/10/13 15:16:35 Number of Ground Stations: 85
2025/10/13 15:16:36 Route from Graz to Honolulu in 67 ms
2025/10/13 15:16:36 Uplink latency 34.97287951202942 ms
2025/10/13 15:16:36 Latency between uplink nodes: 32 ms
2025/10/13 15:16:36 Graz -> STARLINK-1136 -> STARLINK-1184 -> Honolulu
2025/10/13 15:16:36 913240.5073842612 -> 5.570402837631207e+06 -> 9.466503092339361e+06
2025/10/13 15:16:36 3.0770172618815756 -> 32 -> 31.89586225014785
2025/10/13 15:16:36 5570.402837631207 km apart
2025/10/13 15:16:36 {4.212995773555673e+06 2.813651285459802e+06 4.519758061130386e+06} {-1.1441935593406223e+06 4.157439857618292e+06 5.243734924247016e+06}
2025/10/13 15:16:36 85 satellites in simulation.
2025/10/13 15:16:36 Simulation stepped by 60 seconds.
2025/10/13 15:16:36 Sunlight exposure of STARLINK-1136 is 0.27553836249592534
