2025/10/13 15:16:39 Simulation state will be serialized to ./precomputed/mst/precomputed-2000.gob
2025/10/13 15:16:39 Starting LoaderService...
2025/10/13 15:16:39 Loading satellite constellation from ./resources/tle/starlink_2000.tle (tle)
2025/10/13 15:16:39 Parsed 2000 satellites from TLE
2025/10/13 15:16:41 Loaded 2000 satellites
2025/10/13 15:16:41 Injected 2000 satellites into simulation
2025/10/13 15:16:41 Starting LoaderService...
2025/10/13 15:16:41 Injected 85 ground stations into simulation
2025/10/13 15:16:41 Simulation loaded. Not autorunning as StepInterval < 0.
2025/10/13 15:16:41 Simulation time is 2025-10-01T00:10:00Z
2025/10/13 15:16:42 Checking orchestrator for reschedule...
2025/10/13 15:16:42 DummyPlugin: PostSimulationStep called
2025/10/13 15:16:42 Current Simulation Time: 2025-10-01 00:10:00 +0000 UTC
2025/10/13 15:16:42 Number of Nodes: 2085
2025/10/13 15:16:42 Number of Satellites: 2000
2025/10/13 15:16:42 Number of Ground Stations: 85
2025/10/13 15:16:43 Route from Graz to Honolulu in 127 ms
2025/10/13 15:16:43 Uplink latency 49.838758927199066 ms
2025/10/13 15:16:43 Latency between uplink nodes: 77 ms
2025/10/13 15:16:43 Graz -> STARLINK-3834 -> STARLINK-3079 -> Honolulu
2025/10/13 15:16:43 3.9199353624338903e+06 -> 9.659202747120412e+06 -> 1.0871913241705945e+07
2025/10/13 15:16:43 13.207592828111297 -> 77 -> 36.63116609908777
2025/10/13 15:16:43 9659.202747120413 km apart
2025/10/13 15:16:43 {1.8451539413140381e+06 4.518088535794537e+06 4.719490572364021e+06} {5.347661120644307e+06 -3.896853268220574e+06 1.5223988308343296e+06}
2025/10/13 15:16:43 85 satellites in simulation.
2025/10/13 15:16:43 Simulation stepped by 60 seconds.
2025/10/13 15:16:43 Sunlight exposure of STARLINK-3834 is 0.5706566194197986
2025/10/13 15:16:43 Simulation time is 2025-10-01T00:20:00Z
2025/10/13 15:16:43 Checking orchestrator for reschedule...
2025/10/13 15:16:43 DummyPlugin: PostSimulationStep called
2025/10/13 15:16:43 Current Simulation Time: 2025-10-01 00:20:00 +0000 UTC
2025/10/13 15:16:43 Number of Nodes: 2085
2025/10/13 15:16:43 Number of Satellites: 2000
2025/10/13 15:16:43 Number of Ground Stations: 85
2025/10/13 15:16:44 Route from Graz to Honolulu in 216 ms
2025/10/13 15:16:44 Uplink latency 53.17546179645376 ms
2025/10/13 15:16:44 Latency between uplink nodes: 163 ms
2025/10/13 15:16:44 Graz -> STARLINK-1664 -> STARLINK-2603 -> Honolulu
2025/10/13 15:16:44 3.0802539039022448e+06 -> 1.121643903061281e+07 -> 1.2701908358551396e+07
2025/10/13 15:16:44 10.378420970870593 -> 163 -> 42.79704082558317
2025/10/13 15:16:44 11216.43903061281 km apart
2025/10/13 15:16:44 {3.817093687748891e+06 -1.4484049771529199e+06 5.424078027480882e+06} {3.8312589881475116e+06 1.7537062828716917e+06 -5.325563238633192e+06}
2025/10/13 15:16:44 85 satellites in simulation.
2025/10/13 15:16:44 Simulation stepped by 60 seconds.
2025/10/13 15:16:44 Sunlight exposure of STARLINK-1664 is 0.4289498509427969
2025/10/13 15:16:44 Simulation time is 2025-10-01T00:30:00Z
2025/10/13 15:16:45 Checking orchestrator for reschedule...
2025/10/13 15:16:45 DummyPlugin: PostSimulationStep called
2025/10/13 15:16:45 Current Simulation Time: 2025-10-01 00:30:00 +0000 UTC
2025/10/13 15:16:45 Number of Nodes: 2085
2025/10/13 15:16:45 Number of Satellites: 2000
2025/10/13 15:16:45 Number of Ground Stations: 85
2025/10/13 15:16:46 Route from Graz to Honolulu in 66 ms
2025/10/13 15:16:46 Uplink latency 49.17710914724229 ms
2025/10/13 15:16:46 Latency between uplink nodes: 17 ms
2025/10/13 15:16:46 Graz -> STARLINK-1263 -> STARLINK-2697 -> Honolulu
2025/10/13 15:16:46 4.1094007749678e+06 -> 3.844211072193555e+06 -> 1.048607409144756e+07
2025/10/13 15:16:46 13.845966115522923 -> 17 -> 35.331143031719364
2025/10/13 15:16:46 3844.211072193555 km apart
2025/10/13 15:16:46 {3.3915430800219025e+06 -2.291834856256089e+06 5.416231201529564e+06} {3.791513554364586e+06 1.5315107272597244e+06 5.419538200129092e+06}
2025/10/13 15:16:46 85 satellites in simulation.
2025/10/13 15:16:46 Simulation stepped by 60 seconds.
2025/10/13 15:16:46 Sunlight exposure of STARLINK-1263 is 0.5074994766849515
2025/10/13 15:16:46 Simulation time is 2025-10-01T00:40:00Z
2025/10/13 15:16:46 Checking orchestrator for reschedule...
2025/10/13 15:16:46 DummyPlugin: PostSimulationStep called
2025/10/13 15:16:46 Current Simulation Time: 2025-10-01 00:40:00 +0000 UTC
2025/10/13 15:16:46 Number of Nodes: 2085
2025/10/13 15:16:46 Number of Satellites: 2000
2025/10/13 15:16:46 Number of Ground Stations: 85
2025/10/13 15:16:47 Route from Graz to Honolulu in 126 ms
2025/10/13 15:16:47 Uplink latency 58.94817421753066 ms
2025/10/13 15:16:47 Latency between uplink nodes: 68 ms
2025/10/13 15:16:47 Graz -> STARLINK-2119 -> STARLINK-1603 -> Honolulu
2025/10/13 15:16:47 6.051780834426004e+06 -> 9.39894556602811e+06 -> 1.1443688300145727e+07
2025/10/13 15:16:47 20.390503861889712 -> 68 -> 38.557670355640944
2025/10/13 15:16:47 9398.945566028111 km apart
2025/10/13 15:16:47 {3.166804372392321e+06 -4.1255416823110953e+06 4.364327423201806e+06} {2.6812848013482746e+06 5.213651295129867e+06 3.4241556147486526e+06}
2025/10/13 15:16:47 85 satellites in simulation.
2025/10/13 15:16:47 Simulation stepped by 60 seconds.
2025/10/13 15:16:47 Sunlight exposure of STARLINK-2119 is 0.4565122572067102
2025/10/13 15:16:47 Simulation time is 2025-10-01T00:50:00Z
2025/10/13 15:16:48 Checking orchestrator for reschedule...
2025/10/13 15:16:48 DummyPlugin: PostSimulationStep called
2025/10/13 15:16:48 Current Simulation Time: 2025-10-01 00:50:00 +0000 UTC
2025/10/13 15:16:48 Number of Nodes: 2085
2025/10/13 15:16:48 Number of Satellites: 2000
2025/10/13 15:16:48 Number of Ground Stations: 85
2025/10/13 15:16:49 Route from Graz to Honolulu in 267 ms
2025/10/13 15:16:49 Uplink latency 61.142056305770666 ms
2025/10/13 15:16:49 Latency between uplink nodes: 206 ms
2025/10/13 15:16:49 Graz -> STARLINK-1325 -> STARLINK-1209 -> Honolulu
2025/10/13 15:16:49 5.908650387215909e+06 -> 1.298588922870743e+07 -> 1.2237949963363495e+07
2025/10/13 15:16:49 19.908248800703536 -> 206 -> 41.23380750506713
2025/10/13 15:16:49 12985.88922870743 km apart
2025/10/13 15:16:49 {2.259806584746855e+06 -3.615578807907547e+06 5.281505780968283e+06} {800455.423672375 5.612996750317158e+06 -3.7371973638895093e+06}
2025/10/13 15:16:49 85 satellites in simulation.
2025/10/13 15:16:49 Simulation stepped by 60 seconds.
2025/10/13 15:16:49 Sunlight exposure of STARLINK-1325 is 0.12186118802166795
2025/10/13 15:16:49 Simulation time is 2025-10-01T01:00:00Z
2025/10/13 15:16:49 Checking orchestrator for reschedule...
2025/10/13 15:16:49 DummyPlugin: PostSimulationStep called
2025/10/13 15:16:49 Current Simulation Time: 2025-10-01 01:00:00 +0000 UTC
2025/10/13 15:16:49 Number of Nodes: 2085
2025/10/13 15:16:49 Number of Satellites: 2000
2025/10/13 15:16:49 Number of Ground Stations: 85
2025/10/13 15:16:50 Route from Graz to Honolulu in 199 ms
2025/10/13 15:16:50 Uplink latency 31.47198054374758 ms
2025/10/13 15:16:50 Latency between uplink nodes: 168 ms
2025/10/13 15:16:50 Graz -> STARLINK-2329 -> STARLINK-2468 -> Honolulu
2025/10/13 15:16:50 1.8299452510582784e+06 -> 1.012751816786532e+07 -> 7.510752260201185e+06
2025/10/13 15:16:50 6.165706711731846 -> 168 -> 25.306273832015734
2025/10/13 15:16:50 10127.518167865319 km apart
2025/10/13 15:16:50 {3.0229458820827e+06 3.8864891879251027e+06 4.674489796092467e+06} {2.4009689132944457e+06 -5.931540600430431e+06 2.269066763504958e+06}
2025/10/13 15:16:50 85 satellites in simulation.
2025/10/13 15:16:50 Simulation stepped by 60 seconds.
2025/10/13 15:16:50 Sunlight exposure of STARLINK-2329 is 0.43480628258554105
2025/10/13 15:16:50 Simulation time is 2025-10-01T01:10:00Z
2025/10/13 15:16:51 Checking orchestrator for reschedule...
2025/10/13 15:16:51 DummyPlugin: PostSimulationStep called
2025/10/13 15:16:51 Current Simulation Time: 2025-10-01 01:10:00 +0000 UTC
2025/10/13 15:16:51 Number of Nodes: 2085
2025/10/13 15:16:51 Number of Satellites: 2000
2025/10/13 15:16:51 Number of Ground Stations: 85
2025/10/13 15:16:52 Route from Graz to Honolulu in 90 ms
2025/10/13 15:16:52 Uplink latency 43.223209546903455 ms
2025/10/13 15:16:52 Latency between uplink nodes: 46 ms
2025/10/13 15:16:52 Graz -> STARLINK-1303 -> STARLINK-3634 -> Honolulu
2025/10/13 15:16:52 8.150615396782777e+06 -> 7.503755658523859e+06 -> 4.6777773153376505e+06
2025/10/13 15:16:52 27.46218993580592 -> 46 -> 15.761019611097534
2025/10/13 15:16:52 7503.75565852386 km apart
2025/10/13 15:16:52 {1.2989186495887064e+06 -5.399241340695616e+06 3.905606491356546e+06} {-4.0494144516902734e+06 -363730.45550969697 5.437047690282102e+06}
2025/10/13 15:16:52 85 satellites in simulation.
2025/10/13 15:16:52 Simulation stepped by 60 seconds.
2025/10/13 15:16:52 Sunlight exposure of STARLINK-1303 is 0.6369544499228763
2025/10/13 15:16:52 Simulation time is 2025-10-01T01:20:00Z
2025/10/13 15:16:52 Checking orchestrator for reschedule...
2025/10/13 15:16:52 DummyPlugin: PostSimulationStep called
2025/10/13 15:16:52 Current Simulation Time: 2025-10-01 01:20:00 +0000 UTC
2025/10/13 15:16:52 Number of Nodes: 2085
2025/10/13 15:16:52 Number of Satellites: 2000
2025/10/13 15:16:52 Number of Ground Stations: 85
2025/10/13 15:16:53 Route from Graz to Honolulu in 69 ms
2025/10/13 15:16:53 Uplink latency 44.681868301920076 ms
2025/10/13 15:16:53 Latency between uplink nodes: 24 ms
2025/10/13 15:16:53 Graz -> STARLINK-2468 -> STARLINK-2304 -> Honolulu
2025/10/13 15:16:53 1.171157408372033e+06 -> 3.491535057131629e+06 -> 1.2090156586977497e+07
2025/10/13 15:16:53 3.946026849228371 -> 24 -> 40.7358414526917
2025/10/13 15:16:53 3491.535057131629 km apart
2025/10/13 15:16:53 {3.85575579026102e+06 1.6378159234384834e+06 5.342395291356103e+06} {5.729249298648331e+06 2.596505093812191e+06 2.556402792475687e+06}
2025/10/13 15:16:53 85 satellites in simulation.
2025/10/13 15:16:53 Simulation stepped by 60 seconds.
2025/10/13 15:16:53 Sunlight exposure of STARLINK-2468 is 0.26290145307744
2025/10/13 15:16:53 Simulation time is 2025-10-01T01:30:00Z
2025/10/13 15:16:54 Checking orchestrator for reschedule...
2025/10/13 15:16:54 DummyPlugin: PostSimulationStep called
2025/10/13 15:16:54 Current Simulation Time: 2025-10-01 01:30:00 +0000 UTC
2025/10/13 15:16:54 Number of Nodes: 2085
2025/10/13 15:16:54 Number of Satellites: 2000
2025/10/13 15:16:54 Number of Ground Stations: 85
2025/10/13 15:16:55 Route from Graz to Honolulu in 68 ms
2025/10/13 15:16:55 Uplink latency 33.86519342989048 ms
2025/10/13 15:16:55 Latency between uplink nodes: 34 ms
2025/10/13 15:16:55 Graz -> STARLINK-3778 -> STARLINK-2094 -> Honolulu
2025/10/13 15:16:55 3.246949105641865e+06 -> 6.542628835962127e+06 -> 6.804039822404524e+06
2025/10/13 15:16:55 10.940073688942398 -> 34 -> 22.92511974094808
2025/10/13 15:16:55 6542.628835962127 km apart
2025/10/13 15:16:55 {5.824802294248731e+06 897270.6201115535 3.371267842630723e+06} {2.0756985544701961e+06 -4.251033655625546e+06 4.869659085920956e+06}
2025/10/13 15:16:55 85 satellites in simulation.
2025/10/13 15:16:55 Simulation stepped by 60 seconds.
2025/10/13 15:16:55 Sunlight exposure of STARLINK-3778 is 0.9292650833860253
2025/10/13 15:16:55 Simulation time is 2025-10-01T01:40:00Z
2025/10/13 15:16:55 Checking orchestrator for reschedule...
2025/10/13 15:16:55 DummyPlugin: PostSimulationStep called
2025/10/13 15:16:55 Current Simulation Time: 2025-10-01 01:40:00 +0000 UTC
2025/10/13 15:16:55 Number of Nodes: 2085
2025/10/13 15:16:55 Number of Satellites: 2000
2025/10/13 15:16:55 Number of Ground Stations: 85
2025/10/13 15:16:56 Route from Graz to Honolulu in 38 ms
2025/10/13 15:16:56 Uplink latency 38.90484730324107 ms
2025/10/13 15:16:56 Latency between uplink nodes: 0 ms
2025/10/13 15:16:56 Graz -> STARLINK-3127 -> STARLINK-3127 -> Honolulu
2025/10/13 15:16:56 992793.1433383056 -> 0 -> 1.0553935219567608e+07
2025/10/13 15:16:56 3.345057095944453 -> 0 -> 35.559790207296615
2025/10/13 15:16:56 0 km apart
2025/10/13 15:16:56 {3.7183434599573794e+06 2.157094803142973e+06 5.254789218500967e+06} {3.7183434599573794e+06 2.157094803142973e+06 5.254789218500967e+06}
2025/10/13 15:16:56 85 satellites in simulation.
2025/10/13 15:16:56 Simulation stepped by 60 seconds.
2025/10/13 15:16:56 Sunlight exposure of STARLINK-3127 is 0.7833248413746222
