2025/10/13 15:19:23 Simulation state will be serialized to ./precomputed/mst/precomputed-newest-double.gob
2025/10/13 15:19:23 Starting LoaderService...
2025/10/13 15:19:23 Loading satellite constellation from ./resources/tle/starlink_newest_double.tle (tle)
2025/10/13 15:19:23 Parsed 13764 satellites from TLE
2025/10/13 15:21:49 Loaded 13764 satellites
2025/10/13 15:21:49 Injected 13764 satellites into simulation
2025/10/13 15:21:49 Starting LoaderService...
2025/10/13 15:21:49 Injected 85 ground stations into simulation
2025/10/13 15:21:49 Simulation loaded. Not autorunning as StepInterval < 0.
2025/10/13 15:21:49 Simulation time is 2025-10-01T00:10:00Z
2025/10/13 15:23:02 Checking orchestrator for reschedule...
2025/10/13 15:23:02 DummyPlugin: PostSimulationStep called
2025/10/13 15:23:02 Current Simulation Time: 2025-10-01 00:10:00 +0000 UTC
2025/10/13 15:23:02 Number of Nodes: 13849
2025/10/13 15:23:02 Number of Satellites: 13764
2025/10/13 15:23:02 Number of Ground Stations: 85
2025/10/13 15:23:03 Route from Graz to Honolulu in 59 ms
2025/10/13 15:23:03 Uplink latency 41.740439885311126 ms
2025/10/13 15:23:03 Latency between uplink nodes: 17 ms
2025/10/13 15:23:03 Graz -> STARLINK-4289 -> STARLINK-32401 DUPLICATE -> Honolulu
2025/10/13 15:23:03 832768.3847290287 -> 2.782659226164009e+06 -> 1.1555547069827193e+07
2025/10/13 15:23:03 2.8058793650096683 -> 17 -> 38.93456052030146
2025/10/13 15:23:03 2782.659226164009 km apart
2025/10/13 15:23:03 {4.114162832528902e+06 866112.011062664 5.3306888626374565e+06} {4.515377515394349e+06 3.2269239491515746e+06 3.913372334763128e+06}
2025/10/13 15:23:03 85 satellites in simulation.
2025/10/13 15:23:03 Simulation stepped by 60 seconds.
2025/10/13 15:23:03 Sunlight exposure of STARLINK-4289 is 0.7080257979058279
2025/10/13 15:23:03 Simulation time is 2025-10-01T00:20:00Z
2025/10/13 15:23:36 Checking orchestrator for reschedule...
2025/10/13 15:23:36 DummyPlugin: PostSimulationStep called
2025/10/13 15:23:36 Current Simulation Time: 2025-10-01 00:20:00 +0000 UTC
2025/10/13 15:23:36 Number of Nodes: 13849
2025/10/13 15:23:36 Number of Satellites: 13764
2025/10/13 15:23:36 Number of Ground Stations: 85
2025/10/13 15:23:37 Route from Graz to Honolulu in 76 ms
2025/10/13 15:23:37 Uplink latency 56.25270197515451 ms
2025/10/13 15:23:37 Latency between uplink nodes: 20 ms
2025/10/13 15:23:37 Graz -> STARLINK-31978 -> STARLINK-32422 -> Honolulu
2025/10/13 15:23:37 8.607003317339066e+06 -> 2.9965455572687434e+06 -> 8.088465612891099e+06
2025/10/13 15:23:37 28.99991575754835 -> 20 -> 27.252786217606157
2025/10/13 15:23:37 2996.5455572687433 km apart
2025/10/13 15:23:37 {-4.395105690830992e+06 2.9776989470016374e+06 4.232033283662667e+06} {-1.7442039762958176e+06 3.9314684018158247e+06 5.252978533774036e+06}
2025/10/13 15:23:37 85 satellites in simulation.
2025/10/13 15:23:37 Simulation stepped by 60 seconds.
2025/10/13 15:23:37 Sunlight exposure of STARLINK-31978 is 0.8244285112648472
2025/10/13 15:23:37 Simulation time is 2025-10-01T00:30:00Z
2025/10/13 15:24:08 Checking orchestrator for reschedule...
2025/10/13 15:24:08 DummyPlugin: PostSimulationStep called
2025/10/13 15:24:08 Current Simulation Time: 2025-10-01 00:30:00 +0000 UTC
2025/10/13 15:24:08 Number of Nodes: 13849
2025/10/13 15:24:08 Number of Satellites: 13764
2025/10/13 15:24:08 Number of Ground Stations: 85
2025/10/13 15:24:09 Route from Graz to Honolulu in 78 ms
2025/10/13 15:24:09 Uplink latency 22.999357130887926 ms
2025/10/13 15:24:09 Latency between uplink nodes: 55 ms
2025/10/13 15:24:09 Graz -> STARLINK-4565 DUPLICATE -> STARLINK-30799 DUPLICATE -> Honolulu
2025/10/13 15:24:09 622677.9000356542 -> 8.127374482033511e+06 -> 6.203395140217667e+06
2025/10/13 15:24:09 2.0980132084698395 -> 55 -> 20.901343922418086
2025/10/13 15:24:09 8127.3744820335105 km apart
2025/10/13 15:24:09 {3.8991316981202434e+06 1.8483814674238344e+06 5.241573501422063e+06} {-4.15814010982133e+06 2.719844356002924e+06 4.6290872419934925e+06}
2025/10/13 15:24:09 85 satellites in simulation.
2025/10/13 15:24:09 Simulation stepped by 60 seconds.
2025/10/13 15:24:09 Sunlight exposure of STARLINK-4565 DUPLICATE is 0.1366914710322586
2025/10/13 15:24:09 Simulation time is 2025-10-01T00:40:00Z
2025/10/13 15:24:38 Checking orchestrator for reschedule...
2025/10/13 15:24:38 DummyPlugin: PostSimulationStep called
2025/10/13 15:24:38 Current Simulation Time: 2025-10-01 00:40:00 +0000 UTC
2025/10/13 15:24:38 Number of Nodes: 13849
2025/10/13 15:24:38 Number of Satellites: 13764
2025/10/13 15:24:38 Number of Ground Stations: 85
2025/10/13 15:24:40 Route from Graz to Honolulu in 100 ms
2025/10/13 15:24:40 Uplink latency 6.873979103611946 ms
2025/10/13 15:24:40 Latency between uplink nodes: 93 ms
2025/10/13 15:24:40 Graz -> STARLINK-11290 [DTC] -> STARLINK-3628 DUPLICATE -> Honolulu
2025/10/13 15:24:40 1.4968578875167377e+06 -> 1.0779086786237603e+07 -> 543298.4164789945
2025/10/13 15:24:40 5.043422320002938 -> 93 -> 1.8305567836090078
2025/10/13 15:24:40 10779.086786237604 km apart
2025/10/13 15:24:40 {3.0938538810594245e+06 2.940524590807494e+06 5.279575310864386e+06} {-5.139405587095195e+06 -3.5206182149593774e+06 2.6996946704526227e+06}
2025/10/13 15:24:40 85 satellites in simulation.
2025/10/13 15:24:40 Simulation stepped by 60 seconds.
2025/10/13 15:24:40 Sunlight exposure of STARLINK-11290 [DTC] is 0.862824793551524
2025/10/13 15:24:40 Simulation time is 2025-10-01T00:50:00Z
2025/10/13 15:25:07 Checking orchestrator for reschedule...
2025/10/13 15:25:07 DummyPlugin: PostSimulationStep called
2025/10/13 15:25:07 Current Simulation Time: 2025-10-01 00:50:00 +0000 UTC
2025/10/13 15:25:07 Number of Nodes: 13849
2025/10/13 15:25:07 Number of Satellites: 13764
2025/10/13 15:25:07 Number of Ground Stations: 85
2025/10/13 15:25:08 Route from Graz to Honolulu in 49 ms
2025/10/13 15:25:08 Uplink latency 42.496869267998576 ms
2025/10/13 15:25:08 Latency between uplink nodes: 7 ms
2025/10/13 15:25:08 Graz -> STARLINK-1259 -> STARLINK-1307 -> Honolulu
2025/10/13 15:25:08 1.3572776052658376e+06 -> 621478.4015282381 -> 1.1255541612010073e+07
2025/10/13 15:25:08 4.573128969640627 -> 7 -> 37.92374029835795
2025/10/13 15:25:08 621.4784015282381 km apart
2025/10/13 15:25:08 {3.3741539545678147e+06 3.2926033700696696e+06 4.88500360071188e+06} {3.7336205579480543e+06 3.53043048014257e+06 4.437278874641564e+06}
2025/10/13 15:25:08 85 satellites in simulation.
2025/10/13 15:25:08 Simulation stepped by 60 seconds.
2025/10/13 15:25:08 Sunlight exposure of STARLINK-1259 is 0.2765080941662007
2025/10/13 15:25:08 Simulation time is 2025-10-01T01:00:00Z
2025/10/13 15:25:41 Checking orchestrator for reschedule...
2025/10/13 15:25:41 DummyPlugin: PostSimulationStep called
2025/10/13 15:25:41 Current Simulation Time: 2025-10-01 01:00:00 +0000 UTC
2025/10/13 15:25:41 Number of Nodes: 13849
2025/10/13 15:25:41 Number of Satellites: 13764
2025/10/13 15:25:41 Number of Ground Stations: 85
2025/10/13 15:25:42 Route from Graz to Honolulu in 112 ms
2025/10/13 15:25:42 Uplink latency 59.58873439560669 ms
2025/10/13 15:25:42 Latency between uplink nodes: 53 ms
2025/10/13 15:25:42 Graz -> STARLINK-2043 -> STARLINK-2225 DUPLICATE -> Honolulu
2025/10/13 15:25:42 7.217840328982655e+06 -> 7.535028643535335e+06 -> 1.046774327432579e+07
2025/10/13 15:25:42 24.319354109026214 -> 53 -> 35.26938028658048
2025/10/13 15:25:42 7535.028643535335 km apart
2025/10/13 15:25:42 {484697.17176097754 -4.1942925977430698e+06 5.316391674100596e+06} {2.7896600258877063e+06 2.9787064520683903e+06 5.4254216305245375e+06}
2025/10/13 15:25:42 85 satellites in simulation.
2025/10/13 15:25:42 Simulation stepped by 60 seconds.
2025/10/13 15:25:42 Sunlight exposure of STARLINK-2043 is 0.31863103211228827
2025/10/13 15:25:42 Simulation time is 2025-10-01T01:10:00Z
2025/10/13 15:26:12 Checking orchestrator for reschedule...
2025/10/13 15:26:12 DummyPlugin: PostSimulationStep called
2025/10/13 15:26:12 Current Simulation Time: 2025-10-01 01:10:00 +0000 UTC
2025/10/13 15:26:12 Number of Nodes: 13849
2025/10/13 15:26:12 Number of Satellites: 13764
2025/10/13 15:26:12 Number of Ground Stations: 85
2025/10/13 15:26:13 Route from Graz to Honolulu in 79 ms
2025/10/13 15:26:13 Uplink latency 45.0720757027367 ms
2025/10/13 15:26:13 Latency between uplink nodes: 34 ms
2025/10/13 15:26:13 Graz -> STARLINK-6229 DUPLICATE -> STARLINK-30261 -> Honolulu
2025/10/13 15:26:13 2.833442992270272e+06 -> 5.617061683456714e+06 -> 1.054368224961382e+07
2025/10/13 15:26:13 9.546831231506612 -> 34 -> 35.52524447123009
2025/10/13 15:26:13 5617.0616834567145 km apart
2025/10/13 15:26:13 {2.7939189065853264e+06 4.919257420983427e+06 3.75613829217092e+06} {5.071865180373201e+06 -159081.50559823308 4.5129846941964235e+06}
2025/10/13 15:26:13 85 satellites in simulation.
2025/10/13 15:26:13 Simulation stepped by 60 seconds.
2025/10/13 15:26:13 Sunlight exposure of STARLINK-6229 DUPLICATE is 0.42304082860221176
2025/10/13 15:26:13 Simulation time is 2025-10-01T01:20:00Z
2025/10/13 15:26:42 Checking orchestrator for reschedule...
2025/10/13 15:26:42 DummyPlugin: PostSimulationStep called
2025/10/13 15:26:42 Current Simulation Time: 2025-10-01 01:20:00 +0000 UTC
2025/10/13 15:26:42 Number of Nodes: 13849
2025/10/13 15:26:42 Number of Satellites: 13764
2025/10/13 15:26:42 Number of Ground Stations: 85
2025/10/13 15:26:43 Route from Graz to Honolulu in 127 ms
2025/10/13 15:26:43 Uplink latency 43.66663838188505 ms
2025/10/13 15:26:43 Latency between uplink nodes: 84 ms
2025/10/13 15:26:43 Graz -> STARLINK-31779 DUPLICATE -> STARLINK-30242 -> Honolulu
2025/10/13 15:26:43 1.2490558415501595e+07 -> 6.877795562711259e+06 -> 469441.34974266845
2025/10/13 15:26:43 42.08493112632703 -> 84 -> 1.5817072555580234
2025/10/13 15:26:43 6877.79556271126 km apart
2025/10/13 15:26:43 {-6.234302470119159e+06 -41569.120246091625 -2.6889517467777915e+06} {-4.585020495642289e+06 -4.423752951567852e+06 2.348945199331617e+06}
2025/10/13 15:26:43 85 satellites in simulation.
2025/10/13 15:26:43 Simulation stepped by 60 seconds.
2025/10/13 15:26:43 Sunlight exposure of STARLINK-31779 DUPLICATE is 0.9690632621826907
2025/10/13 15:26:43 Simulation time is 2025-10-01T01:30:00Z
2025/10/13 15:27:15 Checking orchestrator for reschedule...
2025/10/13 15:27:15 DummyPlugin: PostSimulationStep called
2025/10/13 15:27:15 Current Simulation Time: 2025-10-01 01:30:00 +0000 UTC
2025/10/13 15:27:15 Number of Nodes: 13849
2025/10/13 15:27:15 Number of Satellites: 13764
2025/10/13 15:27:15 Number of Ground Stations: 85
2025/10/13 15:27:16 Route from Graz to Honolulu in 104 ms
2025/10/13 15:27:16 Uplink latency 60.562196742112874 ms
2025/10/13 15:27:16 Latency between uplink nodes: 44 ms
2025/10/13 15:27:16 Graz -> STARLINK-4387 DUPLICATE -> STARLINK-32486 -> Honolulu
2025/10/13 15:27:16 1.2503923875062497e+07 -> 6.453102175355472e+06 -> 5.47057758979189e+06
2025/10/13 15:27:16 42.12996389639071 -> 44 -> 18.432232845722158
2025/10/13 15:27:16 6453.102175355471 km apart
2025/10/13 15:27:16 {-888662.4054991292 -195699.16308679018 -6.729921259164943e+06} {-3.767305548294033e+06 -4.706350618434487e+06 -3.122988380611878e+06}
2025/10/13 15:27:16 85 satellites in simulation.
2025/10/13 15:27:16 Simulation stepped by 60 seconds.
2025/10/13 15:27:16 Sunlight exposure of STARLINK-4387 DUPLICATE is 0.3809729585800997
2025/10/13 15:27:16 Simulation time is 2025-10-01T01:40:00Z
2025/10/13 15:27:45 Checking orchestrator for reschedule...
2025/10/13 15:27:45 DummyPlugin: PostSimulationStep called
2025/10/13 15:27:45 Current Simulation Time: 2025-10-01 01:40:00 +0000 UTC
2025/10/13 15:27:45 Number of Nodes: 13849
2025/10/13 15:27:45 Number of Satellites: 13764
2025/10/13 15:27:45 Number of Ground Stations: 85
2025/10/13 15:27:46 Route from Graz to Honolulu in 198 ms
2025/10/13 15:27:46 Uplink latency 62.64222471727648 ms
2025/10/13 15:27:46 Latency between uplink nodes: 135 ms
2025/10/13 15:27:46 Graz -> STARLINK-1683 -> STARLINK-5804 -> Honolulu
2025/10/13 15:27:46 1.2665629741775248e+07 -> 1.0803532920758078e+07 -> 5.926211712342086e+06
2025/10/13 15:27:46 42.67480585116538 -> 135 -> 19.967418866111096
2025/10/13 15:27:46 10803.532920758078 km apart
2025/10/13 15:27:46 {-37984.23443416081 -4.0866058185232915e+06 -5.423670610273726e+06} {1.051922339972949e+06 -4.082480692121473e+06 5.324743701256135e+06}
2025/10/13 15:27:46 85 satellites in simulation.
2025/10/13 15:27:46 Simulation stepped by 60 seconds.
2025/10/13 15:27:46 Sunlight exposure of STARLINK-1683 is 0.006113735476342439
