2025/10/13 15:27:49 Simulation state will be serialized to ./precomputed/mst/precomputed-newest-triple.gob
2025/10/13 15:27:49 Starting LoaderService...
2025/10/13 15:27:49 Loading satellite constellation from ./resources/tle/starlink_newest_triple.tle (tle)
2025/10/13 15:27:49 Parsed 20646 satellites from TLE
2025/10/13 15:34:25 Loaded 20646 satellites
2025/10/13 15:34:25 Injected 20646 satellites into simulation
2025/10/13 15:34:25 Starting LoaderService...
2025/10/13 15:34:25 Injected 85 ground stations into simulation
2025/10/13 15:34:25 Simulation loaded. Not autorunning as StepInterval < 0.
2025/10/13 15:34:25 Simulation time is 2025-10-01T00:10:00Z
2025/10/13 15:37:16 Checking orchestrator for reschedule...
2025/10/13 15:37:16 DummyPlugin: PostSimulationStep called
2025/10/13 15:37:16 Current Simulation Time: 2025-10-01 00:10:00 +0000 UTC
2025/10/13 15:37:16 Number of Nodes: 20731
2025/10/13 15:37:16 Number of Satellites: 20646
2025/10/13 15:37:16 Number of Ground Stations: 85
2025/10/13 15:37:17 Route from Graz to Honolulu in 249 ms
2025/10/13 15:37:17 Uplink latency 36.74665895233368 ms
2025/10/13 15:37:17 Latency between uplink nodes: 212 ms
2025/10/13 15:37:17 Graz -> STARLINK-31556 DUPLICATE2 -> STARLINK-4185 -> Honolulu
2025/10/13 15:37:17 4.933215372592091e+06 -> 1.1322336539980419e+07 -> 5.972975464239548e+06
2025/10/13 15:37:17 16.621677132482194 -> 212 -> 20.124981819851488
2025/10/13 15:37:17 11322.336539980419 km apart
2025/10/13 15:37:17 {6.592690984504163e+06 1.5835150757762333e+06 373607.3258904482} {-3.6048503461044207e+06 2.4109252710405355e+06 5.2234370037119435e+06}
2025/10/13 15:37:17 85 satellites in simulation.
2025/10/13 15:37:17 Simulation stepped by 60 seconds.
2025/10/13 15:37:17 Sunlight exposure of STARLINK-31556 DUPLICATE2 is 0.94326986671497
2025/10/13 15:37:17 Simulation time is 2025-10-01T00:20:00Z
2025/10/13 15:38:42 Checking orchestrator for reschedule...
2025/10/13 15:38:42 DummyPlugin: PostSimulationStep called
2025/10/13 15:38:42 Current Simulation Time: 2025-10-01 00:20:00 +0000 UTC
2025/10/13 15:38:42 Number of Nodes: 20731
2025/10/13 15:38:42 Number of Satellites: 20646
2025/10/13 15:38:42 Number of Ground Stations: 85
2025/10/13 15:38:43 Route from Graz to Honolulu in 166 ms
2025/10/13 15:38:43 Uplink latency 36.59983838686955 ms
2025/10/13 15:38:43 Latency between uplink nodes: 129 ms
2025/10/13 15:38:43 Graz -> STARLINK-31845 DUPLICATE1 -> STARLINK-30906 -> Honolulu
2025/10/13 15:38:43 878445.6050641373 -> 1.1571752674472328e+07 -> 9.984169757115496e+06
2025/10/13 15:38:43 2.9597814251016636 -> 129 -> 33.64005696176789
2025/10/13 15:38:43 11571.752674472329 km apart
2025/10/13 15:38:43 {3.7132774030301953e+06 1.862129513041406e+06 5.369965962495703e+06} {2.3076593613375737e+06 -5.226800219535277e+06 -3.6675543349429676e+06}
2025/10/13 15:38:43 85 satellites in simulation.
2025/10/13 15:38:43 Simulation stepped by 60 seconds.
2025/10/13 15:38:43 Sunlight exposure of STARLINK-31845 DUPLICATE1 is 0.36854285567918194
2025/10/13 15:38:43 Simulation time is 2025-10-01T00:30:00Z
2025/10/13 15:40:05 Checking orchestrator for reschedule...
2025/10/13 15:40:05 DummyPlugin: PostSimulationStep called
2025/10/13 15:40:05 Current Simulation Time: 2025-10-01 00:30:00 +0000 UTC
2025/10/13 15:40:05 Number of Nodes: 20731
2025/10/13 15:40:05 Number of Satellites: 20646
2025/10/13 15:40:05 Number of Ground Stations: 85
2025/10/13 15:40:06 Route from Graz to Honolulu in 91 ms
2025/10/13 15:40:06 Uplink latency 6.396671818209928 ms
2025/10/13 15:40:06 Latency between uplink nodes: 85 ms
2025/10/13 15:40:06 Graz -> STARLINK-33544 DUPLICATE1 -> STARLINK-5381 DUPLICATE2 -> Honolulu
2025/10/13 15:40:06 1.4232160871647785e+06 -> 1.1745752458319394e+07 -> 475278.2401827643
2025/10/13 15:40:06 4.795298097471414 -> 85 -> 1.6013737207385144
2025/10/13 15:40:06 11745.752458319394 km apart
2025/10/13 15:40:06 {5.265263100288475e+06 1.3893023302630307e+06 4.057637861648232e+06} {-5.554244345153345e+06 -2.9360012055865517e+06 2.5768580762269776e+06}
2025/10/13 15:40:06 85 satellites in simulation.
2025/10/13 15:40:06 Simulation stepped by 60 seconds.
2025/10/13 15:40:06 Sunlight exposure of STARLINK-33544 DUPLICATE1 is 0.12496916742869545
2025/10/13 15:40:06 Simulation time is 2025-10-01T00:40:00Z
2025/10/13 15:41:35 Checking orchestrator for reschedule...
2025/10/13 15:41:35 DummyPlugin: PostSimulationStep called
2025/10/13 15:41:35 Current Simulation Time: 2025-10-01 00:40:00 +0000 UTC
2025/10/13 15:41:35 Number of Nodes: 20731
2025/10/13 15:41:35 Number of Satellites: 20646
2025/10/13 15:41:35 Number of Ground Stations: 85
2025/10/13 15:41:36 Route from Graz to Honolulu in 108 ms
2025/10/13 15:41:36 Uplink latency 43.04215639897451 ms
2025/10/13 15:41:36 Latency between uplink nodes: 65 ms
2025/10/13 15:41:36 Graz -> STARLINK-3720 DUPLICATE1 -> STARLINK-4401 DUPLICATE2 -> Honolulu
2025/10/13 15:41:36 3.5734506188857807e+06 -> 2.944651279507943e+06 -> 9.201206590763973e+06
2025/10/13 15:41:36 12.040168115502105 -> 65 -> 31.00198828347241
2025/10/13 15:41:36 2944.651279507943 km apart
2025/10/13 15:41:36 {1.9956615681383186e+06 4.856963604840188e+06 4.303703395115726e+06} {-881706.379891843 4.629737346954988e+06 4.886878392251193e+06}
2025/10/13 15:41:36 85 satellites in simulation.
2025/10/13 15:41:36 Simulation stepped by 60 seconds.
2025/10/13 15:41:36 Sunlight exposure of STARLINK-3720 DUPLICATE1 is 0.16841028828882623
2025/10/13 15:41:36 Simulation time is 2025-10-01T00:50:00Z
2025/10/13 15:43:09 Checking orchestrator for reschedule...
2025/10/13 15:43:09 DummyPlugin: PostSimulationStep called
2025/10/13 15:43:09 Current Simulation Time: 2025-10-01 00:50:00 +0000 UTC
2025/10/13 15:43:09 Number of Nodes: 20731
2025/10/13 15:43:09 Number of Satellites: 20646
2025/10/13 15:43:09 Number of Ground Stations: 85
2025/10/13 15:43:10 Route from Graz to Honolulu in 79 ms
2025/10/13 15:43:10 Uplink latency 36.262187460899106 ms
2025/10/13 15:43:10 Latency between uplink nodes: 42 ms
2025/10/13 15:43:10 Graz -> STARLINK-5792 DUPLICATE1 -> STARLINK-31653 DUPLICATE2 -> Honolulu
2025/10/13 15:43:10 998153.1324200175 -> 5.802810255753301e+06 -> 9.764249433825068e+06
2025/10/13 15:43:10 3.36311671856803 -> 42 -> 32.89907074233108
2025/10/13 15:43:10 5802.810255753301 km apart
2025/10/13 15:43:10 {4.763197259733925e+06 2.2181035620634705e+06 4.302003101656484e+06} {-348744.8345630176 4.945382420628529e+06 4.622323123595094e+06}
2025/10/13 15:43:10 85 satellites in simulation.
2025/10/13 15:43:10 Simulation stepped by 60 seconds.
2025/10/13 15:43:10 Sunlight exposure of STARLINK-5792 DUPLICATE1 is 0.3625532880080878
2025/10/13 15:43:10 Simulation time is 2025-10-01T01:00:00Z
2025/10/13 15:44:28 Checking orchestrator for reschedule...
2025/10/13 15:44:28 DummyPlugin: PostSimulationStep called
2025/10/13 15:44:28 Current Simulation Time: 2025-10-01 01:00:00 +0000 UTC
2025/10/13 15:44:28 Number of Nodes: 20731
2025/10/13 15:44:28 Number of Satellites: 20646
2025/10/13 15:44:28 Number of Ground Stations: 85
2025/10/13 15:44:29 Route from Graz to Honolulu in 265 ms
2025/10/13 15:44:29 Uplink latency 57.71791872723901 ms
2025/10/13 15:44:29 Latency between uplink nodes: 207 ms
2025/10/13 15:44:29 Graz -> STARLINK-6355 DUPLICATE2 -> STARLINK-32665 -> Honolulu
2025/10/13 15:44:29 7.282828902555425e+06 -> 1.3409164752207592e+07 -> 9.847507685610248e+06
2025/10/13 15:44:29 24.538322673267018 -> 207 -> 33.17959605397199
2025/10/13 15:44:29 13409.164752207593 km apart
2025/10/13 15:44:29 {4.024772946089513e+06 -4.788489272186804e+06 2.642337472493363e+06} {-3.608197192407958e+06 5.703487877068072e+06 -743202.6197468597}
2025/10/13 15:44:29 85 satellites in simulation.
2025/10/13 15:44:29 Simulation stepped by 60 seconds.
2025/10/13 15:44:29 Sunlight exposure of STARLINK-6355 DUPLICATE2 is 0.015935243136649485
2025/10/13 15:44:29 Simulation time is 2025-10-01T01:10:00Z
2025/10/13 15:46:07 Checking orchestrator for reschedule...
2025/10/13 15:46:07 DummyPlugin: PostSimulationStep called
2025/10/13 15:46:07 Current Simulation Time: 2025-10-01 01:10:00 +0000 UTC
2025/10/13 15:46:07 Number of Nodes: 20731
2025/10/13 15:46:07 Number of Satellites: 20646
2025/10/13 15:46:07 Number of Ground Stations: 85
2025/10/13 15:46:08 Route from Graz to Honolulu in 279 ms
2025/10/13 15:46:08 Uplink latency 48.624787020654225 ms
2025/10/13 15:46:08 Latency between uplink nodes: 230 ms
2025/10/13 15:46:08 Graz -> STARLINK-2155 -> STARLINK-30866 DUPLICATE2 -> Honolulu
2025/10/13 15:46:08 6.015773586192049e+06 -> 9.56881597142934e+06 -> 8.415775342798961e+06
2025/10/13 15:46:08 20.26918322020456 -> 230 -> 28.35560380044966
2025/10/13 15:46:08 9568.81597142934 km apart
2025/10/13 15:46:08 {-2.070919041856815e+06 4.21078987859169e+06 4.905724040890615e+06} {-5.268203007135492e+06 1.934058107444933e+06 -3.8210225913145416e+06}
2025/10/13 15:46:08 85 satellites in simulation.
2025/10/13 15:46:08 Simulation stepped by 60 seconds.
2025/10/13 15:46:08 Sunlight exposure of STARLINK-2155 is 0.5966234988575622
2025/10/13 15:46:08 Simulation time is 2025-10-01T01:20:00Z
2025/10/13 15:47:25 Checking orchestrator for reschedule...
2025/10/13 15:47:25 DummyPlugin: PostSimulationStep called
2025/10/13 15:47:25 Current Simulation Time: 2025-10-01 01:20:00 +0000 UTC
2025/10/13 15:47:25 Number of Nodes: 20731
2025/10/13 15:47:25 Number of Satellites: 20646
2025/10/13 15:47:25 Number of Ground Stations: 85
2025/10/13 15:47:26 Route from Graz to Honolulu in 128 ms
2025/10/13 15:47:26 Uplink latency 11.619715189862152 ms
2025/10/13 15:47:26 Latency between uplink nodes: 117 ms
2025/10/13 15:47:26 Graz -> STARLINK-30481 DUPLICATE2 -> STARLINK-3639 DUPLICATE2 -> Honolulu
2025/10/13 15:47:26 2.839100143957258e+06 -> 1.1725426053852946e+07 -> 609562.535679905
2025/10/13 15:47:26 9.565892095816931 -> 117 -> 2.0538230940452213
2025/10/13 15:47:26 11725.426053852945 km apart
2025/10/13 15:47:26 {5.572999976425339e+06 726376.8630791227 3.8114489044656698e+06} {-4.969823518152121e+06 -4.115735258291738e+06 2.111908051578534e+06}
2025/10/13 15:47:26 85 satellites in simulation.
2025/10/13 15:47:26 Simulation stepped by 60 seconds.
2025/10/13 15:47:26 Sunlight exposure of STARLINK-30481 DUPLICATE2 is 0.9075751477104365
2025/10/13 15:47:26 Simulation time is 2025-10-01T01:30:00Z
2025/10/13 15:48:52 Checking orchestrator for reschedule...
2025/10/13 15:48:52 DummyPlugin: PostSimulationStep called
2025/10/13 15:48:52 Current Simulation Time: 2025-10-01 01:30:00 +0000 UTC
2025/10/13 15:48:52 Number of Nodes: 20731
2025/10/13 15:48:52 Number of Satellites: 20646
2025/10/13 15:48:52 Number of Ground Stations: 85
2025/10/13 15:48:53 Route from Graz to Honolulu in 319 ms
2025/10/13 15:48:53 Uplink latency 67.04308016071677 ms
2025/10/13 15:48:53 Latency between uplink nodes: 252 ms
2025/10/13 15:48:53 Graz -> STARLINK-1331 DUPLICATE2 -> STARLINK-6292 DUPLICATE1 -> Honolulu
2025/10/13 15:48:53 9.617469588054696e+06 -> 1.0487429686389133e+07 -> 1.028051970861149e+07
2025/10/13 15:48:53 32.4045196186349 -> 252 -> 34.63856054208187
2025/10/13 15:48:53 10487.429686389134 km apart
2025/10/13 15:48:53 {-3.4791482865509447e+06 5.676422898087306e+06 -1.3351810891932268e+06} {1.1445944536053375e+06 -2.340712723358543e+06 -6.26800187725681e+06}
2025/10/13 15:48:53 85 satellites in simulation.
2025/10/13 15:48:53 Simulation stepped by 60 seconds.
2025/10/13 15:48:53 Sunlight exposure of STARLINK-1331 DUPLICATE2 is 0.16089394759658118
2025/10/13 15:48:53 Simulation time is 2025-10-01T01:40:00Z
2025/10/13 15:50:31 Checking orchestrator for reschedule...
2025/10/13 15:50:31 DummyPlugin: PostSimulationStep called
2025/10/13 15:50:31 Current Simulation Time: 2025-10-01 01:40:00 +0000 UTC
2025/10/13 15:50:31 Number of Nodes: 20731
2025/10/13 15:50:31 Number of Satellites: 20646
2025/10/13 15:50:31 Number of Ground Stations: 85
2025/10/13 15:50:32 Route from Graz to Honolulu in 338 ms
2025/10/13 15:50:32 Uplink latency 67.54712385820122 ms
2025/10/13 15:50:32 Latency between uplink nodes: 270 ms
2025/10/13 15:50:32 Graz -> STARLINK-5584 DUPLICATE1 -> STARLINK-4648 DUPLICATE2 -> Honolulu
2025/10/13 15:50:32 9.750366072582955e+06 -> 7.287747305653744e+06 -> 1.0297220409557927e+07
2025/10/13 15:50:32 32.852292985705624 -> 270 -> 34.694830872495594
2025/10/13 15:50:32 7287.747305653745 km apart
2025/10/13 15:50:32 {1.4804555583168496e+06 -6.348589505820456e+06 1.9016994803573224e+06} {3.685860903809921e+06 -3.5566456730578593e+06 -4.458528321210235e+06}
2025/10/13 15:50:32 85 satellites in simulation.
2025/10/13 15:50:32 Simulation stepped by 60 seconds.
2025/10/13 15:50:32 Sunlight exposure of STARLINK-5584 DUPLICATE1 is 0.844363649477119
