2025/10/13 15:52:44 Simulation state will be serialized to ./precomputed/mst_smart_loop/precomputed-1000.gob
2025/10/13 15:52:44 Starting LoaderService...
2025/10/13 15:52:44 Loading satellite constellation from ./resources/tle/starlink_1000.tle (tle)
2025/10/13 15:52:44 Parsed 1000 satellites from TLE
2025/10/13 15:52:45 Loaded 1000 satellites
2025/10/13 15:52:45 Injected 1000 satellites into simulation
2025/10/13 15:52:45 Starting LoaderService...
2025/10/13 15:52:45 Injected 85 ground stations into simulation
2025/10/13 15:52:45 Simulation loaded. Not autorunning as StepInterval < 0.
2025/10/13 15:52:45 Simulation time is 2025-10-01T00:10:00Z
2025/10/13 15:52:45 Checking orchestrator for reschedule...
2025/10/13 15:52:45 DummyPlugin: PostSimulationStep called
2025/10/13 15:52:45 Current Simulation Time: 2025-10-01 00:10:00 +0000 UTC
2025/10/13 15:52:45 Number of Nodes: 1085
2025/10/13 15:52:45 Number of Satellites: 1000
2025/10/13 15:52:45 Number of Ground Stations: 85
2025/10/13 15:52:46 Route from Graz to Honolulu in 96 ms
2025/10/13 15:52:46 Uplink latency 62.25743045915608 ms
2025/10/13 15:52:46 Latency between uplink nodes: 34 ms
2025/10/13 15:52:46 Graz -> STARLINK-1762 -> STARLINK-1677 -> Honolulu
2025/10/13 15:52:46 8.177407469519153e+06 -> 7.253335879001473e+06 -> 1.0300229326770054e+07
2025/10/13 15:52:46 27.552461523218902 -> 34 -> 34.70496893593718
2025/10/13 15:52:46 7253.335879001473 km apart
2025/10/13 15:52:46 {1.4599911792002656e+06 -6.1050902180345645e+06 2.587577809815681e+06} {4.086793205807286e+06 33460.79432844077 5.421123990000584e+06}
2025/10/13 15:52:46 85 satellites in simulation.
2025/10/13 15:52:46 Simulation stepped by 60 seconds.
2025/10/13 15:52:46 Sunlight exposure of STARLINK-1762 is 0.7695722479840031
2025/10/13 15:52:46 Simulation time is 2025-10-01T00:20:00Z
2025/10/13 15:52:46 Checking orchestrator for reschedule...
2025/10/13 15:52:46 DummyPlugin: PostSimulationStep called
2025/10/13 15:52:46 Current Simulation Time: 2025-10-01 00:20:00 +0000 UTC
2025/10/13 15:52:46 Number of Nodes: 1085
2025/10/13 15:52:46 Number of Satellites: 1000
2025/10/13 15:52:46 Number of Ground Stations: 85
2025/10/13 15:52:47 Route from Graz to Honolulu in 75 ms
2025/10/13 15:52:47 Uplink latency 33.54415648797565 ms
2025/10/13 15:52:47 Latency between uplink nodes: 42 ms
2025/10/13 15:52:47 Graz -> STARLINK-1151 -> STARLINK-1480 -> Honolulu
2025/10/13 15:52:47 2.578943639499624e+06 -> 8.568925967126144e+06 -> 7.3767634247251395e+06
2025/10/13 15:52:47 8.689336524163904 -> 42 -> 24.854819963811742
2025/10/13 15:52:47 8568.925967126144 km apart
2025/10/13 15:52:47 {4.9460759427981395e+06 3.427743555461262e+06 3.143673754448026e+06} {-3.5469036153690857e+06 4.273254303536902e+06 3.9058430463582724e+06}
2025/10/13 15:52:47 85 satellites in simulation.
2025/10/13 15:52:47 Simulation stepped by 60 seconds.
2025/10/13 15:52:47 Sunlight exposure of STARLINK-1151 is 0.11834859125397054
2025/10/13 15:52:47 Simulation time is 2025-10-01T00:30:00Z
2025/10/13 15:52:47 Checking orchestrator for reschedule...
2025/10/13 15:52:47 DummyPlugin: PostSimulationStep called
2025/10/13 15:52:47 Current Simulation Time: 2025-10-01 00:30:00 +0000 UTC
2025/10/13 15:52:47 Number of Nodes: 1085
2025/10/13 15:52:47 Number of Satellites: 1000
2025/10/13 15:52:47 Number of Ground Stations: 85
2025/10/13 15:52:48 Route from Graz to Honolulu in 124 ms
2025/10/13 15:52:48 Uplink latency 63.13552429481514 ms
2025/10/13 15:52:48 Latency between uplink nodes: 61 ms
2025/10/13 15:52:48 Graz -> STARLINK-1979 -> STARLINK-1866 -> Honolulu
2025/10/13 15:52:48 8.409110551616583e+06 -> 1.135692518765506e+07 -> 1.0329139296780726e+07
2025/10/13 15:52:48 28.333147856643848 -> 61 -> 34.802376438171294
2025/10/13 15:52:48 11356.925187655059 km apart
2025/10/13 15:52:48 {961264.2388877396 -5.979689326715858e+06 3.0682076638463037e+06} {747626.7065996611 5.32394660442639e+06 4.146133198835481e+06}
2025/10/13 15:52:48 85 satellites in simulation.
2025/10/13 15:52:48 Simulation stepped by 60 seconds.
2025/10/13 15:52:48 Sunlight exposure of STARLINK-1979 is 0.6935244741348129
2025/10/13 15:52:48 Simulation time is 2025-10-01T00:40:00Z
2025/10/13 15:52:48 Checking orchestrator for reschedule...
2025/10/13 15:52:48 DummyPlugin: PostSimulationStep called
2025/10/13 15:52:48 Current Simulation Time: 2025-10-01 00:40:00 +0000 UTC
2025/10/13 15:52:48 Number of Nodes: 1085
2025/10/13 15:52:48 Number of Satellites: 1000
2025/10/13 15:52:48 Number of Ground Stations: 85
2025/10/13 15:52:49 Route from Graz to Honolulu in 60 ms
2025/10/13 15:52:49 Uplink latency 43.354878131261366 ms
2025/10/13 15:52:49 Latency between uplink nodes: 16 ms
2025/10/13 15:52:49 Graz -> STARLINK-2388 -> STARLINK-1793 -> Honolulu
2025/10/13 15:52:49 1.773080203648442e+06 -> 4.101216649301451e+06 -> 1.1094390964831395e+07
2025/10/13 15:52:49 5.974109064602778 -> 16 -> 37.38076906665859
2025/10/13 15:52:49 4101.216649301451 km apart
2025/10/13 15:52:49 {2.801924140108037e+06 3.014921124031173e+06 5.399293865914347e+06} {5.408768540888359e+06 126947.89546430856 4.10162252627985e+06}
2025/10/13 15:52:49 85 satellites in simulation.
2025/10/13 15:52:49 Simulation stepped by 60 seconds.
2025/10/13 15:52:49 Sunlight exposure of STARLINK-2388 is 0.8235822560782194
2025/10/13 15:52:49 Simulation time is 2025-10-01T00:50:00Z
2025/10/13 15:52:49 Checking orchestrator for reschedule...
2025/10/13 15:52:49 DummyPlugin: PostSimulationStep called
2025/10/13 15:52:49 Current Simulation Time: 2025-10-01 00:50:00 +0000 UTC
2025/10/13 15:52:49 Number of Nodes: 1085
2025/10/13 15:52:49 Number of Satellites: 1000
2025/10/13 15:52:49 Number of Ground Stations: 85
2025/10/13 15:52:50 Route from Graz to Honolulu in 52 ms
2025/10/13 15:52:50 Uplink latency 40.559503720364546 ms
2025/10/13 15:52:50 Latency between uplink nodes: 12 ms
2025/10/13 15:52:50 Graz -> STARLINK-1491 -> STARLINK-1793 -> Honolulu
2025/10/13 15:52:50 1.6252982925432434e+06 -> 3.1109624630612032e+06 -> 1.0412522299398929e+07
2025/10/13 15:52:50 5.476181642650161 -> 12 -> 35.083322077714385
2025/10/13 15:52:50 3110.9624630612034 km apart
2025/10/13 15:52:50 {4.26467228204737e+06 591736.4682261997 5.24919680065319e+06} {2.562580648619817e+06 3.190341789809566e+06 5.417190552413077e+06}
2025/10/13 15:52:50 85 satellites in simulation.
2025/10/13 15:52:50 Simulation stepped by 60 seconds.
2025/10/13 15:52:50 Sunlight exposure of STARLINK-1491 is 0.19409798730980554
2025/10/13 15:52:50 Simulation time is 2025-10-01T01:00:00Z
2025/10/13 15:52:50 Checking orchestrator for reschedule...
2025/10/13 15:52:50 DummyPlugin: PostSimulationStep called
2025/10/13 15:52:50 Current Simulation Time: 2025-10-01 01:00:00 +0000 UTC
2025/10/13 15:52:50 Number of Nodes: 1085
2025/10/13 15:52:50 Number of Satellites: 1000
2025/10/13 15:52:50 Number of Ground Stations: 85
2025/10/13 15:52:51 Route from Graz to Honolulu in 60 ms
2025/10/13 15:52:51 Uplink latency 12.984767790058301 ms
2025/10/13 15:52:51 Latency between uplink nodes: 47 ms
2025/10/13 15:52:51 Graz -> STARLINK-2355 -> STARLINK-2290 -> Honolulu
2025/10/13 15:52:51 3.3964483316080747e+06 -> 1.0557495359148903e+07 -> 457353.8786559116
2025/10/13 15:52:51 11.443787327591153 -> 47 -> 1.5409804624671477
2025/10/13 15:52:51 10557.495359148903 km apart
2025/10/13 15:52:51 {1.142475664707937e+06 4.336316053319404e+06 5.097537328936665e+06} {-4.909421268351144e+06 -3.9325374508639383e+06 2.5556259425119623e+06}
2025/10/13 15:52:51 85 satellites in simulation.
2025/10/13 15:52:51 Simulation stepped by 60 seconds.
2025/10/13 15:52:51 Sunlight exposure of STARLINK-2355 is 0.33030467006796976
2025/10/13 15:52:51 Simulation time is 2025-10-01T01:10:00Z
2025/10/13 15:52:52 Checking orchestrator for reschedule...
2025/10/13 15:52:52 DummyPlugin: PostSimulationStep called
2025/10/13 15:52:52 Current Simulation Time: 2025-10-01 01:10:00 +0000 UTC
2025/10/13 15:52:52 Number of Nodes: 1085
2025/10/13 15:52:52 Number of Satellites: 1000
2025/10/13 15:52:52 Number of Ground Stations: 85
2025/10/13 15:52:53 Route from Graz to Honolulu in 111 ms
2025/10/13 15:52:53 Uplink latency 65.91368053517277 ms
2025/10/13 15:52:53 Latency between uplink nodes: 45 ms
2025/10/13 15:52:53 Graz -> STARLINK-1418 -> STARLINK-1484 -> Honolulu
2025/10/13 15:52:53 9.099664426577616e+06 -> 8.09236724207083e+06 -> 1.0463125747272892e+07
2025/10/13 15:52:53 30.659858264617732 -> 45 -> 35.253822270555034
2025/10/13 15:52:53 8092.367242070831 km apart
2025/10/13 15:52:53 {-5.015532431240308e+06 -405225.2461079201 4.557898001330548e+06} {1.6918493364152364e+06 4.082862502634194e+06 5.15330186683193e+06}
2025/10/13 15:52:53 85 satellites in simulation.
2025/10/13 15:52:53 Simulation stepped by 60 seconds.
2025/10/13 15:52:53 Sunlight exposure of STARLINK-1418 is 0.9824905576344424
2025/10/13 15:52:53 Simulation time is 2025-10-01T01:20:00Z
2025/10/13 15:52:53 Checking orchestrator for reschedule...
2025/10/13 15:52:53 DummyPlugin: PostSimulationStep called
2025/10/13 15:52:53 Current Simulation Time: 2025-10-01 01:20:00 +0000 UTC
2025/10/13 15:52:53 Number of Nodes: 1085
2025/10/13 15:52:53 Number of Satellites: 1000
2025/10/13 15:52:53 Number of Ground Stations: 85
2025/10/13 15:52:54 Route from Graz to Honolulu in 65 ms
2025/10/13 15:52:54 Uplink latency 52.49909963653961 ms
2025/10/13 15:52:54 Latency between uplink nodes: 13 ms
2025/10/13 15:52:54 Graz -> STARLINK-1484 -> STARLINK-2286 -> Honolulu
2025/10/13 15:52:54 6.458633410594728e+06 -> 1.9040802169118056e+06 -> 9.12278856686038e+06
2025/10/13 15:52:54 21.761328293996726 -> 13 -> 30.737771342542885
2025/10/13 15:52:54 1904.0802169118056 km apart
2025/10/13 15:52:54 {-1.7666598242700552e+06 5.821941634649526e+06 3.0154233723892863e+06} {-2.2938614832831873e+06 4.630202970375134e+06 4.403709668238307e+06}
2025/10/13 15:52:54 85 satellites in simulation.
2025/10/13 15:52:54 Simulation stepped by 60 seconds.
2025/10/13 15:52:54 Sunlight exposure of STARLINK-1484 is 0.11307503606680781
2025/10/13 15:52:54 Simulation time is 2025-10-01T01:30:00Z
2025/10/13 15:52:54 Checking orchestrator for reschedule...
2025/10/13 15:52:54 DummyPlugin: PostSimulationStep called
2025/10/13 15:52:54 Current Simulation Time: 2025-10-01 01:30:00 +0000 UTC
2025/10/13 15:52:54 Number of Nodes: 1085
2025/10/13 15:52:54 Number of Satellites: 1000
2025/10/13 15:52:54 Number of Ground Stations: 85
2025/10/13 15:52:55 Route from Graz to Honolulu in 112 ms
2025/10/13 15:52:55 Uplink latency 65.78078280644417 ms
2025/10/13 15:52:55 Latency between uplink nodes: 46 ms
2025/10/13 15:52:55 Graz -> STARLINK-1921 -> STARLINK-1484 -> Honolulu
2025/10/13 15:52:55 9.859861744424425e+06 -> 9.230221302351767e+06 -> 9.663485170293987e+06
2025/10/13 15:52:55 33.221221071607715 -> 46 -> 32.55956173483644
2025/10/13 15:52:55 9230.221302351767 km apart
2025/10/13 15:52:55 {-4.585024044609221e+06 -3.0262547104891688e+06 3.989160207514608e+06} {-4.476143379563803e+06 5.092165871671989e+06 -401326.957061748}
2025/10/13 15:52:55 85 satellites in simulation.
2025/10/13 15:52:55 Simulation stepped by 60 seconds.
2025/10/13 15:52:55 Sunlight exposure of STARLINK-1921 is 0.8461327851503954
2025/10/13 15:52:55 Simulation time is 2025-10-01T01:40:00Z
2025/10/13 15:52:55 Checking orchestrator for reschedule...
2025/10/13 15:52:55 DummyPlugin: PostSimulationStep called
2025/10/13 15:52:55 Current Simulation Time: 2025-10-01 01:40:00 +0000 UTC
2025/10/13 15:52:55 Number of Nodes: 1085
2025/10/13 15:52:55 Number of Satellites: 1000
2025/10/13 15:52:55 Number of Ground Stations: 85
2025/10/13 15:52:56 Route from Graz to Honolulu in 121 ms
2025/10/13 15:52:56 Uplink latency 68.4390236570025 ms
2025/10/13 15:52:56 Latency between uplink nodes: 52 ms
2025/10/13 15:52:56 Graz -> STARLINK-1682 -> STARLINK-2407 -> Honolulu
2025/10/13 15:52:56 8.720820894125659e+06 -> 8.55378062809986e+06 -> 1.1591476168252632e+07
2025/10/13 15:52:56 29.383405808248128 -> 52 -> 39.055617848754366
2025/10/13 15:52:56 8553.780628099861 km apart
2025/10/13 15:52:56 {-1.0949548864083868e+06 6.403543279922177e+06 -1.976129543467439e+06} {4.395532392269955e+06 3.4329763812245e+06 3.8717285923536927e+06}
2025/10/13 15:52:56 85 satellites in simulation.
2025/10/13 15:52:56 Simulation stepped by 60 seconds.
2025/10/13 15:52:56 Sunlight exposure of STARLINK-1682 is 0.2380188013580454
