2025/10/13 15:52:58 Simulation state will be serialized to ./precomputed/mst_smart_loop/precomputed-2000.gob
2025/10/13 15:52:58 Starting LoaderService...
2025/10/13 15:52:58 Loading satellite constellation from ./resources/tle/starlink_2000.tle (tle)
2025/10/13 15:52:58 Parsed 2000 satellites from TLE
2025/10/13 15:53:00 Loaded 2000 satellites
2025/10/13 15:53:00 Injected 2000 satellites into simulation
2025/10/13 15:53:00 Starting LoaderService...
2025/10/13 15:53:00 Injected 85 ground stations into simulation
2025/10/13 15:53:00 Simulation loaded. Not autorunning as StepInterval < 0.
2025/10/13 15:53:00 Simulation time is 2025-10-01T00:10:00Z
2025/10/13 15:53:01 Checking orchestrator for reschedule...
2025/10/13 15:53:01 DummyPlugin: PostSimulationStep called
2025/10/13 15:53:01 Current Simulation Time: 2025-10-01 00:10:00 +0000 UTC
2025/10/13 15:53:01 Number of Nodes: 2085
2025/10/13 15:53:01 Number of Satellites: 2000
2025/10/13 15:53:01 Number of Ground Stations: 85
2025/10/13 15:53:02 Route from Graz to Honolulu in 86 ms
2025/10/13 15:53:02 Uplink latency 25.52834284664485 ms
2025/10/13 15:53:02 Latency between uplink nodes: 60 ms
2025/10/13 15:53:02 Graz -> STARLINK-1150 -> STARLINK-1928 -> Honolulu
2025/10/13 15:53:02 2.5639843994044624e+06 -> 1.2507606292161172e+07 -> 5.012676629690076e+06
2025/10/13 15:53:02 8.638933766483692 -> 60 -> 16.88940908016116
2025/10/13 15:53:02 12507.606292161172 km apart
2025/10/13 15:53:02 {4.4498165568227265e+06 3.6580461171967993e+06 3.593725093435297e+06} {-2.571482043710584e+06 -6.254219754274896e+06 612355.2044218268}
2025/10/13 15:53:02 85 satellites in simulation.
2025/10/13 15:53:02 Simulation stepped by 60 seconds.
2025/10/13 15:53:02 Sunlight exposure of STARLINK-1150 is 0.8768733611786124
2025/10/13 15:53:02 Simulation time is 2025-10-01T00:20:00Z
2025/10/13 15:53:03 Checking orchestrator for reschedule...
2025/10/13 15:53:03 DummyPlugin: PostSimulationStep called
2025/10/13 15:53:03 Current Simulation Time: 2025-10-01 00:20:00 +0000 UTC
2025/10/13 15:53:03 Number of Nodes: 2085
2025/10/13 15:53:03 Number of Satellites: 2000
2025/10/13 15:53:03 Number of Ground Stations: 85
2025/10/13 15:53:04 Route from Graz to Honolulu in 61 ms
2025/10/13 15:53:04 Uplink latency 25.641493969429135 ms
2025/10/13 15:53:04 Latency between uplink nodes: 35 ms
2025/10/13 15:53:04 Graz -> STARLINK-1035 -> STARLINK-3857 -> Honolulu
2025/10/13 15:53:04 4.950378813586025e+06 -> 8.108441061361765e+06 -> 2.6598647988962433e+06
2025/10/13 15:53:04 16.679506591189504 -> 35 -> 8.961987378239632
2025/10/13 15:53:04 8108.441061361765 km apart
2025/10/13 15:53:04 {430059.3197217521 4.867140415682086e+06 4.713736804656178e+06} {-5.461138556959802e+06 -655746.5996696264 3.9800317964821197e+06}
2025/10/13 15:53:04 85 satellites in simulation.
2025/10/13 15:53:04 Simulation stepped by 60 seconds.
2025/10/13 15:53:04 Sunlight exposure of STARLINK-1035 is 0.7399988300944235
2025/10/13 15:53:04 Simulation time is 2025-10-01T00:30:00Z
2025/10/13 15:53:05 Checking orchestrator for reschedule...
2025/10/13 15:53:05 DummyPlugin: PostSimulationStep called
2025/10/13 15:53:05 Current Simulation Time: 2025-10-01 00:30:00 +0000 UTC
2025/10/13 15:53:05 Number of Nodes: 2085
2025/10/13 15:53:05 Number of Satellites: 2000
2025/10/13 15:53:05 Number of Ground Stations: 85
2025/10/13 15:53:06 Route from Graz to Honolulu in 109 ms
2025/10/13 15:53:06 Uplink latency 50.33800070962636 ms
2025/10/13 15:53:06 Latency between uplink nodes: 59 ms
2025/10/13 15:53:06 Graz -> STARLINK-3155 -> STARLINK-3077 -> Honolulu
2025/10/13 15:53:06 4.0162204553111535e+06 -> 1.1359012495562851e+07 -> 1.092380015434175e+07
2025/10/13 15:53:06 13.532009989252998 -> 59 -> 36.80599072037336
2025/10/13 15:53:06 11359.01249556285 km apart
2025/10/13 15:53:06 {2.9140322372605344e+06 5.260920655918143e+06 3.1508177003278346e+06} {4.456717580749855e+06 -4.373165659596427e+06 -2.6656819060119726e+06}
2025/10/13 15:53:06 85 satellites in simulation.
2025/10/13 15:53:06 Simulation stepped by 60 seconds.
2025/10/13 15:53:06 Sunlight exposure of STARLINK-3155 is 0.9330582685400746
2025/10/13 15:53:06 Simulation time is 2025-10-01T00:40:00Z
2025/10/13 15:53:07 Checking orchestrator for reschedule...
2025/10/13 15:53:07 DummyPlugin: PostSimulationStep called
2025/10/13 15:53:07 Current Simulation Time: 2025-10-01 00:40:00 +0000 UTC
2025/10/13 15:53:07 Number of Nodes: 2085
2025/10/13 15:53:07 Number of Satellites: 2000
2025/10/13 15:53:07 Number of Ground Stations: 85
2025/10/13 15:53:08 Route from Graz to Honolulu in 93 ms
2025/10/13 15:53:08 Uplink latency 25.218661461475772 ms
2025/10/13 15:53:08 Latency between uplink nodes: 67 ms
2025/10/13 15:53:08 Graz -> STARLINK-1307 -> STARLINK-2109 -> Honolulu
2025/10/13 15:53:08 1.8432068008209455e+06 -> 1.2211203145089673e+07 -> 5.641542626469211e+06
2025/10/13 15:53:08 6.2103893744138885 -> 67 -> 19.008272087061883
2025/10/13 15:53:08 12211.203145089672 km apart
2025/10/13 15:53:08 {4.252370840570052e+06 174309.54484270792 5.28962306163744e+06} {-6.578188282757418e+06 1.6756537531936136e+06 -147144.0747044495}
2025/10/13 15:53:08 85 satellites in simulation.
2025/10/13 15:53:08 Simulation stepped by 60 seconds.
2025/10/13 15:53:08 Sunlight exposure of STARLINK-1307 is 0.5474591630701757
2025/10/13 15:53:08 Simulation time is 2025-10-01T00:50:00Z
2025/10/13 15:53:08 Checking orchestrator for reschedule...
2025/10/13 15:53:08 DummyPlugin: PostSimulationStep called
2025/10/13 15:53:08 Current Simulation Time: 2025-10-01 00:50:00 +0000 UTC
2025/10/13 15:53:08 Number of Nodes: 2085
2025/10/13 15:53:08 Number of Satellites: 2000
2025/10/13 15:53:08 Number of Ground Stations: 85
2025/10/13 15:53:09 Route from Graz to Honolulu in 79 ms
2025/10/13 15:53:09 Uplink latency 54.53340045508472 ms
2025/10/13 15:53:09 Latency between uplink nodes: 25 ms
2025/10/13 15:53:09 Graz -> STARLINK-1941 -> STARLINK-1517 -> Honolulu
2025/10/13 15:53:09 5.697587380706398e+06 -> 5.981874573039318e+06 -> 1.0487603036632052e+07
2025/10/13 15:53:09 19.19710588805005 -> 25 -> 35.33629456703466
2025/10/13 15:53:09 5981.874573039318 km apart
2025/10/13 15:53:09 {460881.5346317163 6.20268919933475e+06 2.7222927896644482e+06} {3.6187495993125355e+06 1.8985263086681543e+06 5.421343456890226e+06}
2025/10/13 15:53:09 85 satellites in simulation.
2025/10/13 15:53:09 Simulation stepped by 60 seconds.
2025/10/13 15:53:09 Sunlight exposure of STARLINK-1941 is 0.5668012750090398
2025/10/13 15:53:09 Simulation time is 2025-10-01T01:00:00Z
2025/10/13 15:53:10 Checking orchestrator for reschedule...
2025/10/13 15:53:10 DummyPlugin: PostSimulationStep called
2025/10/13 15:53:10 Current Simulation Time: 2025-10-01 01:00:00 +0000 UTC
2025/10/13 15:53:10 Number of Nodes: 2085
2025/10/13 15:53:10 Number of Satellites: 2000
2025/10/13 15:53:10 Number of Ground Stations: 85
2025/10/13 15:53:11 Route from Graz to Honolulu in 83 ms
2025/10/13 15:53:11 Uplink latency 38.08418457937358 ms
2025/10/13 15:53:11 Latency between uplink nodes: 45 ms
2025/10/13 15:53:11 Graz -> STARLINK-3319 -> STARLINK-1463 -> Honolulu
2025/10/13 15:53:11 2.176374147545931e+06 -> 1.018803863344842e+07 -> 9.126786377239438e+06
2025/10/13 15:53:11 7.332943256637501 -> 45 -> 30.751241322736078
2025/10/13 15:53:11 10188.03863344842 km apart
2025/10/13 15:53:11 {2.6587726533595026e+06 4.088837211285379e+06 4.72308037821452e+06} {4.139556406715947e+06 -5.284969107194797e+06 1.0169819207994596e+06}
2025/10/13 15:53:11 85 satellites in simulation.
2025/10/13 15:53:11 Simulation stepped by 60 seconds.
2025/10/13 15:53:11 Sunlight exposure of STARLINK-3319 is 0.35058321138569976
2025/10/13 15:53:11 Simulation time is 2025-10-01T01:10:00Z
2025/10/13 15:53:12 Checking orchestrator for reschedule...
2025/10/13 15:53:12 DummyPlugin: PostSimulationStep called
2025/10/13 15:53:12 Current Simulation Time: 2025-10-01 01:10:00 +0000 UTC
2025/10/13 15:53:12 Number of Nodes: 2085
2025/10/13 15:53:12 Number of Satellites: 2000
2025/10/13 15:53:12 Number of Ground Stations: 85
2025/10/13 15:53:13 Route from Graz to Honolulu in 107 ms
2025/10/13 15:53:13 Uplink latency 57.64567691513453 ms
2025/10/13 15:53:13 Latency between uplink nodes: 49 ms
2025/10/13 15:53:13 Graz -> STARLINK-1929 -> STARLINK-3077 -> Honolulu
2025/10/13 15:53:13 7.288724843060588e+06 -> 1.0482326305242352e+07 -> 9.820170802944e+06
2025/10/13 15:53:13 24.558188098160816 -> 49 -> 33.08748881697371
2025/10/13 15:53:13 10482.326305242352 km apart
2025/10/13 15:53:13 {5.972058945283949e+06 2.308926800833456e+06 -2.261661892815956e+06} {-3.8549910454697325e+06 5.556889843159205e+06 -600641.3256675861}
2025/10/13 15:53:13 85 satellites in simulation.
2025/10/13 15:53:13 Simulation stepped by 60 seconds.
2025/10/13 15:53:13 Sunlight exposure of STARLINK-1929 is 0.26895305656556745
2025/10/13 15:53:13 Simulation time is 2025-10-01T01:20:00Z
2025/10/13 15:53:14 Checking orchestrator for reschedule...
2025/10/13 15:53:14 DummyPlugin: PostSimulationStep called
2025/10/13 15:53:14 Current Simulation Time: 2025-10-01 01:20:00 +0000 UTC
2025/10/13 15:53:14 Number of Nodes: 2085
2025/10/13 15:53:14 Number of Satellites: 2000
2025/10/13 15:53:14 Number of Ground Stations: 85
2025/10/13 15:53:15 Route from Graz to Honolulu in 89 ms
2025/10/13 15:53:15 Uplink latency 57.55680509528294 ms
2025/10/13 15:53:15 Latency between uplink nodes: 31 ms
2025/10/13 15:53:15 Graz -> STARLINK-3516 -> STARLINK-3244 -> Honolulu
2025/10/13 15:53:15 6.388140421122678e+06 -> 7.243355272812403e+06 -> 1.0694378594871134e+07
2025/10/13 15:53:15 21.52381348415938 -> 31 -> 36.032991611123556
2025/10/13 15:53:15 7243.355272812403 km apart
2025/10/13 15:53:15 {3.519524493448393e+06 5.740683952180226e+06 -873698.8242062073} {4.325930840208152e+06 1.5680637333631944e+06 4.991891079767997e+06}
2025/10/13 15:53:15 85 satellites in simulation.
2025/10/13 15:53:15 Simulation stepped by 60 seconds.
2025/10/13 15:53:15 Sunlight exposure of STARLINK-3516 is 0.16600608571307937
2025/10/13 15:53:15 Simulation time is 2025-10-01T01:30:00Z
2025/10/13 15:53:15 Checking orchestrator for reschedule...
2025/10/13 15:53:15 DummyPlugin: PostSimulationStep called
2025/10/13 15:53:15 Current Simulation Time: 2025-10-01 01:30:00 +0000 UTC
2025/10/13 15:53:15 Number of Nodes: 2085
2025/10/13 15:53:15 Number of Satellites: 2000
2025/10/13 15:53:15 Number of Ground Stations: 85
2025/10/13 15:53:16 Route from Graz to Honolulu in 102 ms
2025/10/13 15:53:16 Uplink latency 56.58822950028208 ms
2025/10/13 15:53:16 Latency between uplink nodes: 45 ms
2025/10/13 15:53:16 Graz -> STARLINK-1541 -> STARLINK-1185 -> Honolulu
2025/10/13 15:53:16 7.796317268910551e+06 -> 9.307986506268293e+06 -> 8.99873424445453e+06
2025/10/13 15:53:16 26.268439279215244 -> 45 -> 30.31979022106684
2025/10/13 15:53:16 9307.986506268293 km apart
2025/10/13 15:53:16 {3.113400863406656e+06 5.425351759970221e+06 -2.6427979105613967e+06} {-2.022988867155128e+06 4.11341132939108e+06 5.008014179881282e+06}
2025/10/13 15:53:16 85 satellites in simulation.
2025/10/13 15:53:16 Simulation stepped by 60 seconds.
2025/10/13 15:53:16 Sunlight exposure of STARLINK-1541 is 0.9183425238370715
2025/10/13 15:53:16 Simulation time is 2025-10-01T01:40:00Z
2025/10/13 15:53:17 Checking orchestrator for reschedule...
2025/10/13 15:53:17 DummyPlugin: PostSimulationStep called
2025/10/13 15:53:17 Current Simulation Time: 2025-10-01 01:40:00 +0000 UTC
2025/10/13 15:53:17 Number of Nodes: 2085
2025/10/13 15:53:17 Number of Satellites: 2000
2025/10/13 15:53:17 Number of Ground Stations: 85
2025/10/13 15:53:18 Route from Graz to Honolulu in 43 ms
2025/10/13 15:53:18 Uplink latency 43.73385959926908 ms
2025/10/13 15:53:18 Latency between uplink nodes: 0 ms
2025/10/13 15:53:18 Graz -> STARLINK-2293 -> STARLINK-2293 -> Honolulu
2025/10/13 15:53:18 2.179465689010222e+06 -> 0 -> 1.0800484935604014e+07
2025/10/13 15:53:18 7.343359709230797 -> 0 -> 36.390499890038285
2025/10/13 15:53:18 0 km apart
2025/10/13 15:53:18 {1.7801788388487939e+06 4.3615807046475895e+06 4.888370527795277e+06} {1.7801788388487939e+06 4.3615807046475895e+06 4.888370527795277e+06}
2025/10/13 15:53:18 85 satellites in simulation.
2025/10/13 15:53:18 Simulation stepped by 60 seconds.
2025/10/13 15:53:18 Sunlight exposure of STARLINK-2293 is 0.5683907999283914
