2025/10/13 15:53:18 Simulation state will be serialized to ./precomputed/mst_smart_loop/precomputed-3000.gob
2025/10/13 15:53:18 Starting LoaderService...
2025/10/13 15:53:18 Loading satellite constellation from ./resources/tle/starlink_3000.tle (tle)
2025/10/13 15:53:19 Parsed 3023 satellites from TLE
2025/10/13 15:53:24 Loaded 3023 satellites
2025/10/13 15:53:24 Injected 3023 satellites into simulation
2025/10/13 15:53:24 Starting LoaderService...
2025/10/13 15:53:24 Injected 85 ground stations into simulation
2025/10/13 15:53:24 Simulation loaded. Not autorunning as StepInterval < 0.
2025/10/13 15:53:24 Simulation time is 2025-10-01T00:10:00Z
2025/10/13 15:53:27 Checking orchestrator for reschedule...
2025/10/13 15:53:27 DummyPlugin: PostSimulationStep called
2025/10/13 15:53:27 Current Simulation Time: 2025-10-01 00:10:00 +0000 UTC
2025/10/13 15:53:27 Number of Nodes: 3108
2025/10/13 15:53:27 Number of Satellites: 3023
2025/10/13 15:53:27 Number of Ground Stations: 85
2025/10/13 15:53:28 Route from Graz to Honolulu in 83 ms
2025/10/13 15:53:28 Uplink latency 34.425156803135344 ms
2025/10/13 15:53:28 Latency between uplink nodes: 48 ms
2025/10/13 15:53:28 Graz -> STARLINK-3368 -> STARLINK-3355 -> Honolulu
2025/10/13 15:53:28 436209.52717982954 -> 9.660120957722988e+06 -> 9.780973215062467e+06
2025/10/13 15:53:28 1.4697379650558717 -> 48 -> 32.955418838079474
2025/10/13 15:53:28 9660.120957722987 km apart
2025/10/13 15:53:28 {4.423121053236383e+06 1.5341173755784533e+06 4.917189527519958e+06} {-2.187192361946918e+06 6.425715384325891e+06 -151731.6981161898}
2025/10/13 15:53:28 85 satellites in simulation.
2025/10/13 15:53:28 Simulation stepped by 60 seconds.
2025/10/13 15:53:28 Sunlight exposure of STARLINK-3368 is 0.9161784212158088
2025/10/13 15:53:28 Simulation time is 2025-10-01T00:20:00Z
2025/10/13 15:53:30 Checking orchestrator for reschedule...
2025/10/13 15:53:30 DummyPlugin: PostSimulationStep called
2025/10/13 15:53:30 Current Simulation Time: 2025-10-01 00:20:00 +0000 UTC
2025/10/13 15:53:30 Number of Nodes: 3108
2025/10/13 15:53:30 Number of Satellites: 3023
2025/10/13 15:53:30 Number of Ground Stations: 85
2025/10/13 15:53:31 Route from Graz to Honolulu in 58 ms
2025/10/13 15:53:31 Uplink latency 36.27697980892953 ms
2025/10/13 15:53:31 Latency between uplink nodes: 22 ms
2025/10/13 15:53:31 Graz -> STARLINK-1148 -> STARLINK-3545 -> Honolulu
2025/10/13 15:53:31 1.5086712614984058e+06 -> 5.65303373633313e+06 -> 9.258121586071411e+06
2025/10/13 15:53:31 5.083225586906605 -> 22 -> 31.19375422202293
2025/10/13 15:53:31 5653.03373633313 km apart
2025/10/13 15:53:31 {4.95714631323126e+06 2.499058238210531e+06 3.908544975071054e+06} {-197636.3367252783 4.504522017549084e+06 5.076072827239343e+06}
2025/10/13 15:53:31 85 satellites in simulation.
2025/10/13 15:53:31 Simulation stepped by 60 seconds.
2025/10/13 15:53:31 Sunlight exposure of STARLINK-1148 is 0.8119473445233435
2025/10/13 15:53:31 Simulation time is 2025-10-01T00:30:00Z
2025/10/13 15:53:34 Checking orchestrator for reschedule...
2025/10/13 15:53:34 DummyPlugin: PostSimulationStep called
2025/10/13 15:53:34 Current Simulation Time: 2025-10-01 00:30:00 +0000 UTC
2025/10/13 15:53:34 Number of Nodes: 3108
2025/10/13 15:53:34 Number of Satellites: 3023
2025/10/13 15:53:34 Number of Ground Stations: 85
2025/10/13 15:53:35 Route from Graz to Honolulu in 125 ms
2025/10/13 15:53:35 Uplink latency 60.17972520776864 ms
2025/10/13 15:53:35 Latency between uplink nodes: 64 ms
2025/10/13 15:53:35 Graz -> STARLINK-2589 -> STARLINK-3881 -> Honolulu
2025/10/13 15:53:35 5.901022111603081e+06 -> 1.2304890658990672e+07 -> 1.1959964066089422e+07
2025/10/13 15:53:35 19.88254655080412 -> 64 -> 40.297178656964526
2025/10/13 15:53:35 12304.890658990671 km apart
2025/10/13 15:53:35 {-280394.6493696901 5.652082039744143e+06 3.7513300783312083e+06} {4.907908883480913e+06 -2.267355754292009e+06 -4.10833566565038e+06}
2025/10/13 15:53:35 85 satellites in simulation.
2025/10/13 15:53:35 Simulation stepped by 60 seconds.
2025/10/13 15:53:35 Sunlight exposure of STARLINK-2589 is 0.9316538143634853
2025/10/13 15:53:35 Simulation time is 2025-10-01T00:40:00Z
2025/10/13 15:53:36 Checking orchestrator for reschedule...
2025/10/13 15:53:36 DummyPlugin: PostSimulationStep called
2025/10/13 15:53:36 Current Simulation Time: 2025-10-01 00:40:00 +0000 UTC
2025/10/13 15:53:36 Number of Nodes: 3108
2025/10/13 15:53:36 Number of Satellites: 3023
2025/10/13 15:53:36 Number of Ground Stations: 85
2025/10/13 15:53:37 Route from Graz to Honolulu in 126 ms
2025/10/13 15:53:37 Uplink latency 71.42706260709359 ms
2025/10/13 15:53:37 Latency between uplink nodes: 54 ms
2025/10/13 15:53:37 Graz -> STARLINK-1302 -> STARLINK-4281 -> Honolulu
2025/10/13 15:53:37 9.201805931845982e+06 -> 1.1582378236507645e+07 -> 1.199732340172876e+07
2025/10/13 15:53:37 31.004007667019444 -> 54 -> 40.423054940074145
2025/10/13 15:53:37 11582.378236507644 km apart
2025/10/13 15:53:37 {2.787232108989716e+06 -6.182153304114968e+06 344784.7209129904} {3.6034176080529336e+06 5.159736067471172e+06 2.5463460594512145e+06}
2025/10/13 15:53:37 85 satellites in simulation.
2025/10/13 15:53:37 Simulation stepped by 60 seconds.
2025/10/13 15:53:37 Sunlight exposure of STARLINK-1302 is 0.890757737726203
2025/10/13 15:53:37 Simulation time is 2025-10-01T00:50:00Z
2025/10/13 15:53:40 Checking orchestrator for reschedule...
2025/10/13 15:53:40 DummyPlugin: PostSimulationStep called
2025/10/13 15:53:40 Current Simulation Time: 2025-10-01 00:50:00 +0000 UTC
2025/10/13 15:53:40 Number of Nodes: 3108
2025/10/13 15:53:40 Number of Satellites: 3023
2025/10/13 15:53:40 Number of Ground Stations: 85
2025/10/13 15:53:41 Route from Graz to Honolulu in 70 ms
2025/10/13 15:53:41 Uplink latency 36.31794105403361 ms
2025/10/13 15:53:41 Latency between uplink nodes: 33 ms
2025/10/13 15:53:41 Graz -> STARLINK-1656 -> STARLINK-1677 -> Honolulu
2025/10/13 15:53:41 5.3536978450669395e+06 -> 7.535028253457483e+06 -> 5.425252057559198e+06
2025/10/13 15:53:41 18.038425311808577 -> 33 -> 18.279515742225037
2025/10/13 15:53:41 7535.028253457483 km apart
2025/10/13 15:53:41 {6.141606393633185e+06 -2.0394389696992722e+06 2.0535092168152821e+06} {-198760.3400205241 -5.893915819865929e+06 3.364771461642471e+06}
2025/10/13 15:53:41 85 satellites in simulation.
2025/10/13 15:53:41 Simulation stepped by 60 seconds.
2025/10/13 15:53:41 Sunlight exposure of STARLINK-1656 is 0.6323923685819626
2025/10/13 15:53:41 Simulation time is 2025-10-01T01:00:00Z
2025/10/13 15:53:43 Checking orchestrator for reschedule...
2025/10/13 15:53:43 DummyPlugin: PostSimulationStep called
2025/10/13 15:53:43 Current Simulation Time: 2025-10-01 01:00:00 +0000 UTC
2025/10/13 15:53:43 Number of Nodes: 3108
2025/10/13 15:53:43 Number of Satellites: 3023
2025/10/13 15:53:43 Number of Ground Stations: 85
2025/10/13 15:53:44 Route from Graz to Honolulu in 70 ms
2025/10/13 15:53:44 Uplink latency 43.87079307674405 ms
2025/10/13 15:53:44 Latency between uplink nodes: 26 ms
2025/10/13 15:53:44 Graz -> STARLINK-2083 -> STARLINK-1499 -> Honolulu
2025/10/13 15:53:44 1.0080568005038836e+06 -> 6.437180794292035e+06 -> 1.2012534869578738e+07
2025/10/13 15:53:44 3.396485538066944 -> 26 -> 40.47430753867711
2025/10/13 15:53:44 6437.180794292035 km apart
2025/10/13 15:53:44 {4.420563365541391e+06 1.5085973610026757e+06 4.927353730465383e+06} {6.6791686421658695e+06 -1.115886863399616e+06 -499254.9101747165}
2025/10/13 15:53:44 85 satellites in simulation.
2025/10/13 15:53:44 Simulation stepped by 60 seconds.
2025/10/13 15:53:44 Sunlight exposure of STARLINK-2083 is 0.2694050122925566
2025/10/13 15:53:44 Simulation time is 2025-10-01T01:10:00Z
2025/10/13 15:53:46 Checking orchestrator for reschedule...
2025/10/13 15:53:46 DummyPlugin: PostSimulationStep called
2025/10/13 15:53:46 Current Simulation Time: 2025-10-01 01:10:00 +0000 UTC
2025/10/13 15:53:46 Number of Nodes: 3108
2025/10/13 15:53:46 Number of Satellites: 3023
2025/10/13 15:53:46 Number of Ground Stations: 85
2025/10/13 15:53:47 Route from Graz to Honolulu in 84 ms
2025/10/13 15:53:47 Uplink latency 47.967745792621116 ms
2025/10/13 15:53:47 Latency between uplink nodes: 36 ms
2025/10/13 15:53:47 Graz -> STARLINK-2303 -> STARLINK-4199 -> Honolulu
2025/10/13 15:53:47 4.1738119155966127e+06 -> 8.828370608733058e+06 -> 1.0062731066598242e+07
2025/10/13 15:53:47 14.062989112170339 -> 36 -> 33.904756680450774
2025/10/13 15:53:47 8828.370608733057 km apart
2025/10/13 15:53:47 {4.418548647975139e+06 -1.7276392993183616e+06 4.856355363047016e+06} {3.634537116818902e+06 -4.570737390438202e+06 -3.464837265923094e+06}
2025/10/13 15:53:47 85 satellites in simulation.
2025/10/13 15:53:47 Simulation stepped by 60 seconds.
2025/10/13 15:53:47 Sunlight exposure of STARLINK-2303 is 0.16082723889378378
2025/10/13 15:53:47 Simulation time is 2025-10-01T01:20:00Z
2025/10/13 15:53:49 Checking orchestrator for reschedule...
2025/10/13 15:53:49 DummyPlugin: PostSimulationStep called
2025/10/13 15:53:49 Current Simulation Time: 2025-10-01 01:20:00 +0000 UTC
2025/10/13 15:53:49 Number of Nodes: 3108
2025/10/13 15:53:49 Number of Satellites: 3023
2025/10/13 15:53:49 Number of Ground Stations: 85
2025/10/13 15:53:50 Route from Graz to Honolulu in 73 ms
2025/10/13 15:53:50 Uplink latency 73.93234412313896 ms
2025/10/13 15:53:50 Latency between uplink nodes: 0 ms
2025/10/13 15:53:50 Graz -> STARLINK-3980 -> STARLINK-3980 -> Honolulu
2025/10/13 15:53:50 1.251934585812177e+07 -> 0 -> 9.423336198148666e+06
2025/10/13 15:53:50 42.18192579219157 -> 0 -> 31.75041833094739
2025/10/13 15:53:50 0 km apart
2025/10/13 15:53:50 {-3.9002276999245593e+06 1.4639808815310001e+06 -5.362874426449699e+06} {-3.9002276999245593e+06 1.4639808815310001e+06 -5.362874426449699e+06}
2025/10/13 15:53:50 85 satellites in simulation.
2025/10/13 15:53:50 Simulation stepped by 60 seconds.
2025/10/13 15:53:50 Sunlight exposure of STARLINK-3980 is 0.3982783782006006
2025/10/13 15:53:50 Simulation time is 2025-10-01T01:30:00Z
2025/10/13 15:53:52 Checking orchestrator for reschedule...
2025/10/13 15:53:52 DummyPlugin: PostSimulationStep called
2025/10/13 15:53:52 Current Simulation Time: 2025-10-01 01:30:00 +0000 UTC
2025/10/13 15:53:52 Number of Nodes: 3108
2025/10/13 15:53:52 Number of Satellites: 3023
2025/10/13 15:53:52 Number of Ground Stations: 85
2025/10/13 15:53:53 Route from Graz to Honolulu in 88 ms
2025/10/13 15:53:53 Uplink latency 52.72887401305769 ms
2025/10/13 15:53:53 Latency between uplink nodes: 35 ms
2025/10/13 15:53:53 Graz -> STARLINK-3574 -> STARLINK-4315 -> Honolulu
2025/10/13 15:53:53 3.558092956841909e+06 -> 8.087660611461468e+06 -> 1.2091524695299458e+07
2025/10/13 15:53:53 11.988422939035404 -> 35 -> 40.74045107402229
2025/10/13 15:53:53 8087.660611461468 km apart
2025/10/13 15:53:53 {5.241610550674847e+06 -362624.55639522854 4.299183088362191e+06} {1.6313641220411079e+06 6.377305764145117e+06 1.662952035327667e+06}
2025/10/13 15:53:53 85 satellites in simulation.
2025/10/13 15:53:53 Simulation stepped by 60 seconds.
2025/10/13 15:53:53 Sunlight exposure of STARLINK-3574 is 0.8452904363843462
2025/10/13 15:53:53 Simulation time is 2025-10-01T01:40:00Z
2025/10/13 15:53:55 Checking orchestrator for reschedule...
2025/10/13 15:53:55 DummyPlugin: PostSimulationStep called
2025/10/13 15:53:55 Current Simulation Time: 2025-10-01 01:40:00 +0000 UTC
2025/10/13 15:53:55 Number of Nodes: 3108
2025/10/13 15:53:55 Number of Satellites: 3023
2025/10/13 15:53:55 Number of Ground Stations: 85
2025/10/13 15:53:56 Route from Graz to Honolulu in 82 ms
2025/10/13 15:53:56 Uplink latency 52.49709706222003 ms
2025/10/13 15:53:56 Latency between uplink nodes: 29 ms
2025/10/13 15:53:56 Graz -> STARLINK-1168 -> STARLINK-4315 -> Honolulu
2025/10/13 15:53:56 5.10876711016041e+06 -> 6.492838116281725e+06 -> 1.0472060515091885e+07
2025/10/13 15:53:56 17.213170526044223 -> 29 -> 35.283926536175805
2025/10/13 15:53:56 6492.838116281725 km apart
2025/10/13 15:53:56 {3.6034261089118132e+06 -2.230918516744326e+06 5.303775857781969e+06} {1.5955303500078565e+06 3.9436378946934803e+06 5.291344140740482e+06}
2025/10/13 15:53:56 85 satellites in simulation.
2025/10/13 15:53:56 Simulation stepped by 60 seconds.
2025/10/13 15:53:56 Sunlight exposure of STARLINK-1168 is 0.6389686581407624
