2025/10/13 15:50:36 Injected 250 satellites into simulation
2025/10/13 15:50:36 Injected 85 ground stations into simulation
2025/10/13 15:50:36 Simulation loaded. Not autorunning as StepInterval < 0.
2025/10/13 15:50:36 Simulation time is 2025-10-01T00:10:00Z
2025/10/13 15:50:36 Checking orchestrator for reschedule...
2025/10/13 15:50:36 DummyPlugin: PostSimulationStep called
2025/10/13 15:50:36 Current Simulation Time: 2025-10-01 00:10:00 +0000 UTC
2025/10/13 15:50:36 Number of Nodes: 335
2025/10/13 15:50:36 Number of Satellites: 250
2025/10/13 15:50:36 Number of Ground Stations: 85
2025/10/13 15:50:37 Route from Graz to Honolulu in 72 ms
2025/10/13 15:50:37 Uplink latency 32.909452673311876 ms
2025/10/13 15:50:37 Latency between uplink nodes: 39 ms
2025/10/13 15:50:37 Graz -> STARLINK-1060 -> STARLINK-1042 -> Honolulu
2025/10/13 15:50:37 877003.2485943608 -> 8.292145614923424e+06 -> 8.890327480884777e+06
2025/10/13 15:50:37 2.954921636558117 -> 39 -> 29.954531036753757
2025/10/13 15:50:37 8292.145614923424 km apart
2025/10/13 15:50:37 {4.49425327599447e+06 645719.0998873636 5.047463259127729e+06} {-1.8958170572355168e+06 5.629968358298855e+06 3.2913484093834786e+06}
2025/10/13 15:50:37 85 satellites in simulation.
2025/10/13 15:50:37 Simulation stepped by 60 seconds.
2025/10/13 15:50:37 Sunlight exposure of STARLINK-1060 is 0.11437696834655031
2025/10/13 15:50:37 Simulation time is 2025-10-01T00:20:00Z
2025/10/13 15:50:37 Checking orchestrator for reschedule...
2025/10/13 15:50:37 DummyPlugin: PostSimulationStep called
2025/10/13 15:50:37 Current Simulation Time: 2025-10-01 00:20:00 +0000 UTC
2025/10/13 15:50:37 Number of Nodes: 335
2025/10/13 15:50:37 Number of Satellites: 250
2025/10/13 15:50:37 Number of Ground Stations: 85
2025/10/13 15:50:38 Route from Graz to Honolulu in 59 ms
2025/10/13 15:50:38 Uplink latency 25.864715658573722 ms
2025/10/13 15:50:38 Latency between uplink nodes: 33 ms
2025/10/13 15:50:38 Graz -> STARLINK-1272 -> STARLINK-1166 -> Honolulu
2025/10/13 15:50:38 1.3066942490552156e+06 -> 7.839227265062184e+06 -> 6.369800239292766e+06
2025/10/13 15:50:38 4.4026964724337345 -> 33 -> 21.462019186139987
2025/10/13 15:50:38 7839.227265062184 km apart
2025/10/13 15:50:38 {4.3962589539565565e+06 2.7589238397926427e+06 4.3768604268782325e+06} {-3.388346364065951e+06 2.585159371127187e+06 5.284169671479778e+06}
2025/10/13 15:50:38 85 satellites in simulation.
2025/10/13 15:50:38 Simulation stepped by 60 seconds.
2025/10/13 15:50:38 Sunlight exposure of STARLINK-1272 is 0.7110628121464408
2025/10/13 15:50:38 Simulation time is 2025-10-01T00:30:00Z
2025/10/13 15:50:38 Checking orchestrator for reschedule...
2025/10/13 15:50:38 DummyPlugin: PostSimulationStep called
2025/10/13 15:50:38 Current Simulation Time: 2025-10-01 00:30:00 +0000 UTC
2025/10/13 15:50:38 Number of Nodes: 335
2025/10/13 15:50:38 Number of Satellites: 250
2025/10/13 15:50:38 Number of Ground Stations: 85
2025/10/13 15:50:39 Route from Graz to Honolulu in 38 ms
2025/10/13 15:50:39 Uplink latency 38.76627076692635 ms
2025/10/13 15:50:39 Latency between uplink nodes: 0 ms
2025/10/13 15:50:39 Graz -> STARLINK-1061 -> STARLINK-1061 -> Honolulu
2025/10/13 15:50:39 722504.5213910048 -> 0 -> 1.0783095145909796e+07
2025/10/13 15:50:39 2.4343629811989675 -> 0 -> 36.33190778572738
2025/10/13 15:50:39 0 km apart
2025/10/13 15:50:39 {3.8680629113907693e+06 2.23140228070046e+06 5.113897775835348e+06} {3.8680629113907693e+06 2.23140228070046e+06 5.113897775835348e+06}
2025/10/13 15:50:39 85 satellites in simulation.
2025/10/13 15:50:39 Simulation stepped by 60 seconds.
2025/10/13 15:50:39 Sunlight exposure of STARLINK-1061 is 0.12203149106827815
2025/10/13 15:50:39 Simulation time is 2025-10-01T00:40:00Z
2025/10/13 15:50:39 Checking orchestrator for reschedule...
2025/10/13 15:50:39 DummyPlugin: PostSimulationStep called
2025/10/13 15:50:39 Current Simulation Time: 2025-10-01 00:40:00 +0000 UTC
2025/10/13 15:50:39 Number of Nodes: 335
2025/10/13 15:50:39 Number of Satellites: 250
2025/10/13 15:50:39 Number of Ground Stations: 85
2025/10/13 15:50:40 Route from Graz to Honolulu in 113 ms
2025/10/13 15:50:40 Uplink latency 58.07234067692086 ms
2025/10/13 15:50:40 Latency between uplink nodes: 55 ms
2025/10/13 15:50:40 Graz -> STARLINK-1060 -> STARLINK-1300 -> Honolulu
2025/10/13 15:50:40 1.0250838839178812e+07 -> 1.0167064644104885e+07 -> 6.984688085474493e+06
2025/10/13 15:50:40 34.5385556180191 -> 55 -> 23.533785058901756
2025/10/13 15:50:40 10167.064644104885 km apart
2025/10/13 15:50:40 {-4.571783608532151e+06 5.018519308828189e+06 -139462.43908279494} {-3.175300791860761e+06 -4.124388424870627e+06 -4.361580082306337e+06}
2025/10/13 15:50:40 85 satellites in simulation.
2025/10/13 15:50:40 Simulation stepped by 60 seconds.
2025/10/13 15:50:40 Sunlight exposure of STARLINK-1060 is 0.11932362500582729
2025/10/13 15:50:40 Simulation time is 2025-10-01T00:50:00Z
2025/10/13 15:50:40 Checking orchestrator for reschedule...
2025/10/13 15:50:40 DummyPlugin: PostSimulationStep called
2025/10/13 15:50:40 Current Simulation Time: 2025-10-01 00:50:00 +0000 UTC
2025/10/13 15:50:40 Number of Nodes: 335
2025/10/13 15:50:40 Number of Satellites: 250
2025/10/13 15:50:40 Number of Ground Stations: 85
2025/10/13 15:50:41 Route from Graz to Honolulu in 56 ms
2025/10/13 15:50:41 Uplink latency 56.31048341761385 ms
2025/10/13 15:50:41 Latency between uplink nodes: 0 ms
2025/10/13 15:50:41 Graz -> STARLINK-1283 -> STARLINK-1283 -> Honolulu
2025/10/13 15:50:41 4.517655223381905e+06 -> 0 -> 1.2194962896904055e+07
2025/10/13 15:50:41 15.221513931079437 -> 0 -> 41.08896948653442
2025/10/13 15:50:41 0 km apart
2025/10/13 15:50:41 {3.362673816115765e+06 5.587624789074679e+06 1.8898261194271725e+06} {3.362673816115765e+06 5.587624789074679e+06 1.8898261194271725e+06}
2025/10/13 15:50:41 85 satellites in simulation.
2025/10/13 15:50:41 Simulation stepped by 60 seconds.
2025/10/13 15:50:41 Sunlight exposure of STARLINK-1283 is 0.8899268391699747
2025/10/13 15:50:41 Simulation time is 2025-10-01T01:00:00Z
2025/10/13 15:50:41 Checking orchestrator for reschedule...
2025/10/13 15:50:41 DummyPlugin: PostSimulationStep called
2025/10/13 15:50:41 Current Simulation Time: 2025-10-01 01:00:00 +0000 UTC
2025/10/13 15:50:41 Number of Nodes: 335
2025/10/13 15:50:41 Number of Satellites: 250
2025/10/13 15:50:41 Number of Ground Stations: 85
2025/10/13 15:50:42 Route from Graz to Honolulu in 108 ms
2025/10/13 15:50:42 Uplink latency 38.03752231566913 ms
2025/10/13 15:50:42 Latency between uplink nodes: 70 ms
2025/10/13 15:50:42 Graz -> STARLINK-1193 -> STARLINK-1356 -> Honolulu
2025/10/13 15:50:42 5.408115805820441e+06 -> 8.75244623160972e+06 -> 5.8811956353380475e+06
2025/10/13 15:50:42 18.221777893347607 -> 70 -> 19.815744422321522
2025/10/13 15:50:42 8752.446231609722 km apart
2025/10/13 15:50:42 {6.721657749128168e+06 -324328.14550445264 904260.367404388} {234378.499993742 -4.1009274475949733e+06 5.405129249344682e+06}
2025/10/13 15:50:42 85 satellites in simulation.
2025/10/13 15:50:42 Simulation stepped by 60 seconds.
2025/10/13 15:50:42 Sunlight exposure of STARLINK-1193 is 0.8411906030671423
2025/10/13 15:50:42 Simulation time is 2025-10-01T01:10:00Z
2025/10/13 15:50:42 Checking orchestrator for reschedule...
2025/10/13 15:50:42 DummyPlugin: PostSimulationStep called
2025/10/13 15:50:42 Current Simulation Time: 2025-10-01 01:10:00 +0000 UTC
2025/10/13 15:50:42 Number of Nodes: 335
2025/10/13 15:50:42 Number of Satellites: 250
2025/10/13 15:50:42 Number of Ground Stations: 85
2025/10/13 15:50:43 Route from Graz to Honolulu in 164 ms
2025/10/13 15:50:43 Uplink latency 76.5382995513024 ms
2025/10/13 15:50:43 Latency between uplink nodes: 87 ms
2025/10/13 15:50:43 Graz -> STARLINK-1283 -> STARLINK-1230 -> Honolulu
2025/10/13 15:50:43 1.093160766370963e+07 -> 1.0841380980224496e+07 -> 1.178450653638358e+07
2025/10/13 15:50:43 36.83229686963308 -> 87 -> 39.706002681669325
2025/10/13 15:50:43 10841.380980224496 km apart
2025/10/13 15:50:43 {-1.9339770233753163e+06 4.758422241125902e+06 -4.441828274531492e+06} {6.281788942104167e+06 -1.8157398169365225e+06 -1.8308659245205144e+06}
2025/10/13 15:50:43 85 satellites in simulation.
2025/10/13 15:50:43 Simulation stepped by 60 seconds.
2025/10/13 15:50:43 Sunlight exposure of STARLINK-1283 is 0.8981070707371537
2025/10/13 15:50:43 Simulation time is 2025-10-01T01:20:00Z
2025/10/13 15:50:43 Checking orchestrator for reschedule...
2025/10/13 15:50:43 DummyPlugin: PostSimulationStep called
2025/10/13 15:50:43 Current Simulation Time: 2025-10-01 01:20:00 +0000 UTC
2025/10/13 15:50:43 Number of Nodes: 335
2025/10/13 15:50:43 Number of Satellites: 250
2025/10/13 15:50:43 Number of Ground Stations: 85
2025/10/13 15:50:44 Route from Graz to Honolulu in 189 ms
2025/10/13 15:50:44 Uplink latency 83.7238576962556 ms
2025/10/13 15:50:44 Latency between uplink nodes: 105 ms
2025/10/13 15:50:44 Graz -> STARLINK-1061 -> STARLINK-1184 -> Honolulu
2025/10/13 15:50:44 1.3125470424643122e+07 -> 1.2797414263954926e+07 -> 1.172327489436798e+07
2025/10/13 15:50:44 44.224165201149304 -> 105 -> 39.49969249510631
2025/10/13 15:50:44 12797.414263954926 km apart
2025/10/13 15:50:44 {-2.957335967282533e+06 -2.9525671664156113e+06 -5.352712544559357e+06} {6.138455943944097e+06 1.1206701016011366e+06 2.6753083516130415e+06}
2025/10/13 15:50:44 85 satellites in simulation.
2025/10/13 15:50:44 Simulation stepped by 60 seconds.
2025/10/13 15:50:44 Sunlight exposure of STARLINK-1061 is 0.2883313309483918
2025/10/13 15:50:44 Simulation time is 2025-10-01T01:30:00Z
2025/10/13 15:50:44 Checking orchestrator for reschedule...
2025/10/13 15:50:44 DummyPlugin: PostSimulationStep called
2025/10/13 15:50:44 Current Simulation Time: 2025-10-01 01:30:00 +0000 UTC
2025/10/13 15:50:44 Number of Nodes: 335
2025/10/13 15:50:44 Number of Satellites: 250
2025/10/13 15:50:44 Number of Ground Stations: 85
2025/10/13 15:50:45 Route from Graz to Honolulu in 77 ms
2025/10/13 15:50:45 Uplink latency 54.68432396906235 ms
2025/10/13 15:50:45 Latency between uplink nodes: 22 ms
2025/10/13 15:50:45 Graz -> STARLINK-1117 -> STARLINK-1184 -> Honolulu
2025/10/13 15:50:45 5.356349290620199e+06 -> 4.883867067494804e+06 -> 1.0873634332199607e+07
2025/10/13 15:50:45 18.047358931890418 -> 22 -> 36.636965037171926
2025/10/13 15:50:45 4883.867067494804 km apart
2025/10/13 15:50:45 {-579464.104251262 5.9400404105126895e+06 3.236689382804406e+06} {3.15466802975317e+06 3.333978050399379e+06 5.0021507145691225e+06}
2025/10/13 15:50:45 85 satellites in simulation.
2025/10/13 15:50:45 Simulation stepped by 60 seconds.
2025/10/13 15:50:45 Sunlight exposure of STARLINK-1117 is 0.6823908538272991
2025/10/13 15:50:45 Simulation time is 2025-10-01T01:40:00Z
2025/10/13 15:50:45 Checking orchestrator for reschedule...
2025/10/13 15:50:45 DummyPlugin: PostSimulationStep called
2025/10/13 15:50:45 Current Simulation Time: 2025-10-01 01:40:00 +0000 UTC
2025/10/13 15:50:45 Number of Nodes: 335
2025/10/13 15:50:45 Number of Satellites: 250
2025/10/13 15:50:45 Number of Ground Stations: 85
2025/10/13 15:50:46 Route from Graz to Honolulu in 47 ms
2025/10/13 15:50:46 Uplink latency 47.68338112704578 ms
2025/10/13 15:50:46 Latency between uplink nodes: 0 ms
2025/10/13 15:50:46 Graz -> STARLINK-1184 -> STARLINK-1184 -> Honolulu
2025/10/13 15:50:46 4.685642140551554e+06 -> 0 -> 9.466503092339361e+06
2025/10/13 15:50:46 15.787518876897929 -> 0 -> 31.89586225014785
2025/10/13 15:50:46 0 km apart
2025/10/13 15:50:46 {-1.1441935593406223e+06 4.157439857618292e+06 5.243734924247016e+06} {-1.1441935593406223e+06 4.157439857618292e+06 5.243734924247016e+06}
2025/10/13 15:50:46 85 satellites in simulation.
2025/10/13 15:50:46 Simulation stepped by 60 seconds.
2025/10/13 15:50:46 Sunlight exposure of STARLINK-1184 is 0.08511763649927748
