2025/10/13 15:50:47 Injected 500 satellites into simulation
2025/10/13 15:50:47 Injected 85 ground stations into simulation
2025/10/13 15:50:47 Simulation loaded. Not autorunning as StepInterval < 0.
2025/10/13 15:50:47 Simulation time is 2025-10-01T00:10:00Z
2025/10/13 15:50:47 Checking orchestrator for reschedule...
2025/10/13 15:50:47 DummyPlugin: PostSimulationStep called
2025/10/13 15:50:47 Current Simulation Time: 2025-10-01 00:10:00 +0000 UTC
2025/10/13 15:50:47 Number of Nodes: 585
2025/10/13 15:50:47 Number of Satellites: 500
2025/10/13 15:50:47 Number of Ground Stations: 85
2025/10/13 15:50:48 Route from Graz to Honolulu in 204 ms
2025/10/13 15:50:48 Uplink latency 51.90233052172802 ms
2025/10/13 15:50:48 Latency between uplink nodes: 152 ms
2025/10/13 15:50:48 Graz -> STARLINK-1726 -> STARLINK-1552 -> Honolulu
2025/10/13 15:50:48 7.5372660814124355e+06 -> 1.1722365847910533e+07 -> 7.867038355639752e+06
2025/10/13 15:50:48 25.39560789559022 -> 152 -> 26.506722626137798
2025/10/13 15:50:48 11722.365847910532 km apart
2025/10/13 15:50:48 {1.7424871968885027e+06 6.558411406011102e+06 -235566.39432092733} {1.7137927189234283e+06 -3.7080974166290993e+06 5.42233377215819e+06}
2025/10/13 15:50:48 85 satellites in simulation.
2025/10/13 15:50:48 Simulation stepped by 60 seconds.
2025/10/13 15:50:48 Sunlight exposure of STARLINK-1726 is 0.07653148168261185
2025/10/13 15:50:48 Simulation time is 2025-10-01T00:20:00Z
2025/10/13 15:50:48 Checking orchestrator for reschedule...
2025/10/13 15:50:48 DummyPlugin: PostSimulationStep called
2025/10/13 15:50:48 Current Simulation Time: 2025-10-01 00:20:00 +0000 UTC
2025/10/13 15:50:48 Number of Nodes: 585
2025/10/13 15:50:48 Number of Satellites: 500
2025/10/13 15:50:48 Number of Ground Stations: 85
2025/10/13 15:50:49 Route from Graz to Honolulu in 269 ms
2025/10/13 15:50:49 Uplink latency 67.74747839237725 ms
2025/10/13 15:50:49 Latency between uplink nodes: 202 ms
2025/10/13 15:50:49 Graz -> STARLINK-1401 -> STARLINK-1336 -> Honolulu
2025/10/13 15:50:49 7.861832955540204e+06 -> 1.0048488427966641e+07 -> 1.2245217566245278e+07
2025/10/13 15:50:49 26.48918386626918 -> 202 -> 41.25829452610806
2025/10/13 15:50:49 10048.488427966642 km apart
2025/10/13 15:50:49 {-3.0590964226353597e+06 4.711946784700304e+06 3.8142515253177444e+06} {1.597907947820898e+06 4.218851771409545e+06 -5.076265180048633e+06}
2025/10/13 15:50:49 85 satellites in simulation.
2025/10/13 15:50:49 Simulation stepped by 60 seconds.
2025/10/13 15:50:49 Sunlight exposure of STARLINK-1401 is 0.9952042359847001
2025/10/13 15:50:49 Simulation time is 2025-10-01T00:30:00Z
2025/10/13 15:50:49 Checking orchestrator for reschedule...
2025/10/13 15:50:49 DummyPlugin: PostSimulationStep called
2025/10/13 15:50:49 Current Simulation Time: 2025-10-01 00:30:00 +0000 UTC
2025/10/13 15:50:49 Number of Nodes: 585
2025/10/13 15:50:49 Number of Satellites: 500
2025/10/13 15:50:49 Number of Ground Stations: 85
2025/10/13 15:50:50 Route from Graz to Honolulu in 167 ms
2025/10/13 15:50:50 Uplink latency 65.74139270279943 ms
2025/10/13 15:50:50 Latency between uplink nodes: 101 ms
2025/10/13 15:50:50 Graz -> STARLINK-1665 -> STARLINK-1247 -> Honolulu
2025/10/13 15:50:50 8.345404154139465e+06 -> 1.2390800670699857e+07 -> 1.1166252011006603e+07
2025/10/13 15:50:50 28.118499378894164 -> 101 -> 37.62289332390526
2025/10/13 15:50:50 12390.800670699857 km apart
2025/10/13 15:50:50 {-2.5240499303130284e+06 -3.4602164163169325e+06 5.26764504675874e+06} {-889684.4091843024 6.417927497365141e+06 -2.031879829899156e+06}
2025/10/13 15:50:50 85 satellites in simulation.
2025/10/13 15:50:50 Simulation stepped by 60 seconds.
2025/10/13 15:50:50 Sunlight exposure of STARLINK-1665 is 0.7662101801635017
2025/10/13 15:50:50 Simulation time is 2025-10-01T00:40:00Z
2025/10/13 15:50:50 Checking orchestrator for reschedule...
2025/10/13 15:50:50 DummyPlugin: PostSimulationStep called
2025/10/13 15:50:50 Current Simulation Time: 2025-10-01 00:40:00 +0000 UTC
2025/10/13 15:50:50 Number of Nodes: 585
2025/10/13 15:50:50 Number of Satellites: 500
2025/10/13 15:50:50 Number of Ground Stations: 85
2025/10/13 15:50:51 Route from Graz to Honolulu in 61 ms
2025/10/13 15:50:51 Uplink latency 28.413576243962567 ms
2025/10/13 15:50:51 Latency between uplink nodes: 32 ms
2025/10/13 15:50:51 Graz -> STARLINK-1523 -> STARLINK-1401 -> Honolulu
2025/10/13 15:50:51 5.507894324313616e+06 -> 5.8100783210456325e+06 -> 2.9250868965231096e+06
2025/10/13 15:50:51 18.557965591205917 -> 32 -> 9.855610652756651
2025/10/13 15:50:51 5810.078321045632 km apart
2025/10/13 15:50:51 {2.4480981579859774e+06 -3.3868539624334844e+06 5.350469019078626e+06} {-3.297811412485854e+06 -3.770355132164728e+06 4.579456595404772e+06}
2025/10/13 15:50:51 85 satellites in simulation.
2025/10/13 15:50:51 Simulation stepped by 60 seconds.
2025/10/13 15:50:51 Sunlight exposure of STARLINK-1523 is 0.9426210271060108
2025/10/13 15:50:51 Simulation time is 2025-10-01T00:50:00Z
2025/10/13 15:50:51 Checking orchestrator for reschedule...
2025/10/13 15:50:51 DummyPlugin: PostSimulationStep called
2025/10/13 15:50:51 Current Simulation Time: 2025-10-01 00:50:00 +0000 UTC
2025/10/13 15:50:51 Number of Nodes: 585
2025/10/13 15:50:51 Number of Satellites: 500
2025/10/13 15:50:51 Number of Ground Stations: 85
2025/10/13 15:50:52 Route from Graz to Honolulu in 124 ms
2025/10/13 15:50:52 Uplink latency 66.54029940846499 ms
2025/10/13 15:50:52 Latency between uplink nodes: 58 ms
2025/10/13 15:50:52 Graz -> STARLINK-1665 -> STARLINK-1523 -> Honolulu
2025/10/13 15:50:52 9.09559905024721e+06 -> 7.79938590115071e+06 -> 1.06531678956127e+07
2025/10/13 15:50:52 30.646160631799695 -> 58 -> 35.89413877666529
2025/10/13 15:50:52 7799.38590115071 km apart
2025/10/13 15:50:52 {3.5052263635051027e+06 -5.81476742038533e+06 75959.01522135251} {4.808106821879318e+06 263830.1084636904 4.7859032854357725e+06}
2025/10/13 15:50:52 85 satellites in simulation.
2025/10/13 15:50:52 Simulation stepped by 60 seconds.
2025/10/13 15:50:52 Sunlight exposure of STARLINK-1665 is 0.8884449150548387
2025/10/13 15:50:52 Simulation time is 2025-10-01T01:00:00Z
2025/10/13 15:50:52 Checking orchestrator for reschedule...
2025/10/13 15:50:52 DummyPlugin: PostSimulationStep called
2025/10/13 15:50:52 Current Simulation Time: 2025-10-01 01:00:00 +0000 UTC
2025/10/13 15:50:52 Number of Nodes: 585
2025/10/13 15:50:52 Number of Satellites: 500
2025/10/13 15:50:52 Number of Ground Stations: 85
2025/10/13 15:50:53 Route from Graz to Honolulu in 151 ms
2025/10/13 15:50:53 Uplink latency 72.31753869949435 ms
2025/10/13 15:50:53 Latency between uplink nodes: 78 ms
2025/10/13 15:50:53 Graz -> STARLINK-1401 -> STARLINK-1496 -> Honolulu
2025/10/13 15:50:53 1.0927868489266466e+07 -> 1.2804397211614033e+07 -> 1.0535548876914356e+07
2025/10/13 15:50:53 36.8196983216999 -> 78 -> 35.497840377794454
2025/10/13 15:50:53 12804.397211614034 km apart
2025/10/13 15:50:53 {1.6586131484245986e+06 -6.311512957992032e+06 -1.869575463988667e+06} {1.3673379495673121e+06 4.632219477632993e+06 4.771393372617078e+06}
2025/10/13 15:50:53 85 satellites in simulation.
2025/10/13 15:50:53 Simulation stepped by 60 seconds.
2025/10/13 15:50:53 Sunlight exposure of STARLINK-1401 is 0.2763893774202327
2025/10/13 15:50:53 Simulation time is 2025-10-01T01:10:00Z
2025/10/13 15:50:53 Checking orchestrator for reschedule...
2025/10/13 15:50:53 DummyPlugin: PostSimulationStep called
2025/10/13 15:50:53 Current Simulation Time: 2025-10-01 01:10:00 +0000 UTC
2025/10/13 15:50:53 Number of Nodes: 585
2025/10/13 15:50:53 Number of Satellites: 500
2025/10/13 15:50:53 Number of Ground Stations: 85
2025/10/13 15:50:54 Route from Graz to Honolulu in 164 ms
2025/10/13 15:50:54 Uplink latency 65.91692481415532 ms
2025/10/13 15:50:54 Latency between uplink nodes: 98 ms
2025/10/13 15:50:54 Graz -> STARLINK-1247 -> STARLINK-1013 -> Honolulu
2025/10/13 15:50:54 9.042578027675042e+06 -> 1.2288672246156426e+07 -> 1.0521175028971361e+07
2025/10/13 15:50:54 30.467514809173558 -> 98 -> 35.44941000498177
2025/10/13 15:50:54 12288.672246156426 km apart
2025/10/13 15:50:54 {-1.4064410046906946e+06 -5.115709200409567e+06 4.236178922495022e+06} {-2.710235982826309e+06 6.216632335117996e+06 -334337.41054661456}
2025/10/13 15:50:54 85 satellites in simulation.
2025/10/13 15:50:54 Simulation stepped by 60 seconds.
2025/10/13 15:50:54 Sunlight exposure of STARLINK-1247 is 0.9050582867919698
2025/10/13 15:50:54 Simulation time is 2025-10-01T01:20:00Z
2025/10/13 15:50:54 Checking orchestrator for reschedule...
2025/10/13 15:50:54 DummyPlugin: PostSimulationStep called
2025/10/13 15:50:54 Current Simulation Time: 2025-10-01 01:20:00 +0000 UTC
2025/10/13 15:50:54 Number of Nodes: 585
2025/10/13 15:50:54 Number of Satellites: 500
2025/10/13 15:50:54 Number of Ground Stations: 85
2025/10/13 15:50:55 Route from Graz to Honolulu in 229 ms
2025/10/13 15:50:55 Uplink latency 26.96378033952505 ms
2025/10/13 15:50:55 Latency between uplink nodes: 202 ms
2025/10/13 15:50:55 Graz -> STARLINK-1029 -> STARLINK-1231 -> Honolulu
2025/10/13 15:50:55 4.103902733517129e+06 -> 8.545097960602868e+06 -> 3.898787645674296e+06
2025/10/13 15:50:55 13.827441347607502 -> 202 -> 13.13633899191755
2025/10/13 15:50:55 8545.097960602869 km apart
2025/10/13 15:50:55 {4.570177016169705e+06 -1.4431192744913283e+06 4.808721500731515e+06} {-3.9605058675284088e+06 -1.5345229745456718e+06 5.296362821474262e+06}
2025/10/13 15:50:55 85 satellites in simulation.
2025/10/13 15:50:55 Simulation stepped by 60 seconds.
2025/10/13 15:50:55 Sunlight exposure of STARLINK-1029 is 0.1801609556897358
2025/10/13 15:50:55 Simulation time is 2025-10-01T01:30:00Z
2025/10/13 15:50:55 Checking orchestrator for reschedule...
2025/10/13 15:50:55 DummyPlugin: PostSimulationStep called
2025/10/13 15:50:55 Current Simulation Time: 2025-10-01 01:30:00 +0000 UTC
2025/10/13 15:50:55 Number of Nodes: 585
2025/10/13 15:50:55 Number of Satellites: 500
2025/10/13 15:50:55 Number of Ground Stations: 85
2025/10/13 15:50:56 Route from Graz to Honolulu in 91 ms
2025/10/13 15:50:56 Uplink latency 21.595049176482387 ms
2025/10/13 15:50:56 Latency between uplink nodes: 70 ms
2025/10/13 15:50:56 Graz -> STARLINK-1560 -> STARLINK-1231 -> Honolulu
2025/10/13 15:50:56 2.1284075666132e+06 -> 9.207396267409578e+06 -> 4.280875186275648e+06
2025/10/13 15:50:56 7.171327563586174 -> 70 -> 14.423721612896214
2025/10/13 15:50:56 9207.396267409578 km apart
2025/10/13 15:50:56 {5.264740127566478e+06 2.1618038127326733e+06 3.7020619997181823e+06} {-858044.2595726855 -4.6075296282196995e+06 4.911930645033295e+06}
2025/10/13 15:50:56 85 satellites in simulation.
2025/10/13 15:50:56 Simulation stepped by 60 seconds.
2025/10/13 15:50:56 Sunlight exposure of STARLINK-1560 is 0.18806870257122613
2025/10/13 15:50:56 Simulation time is 2025-10-01T01:40:00Z
2025/10/13 15:50:56 Checking orchestrator for reschedule...
2025/10/13 15:50:56 DummyPlugin: PostSimulationStep called
2025/10/13 15:50:56 Current Simulation Time: 2025-10-01 01:40:00 +0000 UTC
2025/10/13 15:50:56 Number of Nodes: 585
2025/10/13 15:50:56 Number of Satellites: 500
2025/10/13 15:50:56 Number of Ground Stations: 85
2025/10/13 15:50:57 Route from Graz to Honolulu in 93 ms
2025/10/13 15:50:57 Uplink latency 57.81802956446198 ms
2025/10/13 15:50:57 Latency between uplink nodes: 36 ms
2025/10/13 15:50:57 Graz -> STARLINK-1492 -> STARLINK-1260 -> Honolulu
2025/10/13 15:50:57 5.14438037301855e+06 -> 4.1105804802420046e+06 -> 1.2015668518978747e+07
2025/10/13 15:50:57 17.33316369726293 -> 36 -> 40.484865867199055
2025/10/13 15:50:57 4110.580480242004 km apart
2025/10/13 15:50:57 {6.61679239838083e+06 627919.7135666444 1.3781481786917886e+06} {4.690771257088408e+06 3.8624581054008934e+06 3.0289285516038057e+06}
2025/10/13 15:50:57 85 satellites in simulation.
2025/10/13 15:50:57 Simulation stepped by 60 seconds.
2025/10/13 15:50:57 Sunlight exposure of STARLINK-1492 is 0.9973091117192179
