2025/10/13 15:50:59 Injected 1000 satellites into simulation
2025/10/13 15:50:59 Injected 85 ground stations into simulation
2025/10/13 15:50:59 Simulation loaded. Not autorunning as StepInterval < 0.
2025/10/13 15:50:59 Simulation time is 2025-10-01T00:10:00Z
2025/10/13 15:50:59 Checking orchestrator for reschedule...
2025/10/13 15:50:59 DummyPlugin: PostSimulationStep called
2025/10/13 15:50:59 Current Simulation Time: 2025-10-01 00:10:00 +0000 UTC
2025/10/13 15:50:59 Number of Nodes: 1085
2025/10/13 15:50:59 Number of Satellites: 1000
2025/10/13 15:50:59 Number of Ground Stations: 85
2025/10/13 15:51:00 Route from Graz to Honolulu in 91 ms
2025/10/13 15:51:00 Uplink latency 18.37933350878869 ms
2025/10/13 15:51:00 Latency between uplink nodes: 73 ms
2025/10/13 15:51:00 Graz -> STARLINK-1038 -> STARLINK-2050 -> Honolulu
2025/10/13 15:51:00 721201.1686238612 -> 8.375190485025318e+06 -> 4.733676211130251e+06
2025/10/13 15:51:00 2.429971543313334 -> 73 -> 15.949361965475358
2025/10/13 15:51:00 8375.190485025318 km apart
2025/10/13 15:51:00 {4.1773027012502053e+06 1.9846754486161256e+06 4.970376748077097e+06} {-1.9853860354603287e+06 -3.6738549977300186e+06 5.352628474892633e+06}
2025/10/13 15:51:00 85 satellites in simulation.
2025/10/13 15:51:00 Simulation stepped by 60 seconds.
2025/10/13 15:51:00 Sunlight exposure of STARLINK-1038 is 0.21308781136041724
2025/10/13 15:51:00 Simulation time is 2025-10-01T00:20:00Z
2025/10/13 15:51:00 Checking orchestrator for reschedule...
2025/10/13 15:51:00 DummyPlugin: PostSimulationStep called
2025/10/13 15:51:00 Current Simulation Time: 2025-10-01 00:20:00 +0000 UTC
2025/10/13 15:51:00 Number of Nodes: 1085
2025/10/13 15:51:00 Number of Satellites: 1000
2025/10/13 15:51:00 Number of Ground Stations: 85
2025/10/13 15:51:01 Route from Graz to Honolulu in 162 ms
2025/10/13 15:51:01 Uplink latency 73.33701528394425 ms
2025/10/13 15:51:01 Latency between uplink nodes: 89 ms
2025/10/13 15:51:01 Graz -> STARLINK-1616 -> STARLINK-1973 -> Honolulu
2025/10/13 15:51:01 9.529043024068872e+06 -> 1.2504478112814138e+07 -> 1.2236948957075303e+07
2025/10/13 15:51:01 32.106580508845965 -> 89 -> 41.23043477509829
2025/10/13 15:51:01 12504.478112814139 km apart
2025/10/13 15:51:01 {-5.258067573636878e+06 -353838.8858103114 4.28029717386898e+06} {6.698707643018217e+06 -890042.5652004223 659525.8601239612}
2025/10/13 15:51:01 85 satellites in simulation.
2025/10/13 15:51:01 Simulation stepped by 60 seconds.
2025/10/13 15:51:01 Sunlight exposure of STARLINK-1616 is 0.05557083207401992
2025/10/13 15:51:01 Simulation time is 2025-10-01T00:30:00Z
2025/10/13 15:51:01 Checking orchestrator for reschedule...
2025/10/13 15:51:01 DummyPlugin: PostSimulationStep called
2025/10/13 15:51:01 Current Simulation Time: 2025-10-01 00:30:00 +0000 UTC
2025/10/13 15:51:01 Number of Nodes: 1085
2025/10/13 15:51:01 Number of Satellites: 1000
2025/10/13 15:51:01 Number of Ground Stations: 85
2025/10/13 15:51:02 Route from Graz to Honolulu in 67 ms
2025/10/13 15:51:02 Uplink latency 41.156321813438254 ms
2025/10/13 15:51:02 Latency between uplink nodes: 26 ms
2025/10/13 15:51:02 Graz -> STARLINK-1279 -> STARLINK-2388 -> Honolulu
2025/10/13 15:51:02 1.0320274252251082e+06 -> 2.404337749046748e+06 -> 1.1182925243578231e+07
2025/10/13 15:51:02 3.4772507093979375 -> 26 -> 37.67907110404032
2025/10/13 15:51:02 2404.337749046748 km apart
2025/10/13 15:51:02 {4.826007194829796e+06 2.1825199524283246e+06 4.247752088007261e+06} {5.524070968843006e+06 -98349.56289862748 3.945789784144986e+06}
2025/10/13 15:51:02 85 satellites in simulation.
2025/10/13 15:51:02 Simulation stepped by 60 seconds.
2025/10/13 15:51:02 Sunlight exposure of STARLINK-1279 is 0.43673427561458183
2025/10/13 15:51:02 Simulation time is 2025-10-01T00:40:00Z
2025/10/13 15:51:02 Checking orchestrator for reschedule...
2025/10/13 15:51:02 DummyPlugin: PostSimulationStep called
2025/10/13 15:51:02 Current Simulation Time: 2025-10-01 00:40:00 +0000 UTC
2025/10/13 15:51:02 Number of Nodes: 1085
2025/10/13 15:51:02 Number of Satellites: 1000
2025/10/13 15:51:02 Number of Ground Stations: 85
2025/10/13 15:51:03 Route from Graz to Honolulu in 226 ms
2025/10/13 15:51:03 Uplink latency 40.63391259786573 ms
2025/10/13 15:51:03 Latency between uplink nodes: 185 ms
2025/10/13 15:51:03 Graz -> STARLINK-2170 -> STARLINK-1193 -> Honolulu
2025/10/13 15:51:03 1.7719174307832073e+06 -> 1.0991723745196417e+07 -> 1.0287987275500763e+07
2025/10/13 15:51:03 5.970191288125449 -> 185 -> 34.66372130974028
2025/10/13 15:51:03 10991.723745196417 km apart
2025/10/13 15:51:03 {4.830695761102809e+06 350039.31864988245 4.757610495218474e+06} {2.2075968470545006e+06 -4.094880375644331e+06 -4.947029214173564e+06}
2025/10/13 15:51:03 85 satellites in simulation.
2025/10/13 15:51:03 Simulation stepped by 60 seconds.
2025/10/13 15:51:03 Sunlight exposure of STARLINK-2170 is 0.012350967660623158
2025/10/13 15:51:03 Simulation time is 2025-10-01T00:50:00Z
2025/10/13 15:51:03 Checking orchestrator for reschedule...
2025/10/13 15:51:03 DummyPlugin: PostSimulationStep called
2025/10/13 15:51:03 Current Simulation Time: 2025-10-01 00:50:00 +0000 UTC
2025/10/13 15:51:03 Number of Nodes: 1085
2025/10/13 15:51:03 Number of Satellites: 1000
2025/10/13 15:51:03 Number of Ground Stations: 85
2025/10/13 15:51:04 Route from Graz to Honolulu in 114 ms
2025/10/13 15:51:04 Uplink latency 54.346904417999724 ms
2025/10/13 15:51:04 Latency between uplink nodes: 59 ms
2025/10/13 15:51:04 Graz -> STARLINK-2198 -> STARLINK-1453 -> Honolulu
2025/10/13 15:51:04 7.3716247744247755e+06 -> 3.274326810206817e+06 -> 8.758214723163387e+06
2025/10/13 15:51:04 24.837506106674283 -> 59 -> 29.509398311325437
2025/10/13 15:51:04 3274.326810206817 km apart
2025/10/13 15:51:04 {5.724675871281774e+06 -3.6350711804310153e+06 336794.0515499627} {3.6799803428999544e+06 -5.192345033085332e+06 2.3654227519517196e+06}
2025/10/13 15:51:04 85 satellites in simulation.
2025/10/13 15:51:04 Simulation stepped by 60 seconds.
2025/10/13 15:51:04 Sunlight exposure of STARLINK-2198 is 0.014890918372130793
2025/10/13 15:51:04 Simulation time is 2025-10-01T01:00:00Z
2025/10/13 15:51:04 Checking orchestrator for reschedule...
2025/10/13 15:51:04 DummyPlugin: PostSimulationStep called
2025/10/13 15:51:04 Current Simulation Time: 2025-10-01 01:00:00 +0000 UTC
2025/10/13 15:51:04 Number of Nodes: 1085
2025/10/13 15:51:04 Number of Satellites: 1000
2025/10/13 15:51:04 Number of Ground Stations: 85
2025/10/13 15:51:05 Route from Graz to Honolulu in 61 ms
2025/10/13 15:51:05 Uplink latency 47.414450932335306 ms
2025/10/13 15:51:05 Latency between uplink nodes: 14 ms
2025/10/13 15:51:05 Graz -> STARLINK-1828 -> STARLINK-2362 -> Honolulu
2025/10/13 15:51:05 1.9613957182608596e+06 -> 2.8024292719685426e+06 -> 1.211093262490674e+07
2025/10/13 15:51:05 6.608607955592846 -> 14 -> 40.80584297674246
2025/10/13 15:51:05 2802.4292719685427 km apart
2025/10/13 15:51:05 {2.6535023487939076e+06 3.8035320111090313e+06 4.95818674019275e+06} {4.281816178347791e+06 4.477011368156206e+06 2.7790517162667364e+06}
2025/10/13 15:51:05 85 satellites in simulation.
2025/10/13 15:51:05 Simulation stepped by 60 seconds.
2025/10/13 15:51:05 Sunlight exposure of STARLINK-1828 is 0.6578346684229306
2025/10/13 15:51:05 Simulation time is 2025-10-01T01:10:00Z
2025/10/13 15:51:05 Checking orchestrator for reschedule...
2025/10/13 15:51:05 DummyPlugin: PostSimulationStep called
2025/10/13 15:51:05 Current Simulation Time: 2025-10-01 01:10:00 +0000 UTC
2025/10/13 15:51:05 Number of Nodes: 1085
2025/10/13 15:51:05 Number of Satellites: 1000
2025/10/13 15:51:05 Number of Ground Stations: 85
2025/10/13 15:51:06 Route from Graz to Honolulu in 221 ms
2025/10/13 15:51:06 Uplink latency 68.855330170446 ms
2025/10/13 15:51:06 Latency between uplink nodes: 152 ms
2025/10/13 15:51:06 Graz -> STARLINK-1799 -> STARLINK-1911 -> Honolulu
2025/10/13 15:51:06 7.930861248657295e+06 -> 1.2701936959856773e+07 -> 1.2504993122376468e+07
2025/10/13 15:51:06 26.721763616906696 -> 152 -> 42.1335665535393
2025/10/13 15:51:06 12701.936959856774 km apart
2025/10/13 15:51:06 {-4.082811898189746e+06 3.8973557618692787e+06 3.7735033813324347e+06} {4.464722542048873e+06 714703.693931936 -5.066721917808099e+06}
2025/10/13 15:51:06 85 satellites in simulation.
2025/10/13 15:51:06 Simulation stepped by 60 seconds.
2025/10/13 15:51:06 Sunlight exposure of STARLINK-1799 is 0.7271737029065154
2025/10/13 15:51:06 Simulation time is 2025-10-01T01:20:00Z
2025/10/13 15:51:06 Checking orchestrator for reschedule...
2025/10/13 15:51:06 DummyPlugin: PostSimulationStep called
2025/10/13 15:51:06 Current Simulation Time: 2025-10-01 01:20:00 +0000 UTC
2025/10/13 15:51:06 Number of Nodes: 1085
2025/10/13 15:51:06 Number of Satellites: 1000
2025/10/13 15:51:06 Number of Ground Stations: 85
2025/10/13 15:51:07 Route from Graz to Honolulu in 163 ms
2025/10/13 15:51:07 Uplink latency 71.4959136260504 ms
2025/10/13 15:51:07 Latency between uplink nodes: 91 ms
2025/10/13 15:51:07 Graz -> STARLINK-1170 -> STARLINK-2209 -> Honolulu
2025/10/13 15:51:07 1.0699062790407943e+07 -> 1.0725742251084127e+07 -> 1.0520501117995147e+07
2025/10/13 15:51:07 36.04877425590141 -> 91 -> 35.44713937014898
2025/10/13 15:51:07 10725.742251084126 km apart
2025/10/13 15:51:07 {-6.516885509098771e+06 135877.62760430784 1.8997285073406107e+06} {3.3735425257575894e+06 2.384728012708831e+06 5.3873712742297e+06}
2025/10/13 15:51:07 85 satellites in simulation.
2025/10/13 15:51:07 Simulation stepped by 60 seconds.
2025/10/13 15:51:07 Sunlight exposure of STARLINK-1170 is 0.798003189141155
2025/10/13 15:51:07 Simulation time is 2025-10-01T01:30:00Z
2025/10/13 15:51:07 Checking orchestrator for reschedule...
2025/10/13 15:51:07 DummyPlugin: PostSimulationStep called
2025/10/13 15:51:07 Current Simulation Time: 2025-10-01 01:30:00 +0000 UTC
2025/10/13 15:51:07 Number of Nodes: 1085
2025/10/13 15:51:07 Number of Satellites: 1000
2025/10/13 15:51:07 Number of Ground Stations: 85
2025/10/13 15:51:08 Route from Graz to Honolulu in 73 ms
2025/10/13 15:51:08 Uplink latency 10.25318604856708 ms
2025/10/13 15:51:08 Latency between uplink nodes: 63 ms
2025/10/13 15:51:08 Graz -> STARLINK-2314 -> STARLINK-2038 -> Honolulu
2025/10/13 15:51:08 732025.5062204271 -> 9.569970815129505e+06 -> 2.311059414132875e+06
2025/10/13 15:51:08 2.4664424109147562 -> 63 -> 7.786743637652323
2025/10/13 15:51:08 9569.970815129505 km apart
2025/10/13 15:51:08 {3.1489757958720294e+06 2.8326131253866088e+06 5.3057956866800245e+06} {-4.40970855771812e+06 -2.9398981725712772e+06 4.243371308114419e+06}
2025/10/13 15:51:08 85 satellites in simulation.
2025/10/13 15:51:08 Simulation stepped by 60 seconds.
2025/10/13 15:51:08 Sunlight exposure of STARLINK-2314 is 0.23639783320305205
2025/10/13 15:51:08 Simulation time is 2025-10-01T01:40:00Z
2025/10/13 15:51:08 Checking orchestrator for reschedule...
2025/10/13 15:51:08 DummyPlugin: PostSimulationStep called
2025/10/13 15:51:08 Current Simulation Time: 2025-10-01 01:40:00 +0000 UTC
2025/10/13 15:51:08 Number of Nodes: 1085
2025/10/13 15:51:08 Number of Satellites: 1000
2025/10/13 15:51:08 Number of Ground Stations: 85
2025/10/13 15:51:09 Route from Graz to Honolulu in 67 ms
2025/10/13 15:51:09 Uplink latency 34.97287951202942 ms
2025/10/13 15:51:09 Latency between uplink nodes: 32 ms
2025/10/13 15:51:09 Graz -> STARLINK-1136 -> STARLINK-1184 -> Honolulu
2025/10/13 15:51:09 913240.5073842612 -> 5.570402837631207e+06 -> 9.466503092339361e+06
2025/10/13 15:51:09 3.0770172618815756 -> 32 -> 31.89586225014785
2025/10/13 15:51:09 5570.402837631207 km apart
2025/10/13 15:51:09 {4.212995773555673e+06 2.813651285459802e+06 4.519758061130386e+06} {-1.1441935593406223e+06 4.157439857618292e+06 5.243734924247016e+06}
2025/10/13 15:51:09 85 satellites in simulation.
2025/10/13 15:51:09 Simulation stepped by 60 seconds.
2025/10/13 15:51:09 Sunlight exposure of STARLINK-1136 is 0.27553836249592534
