2025/10/13 15:51:10 Injected 2000 satellites into simulation
2025/10/13 15:51:10 Injected 85 ground stations into simulation
2025/10/13 15:51:10 Simulation loaded. Not autorunning as StepInterval < 0.
2025/10/13 15:51:10 Simulation time is 2025-10-01T00:10:00Z
2025/10/13 15:51:10 Checking orchestrator for reschedule...
2025/10/13 15:51:10 DummyPlugin: PostSimulationStep called
2025/10/13 15:51:10 Current Simulation Time: 2025-10-01 00:10:00 +0000 UTC
2025/10/13 15:51:10 Number of Nodes: 2085
2025/10/13 15:51:10 Number of Satellites: 2000
2025/10/13 15:51:10 Number of Ground Stations: 85
2025/10/13 15:51:11 Route from Graz to Honolulu in 127 ms
2025/10/13 15:51:11 Uplink latency 49.838758927199066 ms
2025/10/13 15:51:11 Latency between uplink nodes: 77 ms
2025/10/13 15:51:11 Graz -> STARLINK-3834 -> STARLINK-3079 -> Honolulu
2025/10/13 15:51:11 3.9199353624338903e+06 -> 9.659202747120412e+06 -> 1.0871913241705945e+07
2025/10/13 15:51:11 13.207592828111297 -> 77 -> 36.63116609908777
2025/10/13 15:51:11 9659.202747120413 km apart
2025/10/13 15:51:11 {1.8451539413140381e+06 4.518088535794537e+06 4.719490572364021e+06} {5.347661120644307e+06 -3.896853268220574e+06 1.5223988308343296e+06}
2025/10/13 15:51:11 85 satellites in simulation.
2025/10/13 15:51:11 Simulation stepped by 60 seconds.
2025/10/13 15:51:11 Sunlight exposure of STARLINK-3834 is 0.5706566194197986
2025/10/13 15:51:11 Simulation time is 2025-10-01T00:20:00Z
2025/10/13 15:51:11 Checking orchestrator for reschedule...
2025/10/13 15:51:11 DummyPlugin: PostSimulationStep called
2025/10/13 15:51:11 Current Simulation Time: 2025-10-01 00:20:00 +0000 UTC
2025/10/13 15:51:11 Number of Nodes: 2085
2025/10/13 15:51:11 Number of Satellites: 2000
2025/10/13 15:51:11 Number of Ground Stations: 85
2025/10/13 15:51:12 Route from Graz to Honolulu in 216 ms
2025/10/13 15:51:12 Uplink latency 53.17546179645376 ms
2025/10/13 15:51:12 Latency between uplink nodes: 163 ms
2025/10/13 15:51:12 Graz -> STARLINK-1664 -> STARLINK-2603 -> Honolulu
2025/10/13 15:51:12 3.0802539039022448e+06 -> 1.121643903061281e+07 -> 1.2701908358551396e+07
2025/10/13 15:51:12 10.378420970870593 -> 163 -> 42.79704082558317
2025/10/13 15:51:12 11216.43903061281 km apart
2025/10/13 15:51:12 {3.817093687748891e+06 -1.4484049771529199e+06 5.424078027480882e+06} {3.8312589881475116e+06 1.7537062828716917e+06 -5.325563238633192e+06}
2025/10/13 15:51:12 85 satellites in simulation.
2025/10/13 15:51:12 Simulation stepped by 60 seconds.
2025/10/13 15:51:12 Sunlight exposure of STARLINK-1664 is 0.4289498509427969
2025/10/13 15:51:12 Simulation time is 2025-10-01T00:30:00Z
2025/10/13 15:51:12 Checking orchestrator for reschedule...
2025/10/13 15:51:12 DummyPlugin: PostSimulationStep called
2025/10/13 15:51:12 Current Simulation Time: 2025-10-01 00:30:00 +0000 UTC
2025/10/13 15:51:12 Number of Nodes: 2085
2025/10/13 15:51:12 Number of Satellites: 2000
2025/10/13 15:51:12 Number of Ground Stations: 85
2025/10/13 15:51:13 Route from Graz to Honolulu in 66 ms
2025/10/13 15:51:13 Uplink latency 49.17710914724229 ms
2025/10/13 15:51:13 Latency between uplink nodes: 17 ms
2025/10/13 15:51:13 Graz -> STARLINK-1263 -> STARLINK-2697 -> Honolulu
2025/10/13 15:51:13 4.1094007749678e+06 -> 3.844211072193555e+06 -> 1.048607409144756e+07
2025/10/13 15:51:13 13.845966115522923 -> 17 -> 35.331143031719364
2025/10/13 15:51:13 3844.211072193555 km apart
2025/10/13 15:51:13 {3.3915430800219025e+06 -2.291834856256089e+06 5.416231201529564e+06} {3.791513554364586e+06 1.5315107272597244e+06 5.419538200129092e+06}
2025/10/13 15:51:13 85 satellites in simulation.
2025/10/13 15:51:13 Simulation stepped by 60 seconds.
2025/10/13 15:51:13 Sunlight exposure of STARLINK-1263 is 0.5074994766849515
2025/10/13 15:51:13 Simulation time is 2025-10-01T00:40:00Z
2025/10/13 15:51:14 Checking orchestrator for reschedule...
2025/10/13 15:51:14 DummyPlugin: PostSimulationStep called
2025/10/13 15:51:14 Current Simulation Time: 2025-10-01 00:40:00 +0000 UTC
2025/10/13 15:51:14 Number of Nodes: 2085
2025/10/13 15:51:14 Number of Satellites: 2000
2025/10/13 15:51:14 Number of Ground Stations: 85
2025/10/13 15:51:15 Route from Graz to Honolulu in 126 ms
2025/10/13 15:51:15 Uplink latency 58.94817421753066 ms
2025/10/13 15:51:15 Latency between uplink nodes: 68 ms
2025/10/13 15:51:15 Graz -> STARLINK-2119 -> STARLINK-1603 -> Honolulu
2025/10/13 15:51:15 6.051780834426004e+06 -> 9.39894556602811e+06 -> 1.1443688300145727e+07
2025/10/13 15:51:15 20.390503861889712 -> 68 -> 38.557670355640944
2025/10/13 15:51:15 9398.945566028111 km apart
2025/10/13 15:51:15 {3.166804372392321e+06 -4.1255416823110953e+06 4.364327423201806e+06} {2.6812848013482746e+06 5.213651295129867e+06 3.4241556147486526e+06}
2025/10/13 15:51:15 85 satellites in simulation.
2025/10/13 15:51:15 Simulation stepped by 60 seconds.
2025/10/13 15:51:15 Sunlight exposure of STARLINK-2119 is 0.4565122572067102
2025/10/13 15:51:15 Simulation time is 2025-10-01T00:50:00Z
2025/10/13 15:51:15 Checking orchestrator for reschedule...
2025/10/13 15:51:15 DummyPlugin: PostSimulationStep called
2025/10/13 15:51:15 Current Simulation Time: 2025-10-01 00:50:00 +0000 UTC
2025/10/13 15:51:15 Number of Nodes: 2085
2025/10/13 15:51:15 Number of Satellites: 2000
2025/10/13 15:51:15 Number of Ground Stations: 85
2025/10/13 15:51:16 Route from Graz to Honolulu in 267 ms
2025/10/13 15:51:16 Uplink latency 61.142056305770666 ms
2025/10/13 15:51:16 Latency between uplink nodes: 206 ms
2025/10/13 15:51:16 Graz -> STARLINK-1325 -> STARLINK-1209 -> Honolulu
2025/10/13 15:51:16 5.908650387215909e+06 -> 1.298588922870743e+07 -> 1.2237949963363495e+07
2025/10/13 15:51:16 19.908248800703536 -> 206 -> 41.23380750506713
2025/10/13 15:51:16 12985.88922870743 km apart
2025/10/13 15:51:16 {2.259806584746855e+06 -3.615578807907547e+06 5.281505780968283e+06} {800455.423672375 5.612996750317158e+06 -3.7371973638895093e+06}
2025/10/13 15:51:16 85 satellites in simulation.
2025/10/13 15:51:16 Simulation stepped by 60 seconds.
2025/10/13 15:51:16 Sunlight exposure of STARLINK-1325 is 0.12186118802166795
2025/10/13 15:51:16 Simulation time is 2025-10-01T01:00:00Z
2025/10/13 15:51:16 Checking orchestrator for reschedule...
2025/10/13 15:51:16 DummyPlugin: PostSimulationStep called
2025/10/13 15:51:16 Current Simulation Time: 2025-10-01 01:00:00 +0000 UTC
2025/10/13 15:51:16 Number of Nodes: 2085
2025/10/13 15:51:16 Number of Satellites: 2000
2025/10/13 15:51:16 Number of Ground Stations: 85
2025/10/13 15:51:17 Route from Graz to Honolulu in 199 ms
2025/10/13 15:51:17 Uplink latency 31.47198054374758 ms
2025/10/13 15:51:17 Latency between uplink nodes: 168 ms
2025/10/13 15:51:17 Graz -> STARLINK-2329 -> STARLINK-2468 -> Honolulu
2025/10/13 15:51:17 1.8299452510582784e+06 -> 1.012751816786532e+07 -> 7.510752260201185e+06
2025/10/13 15:51:17 6.165706711731846 -> 168 -> 25.306273832015734
2025/10/13 15:51:17 10127.518167865319 km apart
2025/10/13 15:51:17 {3.0229458820827e+06 3.8864891879251027e+06 4.674489796092467e+06} {2.4009689132944457e+06 -5.931540600430431e+06 2.269066763504958e+06}
2025/10/13 15:51:17 85 satellites in simulation.
2025/10/13 15:51:17 Simulation stepped by 60 seconds.
2025/10/13 15:51:17 Sunlight exposure of STARLINK-2329 is 0.43480628258554105
2025/10/13 15:51:17 Simulation time is 2025-10-01T01:10:00Z
2025/10/13 15:51:17 Checking orchestrator for reschedule...
2025/10/13 15:51:17 DummyPlugin: PostSimulationStep called
2025/10/13 15:51:17 Current Simulation Time: 2025-10-01 01:10:00 +0000 UTC
2025/10/13 15:51:17 Number of Nodes: 2085
2025/10/13 15:51:17 Number of Satellites: 2000
2025/10/13 15:51:17 Number of Ground Stations: 85
2025/10/13 15:51:18 Route from Graz to Honolulu in 90 ms
2025/10/13 15:51:18 Uplink latency 43.223209546903455 ms
2025/10/13 15:51:18 Latency between uplink nodes: 46 ms
2025/10/13 15:51:18 Graz -> STARLINK-1303 -> STARLINK-3634 -> Honolulu
2025/10/13 15:51:18 8.150615396782777e+06 -> 7.503755658523859e+06 -> 4.6777773153376505e+06
2025/10/13 15:51:18 27.46218993580592 -> 46 -> 15.761019611097534
2025/10/13 15:51:18 7503.75565852386 km apart
2025/10/13 15:51:18 {1.2989186495887064e+06 -5.399241340695616e+06 3.905606491356546e+06} {-4.0494144516902734e+06 -363730.45550969697 5.437047690282102e+06}
2025/10/13 15:51:18 85 satellites in simulation.
2025/10/13 15:51:18 Simulation stepped by 60 seconds.
2025/10/13 15:51:18 Sunlight exposure of STARLINK-1303 is 0.6369544499228763
2025/10/13 15:51:18 Simulation time is 2025-10-01T01:20:00Z
2025/10/13 15:51:18 Checking orchestrator for reschedule...
2025/10/13 15:51:18 DummyPlugin: PostSimulationStep called
2025/10/13 15:51:18 Current Simulation Time: 2025-10-01 01:20:00 +0000 UTC
2025/10/13 15:51:18 Number of Nodes: 2085
2025/10/13 15:51:18 Number of Satellites: 2000
2025/10/13 15:51:18 Number of Ground Stations: 85
2025/10/13 15:51:19 Route from Graz to Honolulu in 69 ms
2025/10/13 15:51:19 Uplink latency 44.681868301920076 ms
2025/10/13 15:51:19 Latency between uplink nodes: 24 ms
2025/10/13 15:51:19 Graz -> STARLINK-2468 -> STARLINK-2304 -> Honolulu
2025/10/13 15:51:19 1.171157408372033e+06 -> 3.491535057131629e+06 -> 1.2090156586977497e+07
2025/10/13 15:51:19 3.946026849228371 -> 24 -> 40.7358414526917
2025/10/13 15:51:19 3491.535057131629 km apart
2025/10/13 15:51:19 {3.85575579026102e+06 1.6378159234384834e+06 5.342395291356103e+06} {5.729249298648331e+06 2.596505093812191e+06 2.556402792475687e+06}
2025/10/13 15:51:19 85 satellites in simulation.
2025/10/13 15:51:19 Simulation stepped by 60 seconds.
2025/10/13 15:51:19 Sunlight exposure of STARLINK-2468 is 0.26290145307744
2025/10/13 15:51:19 Simulation time is 2025-10-01T01:30:00Z
2025/10/13 15:51:19 Checking orchestrator for reschedule...
2025/10/13 15:51:19 DummyPlugin: PostSimulationStep called
2025/10/13 15:51:19 Current Simulation Time: 2025-10-01 01:30:00 +0000 UTC
2025/10/13 15:51:19 Number of Nodes: 2085
2025/10/13 15:51:19 Number of Satellites: 2000
2025/10/13 15:51:19 Number of Ground Stations: 85
2025/10/13 15:51:20 Route from Graz to Honolulu in 68 ms
2025/10/13 15:51:20 Uplink latency 33.86519342989048 ms
2025/10/13 15:51:20 Latency between uplink nodes: 34 ms
2025/10/13 15:51:20 Graz -> STARLINK-3778 -> STARLINK-2094 -> Honolulu
2025/10/13 15:51:20 3.246949105641865e+06 -> 6.542628835962127e+06 -> 6.804039822404524e+06
2025/10/13 15:51:20 10.940073688942398 -> 34 -> 22.92511974094808
2025/10/13 15:51:20 6542.628835962127 km apart
2025/10/13 15:51:20 {5.824802294248731e+06 897270.6201115535 3.371267842630723e+06} {2.0756985544701961e+06 -4.251033655625546e+06 4.869659085920956e+06}
2025/10/13 15:51:20 85 satellites in simulation.
2025/10/13 15:51:20 Simulation stepped by 60 seconds.
2025/10/13 15:51:20 Sunlight exposure of STARLINK-3778 is 0.9292650833860253
2025/10/13 15:51:20 Simulation time is 2025-10-01T01:40:00Z
2025/10/13 15:51:20 Checking orchestrator for reschedule...
2025/10/13 15:51:20 DummyPlugin: PostSimulationStep called
2025/10/13 15:51:20 Current Simulation Time: 2025-10-01 01:40:00 +0000 UTC
2025/10/13 15:51:20 Number of Nodes: 2085
2025/10/13 15:51:20 Number of Satellites: 2000
2025/10/13 15:51:20 Number of Ground Stations: 85
2025/10/13 15:51:21 Route from Graz to Honolulu in 38 ms
2025/10/13 15:51:21 Uplink latency 38.90484730324107 ms
2025/10/13 15:51:21 Latency between uplink nodes: 0 ms
2025/10/13 15:51:21 Graz -> STARLINK-3127 -> STARLINK-3127 -> Honolulu
2025/10/13 15:51:21 992793.1433383056 -> 0 -> 1.0553935219567608e+07
2025/10/13 15:51:21 3.345057095944453 -> 0 -> 35.559790207296615
2025/10/13 15:51:21 0 km apart
2025/10/13 15:51:21 {3.7183434599573794e+06 2.157094803142973e+06 5.254789218500967e+06} {3.7183434599573794e+06 2.157094803142973e+06 5.254789218500967e+06}
2025/10/13 15:51:21 85 satellites in simulation.
2025/10/13 15:51:21 Simulation stepped by 60 seconds.
2025/10/13 15:51:21 Sunlight exposure of STARLINK-3127 is 0.7833248413746222
