2025/10/13 15:51:22 Injected 3023 satellites into simulation
2025/10/13 15:51:22 Injected 85 ground stations into simulation
2025/10/13 15:51:22 Simulation loaded. Not autorunning as StepInterval < 0.
2025/10/13 15:51:22 Simulation time is 2025-10-01T00:10:00Z
2025/10/13 15:51:22 Checking orchestrator for reschedule...
2025/10/13 15:51:22 DummyPlugin: PostSimulationStep called
2025/10/13 15:51:22 Current Simulation Time: 2025-10-01 00:10:00 +0000 UTC
2025/10/13 15:51:22 Number of Nodes: 3108
2025/10/13 15:51:22 Number of Satellites: 3023
2025/10/13 15:51:22 Number of Ground Stations: 85
2025/10/13 15:51:23 Route from Graz to Honolulu in 118 ms
2025/10/13 15:51:23 Uplink latency 64.9461942267697 ms
2025/10/13 15:51:23 Latency between uplink nodes: 53 ms
2025/10/13 15:51:23 Graz -> STARLINK-2538 -> STARLINK-2413 -> Honolulu
2025/10/13 15:51:23 6.186049493879471e+06 -> 1.041982336405619e+07 -> 1.308959647115595e+07
2025/10/13 15:51:23 20.84290055205775 -> 53 -> 44.10329367471195
2025/10/13 15:51:23 10419.82336405619 km apart
2025/10/13 15:51:23 {-1.375596757313138e+06 4.075531017116965e+06 5.252274577423692e+06} {4.85732783758692e+06 3.6062372613700125e+06 -3.084579343764933e+06}
2025/10/13 15:51:23 85 satellites in simulation.
2025/10/13 15:51:23 Simulation stepped by 60 seconds.
2025/10/13 15:51:23 Sunlight exposure of STARLINK-2538 is 0.7406723119104013
2025/10/13 15:51:23 Simulation time is 2025-10-01T00:20:00Z
2025/10/13 15:51:23 Checking orchestrator for reschedule...
2025/10/13 15:51:23 DummyPlugin: PostSimulationStep called
2025/10/13 15:51:23 Current Simulation Time: 2025-10-01 00:20:00 +0000 UTC
2025/10/13 15:51:23 Number of Nodes: 3108
2025/10/13 15:51:23 Number of Satellites: 3023
2025/10/13 15:51:23 Number of Ground Stations: 85
2025/10/13 15:51:24 Route from Graz to Honolulu in 184 ms
2025/10/13 15:51:24 Uplink latency 82.47460707921618 ms
2025/10/13 15:51:24 Latency between uplink nodes: 101 ms
2025/10/13 15:51:24 Graz -> STARLINK-3861 -> STARLINK-3857 -> Honolulu
2025/10/13 15:51:24 1.2915830955646502e+07 -> 1.3370218759501211e+07 -> 1.1562144175790953e+07
2025/10/13 15:51:24 43.517818669585665 -> 101 -> 38.95678840963052
2025/10/13 15:51:24 13370.218759501211 km apart
2025/10/13 15:51:24 {-5.986541496075592e+06 -1.0709395084609701e+06 -3.022004918537395e+06} {4.714383029014376e+06 2.8369116542931297e+06 3.9766851928339875e+06}
2025/10/13 15:51:24 85 satellites in simulation.
2025/10/13 15:51:24 Simulation stepped by 60 seconds.
2025/10/13 15:51:24 Sunlight exposure of STARLINK-3861 is 0.4031797658445312
2025/10/13 15:51:24 Simulation time is 2025-10-01T00:30:00Z
2025/10/13 15:51:24 Checking orchestrator for reschedule...
2025/10/13 15:51:24 DummyPlugin: PostSimulationStep called
2025/10/13 15:51:24 Current Simulation Time: 2025-10-01 00:30:00 +0000 UTC
2025/10/13 15:51:24 Number of Nodes: 3108
2025/10/13 15:51:24 Number of Satellites: 3023
2025/10/13 15:51:24 Number of Ground Stations: 85
2025/10/13 15:51:25 Route from Graz to Honolulu in 161 ms
2025/10/13 15:51:25 Uplink latency 61.1087471580576 ms
2025/10/13 15:51:25 Latency between uplink nodes: 100 ms
2025/10/13 15:51:25 Graz -> STARLINK-3981 -> STARLINK-3857 -> Honolulu
2025/10/13 15:51:25 8.485371296192907e+06 -> 7.31399043177829e+06 -> 9.651343096535413e+06
2025/10/13 15:51:25 28.590096191247838 -> 100 -> 32.51865096680976
2025/10/13 15:51:25 7313.99043177829 km apart
2025/10/13 15:51:25 {689231.5070284305 6.600904196813054e+06 -1.431703101078064e+06} {740540.8685310325 4.0280784131656205e+06 5.414638321358122e+06}
2025/10/13 15:51:25 85 satellites in simulation.
2025/10/13 15:51:25 Simulation stepped by 60 seconds.
2025/10/13 15:51:25 Sunlight exposure of STARLINK-3981 is 0.11956487287138141
2025/10/13 15:51:25 Simulation time is 2025-10-01T00:40:00Z
2025/10/13 15:51:25 Checking orchestrator for reschedule...
2025/10/13 15:51:25 DummyPlugin: PostSimulationStep called
2025/10/13 15:51:25 Current Simulation Time: 2025-10-01 00:40:00 +0000 UTC
2025/10/13 15:51:25 Number of Nodes: 3108
2025/10/13 15:51:25 Number of Satellites: 3023
2025/10/13 15:51:25 Number of Ground Stations: 85
2025/10/13 15:51:26 Route from Graz to Honolulu in 161 ms
2025/10/13 15:51:26 Uplink latency 56.163474287229135 ms
2025/10/13 15:51:26 Latency between uplink nodes: 105 ms
2025/10/13 15:51:26 Graz -> STARLINK-3137 -> STARLINK-3532 -> Honolulu
2025/10/13 15:51:26 6.124699277541761e+06 -> 6.011720673535238e+06 -> 1.0544287403140064e+07
2025/10/13 15:51:26 20.636190848354392 -> 105 -> 35.52728343887474
2025/10/13 15:51:26 6011.720673535238 km apart
2025/10/13 15:51:26 {2.3768551431005327e+06 -4.0477415104692345e+06 4.905334448893175e+06} {3.7608768641579193e+06 1.7845377661797893e+06 5.363360399492761e+06}
2025/10/13 15:51:26 85 satellites in simulation.
2025/10/13 15:51:26 Simulation stepped by 60 seconds.
2025/10/13 15:51:26 Sunlight exposure of STARLINK-3137 is 0.6254664882559277
2025/10/13 15:51:26 Simulation time is 2025-10-01T00:50:00Z
2025/10/13 15:51:26 Checking orchestrator for reschedule...
2025/10/13 15:51:26 DummyPlugin: PostSimulationStep called
2025/10/13 15:51:26 Current Simulation Time: 2025-10-01 00:50:00 +0000 UTC
2025/10/13 15:51:26 Number of Nodes: 3108
2025/10/13 15:51:26 Number of Satellites: 3023
2025/10/13 15:51:26 Number of Ground Stations: 85
2025/10/13 15:51:27 Route from Graz to Honolulu in 131 ms
2025/10/13 15:51:27 Uplink latency 10.781670603394792 ms
2025/10/13 15:51:27 Latency between uplink nodes: 120 ms
2025/10/13 15:51:27 Graz -> STARLINK-3692 -> STARLINK-4517 -> Honolulu
2025/10/13 15:51:27 544648.3498136352 -> 9.509083246937938e+06 -> 2.655287657783967e+06
2025/10/13 15:51:27 1.8351051672379557 -> 120 -> 8.946565436156837
2025/10/13 15:51:27 9509.083246937938 km apart
2025/10/13 15:51:27 {3.8922041970357085e+06 2.464867623831162e+06 4.986197116661526e+06} {-4.254263437171031e+06 -2.431631204400984e+06 4.699790924097501e+06}
2025/10/13 15:51:27 85 satellites in simulation.
2025/10/13 15:51:27 Simulation stepped by 60 seconds.
2025/10/13 15:51:27 Sunlight exposure of STARLINK-3692 is 0.6837048704910821
2025/10/13 15:51:27 Simulation time is 2025-10-01T01:00:00Z
2025/10/13 15:51:27 Checking orchestrator for reschedule...
2025/10/13 15:51:27 DummyPlugin: PostSimulationStep called
2025/10/13 15:51:27 Current Simulation Time: 2025-10-01 01:00:00 +0000 UTC
2025/10/13 15:51:27 Number of Nodes: 3108
2025/10/13 15:51:27 Number of Satellites: 3023
2025/10/13 15:51:27 Number of Ground Stations: 85
2025/10/13 15:51:28 Route from Graz to Honolulu in 190 ms
2025/10/13 15:51:28 Uplink latency 49.36572505942858 ms
2025/10/13 15:51:28 Latency between uplink nodes: 140 ms
2025/10/13 15:51:28 Graz -> STARLINK-4411 -> STARLINK-3247 -> Honolulu
2025/10/13 15:51:28 5.553364191500679e+06 -> 1.0790169941132313e+07 -> 9.09809076104537e+06
2025/10/13 15:51:28 18.711169008157707 -> 140 -> 30.65455605127087
2025/10/13 15:51:28 10790.169941132313 km apart
2025/10/13 15:51:28 {-374220.6589292621 -878618.1117572549 6.721305548055408e+06} {2.756395719542518e+06 -5.7252995624021385e+06 -2.3966266388680246e+06}
2025/10/13 15:51:28 85 satellites in simulation.
2025/10/13 15:51:28 Simulation stepped by 60 seconds.
2025/10/13 15:51:28 Sunlight exposure of STARLINK-4411 is 0.7457979169981244
2025/10/13 15:51:28 Simulation time is 2025-10-01T01:10:00Z
2025/10/13 15:51:28 Checking orchestrator for reschedule...
2025/10/13 15:51:28 DummyPlugin: PostSimulationStep called
2025/10/13 15:51:28 Current Simulation Time: 2025-10-01 01:10:00 +0000 UTC
2025/10/13 15:51:28 Number of Nodes: 3108
2025/10/13 15:51:28 Number of Satellites: 3023
2025/10/13 15:51:28 Number of Ground Stations: 85
2025/10/13 15:51:29 Route from Graz to Honolulu in 137 ms
2025/10/13 15:51:29 Uplink latency 66.0258898103843 ms
2025/10/13 15:51:29 Latency between uplink nodes: 71 ms
2025/10/13 15:51:29 Graz -> STARLINK-2654 -> STARLINK-1619 -> Honolulu
2025/10/13 15:51:29 8.308841903342136e+06 -> 9.638029698998896e+06 -> 1.1287251319112247e+07
2025/10/13 15:51:29 27.995308745181628 -> 71 -> 38.03058106520267
2025/10/13 15:51:29 9638.029698998896 km apart
2025/10/13 15:51:29 {533299.454021805 -5.318676564347525e+06 4.185873084877518e+06} {3.4456016989569743e+06 3.8665517605047515e+06 4.390061069983811e+06}
2025/10/13 15:51:29 85 satellites in simulation.
2025/10/13 15:51:29 Simulation stepped by 60 seconds.
2025/10/13 15:51:29 Sunlight exposure of STARLINK-2654 is 0.4518391041895614
2025/10/13 15:51:29 Simulation time is 2025-10-01T01:20:00Z
2025/10/13 15:51:29 Checking orchestrator for reschedule...
2025/10/13 15:51:29 DummyPlugin: PostSimulationStep called
2025/10/13 15:51:29 Current Simulation Time: 2025-10-01 01:20:00 +0000 UTC
2025/10/13 15:51:29 Number of Nodes: 3108
2025/10/13 15:51:29 Number of Satellites: 3023
2025/10/13 15:51:29 Number of Ground Stations: 85
2025/10/13 15:51:30 Route from Graz to Honolulu in 131 ms
2025/10/13 15:51:30 Uplink latency 19.3265181152699 ms
2025/10/13 15:51:30 Latency between uplink nodes: 112 ms
2025/10/13 15:51:30 Graz -> STARLINK-4121 -> STARLINK-3261 -> Honolulu
2025/10/13 15:51:30 4.301550362077578e+06 -> 9.660290715407107e+06 -> 1.4344458015472856e+06
2025/10/13 15:51:30 14.493383298203177 -> 112 -> 4.833134817066721
2025/10/13 15:51:30 9660.290715407107 km apart
2025/10/13 15:51:30 {-40162.95248919702 4.906206169587689e+06 4.692118691004148e+06} {-4.3262718618643945e+06 -3.6946133347414383e+06 3.703993710494615e+06}
2025/10/13 15:51:30 85 satellites in simulation.
2025/10/13 15:51:30 Simulation stepped by 60 seconds.
2025/10/13 15:51:30 Sunlight exposure of STARLINK-4121 is 0.993323666638676
2025/10/13 15:51:30 Simulation time is 2025-10-01T01:30:00Z
2025/10/13 15:51:31 Checking orchestrator for reschedule...
2025/10/13 15:51:31 DummyPlugin: PostSimulationStep called
2025/10/13 15:51:31 Current Simulation Time: 2025-10-01 01:30:00 +0000 UTC
2025/10/13 15:51:31 Number of Nodes: 3108
2025/10/13 15:51:31 Number of Satellites: 3023
2025/10/13 15:51:31 Number of Ground Stations: 85
2025/10/13 15:51:32 Route from Graz to Honolulu in 119 ms
2025/10/13 15:51:32 Uplink latency 52.2633999986116 ms
2025/10/13 15:51:32 Latency between uplink nodes: 67 ms
2025/10/13 15:51:32 Graz -> STARLINK-4399 -> STARLINK-3759 -> Honolulu
2025/10/13 15:51:32 4.129235448605134e+06 -> 8.345929154024854e+06 -> 1.1382232271654798e+07
2025/10/13 15:51:32 13.912795863735335 -> 67 -> 38.350604134876264
2025/10/13 15:51:32 8345.929154024854 km apart
2025/10/13 15:51:32 {6.305154284610076e+06 1.7081872781863457e+06 1.847763958714671e+06} {3.815775959313756e+06 -1.6892835833530617e+06 -5.357423113286831e+06}
2025/10/13 15:51:32 85 satellites in simulation.
2025/10/13 15:51:32 Simulation stepped by 60 seconds.
2025/10/13 15:51:32 Sunlight exposure of STARLINK-4399 is 0.9545818000886884
2025/10/13 15:51:32 Simulation time is 2025-10-01T01:40:00Z
2025/10/13 15:51:32 Checking orchestrator for reschedule...
2025/10/13 15:51:32 DummyPlugin: PostSimulationStep called
2025/10/13 15:51:32 Current Simulation Time: 2025-10-01 01:40:00 +0000 UTC
2025/10/13 15:51:32 Number of Nodes: 3108
2025/10/13 15:51:32 Number of Satellites: 3023
2025/10/13 15:51:32 Number of Ground Stations: 85
2025/10/13 15:51:33 Route from Graz to Honolulu in 122 ms
2025/10/13 15:51:33 Uplink latency 50.366290850672264 ms
2025/10/13 15:51:33 Latency between uplink nodes: 72 ms
2025/10/13 15:51:33 Graz -> STARLINK-2108 -> STARLINK-2362 -> Honolulu
2025/10/13 15:51:33 2.310350111029205e+06 -> 8.190627249698654e+06 -> 1.2638066845008487e+07
2025/10/13 15:51:33 7.7843537547285475 -> 72 -> 42.581937095943715
2025/10/13 15:51:33 8190.627249698654 km apart
2025/10/13 15:51:33 {4.907576986820329e+06 3.5020710802470595e+06 3.1220985327040795e+06} {829483.9685237689 5.671565299089814e+06 -3.641689378816717e+06}
2025/10/13 15:51:33 85 satellites in simulation.
2025/10/13 15:51:33 Simulation stepped by 60 seconds.
2025/10/13 15:51:33 Sunlight exposure of STARLINK-2108 is 0.2194103885156533
