2025/10/13 15:52:03 Injected 20646 satellites into simulation
2025/10/13 15:52:03 Injected 85 ground stations into simulation
2025/10/13 15:52:03 Simulation loaded. Not autorunning as StepInterval < 0.
2025/10/13 15:52:03 Simulation time is 2025-10-01T00:10:00Z
2025/10/13 15:52:04 Checking orchestrator for reschedule...
2025/10/13 15:52:04 DummyPlugin: PostSimulationStep called
2025/10/13 15:52:04 Current Simulation Time: 2025-10-01 00:10:00 +0000 UTC
2025/10/13 15:52:04 Number of Nodes: 20731
2025/10/13 15:52:04 Number of Satellites: 20646
2025/10/13 15:52:04 Number of Ground Stations: 85
2025/10/13 15:52:05 Route from Graz to Honolulu in 249 ms
2025/10/13 15:52:05 Uplink latency 36.74665895233368 ms
2025/10/13 15:52:05 Latency between uplink nodes: 212 ms
2025/10/13 15:52:05 Graz -> STARLINK-31556 DUPLICATE2 -> STARLINK-4185 -> Honolulu
2025/10/13 15:52:05 4.933215372592091e+06 -> 1.1322336539980419e+07 -> 5.972975464239548e+06
2025/10/13 15:52:05 16.621677132482194 -> 212 -> 20.124981819851488
2025/10/13 15:52:05 11322.336539980419 km apart
2025/10/13 15:52:05 {6.592690984504163e+06 1.5835150757762333e+06 373607.3258904482} {-3.6048503461044207e+06 2.4109252710405355e+06 5.2234370037119435e+06}
2025/10/13 15:52:05 85 satellites in simulation.
2025/10/13 15:52:05 Simulation stepped by 60 seconds.
2025/10/13 15:52:05 Sunlight exposure of STARLINK-31556 DUPLICATE2 is 0.94326986671497
2025/10/13 15:52:05 Simulation time is 2025-10-01T00:20:00Z
2025/10/13 15:52:06 Checking orchestrator for reschedule...
2025/10/13 15:52:06 DummyPlugin: PostSimulationStep called
2025/10/13 15:52:06 Current Simulation Time: 2025-10-01 00:20:00 +0000 UTC
2025/10/13 15:52:06 Number of Nodes: 20731
2025/10/13 15:52:06 Number of Satellites: 20646
2025/10/13 15:52:06 Number of Ground Stations: 85
2025/10/13 15:52:07 Route from Graz to Honolulu in 166 ms
2025/10/13 15:52:07 Uplink latency 36.59983838686955 ms
2025/10/13 15:52:07 Latency between uplink nodes: 129 ms
2025/10/13 15:52:07 Graz -> STARLINK-31845 DUPLICATE1 -> STARLINK-30906 -> Honolulu
2025/10/13 15:52:07 878445.6050641373 -> 1.1571752674472328e+07 -> 9.984169757115496e+06
2025/10/13 15:52:07 2.9597814251016636 -> 129 -> 33.64005696176789
2025/10/13 15:52:07 11571.752674472329 km apart
2025/10/13 15:52:07 {3.7132774030301953e+06 1.862129513041406e+06 5.369965962495703e+06} {2.3076593613375737e+06 -5.226800219535277e+06 -3.6675543349429676e+06}
2025/10/13 15:52:07 85 satellites in simulation.
2025/10/13 15:52:07 Simulation stepped by 60 seconds.
2025/10/13 15:52:07 Sunlight exposure of STARLINK-31845 DUPLICATE1 is 0.36854285567918194
2025/10/13 15:52:07 Simulation time is 2025-10-01T00:30:00Z
2025/10/13 15:52:07 Checking orchestrator for reschedule...
2025/10/13 15:52:07 DummyPlugin: PostSimulationStep called
2025/10/13 15:52:07 Current Simulation Time: 2025-10-01 00:30:00 +0000 UTC
2025/10/13 15:52:07 Number of Nodes: 20731
2025/10/13 15:52:07 Number of Satellites: 20646
2025/10/13 15:52:07 Number of Ground Stations: 85
2025/10/13 15:52:09 Route from Graz to Honolulu in 91 ms
2025/10/13 15:52:09 Uplink latency 6.396671818209928 ms
2025/10/13 15:52:09 Latency between uplink nodes: 85 ms
2025/10/13 15:52:09 Graz -> STARLINK-33544 DUPLICATE1 -> STARLINK-5381 DUPLICATE2 -> Honolulu
2025/10/13 15:52:09 1.4232160871647785e+06 -> 1.1745752458319394e+07 -> 475278.2401827643
2025/10/13 15:52:09 4.795298097471414 -> 85 -> 1.6013737207385144
2025/10/13 15:52:09 11745.752458319394 km apart
2025/10/13 15:52:09 {5.265263100288475e+06 1.3893023302630307e+06 4.057637861648232e+06} {-5.554244345153345e+06 -2.9360012055865517e+06 2.5768580762269776e+06}
2025/10/13 15:52:09 85 satellites in simulation.
2025/10/13 15:52:09 Simulation stepped by 60 seconds.
2025/10/13 15:52:09 Sunlight exposure of STARLINK-33544 DUPLICATE1 is 0.12496916742869545
2025/10/13 15:52:09 Simulation time is 2025-10-01T00:40:00Z
2025/10/13 15:52:09 Checking orchestrator for reschedule...
2025/10/13 15:52:09 DummyPlugin: PostSimulationStep called
2025/10/13 15:52:09 Current Simulation Time: 2025-10-01 00:40:00 +0000 UTC
2025/10/13 15:52:09 Number of Nodes: 20731
2025/10/13 15:52:09 Number of Satellites: 20646
2025/10/13 15:52:09 Number of Ground Stations: 85
2025/10/13 15:52:10 Route from Graz to Honolulu in 108 ms
2025/10/13 15:52:10 Uplink latency 43.04215639897451 ms
2025/10/13 15:52:10 Latency between uplink nodes: 65 ms
2025/10/13 15:52:10 Graz -> STARLINK-3720 DUPLICATE1 -> STARLINK-4401 DUPLICATE2 -> Honolulu
2025/10/13 15:52:10 3.5734506188857807e+06 -> 2.944651279507943e+06 -> 9.201206590763973e+06
2025/10/13 15:52:10 12.040168115502105 -> 65 -> 31.00198828347241
2025/10/13 15:52:10 2944.651279507943 km apart
2025/10/13 15:52:10 {1.9956615681383186e+06 4.856963604840188e+06 4.303703395115726e+06} {-881706.379891843 4.629737346954988e+06 4.886878392251193e+06}
2025/10/13 15:52:10 85 satellites in simulation.
2025/10/13 15:52:10 Simulation stepped by 60 seconds.
2025/10/13 15:52:10 Sunlight exposure of STARLINK-3720 DUPLICATE1 is 0.16841028828882623
2025/10/13 15:52:10 Simulation time is 2025-10-01T00:50:00Z
2025/10/13 15:52:11 Checking orchestrator for reschedule...
2025/10/13 15:52:11 DummyPlugin: PostSimulationStep called
2025/10/13 15:52:11 Current Simulation Time: 2025-10-01 00:50:00 +0000 UTC
2025/10/13 15:52:11 Number of Nodes: 20731
2025/10/13 15:52:11 Number of Satellites: 20646
2025/10/13 15:52:11 Number of Ground Stations: 85
2025/10/13 15:52:12 Route from Graz to Honolulu in 79 ms
2025/10/13 15:52:12 Uplink latency 36.262187460899106 ms
2025/10/13 15:52:12 Latency between uplink nodes: 42 ms
2025/10/13 15:52:12 Graz -> STARLINK-5792 DUPLICATE1 -> STARLINK-31653 DUPLICATE2 -> Honolulu
2025/10/13 15:52:12 998153.1324200175 -> 5.802810255753301e+06 -> 9.764249433825068e+06
2025/10/13 15:52:12 3.36311671856803 -> 42 -> 32.89907074233108
2025/10/13 15:52:12 5802.810255753301 km apart
2025/10/13 15:52:12 {4.763197259733925e+06 2.2181035620634705e+06 4.302003101656484e+06} {-348744.8345630176 4.945382420628529e+06 4.622323123595094e+06}
2025/10/13 15:52:12 85 satellites in simulation.
2025/10/13 15:52:12 Simulation stepped by 60 seconds.
2025/10/13 15:52:12 Sunlight exposure of STARLINK-5792 DUPLICATE1 is 0.3625532880080878
2025/10/13 15:52:12 Simulation time is 2025-10-01T01:00:00Z
2025/10/13 15:52:12 Checking orchestrator for reschedule...
2025/10/13 15:52:12 DummyPlugin: PostSimulationStep called
2025/10/13 15:52:12 Current Simulation Time: 2025-10-01 01:00:00 +0000 UTC
2025/10/13 15:52:12 Number of Nodes: 20731
2025/10/13 15:52:12 Number of Satellites: 20646
2025/10/13 15:52:12 Number of Ground Stations: 85
2025/10/13 15:52:13 Route from Graz to Honolulu in 265 ms
2025/10/13 15:52:13 Uplink latency 57.71791872723901 ms
2025/10/13 15:52:13 Latency between uplink nodes: 207 ms
2025/10/13 15:52:13 Graz -> STARLINK-6355 DUPLICATE2 -> STARLINK-32665 -> Honolulu
2025/10/13 15:52:13 7.282828902555425e+06 -> 1.3409164752207592e+07 -> 9.847507685610248e+06
2025/10/13 15:52:13 24.538322673267018 -> 207 -> 33.17959605397199
2025/10/13 15:52:13 13409.164752207593 km apart
2025/10/13 15:52:13 {4.024772946089513e+06 -4.788489272186804e+06 2.642337472493363e+06} {-3.608197192407958e+06 5.703487877068072e+06 -743202.6197468597}
2025/10/13 15:52:13 85 satellites in simulation.
2025/10/13 15:52:13 Simulation stepped by 60 seconds.
2025/10/13 15:52:13 Sunlight exposure of STARLINK-6355 DUPLICATE2 is 0.015935243136649485
2025/10/13 15:52:13 Simulation time is 2025-10-01T01:10:00Z
2025/10/13 15:52:14 Checking orchestrator for reschedule...
2025/10/13 15:52:14 DummyPlugin: PostSimulationStep called
2025/10/13 15:52:14 Current Simulation Time: 2025-10-01 01:10:00 +0000 UTC
2025/10/13 15:52:14 Number of Nodes: 20731
2025/10/13 15:52:14 Number of Satellites: 20646
2025/10/13 15:52:14 Number of Ground Stations: 85
2025/10/13 15:52:15 Route from Graz to Honolulu in 279 ms
2025/10/13 15:52:15 Uplink latency 48.624787020654225 ms
2025/10/13 15:52:15 Latency between uplink nodes: 230 ms
2025/10/13 15:52:15 Graz -> STARLINK-2155 -> STARLINK-30866 DUPLICATE2 -> Honolulu
2025/10/13 15:52:15 6.015773586192049e+06 -> 9.56881597142934e+06 -> 8.415775342798961e+06
2025/10/13 15:52:15 20.26918322020456 -> 230 -> 28.35560380044966
2025/10/13 15:52:15 9568.81597142934 km apart
2025/10/13 15:52:15 {-2.070919041856815e+06 4.21078987859169e+06 4.905724040890615e+06} {-5.268203007135492e+06 1.934058107444933e+06 -3.8210225913145416e+06}
2025/10/13 15:52:15 85 satellites in simulation.
2025/10/13 15:52:15 Simulation stepped by 60 seconds.
2025/10/13 15:52:15 Sunlight exposure of STARLINK-2155 is 0.5966234988575622
2025/10/13 15:52:15 Simulation time is 2025-10-01T01:20:00Z
2025/10/13 15:52:16 Checking orchestrator for reschedule...
2025/10/13 15:52:16 DummyPlugin: PostSimulationStep called
2025/10/13 15:52:16 Current Simulation Time: 2025-10-01 01:20:00 +0000 UTC
2025/10/13 15:52:16 Number of Nodes: 20731
2025/10/13 15:52:16 Number of Satellites: 20646
2025/10/13 15:52:16 Number of Ground Stations: 85
2025/10/13 15:52:17 Route from Graz to Honolulu in 128 ms
2025/10/13 15:52:17 Uplink latency 11.619715189862152 ms
2025/10/13 15:52:17 Latency between uplink nodes: 117 ms
2025/10/13 15:52:17 Graz -> STARLINK-30481 DUPLICATE2 -> STARLINK-3639 DUPLICATE2 -> Honolulu
2025/10/13 15:52:17 2.839100143957258e+06 -> 1.1725426053852946e+07 -> 609562.535679905
2025/10/13 15:52:17 9.565892095816931 -> 117 -> 2.0538230940452213
2025/10/13 15:52:17 11725.426053852945 km apart
2025/10/13 15:52:17 {5.572999976425339e+06 726376.8630791227 3.8114489044656698e+06} {-4.969823518152121e+06 -4.115735258291738e+06 2.111908051578534e+06}
2025/10/13 15:52:17 85 satellites in simulation.
2025/10/13 15:52:17 Simulation stepped by 60 seconds.
2025/10/13 15:52:17 Sunlight exposure of STARLINK-30481 DUPLICATE2 is 0.9075751477104365
2025/10/13 15:52:17 Simulation time is 2025-10-01T01:30:00Z
2025/10/13 15:52:18 Checking orchestrator for reschedule...
2025/10/13 15:52:18 DummyPlugin: PostSimulationStep called
2025/10/13 15:52:18 Current Simulation Time: 2025-10-01 01:30:00 +0000 UTC
2025/10/13 15:52:18 Number of Nodes: 20731
2025/10/13 15:52:18 Number of Satellites: 20646
2025/10/13 15:52:18 Number of Ground Stations: 85
2025/10/13 15:52:19 Route from Graz to Honolulu in 319 ms
2025/10/13 15:52:19 Uplink latency 67.04308016071677 ms
2025/10/13 15:52:19 Latency between uplink nodes: 252 ms
2025/10/13 15:52:19 Graz -> STARLINK-1331 DUPLICATE2 -> STARLINK-6292 DUPLICATE1 -> Honolulu
2025/10/13 15:52:19 9.617469588054696e+06 -> 1.0487429686389133e+07 -> 1.028051970861149e+07
2025/10/13 15:52:19 32.4045196186349 -> 252 -> 34.63856054208187
2025/10/13 15:52:19 10487.429686389134 km apart
2025/10/13 15:52:19 {-3.4791482865509447e+06 5.676422898087306e+06 -1.3351810891932268e+06} {1.1445944536053375e+06 -2.340712723358543e+06 -6.26800187725681e+06}
2025/10/13 15:52:19 85 satellites in simulation.
2025/10/13 15:52:19 Simulation stepped by 60 seconds.
2025/10/13 15:52:19 Sunlight exposure of STARLINK-1331 DUPLICATE2 is 0.16089394759658118
2025/10/13 15:52:19 Simulation time is 2025-10-01T01:40:00Z
2025/10/13 15:52:20 Checking orchestrator for reschedule...
2025/10/13 15:52:20 DummyPlugin: PostSimulationStep called
2025/10/13 15:52:20 Current Simulation Time: 2025-10-01 01:40:00 +0000 UTC
2025/10/13 15:52:20 Number of Nodes: 20731
2025/10/13 15:52:20 Number of Satellites: 20646
2025/10/13 15:52:20 Number of Ground Stations: 85
2025/10/13 15:52:21 Route from Graz to Honolulu in 338 ms
2025/10/13 15:52:21 Uplink latency 67.54712385820122 ms
2025/10/13 15:52:21 Latency between uplink nodes: 270 ms
2025/10/13 15:52:21 Graz -> STARLINK-5584 DUPLICATE1 -> STARLINK-4648 DUPLICATE2 -> Honolulu
2025/10/13 15:52:21 9.750366072582955e+06 -> 7.287747305653744e+06 -> 1.0297220409557927e+07
2025/10/13 15:52:21 32.852292985705624 -> 270 -> 34.694830872495594
2025/10/13 15:52:21 7287.747305653745 km apart
2025/10/13 15:52:21 {1.4804555583168496e+06 -6.348589505820456e+06 1.9016994803573224e+06} {3.685860903809921e+06 -3.5566456730578593e+06 -4.458528321210235e+06}
2025/10/13 15:52:21 85 satellites in simulation.
2025/10/13 15:52:21 Simulation stepped by 60 seconds.
2025/10/13 15:52:21 Sunlight exposure of STARLINK-5584 DUPLICATE1 is 0.844363649477119
