2025/10/13 15:51:33 Injected 6882 satellites into simulation
2025/10/13 15:51:33 Injected 85 ground stations into simulation
2025/10/13 15:51:33 Simulation loaded. Not autorunning as StepInterval < 0.
2025/10/13 15:51:33 Simulation time is 2025-10-01T00:10:00Z
2025/10/13 15:51:33 Checking orchestrator for reschedule...
2025/10/13 15:51:33 DummyPlugin: PostSimulationStep called
2025/10/13 15:51:33 Current Simulation Time: 2025-10-01 00:10:00 +0000 UTC
2025/10/13 15:51:33 Number of Nodes: 6967
2025/10/13 15:51:33 Number of Satellites: 6882
2025/10/13 15:51:33 Number of Ground Stations: 85
2025/10/13 15:51:34 Route from Graz to Honolulu in 84 ms
2025/10/13 15:51:34 Uplink latency 57.095798350961 ms
2025/10/13 15:51:34 Latency between uplink nodes: 26 ms
2025/10/13 15:51:34 Graz -> STARLINK-30265 -> STARLINK-1799 -> Honolulu
2025/10/13 15:51:34 8.716315588124765e+06 -> 2.7019196627645153e+06 -> 8.229379355314222e+06
2025/10/13 15:51:34 29.368225903039455 -> 26 -> 27.727572447921542
2025/10/13 15:51:34 2701.919662764515 km apart
2025/10/13 15:51:34 {-4.32971685214642e+06 3.3106241335856128e+06 4.050401200589426e+06} {-2.9705670589506146e+06 5.357588114377425e+06 2.926559501314012e+06}
2025/10/13 15:51:34 85 satellites in simulation.
2025/10/13 15:51:34 Simulation stepped by 60 seconds.
2025/10/13 15:51:34 Sunlight exposure of STARLINK-30265 is 0.2231025744931617
2025/10/13 15:51:34 Simulation time is 2025-10-01T00:20:00Z
2025/10/13 15:51:35 Checking orchestrator for reschedule...
2025/10/13 15:51:35 DummyPlugin: PostSimulationStep called
2025/10/13 15:51:35 Current Simulation Time: 2025-10-01 00:20:00 +0000 UTC
2025/10/13 15:51:35 Number of Nodes: 6967
2025/10/13 15:51:35 Number of Satellites: 6882
2025/10/13 15:51:35 Number of Ground Stations: 85
2025/10/13 15:51:36 Route from Graz to Honolulu in 365 ms
2025/10/13 15:51:36 Uplink latency 67.83860954454369 ms
2025/10/13 15:51:36 Latency between uplink nodes: 297 ms
2025/10/13 15:51:36 Graz -> STARLINK-5144 -> STARLINK-30888 -> Honolulu
2025/10/13 15:51:36 1.0081199435290303e+07 -> 1.1139895434325902e+07 -> 1.0052898272961756e+07
2025/10/13 15:51:36 33.9669828835208 -> 297 -> 33.87162666102288
2025/10/13 15:51:36 11139.895434325901 km apart
2025/10/13 15:51:36 {-4.6285200674870275e+06 -3.448155868753428e+06 3.5775331677277163e+06} {-2.6029768013940905e+06 5.8923724124960825e+06 -2.1451389521895773e+06}
2025/10/13 15:51:36 85 satellites in simulation.
2025/10/13 15:51:36 Simulation stepped by 60 seconds.
2025/10/13 15:51:36 Sunlight exposure of STARLINK-5144 is 0.3700995245436223
2025/10/13 15:51:36 Simulation time is 2025-10-01T00:30:00Z
2025/10/13 15:51:36 Checking orchestrator for reschedule...
2025/10/13 15:51:36 DummyPlugin: PostSimulationStep called
2025/10/13 15:51:36 Current Simulation Time: 2025-10-01 00:30:00 +0000 UTC
2025/10/13 15:51:36 Number of Nodes: 6967
2025/10/13 15:51:36 Number of Satellites: 6882
2025/10/13 15:51:36 Number of Ground Stations: 85
2025/10/13 15:51:37 Route from Graz to Honolulu in 72 ms
2025/10/13 15:51:37 Uplink latency 49.7411251443007 ms
2025/10/13 15:51:37 Latency between uplink nodes: 22 ms
2025/10/13 15:51:37 Graz -> STARLINK-3933 -> STARLINK-32027 -> Honolulu
2025/10/13 15:51:37 3.3297202137123174e+06 -> 3.5024863453067373e+06 -> 1.1433151261655277e+07
2025/10/13 15:51:37 11.218957648051193 -> 22 -> 38.52216749624951
2025/10/13 15:51:37 3502.4863453067373 km apart
2025/10/13 15:51:37 {1.534100917015275e+06 3.788898406911418e+06 5.42059446941039e+06} {4.618723544737317e+06 2.657566914382836e+06 4.207085961974879e+06}
2025/10/13 15:51:37 85 satellites in simulation.
2025/10/13 15:51:37 Simulation stepped by 60 seconds.
2025/10/13 15:51:37 Sunlight exposure of STARLINK-3933 is 0.7513805532641521
2025/10/13 15:51:37 Simulation time is 2025-10-01T00:40:00Z
2025/10/13 15:51:37 Checking orchestrator for reschedule...
2025/10/13 15:51:37 DummyPlugin: PostSimulationStep called
2025/10/13 15:51:37 Current Simulation Time: 2025-10-01 00:40:00 +0000 UTC
2025/10/13 15:51:37 Number of Nodes: 6967
2025/10/13 15:51:37 Number of Satellites: 6882
2025/10/13 15:51:37 Number of Ground Stations: 85
2025/10/13 15:51:38 Route from Graz to Honolulu in 86 ms
2025/10/13 15:51:38 Uplink latency 36.08095900708666 ms
2025/10/13 15:51:38 Latency between uplink nodes: 50 ms
2025/10/13 15:51:38 Graz -> STARLINK-1569 -> STARLINK-3616 -> Honolulu
2025/10/13 15:51:38 888981.0011216352 -> 4.649267507260381e+06 -> 9.819634032904366e+06
2025/10/13 15:51:38 2.995278750578971 -> 50 -> 33.08568025650769
2025/10/13 15:51:38 4649.2675072603815 km apart
2025/10/13 15:51:38 {3.804391157726405e+06 2.705066560730788e+06 4.929472396399808e+06} {4.373247302512754e+06 -1.9081893290061192e+06 4.829666903496351e+06}
2025/10/13 15:51:38 85 satellites in simulation.
2025/10/13 15:51:38 Simulation stepped by 60 seconds.
2025/10/13 15:51:38 Sunlight exposure of STARLINK-1569 is 0.7555479431180999
2025/10/13 15:51:38 Simulation time is 2025-10-01T00:50:00Z
2025/10/13 15:51:38 Checking orchestrator for reschedule...
2025/10/13 15:51:38 DummyPlugin: PostSimulationStep called
2025/10/13 15:51:38 Current Simulation Time: 2025-10-01 00:50:00 +0000 UTC
2025/10/13 15:51:38 Number of Nodes: 6967
2025/10/13 15:51:38 Number of Satellites: 6882
2025/10/13 15:51:38 Number of Ground Stations: 85
2025/10/13 15:51:39 Route from Graz to Honolulu in 301 ms
2025/10/13 15:51:39 Uplink latency 68.05100314182366 ms
2025/10/13 15:51:39 Latency between uplink nodes: 233 ms
2025/10/13 15:51:39 Graz -> STARLINK-1153 -> STARLINK-2745 -> Honolulu
2025/10/13 15:51:39 9.465874356208157e+06 -> 9.97410852296438e+06 -> 1.0731260514346505e+07
2025/10/13 15:51:39 31.893743824702156 -> 233 -> 36.1572593171215
2025/10/13 15:51:39 9974.108522964381 km apart
2025/10/13 15:51:39 {4.889944016554395e+06 -3.8941727734031687e+06 -2.651922331653829e+06} {3.8135580099596335e+06 2.2068424923265316e+06 5.164844693146822e+06}
2025/10/13 15:51:39 85 satellites in simulation.
2025/10/13 15:51:39 Simulation stepped by 60 seconds.
2025/10/13 15:51:39 Sunlight exposure of STARLINK-1153 is 0.9606563951877498
2025/10/13 15:51:39 Simulation time is 2025-10-01T01:00:00Z
2025/10/13 15:51:39 Checking orchestrator for reschedule...
2025/10/13 15:51:39 DummyPlugin: PostSimulationStep called
2025/10/13 15:51:39 Current Simulation Time: 2025-10-01 01:00:00 +0000 UTC
2025/10/13 15:51:39 Number of Nodes: 6967
2025/10/13 15:51:39 Number of Satellites: 6882
2025/10/13 15:51:39 Number of Ground Stations: 85
2025/10/13 15:51:40 Route from Graz to Honolulu in 163 ms
2025/10/13 15:51:40 Uplink latency 53.00595455354237 ms
2025/10/13 15:51:40 Latency between uplink nodes: 110 ms
2025/10/13 15:51:40 Graz -> STARLINK-30084 -> STARLINK-3210 -> Honolulu
2025/10/13 15:51:40 4.167521364305015e+06 -> 1.1770823498326767e+07 -> 1.1564332151935402e+07
2025/10/13 15:51:40 14.041794109589434 -> 110 -> 38.964160443952935
2025/10/13 15:51:40 11770.823498326767 km apart
2025/10/13 15:51:40 {1.1866074822777992e+06 5.412944523056032e+06 3.925543417859331e+06} {4.927025071327631e+06 -2.491856513910971e+06 -3.9532688437860524e+06}
2025/10/13 15:51:40 85 satellites in simulation.
2025/10/13 15:51:40 Simulation stepped by 60 seconds.
2025/10/13 15:51:40 Sunlight exposure of STARLINK-30084 is 0.35066697866327573
2025/10/13 15:51:40 Simulation time is 2025-10-01T01:10:00Z
2025/10/13 15:51:41 Checking orchestrator for reschedule...
2025/10/13 15:51:41 DummyPlugin: PostSimulationStep called
2025/10/13 15:51:41 Current Simulation Time: 2025-10-01 01:10:00 +0000 UTC
2025/10/13 15:51:41 Number of Nodes: 6967
2025/10/13 15:51:41 Number of Satellites: 6882
2025/10/13 15:51:41 Number of Ground Stations: 85
2025/10/13 15:51:42 Route from Graz to Honolulu in 132 ms
2025/10/13 15:51:42 Uplink latency 54.06538355598306 ms
2025/10/13 15:51:42 Latency between uplink nodes: 78 ms
2025/10/13 15:51:42 Graz -> STARLINK-11373 [DTC] -> STARLINK-30110 -> Honolulu
2025/10/13 15:51:42 1.008251833578048e+07 -> 1.1166364795182828e+07 -> 5.96376743656464e+06
2025/10/13 15:51:42 33.97142670696289 -> 78 -> 20.09395684902017
2025/10/13 15:51:42 11166.364795182828 km apart
2025/10/13 15:51:42 {-6.052313823540439e+06 2.415433454068764e+06 1.905901978095796e+06} {779461.1749563136 -6.415125303553589e+06 2.0950715771128738e+06}
2025/10/13 15:51:42 85 satellites in simulation.
2025/10/13 15:51:42 Simulation stepped by 60 seconds.
2025/10/13 15:51:42 Sunlight exposure of STARLINK-11373 [DTC] is 0.07860206602581725
2025/10/13 15:51:42 Simulation time is 2025-10-01T01:20:00Z
2025/10/13 15:51:42 Checking orchestrator for reschedule...
2025/10/13 15:51:42 DummyPlugin: PostSimulationStep called
2025/10/13 15:51:42 Current Simulation Time: 2025-10-01 01:20:00 +0000 UTC
2025/10/13 15:51:42 Number of Nodes: 6967
2025/10/13 15:51:42 Number of Satellites: 6882
2025/10/13 15:51:42 Number of Ground Stations: 85
2025/10/13 15:51:43 Route from Graz to Honolulu in 117 ms
2025/10/13 15:51:43 Uplink latency 11.016459533454144 ms
2025/10/13 15:51:43 Latency between uplink nodes: 106 ms
2025/10/13 15:51:43 Graz -> STARLINK-3698 -> STARLINK-30232 -> Honolulu
2025/10/13 15:51:43 796348.4561862993 -> 9.28250638230041e+06 -> 2.4732715159024526e+06
2025/10/13 15:51:43 2.6831682632830796 -> 106 -> 8.333291270171065
2025/10/13 15:51:43 9282.506382300411 km apart
2025/10/13 15:51:43 {3.263322330842271e+06 2.522509908334118e+06 5.392666117488028e+06} {-4.289249830752611e+06 -2.793426150726271e+06 4.46293373807374e+06}
2025/10/13 15:51:43 85 satellites in simulation.
2025/10/13 15:51:43 Simulation stepped by 60 seconds.
2025/10/13 15:51:43 Sunlight exposure of STARLINK-3698 is 0.7160501598796175
2025/10/13 15:51:43 Simulation time is 2025-10-01T01:30:00Z
2025/10/13 15:51:43 Checking orchestrator for reschedule...
2025/10/13 15:51:43 DummyPlugin: PostSimulationStep called
2025/10/13 15:51:43 Current Simulation Time: 2025-10-01 01:30:00 +0000 UTC
2025/10/13 15:51:43 Number of Nodes: 6967
2025/10/13 15:51:43 Number of Satellites: 6882
2025/10/13 15:51:43 Number of Ground Stations: 85
2025/10/13 15:51:44 Route from Graz to Honolulu in 136 ms
2025/10/13 15:51:44 Uplink latency 29.17018302746436 ms
2025/10/13 15:51:44 Latency between uplink nodes: 107 ms
2025/10/13 15:51:44 Graz -> STARLINK-3666 -> STARLINK-31987 -> Honolulu
2025/10/13 15:51:44 1.5824013691241837e+06 -> 9.57084080936902e+06 -> 7.075136265943715e+06
2025/10/13 15:51:44 5.331647346618854 -> 107 -> 23.838535680845506
2025/10/13 15:51:44 9570.84080936902 km apart
2025/10/13 15:51:44 {4.571400595139503e+06 1.5902645935721584e+06 4.761718171783787e+06} {-4.89392527831882e+06 2.6866365117834e+06 3.863626570396886e+06}
2025/10/13 15:51:44 85 satellites in simulation.
2025/10/13 15:51:44 Simulation stepped by 60 seconds.
2025/10/13 15:51:44 Sunlight exposure of STARLINK-3666 is 0.09876273414554439
2025/10/13 15:51:44 Simulation time is 2025-10-01T01:40:00Z
2025/10/13 15:51:44 Checking orchestrator for reschedule...
2025/10/13 15:51:44 DummyPlugin: PostSimulationStep called
2025/10/13 15:51:44 Current Simulation Time: 2025-10-01 01:40:00 +0000 UTC
2025/10/13 15:51:44 Number of Nodes: 6967
2025/10/13 15:51:44 Number of Satellites: 6882
2025/10/13 15:51:44 Number of Ground Stations: 85
2025/10/13 15:51:45 Route from Graz to Honolulu in 179 ms
2025/10/13 15:51:45 Uplink latency 62.21620938041096 ms
2025/10/13 15:51:45 Latency between uplink nodes: 117 ms
2025/10/13 15:51:45 Graz -> STARLINK-31559 -> STARLINK-11320 [DTC] -> Honolulu
2025/10/13 15:51:45 9.890583378824262e+06 -> 7.236986742765227e+06 -> 8.574819245322179e+06
2025/10/13 15:51:45 33.32473268612454 -> 117 -> 28.891476694286418
2025/10/13 15:51:45 7236.986742765227 km apart
2025/10/13 15:51:45 {-3.7011777621689765e+06 5.385133626835258e+06 -1.8443799236062628e+06} {-2.6451255981014674e+06 3.624289926070588e+06 5.095228163541409e+06}
2025/10/13 15:51:45 85 satellites in simulation.
2025/10/13 15:51:45 Simulation stepped by 60 seconds.
2025/10/13 15:51:45 Sunlight exposure of STARLINK-31559 is 0.8509159867323856
